Running SLURM prolog script on gold53.cluster.local
===============================================================================
Job started on Fri Apr  5 16:11:04 BST 2024
Job ID          : 5777080
Job name        : unsgaiii-DASCMOP-6.slurm
WorkDir         : /mainfs/home/sy6u19/cmlsga-jmetalpy/corrections/slurm
Command         : /mainfs/home/sy6u19/cmlsga-jmetalpy/corrections/slurm/unsgaiii-DASCMOP-6.slurm
Partition       : serial
Num hosts       : 1
Num cores       : 1
Num of tasks    : 1
Hosts allocated : gold53
Job Output Follows ...
===============================================================================
Running SLURM prolog script on gold53.cluster.local
===============================================================================
Job started on Fri Apr  5 16:11:04 BST 2024
Job ID          : 5777082
Job name        : unsgaiii-DASCMOP-6.slurm
WorkDir         : /mainfs/home/sy6u19/cmlsga-jmetalpy/corrections/slurm
Command         : /mainfs/home/sy6u19/cmlsga-jmetalpy/corrections/slurm/unsgaiii-DASCMOP-6.slurm
Partition       : serial
Num hosts       : 1
Num cores       : 1
Num of tasks    : 1
Hosts allocated : gold53
Job Output Follows ...
===============================================================================
Running SLURM prolog script on gold53.cluster.local
===============================================================================
Job started on Fri Apr  5 16:11:04 BST 2024
Job ID          : 5777079
Job name        : unsgaiii-DASCMOP-6.slurm
WorkDir         : /mainfs/home/sy6u19/cmlsga-jmetalpy/corrections/slurm
Command         : /mainfs/home/sy6u19/cmlsga-jmetalpy/corrections/slurm/unsgaiii-DASCMOP-6.slurm
Partition       : serial
Num hosts       : 1
Num cores       : 1
Num of tasks    : 1
Hosts allocated : gold53
Job Output Follows ...
===============================================================================
Running SLURM prolog script on gold53.cluster.local
===============================================================================
Job started on Fri Apr  5 16:11:04 BST 2024
Job ID          : 5777081
Job name        : unsgaiii-DASCMOP-6.slurm
WorkDir         : /mainfs/home/sy6u19/cmlsga-jmetalpy/corrections/slurm
Command         : /mainfs/home/sy6u19/cmlsga-jmetalpy/corrections/slurm/unsgaiii-DASCMOP-6.slurm
Partition       : serial
Num hosts       : 1
Num cores       : 1
Num of tasks    : 1
Hosts allocated : gold53
Job Output Follows ...
===============================================================================
Running SLURM prolog script on gold53.cluster.local
===============================================================================
Job started on Fri Apr  5 16:11:04 BST 2024
Job ID          : 5777062
Job name        : unsgaiii-DASCMOP-6.slurm
WorkDir         : /mainfs/home/sy6u19/cmlsga-jmetalpy/corrections/slurm
Command         : /mainfs/home/sy6u19/cmlsga-jmetalpy/corrections/slurm/unsgaiii-DASCMOP-6.slurm
Partition       : serial
Num hosts       : 1
Num cores       : 1
Num of tasks    : 1
Hosts allocated : gold53
Job Output Follows ...
===============================================================================
Running SLURM prolog script on gold53.cluster.local
===============================================================================
Job started on Fri Apr  5 16:11:04 BST 2024
Job ID          : 5777083
Job name        : unsgaiii-DASCMOP-6.slurm
WorkDir         : /mainfs/home/sy6u19/cmlsga-jmetalpy/corrections/slurm
Command         : /mainfs/home/sy6u19/cmlsga-jmetalpy/corrections/slurm/unsgaiii-DASCMOP-6.slurm
Partition       : serial
Num hosts       : 1
Num cores       : 1
Num of tasks    : 1
Hosts allocated : gold53
Job Output Follows ...
===============================================================================
==============================================================================
Running epilogue script on gold53.

Submit time  : 2024-04-05T16:10:32
Start time   : 2024-04-05T16:11:03
End time     : 2024-04-05T18:12:58
Elapsed time : 02:01:55 (Timelimit=2-09:05:00)

Job ID: 5777080
Array Job ID: 5777062_2
Cluster: i5
User/Group: sy6u19/mm
State: COMPLETED (exit code 0)
Cores: 1
CPU Utilized: 02:00:28
CPU Efficiency: 98.81% of 02:01:55 core-walltime
Job Wall-clock time: 02:01:55
Memory Utilized: 1.05 GB
Memory Efficiency: 13.41% of 7.81 GB

==============================================================================
Running epilogue script on gold53.

Submit time  : 2024-04-05T16:10:32
Start time   : 2024-04-05T16:11:03
End time     : 2024-04-05T18:14:38
Elapsed time : 02:03:35 (Timelimit=2-09:05:00)

Job ID: 5777079
Array Job ID: 5777062_1
Cluster: i5
User/Group: sy6u19/mm
State: COMPLETED (exit code 0)
Cores: 1
CPU Utilized: 02:02:10
CPU Efficiency: 98.85% of 02:03:35 core-walltime
Job Wall-clock time: 02:03:35
Memory Utilized: 1.06 GB
Memory Efficiency: 13.54% of 7.81 GB

==============================================================================
Running epilogue script on gold53.

Submit time  : 2024-04-05T16:10:32
Start time   : 2024-04-05T16:11:03
End time     : 2024-04-05T18:20:42
Elapsed time : 02:09:39 (Timelimit=2-09:05:00)

Job ID: 5777081
Array Job ID: 5777062_3
Cluster: i5
User/Group: sy6u19/mm
State: COMPLETED (exit code 0)
Cores: 1
CPU Utilized: 02:08:13
CPU Efficiency: 98.89% of 02:09:39 core-walltime
Job Wall-clock time: 02:09:39
Memory Utilized: 1.08 GB
Memory Efficiency: 13.88% of 7.81 GB

==============================================================================
Running epilogue script on gold53.

Submit time  : 2024-04-05T16:10:32
Start time   : 2024-04-05T16:11:03
End time     : 2024-04-05T20:06:29
Elapsed time : 03:55:26 (Timelimit=2-09:05:00)

Job ID: 5777083
Array Job ID: 5777062_5
Cluster: i5
User/Group: sy6u19/mm
State: COMPLETED (exit code 0)
Cores: 1
CPU Utilized: 03:53:40
CPU Efficiency: 99.25% of 03:55:26 core-walltime
Job Wall-clock time: 03:55:26
Memory Utilized: 1.17 GB
Memory Efficiency: 14.93% of 7.81 GB

==============================================================================
Running epilogue script on gold53.

Submit time  : 2024-04-05T16:10:32
Start time   : 2024-04-05T16:11:03
End time     : 2024-04-05T20:32:49
Elapsed time : 04:21:46 (Timelimit=2-09:05:00)

Job ID: 5777082
Array Job ID: 5777062_4
Cluster: i5
User/Group: sy6u19/mm
State: COMPLETED (exit code 0)
Cores: 1
CPU Utilized: 04:19:57
CPU Efficiency: 99.31% of 04:21:46 core-walltime
Job Wall-clock time: 04:21:46
Memory Utilized: 1.20 GB
Memory Efficiency: 15.41% of 7.81 GB

