Running SLURM prolog script on gold54.cluster.local
===============================================================================
Job started on Fri Apr  5 16:11:04 BST 2024
Job ID          : 5777088
Job name        : unsgaiii-DASCMOP-7.slurm
WorkDir         : /mainfs/home/sy6u19/cmlsga-jmetalpy/corrections/slurm
Command         : /mainfs/home/sy6u19/cmlsga-jmetalpy/corrections/slurm/unsgaiii-DASCMOP-7.slurm
Partition       : serial
Num hosts       : 1
Num cores       : 1
Num of tasks    : 1
Hosts allocated : gold54
Job Output Follows ...
===============================================================================
Running SLURM prolog script on gold53.cluster.local
===============================================================================
Job started on Fri Apr  5 16:11:04 BST 2024
Job ID          : 5777084
Job name        : unsgaiii-DASCMOP-7.slurm
WorkDir         : /mainfs/home/sy6u19/cmlsga-jmetalpy/corrections/slurm
Command         : /mainfs/home/sy6u19/cmlsga-jmetalpy/corrections/slurm/unsgaiii-DASCMOP-7.slurm
Partition       : serial
Num hosts       : 1
Num cores       : 1
Num of tasks    : 1
Hosts allocated : gold53
Job Output Follows ...
===============================================================================
Running SLURM prolog script on gold53.cluster.local
===============================================================================
Job started on Fri Apr  5 16:11:04 BST 2024
Job ID          : 5777086
Job name        : unsgaiii-DASCMOP-7.slurm
WorkDir         : /mainfs/home/sy6u19/cmlsga-jmetalpy/corrections/slurm
Command         : /mainfs/home/sy6u19/cmlsga-jmetalpy/corrections/slurm/unsgaiii-DASCMOP-7.slurm
Partition       : serial
Num hosts       : 1
Num cores       : 1
Num of tasks    : 1
Hosts allocated : gold53
Job Output Follows ...
===============================================================================
Running SLURM prolog script on gold53.cluster.local
===============================================================================
Job started on Fri Apr  5 16:11:04 BST 2024
Job ID          : 5777085
Job name        : unsgaiii-DASCMOP-7.slurm
WorkDir         : /mainfs/home/sy6u19/cmlsga-jmetalpy/corrections/slurm
Command         : /mainfs/home/sy6u19/cmlsga-jmetalpy/corrections/slurm/unsgaiii-DASCMOP-7.slurm
Partition       : serial
Num hosts       : 1
Num cores       : 1
Num of tasks    : 1
Hosts allocated : gold53
Job Output Follows ...
===============================================================================
Running SLURM prolog script on gold53.cluster.local
===============================================================================
Job started on Fri Apr  5 16:11:04 BST 2024
Job ID          : 5777087
Job name        : unsgaiii-DASCMOP-7.slurm
WorkDir         : /mainfs/home/sy6u19/cmlsga-jmetalpy/corrections/slurm
Command         : /mainfs/home/sy6u19/cmlsga-jmetalpy/corrections/slurm/unsgaiii-DASCMOP-7.slurm
Partition       : serial
Num hosts       : 1
Num cores       : 1
Num of tasks    : 1
Hosts allocated : gold53
Job Output Follows ...
===============================================================================
Running SLURM prolog script on gold54.cluster.local
===============================================================================
Job started on Fri Apr  5 16:11:04 BST 2024
Job ID          : 5777063
Job name        : unsgaiii-DASCMOP-7.slurm
WorkDir         : /mainfs/home/sy6u19/cmlsga-jmetalpy/corrections/slurm
Command         : /mainfs/home/sy6u19/cmlsga-jmetalpy/corrections/slurm/unsgaiii-DASCMOP-7.slurm
Partition       : serial
Num hosts       : 1
Num cores       : 1
Num of tasks    : 1
Hosts allocated : gold54
Job Output Follows ...
===============================================================================
==============================================================================
Running epilogue script on gold53.

Submit time  : 2024-04-05T16:10:32
Start time   : 2024-04-05T16:11:03
End time     : 2024-04-05T18:15:06
Elapsed time : 02:04:03 (Timelimit=2-09:05:00)

Job ID: 5777085
Array Job ID: 5777063_2
Cluster: i5
User/Group: sy6u19/mm
State: COMPLETED (exit code 0)
Cores: 1
CPU Utilized: 02:01:09
CPU Efficiency: 97.66% of 02:04:03 core-walltime
Job Wall-clock time: 02:04:03
Memory Utilized: 1.05 GB
Memory Efficiency: 13.44% of 7.81 GB

==============================================================================
Running epilogue script on gold53.

Submit time  : 2024-04-05T16:10:32
Start time   : 2024-04-05T16:11:03
End time     : 2024-04-05T18:20:49
Elapsed time : 02:09:46 (Timelimit=2-09:05:00)

Job ID: 5777084
Array Job ID: 5777063_1
Cluster: i5
User/Group: sy6u19/mm
State: COMPLETED (exit code 0)
Cores: 1
CPU Utilized: 02:06:53
CPU Efficiency: 97.78% of 02:09:46 core-walltime
Job Wall-clock time: 02:09:46
Memory Utilized: 1.07 GB
Memory Efficiency: 13.73% of 7.81 GB

==============================================================================
Running epilogue script on gold53.

Submit time  : 2024-04-05T16:10:32
Start time   : 2024-04-05T16:11:03
End time     : 2024-04-05T18:35:12
Elapsed time : 02:24:09 (Timelimit=2-09:05:00)

Job ID: 5777086
Array Job ID: 5777063_3
Cluster: i5
User/Group: sy6u19/mm
State: COMPLETED (exit code 0)
Cores: 1
CPU Utilized: 02:21:12
CPU Efficiency: 97.95% of 02:24:09 core-walltime
Job Wall-clock time: 02:24:09
Memory Utilized: 1.07 GB
Memory Efficiency: 13.71% of 7.81 GB

==============================================================================
Running epilogue script on gold53.

Submit time  : 2024-04-05T16:10:32
Start time   : 2024-04-05T16:11:03
End time     : 2024-04-05T19:30:48
Elapsed time : 03:19:45 (Timelimit=2-09:05:00)

Job ID: 5777087
Array Job ID: 5777063_4
Cluster: i5
User/Group: sy6u19/mm
State: COMPLETED (exit code 0)
Cores: 1
CPU Utilized: 03:16:22
CPU Efficiency: 98.31% of 03:19:45 core-walltime
Job Wall-clock time: 03:19:45
Memory Utilized: 1.14 GB
Memory Efficiency: 14.54% of 7.81 GB

==============================================================================
Running epilogue script on gold54.

Submit time  : 2024-04-05T16:10:32
Start time   : 2024-04-05T16:11:03
End time     : 2024-04-05T19:54:57
Elapsed time : 03:43:54 (Timelimit=2-09:05:00)

Job ID: 5777088
Array Job ID: 5777063_5
Cluster: i5
User/Group: sy6u19/mm
State: COMPLETED (exit code 0)
Cores: 1
CPU Utilized: 03:39:46
CPU Efficiency: 98.15% of 03:43:54 core-walltime
Job Wall-clock time: 03:43:54
Memory Utilized: 1.12 GB
Memory Efficiency: 14.37% of 7.81 GB

