Running SLURM prolog script on gold51.cluster.local
===============================================================================
Job started on Fri Apr  5 18:21:05 BST 2024
Job ID          : 5777065
Job name        : unsgaiii-IMB.slurm
WorkDir         : /mainfs/home/sy6u19/cmlsga-jmetalpy/corrections/slurm
Command         : /mainfs/home/sy6u19/cmlsga-jmetalpy/corrections/slurm/unsgaiii-IMB.slurm
Partition       : serial
Num hosts       : 1
Num cores       : 1
Num of tasks    : 1
Hosts allocated : gold51
Job Output Follows ...
===============================================================================
==============================================================================
Running epilogue script on gold54.

Submit time  : 2024-04-05T16:10:32
Start time   : 2024-04-05T16:11:03
End time     : 2024-04-05T18:42:02
Elapsed time : 02:30:59 (Timelimit=2-09:05:00)

Job ID: 5777104
Array Job ID: 5777065_10
Cluster: i5
User/Group: sy6u19/mm
State: COMPLETED (exit code 0)
Cores: 1
CPU Utilized: 02:28:52
CPU Efficiency: 98.60% of 02:30:59 core-walltime
Job Wall-clock time: 02:30:59
Memory Utilized: 1.11 GB
Memory Efficiency: 14.26% of 7.81 GB

==============================================================================
Running epilogue script on gold51.

Submit time  : 2024-04-05T16:10:32
Start time   : 2024-04-05T18:13:04
End time     : 2024-04-05T19:08:12
Elapsed time : 00:55:08 (Timelimit=2-09:05:00)

Job ID: 5778196
Array Job ID: 5777065_11
Cluster: i5
User/Group: sy6u19/mm
State: COMPLETED (exit code 0)
Cores: 1
CPU Utilized: 00:53:17
CPU Efficiency: 96.64% of 00:55:08 core-walltime
Job Wall-clock time: 00:55:08
Memory Utilized: 1.03 GB
Memory Efficiency: 13.19% of 7.81 GB

==============================================================================
Running epilogue script on gold51.

Submit time  : 2024-04-05T16:10:32
Start time   : 2024-04-05T18:15:04
End time     : 2024-04-05T19:09:41
Elapsed time : 00:54:37 (Timelimit=2-09:05:00)

Job ID: 5778207
Array Job ID: 5777065_12
Cluster: i5
User/Group: sy6u19/mm
State: COMPLETED (exit code 0)
Cores: 1
CPU Utilized: 00:53:24
CPU Efficiency: 97.77% of 00:54:37 core-walltime
Job Wall-clock time: 00:54:37
Memory Utilized: 1.04 GB
Memory Efficiency: 13.27% of 7.81 GB

==============================================================================
Running epilogue script on gold51.

Submit time  : 2024-04-05T16:10:32
Start time   : 2024-04-05T18:16:05
End time     : 2024-04-05T19:11:07
Elapsed time : 00:55:02 (Timelimit=2-09:05:00)

Job ID: 5778213
Array Job ID: 5777065_13
Cluster: i5
User/Group: sy6u19/mm
State: COMPLETED (exit code 0)
Cores: 1
CPU Utilized: 00:53:51
CPU Efficiency: 97.85% of 00:55:02 core-walltime
Job Wall-clock time: 00:55:02
Memory Utilized: 1.04 GB
Memory Efficiency: 13.27% of 7.81 GB

==============================================================================
Running epilogue script on gold54.

Submit time  : 2024-04-05T16:10:32
Start time   : 2024-04-05T16:11:03
End time     : 2024-04-05T21:16:51
Elapsed time : 05:05:48 (Timelimit=2-09:05:00)

Job ID: 5777103
Array Job ID: 5777065_9
Cluster: i5
User/Group: sy6u19/mm
State: COMPLETED (exit code 0)
Cores: 1
CPU Utilized: 05:03:01
CPU Efficiency: 99.09% of 05:05:48 core-walltime
Job Wall-clock time: 05:05:48
Memory Utilized: 1.20 GB
Memory Efficiency: 15.37% of 7.81 GB

==============================================================================
Running epilogue script on gold54.

Submit time  : 2024-04-05T16:10:32
Start time   : 2024-04-05T16:11:03
End time     : 2024-04-05T22:45:03
Elapsed time : 06:34:00 (Timelimit=2-09:05:00)

Job ID: 5777102
Array Job ID: 5777065_8
Cluster: i5
User/Group: sy6u19/mm
State: COMPLETED (exit code 0)
Cores: 1
CPU Utilized: 06:31:04
CPU Efficiency: 99.26% of 06:34:00 core-walltime
Job Wall-clock time: 06:34:00
Memory Utilized: 1.30 GB
Memory Efficiency: 16.59% of 7.81 GB

==============================================================================
Running epilogue script on gold54.

Submit time  : 2024-04-05T16:10:32
Start time   : 2024-04-05T16:11:03
End time     : 2024-04-05T23:23:56
Elapsed time : 07:12:53 (Timelimit=2-09:05:00)

Job ID: 5777101
Array Job ID: 5777065_7
Cluster: i5
User/Group: sy6u19/mm
State: COMPLETED (exit code 0)
Cores: 1
CPU Utilized: 07:10:11
CPU Efficiency: 99.38% of 07:12:53 core-walltime
Job Wall-clock time: 07:12:53
Memory Utilized: 1.26 GB
Memory Efficiency: 16.13% of 7.81 GB

==============================================================================
Running epilogue script on gold54.

Submit time  : 2024-04-05T16:10:32
Start time   : 2024-04-05T16:11:03
End time     : 2024-04-06T18:28:05
Elapsed time : 1-02:17:02 (Timelimit=2-09:05:00)

Job ID: 5777096
Array Job ID: 5777065_2
Cluster: i5
User/Group: sy6u19/mm
State: COMPLETED (exit code 0)
Cores: 1
CPU Utilized: 1-02:11:48
CPU Efficiency: 99.67% of 1-02:17:02 core-walltime
Job Wall-clock time: 1-02:17:02
Memory Utilized: 1.83 GB
Memory Efficiency: 23.42% of 7.81 GB

==============================================================================
Running epilogue script on gold54.

Submit time  : 2024-04-05T16:10:32
Start time   : 2024-04-05T16:11:03
End time     : 2024-04-06T19:20:42
Elapsed time : 1-03:09:39 (Timelimit=2-09:05:00)

Job ID: 5777095
Array Job ID: 5777065_1
Cluster: i5
User/Group: sy6u19/mm
State: COMPLETED (exit code 0)
Cores: 1
CPU Utilized: 1-03:04:18
CPU Efficiency: 99.67% of 1-03:09:39 core-walltime
Job Wall-clock time: 1-03:09:39
Memory Utilized: 1.87 GB
Memory Efficiency: 23.94% of 7.81 GB

==============================================================================
Running epilogue script on gold54.

Submit time  : 2024-04-05T16:10:32
Start time   : 2024-04-05T16:11:03
End time     : 2024-04-06T23:38:01
Elapsed time : 1-07:26:58 (Timelimit=2-09:05:00)

Job ID: 5777097
Array Job ID: 5777065_3
Cluster: i5
User/Group: sy6u19/mm
State: COMPLETED (exit code 0)
Cores: 1
CPU Utilized: 1-07:21:00
CPU Efficiency: 99.68% of 1-07:26:58 core-walltime
Job Wall-clock time: 1-07:26:58
Memory Utilized: 2.02 GB
Memory Efficiency: 25.87% of 7.81 GB

==============================================================================
Running epilogue script on gold54.

Submit time  : 2024-04-05T16:10:32
Start time   : 2024-04-05T16:11:03
End time     : 2024-04-07T05:18:51
Elapsed time : 1-13:07:48 (Timelimit=2-09:05:00)

Job ID: 5777100
Array Job ID: 5777065_6
Cluster: i5
User/Group: sy6u19/mm
State: COMPLETED (exit code 0)
Cores: 1
CPU Utilized: 1-13:01:03
CPU Efficiency: 99.70% of 1-13:07:48 core-walltime
Job Wall-clock time: 1-13:07:48
Memory Utilized: 2.26 GB
Memory Efficiency: 28.86% of 7.81 GB

==============================================================================
Running epilogue script on gold54.

Submit time  : 2024-04-05T16:10:32
Start time   : 2024-04-05T16:11:03
End time     : 2024-04-07T10:34:59
Elapsed time : 1-18:23:56 (Timelimit=2-09:05:00)

Job ID: 5777098
Array Job ID: 5777065_4
Cluster: i5
User/Group: sy6u19/mm
State: COMPLETED (exit code 0)
Cores: 1
CPU Utilized: 1-18:16:31
CPU Efficiency: 99.71% of 1-18:23:56 core-walltime
Job Wall-clock time: 1-18:23:56
Memory Utilized: 2.39 GB
Memory Efficiency: 30.61% of 7.81 GB

==============================================================================
Running epilogue script on gold54.

Submit time  : 2024-04-05T16:10:32
Start time   : 2024-04-05T16:11:03
End time     : 2024-04-07T11:52:10
Elapsed time : 1-19:41:07 (Timelimit=2-09:05:00)

Job ID: 5777099
Array Job ID: 5777065_5
Cluster: i5
User/Group: sy6u19/mm
State: COMPLETED (exit code 0)
Cores: 1
CPU Utilized: 1-19:33:29
CPU Efficiency: 99.71% of 1-19:41:07 core-walltime
Job Wall-clock time: 1-19:41:07
Memory Utilized: 2.41 GB
Memory Efficiency: 30.88% of 7.81 GB

