Running SLURM prolog script on gold51.cluster.local
===============================================================================
Job started on Fri Apr  5 20:06:04 BST 2024
Job ID          : 5779070
Job name        : unsgaiii-UF.slurm
WorkDir         : /mainfs/home/sy6u19/cmlsga-jmetalpy/corrections/slurm
Command         : /mainfs/home/sy6u19/cmlsga-jmetalpy/corrections/slurm/unsgaiii-UF.slurm
Partition       : serial
Num hosts       : 1
Num cores       : 1
Num of tasks    : 1
Hosts allocated : gold51
Job Output Follows ...
===============================================================================
Running SLURM prolog script on gold51.cluster.local
===============================================================================
Job started on Fri Apr  5 20:06:04 BST 2024
Job ID          : 5777068
Job name        : unsgaiii-UF.slurm
WorkDir         : /mainfs/home/sy6u19/cmlsga-jmetalpy/corrections/slurm
Command         : /mainfs/home/sy6u19/cmlsga-jmetalpy/corrections/slurm/unsgaiii-UF.slurm
Partition       : serial
Num hosts       : 1
Num cores       : 1
Num of tasks    : 1
Hosts allocated : gold51
Job Output Follows ...
===============================================================================
==============================================================================
Running epilogue script on gold51.

Submit time  : 2024-04-05T16:10:32
Start time   : 2024-04-05T19:52:49
End time     : 2024-04-05T20:56:09
Elapsed time : 01:03:20 (Timelimit=2-09:05:00)

Job ID: 5778963
Array Job ID: 5777068_3
Cluster: i5
User/Group: sy6u19/mm
State: COMPLETED (exit code 0)
Cores: 1
CPU Utilized: 01:01:07
CPU Efficiency: 96.50% of 01:03:20 core-walltime
Job Wall-clock time: 01:03:20
Memory Utilized: 1.05 GB
Memory Efficiency: 13.50% of 7.81 GB

==============================================================================
Running epilogue script on gold52.

Submit time  : 2024-04-05T16:10:32
Start time   : 2024-04-05T19:58:51
End time     : 2024-04-05T21:10:23
Elapsed time : 01:11:32 (Timelimit=2-09:05:00)

Job ID: 5779010
Array Job ID: 5777068_5
Cluster: i5
User/Group: sy6u19/mm
State: COMPLETED (exit code 0)
Cores: 1
CPU Utilized: 01:08:54
CPU Efficiency: 96.32% of 01:11:32 core-walltime
Job Wall-clock time: 01:11:32
Memory Utilized: 1.04 GB
Memory Efficiency: 13.28% of 7.81 GB

==============================================================================
Running epilogue script on gold51.

Submit time  : 2024-04-05T16:10:32
Start time   : 2024-04-05T19:55:05
End time     : 2024-04-05T21:12:22
Elapsed time : 01:17:17 (Timelimit=2-09:05:00)

Job ID: 5778977
Array Job ID: 5777068_4
Cluster: i5
User/Group: sy6u19/mm
State: COMPLETED (exit code 0)
Cores: 1
CPU Utilized: 01:15:23
CPU Efficiency: 97.54% of 01:17:17 core-walltime
Job Wall-clock time: 01:17:17
Memory Utilized: 1.08 GB
Memory Efficiency: 13.85% of 7.81 GB

==============================================================================
Running epilogue script on gold52.

Submit time  : 2024-04-05T16:10:32
Start time   : 2024-04-05T20:00:52
End time     : 2024-04-05T21:14:47
Elapsed time : 01:13:55 (Timelimit=2-09:05:00)

Job ID: 5779026
Array Job ID: 5777068_6
Cluster: i5
User/Group: sy6u19/mm
State: COMPLETED (exit code 0)
Cores: 1
CPU Utilized: 01:11:29
CPU Efficiency: 96.71% of 01:13:55 core-walltime
Job Wall-clock time: 01:13:55
Memory Utilized: 1.05 GB
Memory Efficiency: 13.45% of 7.81 GB

==============================================================================
Running epilogue script on gold52.

Submit time  : 2024-04-05T16:10:32
Start time   : 2024-04-05T19:46:04
End time     : 2024-04-05T21:23:30
Elapsed time : 01:37:26 (Timelimit=2-09:05:00)

Job ID: 5778899
Array Job ID: 5777068_1
Cluster: i5
User/Group: sy6u19/mm
State: COMPLETED (exit code 0)
Cores: 1
CPU Utilized: 01:34:33
CPU Efficiency: 97.04% of 01:37:26 core-walltime
Job Wall-clock time: 01:37:26
Memory Utilized: 1.07 GB
Memory Efficiency: 13.73% of 7.81 GB

==============================================================================
Running epilogue script on gold51.

Submit time  : 2024-04-05T16:10:32
Start time   : 2024-04-05T20:02:04
End time     : 2024-04-05T21:42:26
Elapsed time : 01:40:22 (Timelimit=2-09:05:00)

Job ID: 5779045
Array Job ID: 5777068_7
Cluster: i5
User/Group: sy6u19/mm
State: COMPLETED (exit code 0)
Cores: 1
CPU Utilized: 01:38:19
CPU Efficiency: 97.96% of 01:40:22 core-walltime
Job Wall-clock time: 01:40:22
Memory Utilized: 1.14 GB
Memory Efficiency: 14.63% of 7.81 GB

==============================================================================
Running epilogue script on gold51.

Submit time  : 2024-04-05T16:10:32
Start time   : 2024-04-05T20:06:04
End time     : 2024-04-05T23:33:20
Elapsed time : 03:27:16 (Timelimit=2-09:05:00)

Job ID: 5779070
Array Job ID: 5777068_8
Cluster: i5
User/Group: sy6u19/mm
State: COMPLETED (exit code 0)
Cores: 1
CPU Utilized: 03:25:48
CPU Efficiency: 99.29% of 03:27:16 core-walltime
Job Wall-clock time: 03:27:16
Memory Utilized: 1.28 GB
Memory Efficiency: 16.33% of 7.81 GB

==============================================================================
Running epilogue script on gold51.

Submit time  : 2024-04-05T16:10:32
Start time   : 2024-04-05T19:46:47
End time     : 2024-04-06T03:21:41
Elapsed time : 07:34:54 (Timelimit=2-09:05:00)

Job ID: 5778904
Array Job ID: 5777068_2
Cluster: i5
User/Group: sy6u19/mm
State: COMPLETED (exit code 0)
Cores: 1
CPU Utilized: 07:32:44
CPU Efficiency: 99.52% of 07:34:54 core-walltime
Job Wall-clock time: 07:34:54
Memory Utilized: 1.67 GB
Memory Efficiency: 21.34% of 7.81 GB

