Running SLURM prolog script on gold51.cluster.local
===============================================================================
Job started on Fri Apr  5 19:03:04 BST 2024
Job ID          : 5777066
Job name        : unsgaiii-LZ09_F.slurm
WorkDir         : /mainfs/home/sy6u19/cmlsga-jmetalpy/corrections/slurm
Command         : /mainfs/home/sy6u19/cmlsga-jmetalpy/corrections/slurm/unsgaiii-LZ09_F.slurm
Partition       : serial
Num hosts       : 1
Num cores       : 1
Num of tasks    : 1
Hosts allocated : gold51
Job Output Follows ...
===============================================================================
==============================================================================
Running epilogue script on gold51.

Submit time  : 2024-04-05T16:10:32
Start time   : 2024-04-05T18:36:04
End time     : 2024-04-05T19:52:36
Elapsed time : 01:16:32 (Timelimit=2-09:05:00)

Job ID: 5778341
Array Job ID: 5777066_2
Cluster: i5
User/Group: sy6u19/mm
State: COMPLETED (exit code 0)
Cores: 1
CPU Utilized: 01:14:37
CPU Efficiency: 97.50% of 01:16:32 core-walltime
Job Wall-clock time: 01:16:32
Memory Utilized: 1.08 GB
Memory Efficiency: 13.79% of 7.81 GB

==============================================================================
Running epilogue script on gold51.

Submit time  : 2024-04-05T16:10:32
Start time   : 2024-04-05T18:36:04
End time     : 2024-04-05T19:58:37
Elapsed time : 01:22:33 (Timelimit=2-09:05:00)

Job ID: 5778342
Array Job ID: 5777066_3
Cluster: i5
User/Group: sy6u19/mm
State: COMPLETED (exit code 0)
Cores: 1
CPU Utilized: 01:20:35
CPU Efficiency: 97.62% of 01:22:33 core-walltime
Job Wall-clock time: 01:22:33
Memory Utilized: 1.07 GB
Memory Efficiency: 13.73% of 7.81 GB

==============================================================================
Running epilogue script on gold51.

Submit time  : 2024-04-05T16:10:32
Start time   : 2024-04-05T18:21:04
End time     : 2024-04-05T20:01:05
Elapsed time : 01:40:01 (Timelimit=2-09:05:00)

Job ID: 5778239
Array Job ID: 5777066_1
Cluster: i5
User/Group: sy6u19/mm
State: COMPLETED (exit code 0)
Cores: 1
CPU Utilized: 01:38:09
CPU Efficiency: 98.13% of 01:40:01 core-walltime
Job Wall-clock time: 01:40:01
Memory Utilized: 1.09 GB
Memory Efficiency: 13.89% of 7.81 GB

==============================================================================
Running epilogue script on gold51.

Submit time  : 2024-04-05T16:10:32
Start time   : 2024-04-05T18:41:04
End time     : 2024-04-05T20:05:29
Elapsed time : 01:24:25 (Timelimit=2-09:05:00)

Job ID: 5778385
Array Job ID: 5777066_4
Cluster: i5
User/Group: sy6u19/mm
State: COMPLETED (exit code 0)
Cores: 1
CPU Utilized: 01:22:40
CPU Efficiency: 97.93% of 01:24:25 core-walltime
Job Wall-clock time: 01:24:25
Memory Utilized: 1.08 GB
Memory Efficiency: 13.86% of 7.81 GB

==============================================================================
Running epilogue script on gold51.

Submit time  : 2024-04-05T16:10:32
Start time   : 2024-04-05T18:42:04
End time     : 2024-04-05T20:05:48
Elapsed time : 01:23:44 (Timelimit=2-09:05:00)

Job ID: 5778405
Array Job ID: 5777066_5
Cluster: i5
User/Group: sy6u19/mm
State: COMPLETED (exit code 0)
Cores: 1
CPU Utilized: 01:22:23
CPU Efficiency: 98.39% of 01:23:44 core-walltime
Job Wall-clock time: 01:23:44
Memory Utilized: 1.08 GB
Memory Efficiency: 13.85% of 7.81 GB

==============================================================================
Running epilogue script on gold52.

Submit time  : 2024-04-05T16:10:32
Start time   : 2024-04-05T18:48:04
End time     : 2024-04-05T20:38:57
Elapsed time : 01:50:53 (Timelimit=2-09:05:00)

Job ID: 5778451
Array Job ID: 5777066_7
Cluster: i5
User/Group: sy6u19/mm
State: COMPLETED (exit code 0)
Cores: 1
CPU Utilized: 01:47:38
CPU Efficiency: 97.07% of 01:50:53 core-walltime
Job Wall-clock time: 01:50:53
Memory Utilized: 1.09 GB
Memory Efficiency: 13.89% of 7.81 GB

==============================================================================
Running epilogue script on gold52.

Submit time  : 2024-04-05T16:10:32
Start time   : 2024-04-05T18:52:04
End time     : 2024-04-05T20:48:54
Elapsed time : 01:56:50 (Timelimit=2-09:05:00)

Job ID: 5778490
Array Job ID: 5777066_8
Cluster: i5
User/Group: sy6u19/mm
State: COMPLETED (exit code 0)
Cores: 1
CPU Utilized: 01:54:05
CPU Efficiency: 97.65% of 01:56:50 core-walltime
Job Wall-clock time: 01:56:50
Memory Utilized: 1.08 GB
Memory Efficiency: 13.81% of 7.81 GB

==============================================================================
Running epilogue script on gold51.

Submit time  : 2024-04-05T16:10:32
Start time   : 2024-04-05T18:43:04
End time     : 2024-04-06T00:17:39
Elapsed time : 05:34:35 (Timelimit=2-09:05:00)

Job ID: 5778414
Array Job ID: 5777066_6
Cluster: i5
User/Group: sy6u19/mm
State: COMPLETED (exit code 0)
Cores: 1
CPU Utilized: 05:32:53
CPU Efficiency: 99.49% of 05:34:35 core-walltime
Job Wall-clock time: 05:34:35
Memory Utilized: 1.38 GB
Memory Efficiency: 17.62% of 7.81 GB

