Running SLURM prolog script on gold54.cluster.local
===============================================================================
Job started on Fri Apr  5 16:11:04 BST 2024
Job ID          : 5777089
Job name        : unsgaiii-DTLZ.slurm
WorkDir         : /mainfs/home/sy6u19/cmlsga-jmetalpy/corrections/slurm
Command         : /mainfs/home/sy6u19/cmlsga-jmetalpy/corrections/slurm/unsgaiii-DTLZ.slurm
Partition       : serial
Num hosts       : 1
Num cores       : 1
Num of tasks    : 1
Hosts allocated : gold54
Job Output Follows ...
===============================================================================
Running SLURM prolog script on gold54.cluster.local
===============================================================================
Job started on Fri Apr  5 16:11:04 BST 2024
Job ID          : 5777090
Job name        : unsgaiii-DTLZ.slurm
WorkDir         : /mainfs/home/sy6u19/cmlsga-jmetalpy/corrections/slurm
Command         : /mainfs/home/sy6u19/cmlsga-jmetalpy/corrections/slurm/unsgaiii-DTLZ.slurm
Partition       : serial
Num hosts       : 1
Num cores       : 1
Num of tasks    : 1
Hosts allocated : gold54
Job Output Follows ...
===============================================================================
Running SLURM prolog script on gold54.cluster.local
===============================================================================
Job started on Fri Apr  5 16:11:04 BST 2024
Job ID          : 5777092
Job name        : unsgaiii-DTLZ.slurm
WorkDir         : /mainfs/home/sy6u19/cmlsga-jmetalpy/corrections/slurm
Command         : /mainfs/home/sy6u19/cmlsga-jmetalpy/corrections/slurm/unsgaiii-DTLZ.slurm
Partition       : serial
Num hosts       : 1
Num cores       : 1
Num of tasks    : 1
Hosts allocated : gold54
Job Output Follows ...
===============================================================================
==============================================================================
Running epilogue script on gold54.

Submit time  : 2024-04-05T16:10:32
Start time   : 2024-04-05T16:11:03
End time     : 2024-04-05T19:02:54
Elapsed time : 02:51:51 (Timelimit=2-09:05:00)

Job ID: 5777094
Array Job ID: 5777064_6
Cluster: i5
User/Group: sy6u19/mm
State: COMPLETED (exit code 0)
Cores: 1
CPU Utilized: 02:50:10
CPU Efficiency: 99.02% of 02:51:51 core-walltime
Job Wall-clock time: 02:51:51
Memory Utilized: 1.14 GB
Memory Efficiency: 14.61% of 7.81 GB

==============================================================================
Running epilogue script on gold54.

Submit time  : 2024-04-05T16:10:32
Start time   : 2024-04-05T16:11:03
End time     : 2024-04-06T00:30:24
Elapsed time : 08:19:21 (Timelimit=2-09:05:00)

Job ID: 5777091
Array Job ID: 5777064_3
Cluster: i5
User/Group: sy6u19/mm
State: COMPLETED (exit code 0)
Cores: 1
CPU Utilized: 08:16:51
CPU Efficiency: 99.50% of 08:19:21 core-walltime
Job Wall-clock time: 08:19:21
Memory Utilized: 1.43 GB
Memory Efficiency: 18.25% of 7.81 GB

==============================================================================
Running epilogue script on gold54.

Submit time  : 2024-04-05T16:10:32
Start time   : 2024-04-05T16:11:03
End time     : 2024-04-06T11:47:21
Elapsed time : 19:36:18 (Timelimit=2-09:05:00)

Job ID: 5777089
Array Job ID: 5777064_1
Cluster: i5
User/Group: sy6u19/mm
State: COMPLETED (exit code 0)
Cores: 1
CPU Utilized: 19:32:09
CPU Efficiency: 99.65% of 19:36:18 core-walltime
Job Wall-clock time: 19:36:18
Memory Utilized: 1.65 GB
Memory Efficiency: 21.11% of 7.81 GB

==============================================================================
Running epilogue script on gold54.

Submit time  : 2024-04-05T16:10:32
Start time   : 2024-04-05T16:11:03
End time     : 2024-04-06T14:04:11
Elapsed time : 21:53:08 (Timelimit=2-09:05:00)

Job ID: 5777093
Array Job ID: 5777064_5
Cluster: i5
User/Group: sy6u19/mm
State: COMPLETED (exit code 0)
Cores: 1
CPU Utilized: 21:48:43
CPU Efficiency: 99.66% of 21:53:08 core-walltime
Job Wall-clock time: 21:53:08
Memory Utilized: 1.82 GB
Memory Efficiency: 23.30% of 7.81 GB

==============================================================================
Running epilogue script on gold54.

Submit time  : 2024-04-05T16:10:32
Start time   : 2024-04-05T16:11:03
End time     : 2024-04-06T21:45:43
Elapsed time : 1-05:34:40 (Timelimit=2-09:05:00)

Job ID: 5777092
Array Job ID: 5777064_4
Cluster: i5
User/Group: sy6u19/mm
State: COMPLETED (exit code 0)
Cores: 1
CPU Utilized: 1-05:28:52
CPU Efficiency: 99.67% of 1-05:34:40 core-walltime
Job Wall-clock time: 1-05:34:40
Memory Utilized: 2.15 GB
Memory Efficiency: 27.52% of 7.81 GB

==============================================================================
Running epilogue script on gold54.

Submit time  : 2024-04-05T16:10:32
Start time   : 2024-04-05T16:11:03
End time     : 2024-04-07T00:01:58
Elapsed time : 1-07:50:55 (Timelimit=2-09:05:00)

Job ID: 5777090
Array Job ID: 5777064_2
Cluster: i5
User/Group: sy6u19/mm
State: COMPLETED (exit code 0)
Cores: 1
CPU Utilized: 1-07:44:44
CPU Efficiency: 99.68% of 1-07:50:55 core-walltime
Job Wall-clock time: 1-07:50:55
Memory Utilized: 2.20 GB
Memory Efficiency: 28.10% of 7.81 GB

