Running SLURM prolog script on gold51.cluster.local
===============================================================================
Job started on Fri Apr  5 19:38:43 BST 2024
Job ID          : 5777067
Job name        : unsgaiii-MOP.slurm
WorkDir         : /mainfs/home/sy6u19/cmlsga-jmetalpy/corrections/slurm
Command         : /mainfs/home/sy6u19/cmlsga-jmetalpy/corrections/slurm/unsgaiii-MOP.slurm
Partition       : serial
Num hosts       : 1
Num cores       : 1
Num of tasks    : 1
Hosts allocated : gold51
Job Output Follows ...
===============================================================================
==============================================================================
Running epilogue script on gold51.

Submit time  : 2024-04-05T16:10:32
Start time   : 2024-04-05T19:12:04
End time     : 2024-04-05T20:00:49
Elapsed time : 00:48:45 (Timelimit=2-09:05:00)

Job ID: 5778643
Array Job ID: 5777067_3
Cluster: i5
User/Group: sy6u19/mm
State: COMPLETED (exit code 0)
Cores: 1
CPU Utilized: 00:47:31
CPU Efficiency: 97.47% of 00:48:45 core-walltime
Job Wall-clock time: 00:48:45
Memory Utilized: 1.04 GB
Memory Efficiency: 13.32% of 7.81 GB

==============================================================================
Running epilogue script on gold51.

Submit time  : 2024-04-05T16:10:32
Start time   : 2024-04-05T19:10:04
End time     : 2024-04-05T20:07:58
Elapsed time : 00:57:54 (Timelimit=2-09:05:00)

Job ID: 5778616
Array Job ID: 5777067_2
Cluster: i5
User/Group: sy6u19/mm
State: COMPLETED (exit code 0)
Cores: 1
CPU Utilized: 00:56:10
CPU Efficiency: 97.01% of 00:57:54 core-walltime
Job Wall-clock time: 00:57:54
Memory Utilized: 1.06 GB
Memory Efficiency: 13.52% of 7.81 GB

==============================================================================
Running epilogue script on gold52.

Submit time  : 2024-04-05T16:10:32
Start time   : 2024-04-05T19:28:40
End time     : 2024-04-05T20:37:02
Elapsed time : 01:08:22 (Timelimit=2-09:05:00)

Job ID: 5778771
Array Job ID: 5777067_5
Cluster: i5
User/Group: sy6u19/mm
State: COMPLETED (exit code 0)
Cores: 1
CPU Utilized: 01:06:10
CPU Efficiency: 96.78% of 01:08:22 core-walltime
Job Wall-clock time: 01:08:22
Memory Utilized: 1.04 GB
Memory Efficiency: 13.33% of 7.81 GB

==============================================================================
Running epilogue script on gold51.

Submit time  : 2024-04-05T16:10:32
Start time   : 2024-04-05T19:28:05
End time     : 2024-04-06T01:39:59
Elapsed time : 06:11:54 (Timelimit=2-09:05:00)

Job ID: 5778764
Array Job ID: 5777067_4
Cluster: i5
User/Group: sy6u19/mm
State: COMPLETED (exit code 0)
Cores: 1
CPU Utilized: 06:09:29
CPU Efficiency: 99.35% of 06:11:54 core-walltime
Job Wall-clock time: 06:11:54
Memory Utilized: 1.20 GB
Memory Efficiency: 15.33% of 7.81 GB

==============================================================================
Running epilogue script on gold52.

Submit time  : 2024-04-05T16:10:32
Start time   : 2024-04-05T19:08:21
End time     : 2024-04-06T19:25:28
Elapsed time : 1-00:17:07 (Timelimit=2-09:05:00)

Job ID: 5778601
Array Job ID: 5777067_1
Cluster: i5
User/Group: sy6u19/mm
State: COMPLETED (exit code 0)
Cores: 1
CPU Utilized: 1-00:10:53
CPU Efficiency: 99.57% of 1-00:17:07 core-walltime
Job Wall-clock time: 1-00:17:07
Memory Utilized: 1.83 GB
Memory Efficiency: 23.39% of 7.81 GB

==============================================================================
Running epilogue script on gold51.

Submit time  : 2024-04-05T16:10:32
Start time   : 2024-04-05T19:31:04
End time     : 2024-04-06T19:45:54
Elapsed time : 1-00:14:50 (Timelimit=2-09:05:00)

Job ID: 5778799
Array Job ID: 5777067_6
Cluster: i5
User/Group: sy6u19/mm
State: COMPLETED (exit code 0)
Cores: 1
CPU Utilized: 1-00:09:21
CPU Efficiency: 99.62% of 1-00:14:50 core-walltime
Job Wall-clock time: 1-00:14:50
Memory Utilized: 1.96 GB
Memory Efficiency: 25.08% of 7.81 GB

