Running SLURM prolog script on gold51.cluster.local
===============================================================================
Job started on Mon Oct 14 19:13:02 BST 2024
Job ID          : 6634220
Job name        : moeade-ZDT.slurm
WorkDir         : /mainfs/home/sy6u19/cmlsga-jmetalpy/corrections/epigenetic/static
Command         : /mainfs/home/sy6u19/cmlsga-jmetalpy/corrections/epigenetic/static/moeade-ZDT.slurm
Partition       : serial
Num hosts       : 1
Num cores       : 1
Num of tasks    : 1
Hosts allocated : gold51
Job Output Follows ...
===============================================================================
==============================================================================
Running epilogue script on gold53.

Submit time  : 2024-10-10T16:39:50
Start time   : 2024-10-14T16:54:44
End time     : 2024-10-15T21:07:10
Elapsed time : 1-04:12:26 (Timelimit=1-23:55:00)

Job ID: 6643492
Array Job ID: 6634220_4
Cluster: i5
User/Group: sy6u19/mm
State: COMPLETED (exit code 0)
Cores: 1
CPU Utilized: 1-02:43:42
CPU Efficiency: 94.76% of 1-04:12:26 core-walltime
Job Wall-clock time: 1-04:12:26
Memory Utilized: 1.05 GB
Memory Efficiency: 13.40% of 7.81 GB

==============================================================================
Running epilogue script on gold52.

Submit time  : 2024-10-10T16:39:50
Start time   : 2024-10-14T13:36:47
End time     : 2024-10-16T02:39:40
Elapsed time : 1-13:02:53 (Timelimit=1-23:55:00)

Job ID: 6642122
Array Job ID: 6634220_1
Cluster: i5
User/Group: sy6u19/mm
State: COMPLETED (exit code 0)
Cores: 1
CPU Utilized: 1-11:48:52
CPU Efficiency: 96.67% of 1-13:02:53 core-walltime
Job Wall-clock time: 1-13:02:53
Memory Utilized: 1.06 GB
Memory Efficiency: 13.59% of 7.81 GB

==============================================================================
Running epilogue script on gold51.

Submit time  : 2024-10-10T16:39:50
Start time   : 2024-10-14T14:55:48
End time     : 2024-10-16T02:51:55
Elapsed time : 1-11:56:07 (Timelimit=1-23:55:00)

Job ID: 6642265
Array Job ID: 6634220_2
Cluster: i5
User/Group: sy6u19/mm
State: COMPLETED (exit code 0)
Cores: 1
CPU Utilized: 1-10:08:32
CPU Efficiency: 95.01% of 1-11:56:07 core-walltime
Job Wall-clock time: 1-11:56:07
Memory Utilized: 1.06 GB
Memory Efficiency: 13.51% of 7.81 GB

==============================================================================
Running epilogue script on gold52.

Submit time  : 2024-10-10T16:39:50
Start time   : 2024-10-14T16:01:51
End time     : 2024-10-16T06:34:42
Elapsed time : 1-14:32:51 (Timelimit=1-23:55:00)

Job ID: 6643366
Array Job ID: 6634220_3
Cluster: i5
User/Group: sy6u19/mm
State: COMPLETED (exit code 0)
Cores: 1
CPU Utilized: 1-13:10:42
CPU Efficiency: 96.45% of 1-14:32:51 core-walltime
Job Wall-clock time: 1-14:32:51
Memory Utilized: 1.06 GB
Memory Efficiency: 13.51% of 7.81 GB

==============================================================================
Running epilogue script on gold51.

Submit time  : 2024-10-10T16:39:50
Start time   : 2024-10-14T19:13:02
End time     : 2024-10-16T19:08:12
Elapsed time : 1-23:55:10 (Timelimit=1-23:55:00)

Job ID: 6634220
Array Job ID: 6634220_6
Cluster: i5
User/Group: sy6u19/mm
State: TIMEOUT (exit code 0)
Cores: 1
CPU Utilized: 00:00:00
CPU Efficiency: 0.00% of 1-23:55:10 core-walltime
Job Wall-clock time: 1-23:55:10
Memory Utilized: 1.09 GB
Memory Efficiency: 13.92% of 7.81 GB

