Running SLURM prolog script on gold53.cluster.local
===============================================================================
Job started on Sat Oct 12 21:13:46 BST 2024
Job ID          : 6634214
Job name        : moeade-DTLZ.slurm
WorkDir         : /mainfs/home/sy6u19/cmlsga-jmetalpy/corrections/epigenetic/static
Command         : /mainfs/home/sy6u19/cmlsga-jmetalpy/corrections/epigenetic/static/moeade-DTLZ.slurm
Partition       : serial
Num hosts       : 1
Num cores       : 1
Num of tasks    : 1
Hosts allocated : gold53
Job Output Follows ...
===============================================================================
==============================================================================
Running epilogue script on gold51.

Submit time  : 2024-10-10T16:39:50
Start time   : 2024-10-12T20:47:03
End time     : 2024-10-13T07:07:02
Elapsed time : 10:19:59 (Timelimit=1-23:55:00)

Job ID: 6640056
Array Job ID: 6634214_3
Cluster: i5
User/Group: sy6u19/mm
State: COMPLETED (exit code 0)
Cores: 1
CPU Utilized: 10:13:03
CPU Efficiency: 98.88% of 10:19:59 core-walltime
Job Wall-clock time: 10:19:59
Memory Utilized: 1.04 GB
Memory Efficiency: 13.33% of 7.81 GB

==============================================================================
Running epilogue script on gold51.

Submit time  : 2024-10-10T16:39:50
Start time   : 2024-10-12T20:48:46
End time     : 2024-10-14T03:17:46
Elapsed time : 1-06:29:00 (Timelimit=1-23:55:00)

Job ID: 6640061
Array Job ID: 6634214_5
Cluster: i5
User/Group: sy6u19/mm
State: COMPLETED (exit code 0)
Cores: 1
CPU Utilized: 1-06:06:59
CPU Efficiency: 98.80% of 1-06:29:00 core-walltime
Job Wall-clock time: 1-06:29:00
Memory Utilized: 1.04 GB
Memory Efficiency: 13.31% of 7.81 GB

==============================================================================
Running epilogue script on gold51.

Submit time  : 2024-10-10T16:39:50
Start time   : 2024-10-12T20:42:18
End time     : 2024-10-14T19:12:51
Elapsed time : 1-22:30:33 (Timelimit=1-23:55:00)

Job ID: 6640053
Array Job ID: 6634214_1
Cluster: i5
User/Group: sy6u19/mm
State: COMPLETED (exit code 0)
Cores: 1
CPU Utilized: 1-21:53:23
CPU Efficiency: 98.67% of 1-22:30:33 core-walltime
Job Wall-clock time: 1-22:30:33
Memory Utilized: 1.05 GB
Memory Efficiency: 13.38% of 7.81 GB

==============================================================================
Running epilogue script on gold51.

Submit time  : 2024-10-10T16:39:50
Start time   : 2024-10-12T20:45:10
End time     : 2024-10-14T20:40:14
Elapsed time : 1-23:55:04 (Timelimit=1-23:55:00)

Job ID: 6640054
Array Job ID: 6634214_2
Cluster: i5
User/Group: sy6u19/mm
State: TIMEOUT (exit code 0)
Cores: 1
CPU Utilized: 00:00:00
CPU Efficiency: 0.00% of 1-23:55:04 core-walltime
Job Wall-clock time: 1-23:55:04
Memory Utilized: 1.05 GB
Memory Efficiency: 13.38% of 7.81 GB

==============================================================================
Running epilogue script on gold51.

Submit time  : 2024-10-10T16:39:50
Start time   : 2024-10-12T20:48:16
End time     : 2024-10-14T20:43:44
Elapsed time : 1-23:55:28 (Timelimit=1-23:55:00)

Job ID: 6640058
Array Job ID: 6634214_4
Cluster: i5
User/Group: sy6u19/mm
State: TIMEOUT (exit code 0)
Cores: 1
CPU Utilized: 00:00:00
CPU Efficiency: 0.00% of 1-23:55:28 core-walltime
Job Wall-clock time: 1-23:55:28
Memory Utilized: 1.06 GB
Memory Efficiency: 13.51% of 7.81 GB

==============================================================================
Running epilogue script on gold51.

Submit time  : 2024-10-10T16:39:50
Start time   : 2024-10-12T21:08:23
End time     : 2024-10-14T21:03:44
Elapsed time : 1-23:55:21 (Timelimit=1-23:55:00)

Job ID: 6640073
Array Job ID: 6634214_6
Cluster: i5
User/Group: sy6u19/mm
State: TIMEOUT (exit code 0)
Cores: 1
CPU Utilized: 00:00:00
CPU Efficiency: 0.00% of 1-23:55:21 core-walltime
Job Wall-clock time: 1-23:55:21
Memory Utilized: 1.05 GB
Memory Efficiency: 13.39% of 7.81 GB

==============================================================================
Running epilogue script on gold53.

Submit time  : 2024-10-10T16:39:50
Start time   : 2024-10-12T21:13:46
End time     : 2024-10-14T21:09:14
Elapsed time : 1-23:55:28 (Timelimit=1-23:55:00)

Job ID: 6634214
Array Job ID: 6634214_7
Cluster: i5
User/Group: sy6u19/mm
State: TIMEOUT (exit code 0)
Cores: 1
CPU Utilized: 00:00:00
CPU Efficiency: 0.00% of 1-23:55:28 core-walltime
Job Wall-clock time: 1-23:55:28
Memory Utilized: 1.04 GB
Memory Efficiency: 13.37% of 7.81 GB

