Running SLURM prolog script on gold52.cluster.local
===============================================================================
Job started on Sat Oct 12 20:39:47 BST 2024
Job ID          : 6634213
Job name        : moeade-DASCMOP-7.slurm
WorkDir         : /mainfs/home/sy6u19/cmlsga-jmetalpy/corrections/epigenetic/static
Command         : /mainfs/home/sy6u19/cmlsga-jmetalpy/corrections/epigenetic/static/moeade-DASCMOP-7.slurm
Partition       : serial
Num hosts       : 1
Num cores       : 1
Num of tasks    : 1
Hosts allocated : gold52
Job Output Follows ...
===============================================================================
==============================================================================
Running epilogue script on gold51.

Submit time  : 2024-10-10T16:39:50
Start time   : 2024-10-12T20:27:32
End time     : 2024-10-12T21:21:55
Elapsed time : 00:54:23 (Timelimit=1-23:55:00)

Job ID: 6640039
Array Job ID: 6634213_5
Cluster: i5
User/Group: sy6u19/mm
State: COMPLETED (exit code 0)
Cores: 1
CPU Utilized: 00:52:52
CPU Efficiency: 97.21% of 00:54:23 core-walltime
Job Wall-clock time: 00:54:23
Memory Utilized: 1.03 GB
Memory Efficiency: 13.15% of 7.81 GB

==============================================================================
Running epilogue script on gold51.

Submit time  : 2024-10-10T16:39:50
Start time   : 2024-10-12T20:27:03
End time     : 2024-10-12T21:35:07
Elapsed time : 01:08:04 (Timelimit=1-23:55:00)

Job ID: 6640038
Array Job ID: 6634213_4
Cluster: i5
User/Group: sy6u19/mm
State: COMPLETED (exit code 0)
Cores: 1
CPU Utilized: 01:05:49
CPU Efficiency: 96.69% of 01:08:04 core-walltime
Job Wall-clock time: 01:08:04
Memory Utilized: 1.03 GB
Memory Efficiency: 13.23% of 7.81 GB

==============================================================================
Running epilogue script on gold52.

Submit time  : 2024-10-10T16:39:50
Start time   : 2024-10-12T20:10:57
End time     : 2024-10-14T00:23:39
Elapsed time : 1-04:12:42 (Timelimit=1-23:55:00)

Job ID: 6640010
Array Job ID: 6634213_1
Cluster: i5
User/Group: sy6u19/mm
State: COMPLETED (exit code 0)
Cores: 1
CPU Utilized: 1-03:06:08
CPU Efficiency: 96.07% of 1-04:12:42 core-walltime
Job Wall-clock time: 1-04:12:42
Memory Utilized: 1.05 GB
Memory Efficiency: 13.49% of 7.81 GB

==============================================================================
Running epilogue script on gold51.

Submit time  : 2024-10-10T16:39:50
Start time   : 2024-10-12T20:23:15
End time     : 2024-10-14T03:45:15
Elapsed time : 1-07:22:00 (Timelimit=1-23:55:00)

Job ID: 6640017
Array Job ID: 6634213_3
Cluster: i5
User/Group: sy6u19/mm
State: COMPLETED (exit code 0)
Cores: 1
CPU Utilized: 1-06:44:05
CPU Efficiency: 97.99% of 1-07:22:00 core-walltime
Job Wall-clock time: 1-07:22:00
Memory Utilized: 1.06 GB
Memory Efficiency: 13.57% of 7.81 GB

==============================================================================
Running epilogue script on gold51.

Submit time  : 2024-10-10T16:39:50
Start time   : 2024-10-12T20:19:26
End time     : 2024-10-14T20:14:40
Elapsed time : 1-23:55:14 (Timelimit=1-23:55:00)

Job ID: 6640012
Array Job ID: 6634213_2
Cluster: i5
User/Group: sy6u19/mm
State: TIMEOUT (exit code 0)
Cores: 1
CPU Utilized: 00:00:00
CPU Efficiency: 0.00% of 1-23:55:14 core-walltime
Job Wall-clock time: 1-23:55:14
Memory Utilized: 1.06 GB
Memory Efficiency: 13.58% of 7.81 GB

