Running SLURM prolog script on gold53.cluster.local
===============================================================================
Job started on Sun Oct 13 22:40:20 BST 2024
Job ID          : 6634216
Job name        : moeade-LZ09_F.slurm
WorkDir         : /mainfs/home/sy6u19/cmlsga-jmetalpy/corrections/epigenetic/static
Command         : /mainfs/home/sy6u19/cmlsga-jmetalpy/corrections/epigenetic/static/moeade-LZ09_F.slurm
Partition       : serial
Num hosts       : 1
Num cores       : 1
Num of tasks    : 1
Hosts allocated : gold53
Job Output Follows ...
===============================================================================
==============================================================================
Running epilogue script on gold51.

Submit time  : 2024-10-10T16:39:50
Start time   : 2024-10-13T07:20:29
End time     : 2024-10-13T23:50:49
Elapsed time : 16:30:20 (Timelimit=1-23:55:00)

Job ID: 6640608
Array Job ID: 6634216_2
Cluster: i5
User/Group: sy6u19/mm
State: COMPLETED (exit code 0)
Cores: 1
CPU Utilized: 16:08:15
CPU Efficiency: 97.77% of 16:30:20 core-walltime
Job Wall-clock time: 16:30:20
Memory Utilized: 1.04 GB
Memory Efficiency: 13.36% of 7.81 GB

==============================================================================
Running epilogue script on gold51.

Submit time  : 2024-10-10T16:39:50
Start time   : 2024-10-13T20:30:44
End time     : 2024-10-14T04:36:35
Elapsed time : 08:05:51 (Timelimit=1-23:55:00)

Job ID: 6640993
Array Job ID: 6634216_8
Cluster: i5
User/Group: sy6u19/mm
State: COMPLETED (exit code 0)
Cores: 1
CPU Utilized: 07:51:29
CPU Efficiency: 97.04% of 08:05:51 core-walltime
Job Wall-clock time: 08:05:51
Memory Utilized: 1.03 GB
Memory Efficiency: 13.22% of 7.81 GB

==============================================================================
Running epilogue script on gold51.

Submit time  : 2024-10-10T16:39:50
Start time   : 2024-10-13T08:18:07
End time     : 2024-10-14T16:54:41
Elapsed time : 1-08:36:34 (Timelimit=1-23:55:00)

Job ID: 6640621
Array Job ID: 6634216_3
Cluster: i5
User/Group: sy6u19/mm
State: COMPLETED (exit code 0)
Cores: 1
CPU Utilized: 1-07:44:13
CPU Efficiency: 97.32% of 1-08:36:34 core-walltime
Job Wall-clock time: 1-08:36:34
Memory Utilized: 1.06 GB
Memory Efficiency: 13.60% of 7.81 GB

==============================================================================
Running epilogue script on gold51.

Submit time  : 2024-10-10T16:39:50
Start time   : 2024-10-13T17:53:26
End time     : 2024-10-15T03:02:20
Elapsed time : 1-09:08:54 (Timelimit=1-23:55:00)

Job ID: 6640911
Array Job ID: 6634216_7
Cluster: i5
User/Group: sy6u19/mm
State: COMPLETED (exit code 0)
Cores: 1
CPU Utilized: 1-07:49:28
CPU Efficiency: 96.01% of 1-09:08:54 core-walltime
Job Wall-clock time: 1-09:08:54
Memory Utilized: 1.04 GB
Memory Efficiency: 13.28% of 7.81 GB

==============================================================================
Running epilogue script on gold51.

Submit time  : 2024-10-10T16:39:50
Start time   : 2024-10-13T11:48:26
End time     : 2024-10-15T06:24:30
Elapsed time : 1-18:36:04 (Timelimit=1-23:55:00)

Job ID: 6640706
Array Job ID: 6634216_4
Cluster: i5
User/Group: sy6u19/mm
State: COMPLETED (exit code 0)
Cores: 1
CPU Utilized: 1-17:19:05
CPU Efficiency: 96.99% of 1-18:36:04 core-walltime
Job Wall-clock time: 1-18:36:04
Memory Utilized: 1.06 GB
Memory Efficiency: 13.63% of 7.81 GB

==============================================================================
Running epilogue script on gold52.

Submit time  : 2024-10-10T16:39:50
Start time   : 2024-10-13T07:07:04
End time     : 2024-10-15T07:02:11
Elapsed time : 1-23:55:07 (Timelimit=1-23:55:00)

Job ID: 6640600
Array Job ID: 6634216_1
Cluster: i5
User/Group: sy6u19/mm
State: TIMEOUT (exit code 0)
Cores: 1
CPU Utilized: 00:00:00
CPU Efficiency: 0.00% of 1-23:55:07 core-walltime
Job Wall-clock time: 1-23:55:07
Memory Utilized: 1.03 GB
Memory Efficiency: 13.22% of 7.81 GB

==============================================================================
Running epilogue script on gold52.

Submit time  : 2024-10-10T16:39:50
Start time   : 2024-10-13T15:32:51
End time     : 2024-10-15T09:24:53
Elapsed time : 1-17:52:02 (Timelimit=1-23:55:00)

Job ID: 6640845
Array Job ID: 6634216_5
Cluster: i5
User/Group: sy6u19/mm
State: COMPLETED (exit code 0)
Cores: 1
CPU Utilized: 1-16:18:28
CPU Efficiency: 96.28% of 1-17:52:02 core-walltime
Job Wall-clock time: 1-17:52:02
Memory Utilized: 1.05 GB
Memory Efficiency: 13.48% of 7.81 GB

==============================================================================
Running epilogue script on gold51.

Submit time  : 2024-10-10T16:39:50
Start time   : 2024-10-13T17:44:25
End time     : 2024-10-15T10:41:34
Elapsed time : 1-16:57:09 (Timelimit=1-23:55:00)

Job ID: 6640905
Array Job ID: 6634216_6
Cluster: i5
User/Group: sy6u19/mm
State: COMPLETED (exit code 0)
Cores: 1
CPU Utilized: 1-15:51:52
CPU Efficiency: 97.34% of 1-16:57:09 core-walltime
Job Wall-clock time: 1-16:57:09
Memory Utilized: 1.03 GB
Memory Efficiency: 13.22% of 7.81 GB

