Running SLURM prolog script on gold52.cluster.local
===============================================================================
Job started on Mon Oct 14 13:14:00 BST 2024
Job ID          : 6634219
Job name        : moeade-WFG.slurm
WorkDir         : /mainfs/home/sy6u19/cmlsga-jmetalpy/corrections/epigenetic/static
Command         : /mainfs/home/sy6u19/cmlsga-jmetalpy/corrections/epigenetic/static/moeade-WFG.slurm
Partition       : serial
Num hosts       : 1
Num cores       : 1
Num of tasks    : 1
Hosts allocated : gold52
Job Output Follows ...
===============================================================================
==============================================================================
Running epilogue script on gold51.

Submit time  : 2024-10-10T16:39:50
Start time   : 2024-10-14T03:45:25
End time     : 2024-10-15T07:05:40
Elapsed time : 1-03:20:15 (Timelimit=1-23:55:00)

Job ID: 6641348
Array Job ID: 6634219_1
Cluster: i5
User/Group: sy6u19/mm
State: COMPLETED (exit code 0)
Cores: 1
CPU Utilized: 1-02:33:38
CPU Efficiency: 97.16% of 1-03:20:15 core-walltime
Job Wall-clock time: 1-03:20:15
Memory Utilized: 1.04 GB
Memory Efficiency: 13.27% of 7.81 GB

==============================================================================
Running epilogue script on gold51.

Submit time  : 2024-10-10T16:39:50
Start time   : 2024-10-14T04:36:45
End time     : 2024-10-15T13:44:07
Elapsed time : 1-09:07:22 (Timelimit=1-23:55:00)

Job ID: 6641355
Array Job ID: 6634219_4
Cluster: i5
User/Group: sy6u19/mm
State: COMPLETED (exit code 0)
Cores: 1
CPU Utilized: 1-08:14:47
CPU Efficiency: 97.35% of 1-09:07:22 core-walltime
Job Wall-clock time: 1-09:07:22
Memory Utilized: 1.04 GB
Memory Efficiency: 13.31% of 7.81 GB

==============================================================================
Running epilogue script on gold52.

Submit time  : 2024-10-10T16:39:50
Start time   : 2024-10-14T04:16:20
End time     : 2024-10-16T04:11:43
Elapsed time : 1-23:55:23 (Timelimit=1-23:55:00)

Job ID: 6641350
Array Job ID: 6634219_2
Cluster: i5
User/Group: sy6u19/mm
State: TIMEOUT (exit code 0)
Cores: 1
CPU Utilized: 00:00:00
CPU Efficiency: 0.00% of 1-23:55:23 core-walltime
Job Wall-clock time: 1-23:55:23
Memory Utilized: 1.08 GB
Memory Efficiency: 13.80% of 7.81 GB

==============================================================================
Running epilogue script on gold51.

Submit time  : 2024-10-10T16:39:50
Start time   : 2024-10-14T04:16:51
End time     : 2024-10-16T04:12:13
Elapsed time : 1-23:55:22 (Timelimit=1-23:55:00)

Job ID: 6641351
Array Job ID: 6634219_3
Cluster: i5
User/Group: sy6u19/mm
State: TIMEOUT (exit code 0)
Cores: 1
CPU Utilized: 00:00:00
CPU Efficiency: 0.00% of 1-23:55:22 core-walltime
Job Wall-clock time: 1-23:55:22
Memory Utilized: 1.04 GB
Memory Efficiency: 13.33% of 7.81 GB

==============================================================================
Running epilogue script on gold52.

Submit time  : 2024-10-10T16:39:50
Start time   : 2024-10-14T05:15:53
End time     : 2024-10-16T05:11:12
Elapsed time : 1-23:55:19 (Timelimit=1-23:55:00)

Job ID: 6641359
Array Job ID: 6634219_5
Cluster: i5
User/Group: sy6u19/mm
State: TIMEOUT (exit code 0)
Cores: 1
CPU Utilized: 00:00:00
CPU Efficiency: 0.00% of 1-23:55:19 core-walltime
Job Wall-clock time: 1-23:55:19
Memory Utilized: 1.05 GB
Memory Efficiency: 13.50% of 7.81 GB

==============================================================================
Running epilogue script on gold51.

Submit time  : 2024-10-10T16:39:50
Start time   : 2024-10-14T06:21:19
End time     : 2024-10-16T06:16:42
Elapsed time : 1-23:55:23 (Timelimit=1-23:55:00)

Job ID: 6641384
Array Job ID: 6634219_6
Cluster: i5
User/Group: sy6u19/mm
State: TIMEOUT (exit code 0)
Cores: 1
CPU Utilized: 00:00:00
CPU Efficiency: 0.00% of 1-23:55:23 core-walltime
Job Wall-clock time: 1-23:55:23
Memory Utilized: 1.06 GB
Memory Efficiency: 13.52% of 7.81 GB

==============================================================================
Running epilogue script on gold51.

Submit time  : 2024-10-10T16:39:50
Start time   : 2024-10-14T10:29:48
End time     : 2024-10-16T10:25:01
Elapsed time : 1-23:55:13 (Timelimit=1-23:55:00)

Job ID: 6641792
Array Job ID: 6634219_7
Cluster: i5
User/Group: sy6u19/mm
State: TIMEOUT (exit code 0)
Cores: 1
CPU Utilized: 00:00:00
CPU Efficiency: 0.00% of 1-23:55:13 core-walltime
Job Wall-clock time: 1-23:55:13
Memory Utilized: 1.04 GB
Memory Efficiency: 13.31% of 7.81 GB

==============================================================================
Running epilogue script on gold52.

Submit time  : 2024-10-10T16:39:50
Start time   : 2024-10-14T12:50:00
End time     : 2024-10-16T12:45:11
Elapsed time : 1-23:55:11 (Timelimit=1-23:55:00)

Job ID: 6642015
Array Job ID: 6634219_8
Cluster: i5
User/Group: sy6u19/mm
State: TIMEOUT (exit code 0)
Cores: 1
CPU Utilized: 00:00:00
CPU Efficiency: 0.00% of 1-23:55:11 core-walltime
Job Wall-clock time: 1-23:55:11
Memory Utilized: 1.04 GB
Memory Efficiency: 13.31% of 7.81 GB

==============================================================================
Running epilogue script on gold52.

Submit time  : 2024-10-10T16:39:50
Start time   : 2024-10-14T13:14:00
End time     : 2024-10-16T13:09:11
Elapsed time : 1-23:55:11 (Timelimit=1-23:55:00)

Job ID: 6634219
Array Job ID: 6634219_9
Cluster: i5
User/Group: sy6u19/mm
State: TIMEOUT (exit code 0)
Cores: 1
CPU Utilized: 00:00:00
CPU Efficiency: 0.00% of 1-23:55:11 core-walltime
Job Wall-clock time: 1-23:55:11
Memory Utilized: 1.08 GB
Memory Efficiency: 13.79% of 7.81 GB

