Running SLURM prolog script on gold51.cluster.local
===============================================================================
Job started on Sun Oct 13 06:25:47 BST 2024
Job ID          : 6634215
Job name        : moeade-IMB.slurm
WorkDir         : /mainfs/home/sy6u19/cmlsga-jmetalpy/corrections/epigenetic/static
Command         : /mainfs/home/sy6u19/cmlsga-jmetalpy/corrections/epigenetic/static/moeade-IMB.slurm
Partition       : serial
Num hosts       : 1
Num cores       : 1
Num of tasks    : 1
Hosts allocated : gold51
Job Output Follows ...
===============================================================================
==============================================================================
Running epilogue script on gold51.

Submit time  : 2024-10-10T16:39:50
Start time   : 2024-10-13T02:11:33
End time     : 2024-10-13T17:44:14
Elapsed time : 15:32:41 (Timelimit=1-23:55:00)

Job ID: 6640559
Array Job ID: 6634215_9
Cluster: i5
User/Group: sy6u19/mm
State: COMPLETED (exit code 0)
Cores: 1
CPU Utilized: 15:22:55
CPU Efficiency: 98.95% of 15:32:41 core-walltime
Job Wall-clock time: 15:32:41
Memory Utilized: 1.03 GB
Memory Efficiency: 13.23% of 7.81 GB

==============================================================================
Running epilogue script on gold51.

Submit time  : 2024-10-10T16:39:50
Start time   : 2024-10-13T06:17:40
End time     : 2024-10-13T17:53:15
Elapsed time : 11:35:35 (Timelimit=1-23:55:00)

Job ID: 6640592
Array Job ID: 6634215_13
Cluster: i5
User/Group: sy6u19/mm
State: COMPLETED (exit code 0)
Cores: 1
CPU Utilized: 11:27:29
CPU Efficiency: 98.84% of 11:35:35 core-walltime
Job Wall-clock time: 11:35:35
Memory Utilized: 1.03 GB
Memory Efficiency: 13.21% of 7.81 GB

==============================================================================
Running epilogue script on gold51.

Submit time  : 2024-10-10T16:39:50
Start time   : 2024-10-13T01:32:31
End time     : 2024-10-13T20:30:33
Elapsed time : 18:58:02 (Timelimit=1-23:55:00)

Job ID: 6640297
Array Job ID: 6634215_8
Cluster: i5
User/Group: sy6u19/mm
State: COMPLETED (exit code 0)
Cores: 1
CPU Utilized: 18:46:03
CPU Efficiency: 98.95% of 18:58:02 core-walltime
Job Wall-clock time: 18:58:02
Memory Utilized: 1.04 GB
Memory Efficiency: 13.35% of 7.81 GB

==============================================================================
Running epilogue script on gold51.

Submit time  : 2024-10-10T16:39:50
Start time   : 2024-10-13T00:53:46
End time     : 2024-10-13T22:40:15
Elapsed time : 21:46:29 (Timelimit=1-23:55:00)

Job ID: 6640290
Array Job ID: 6634215_7
Cluster: i5
User/Group: sy6u19/mm
State: COMPLETED (exit code 0)
Cores: 1
CPU Utilized: 21:31:03
CPU Efficiency: 98.82% of 21:46:29 core-walltime
Job Wall-clock time: 21:46:29
Memory Utilized: 1.08 GB
Memory Efficiency: 13.77% of 7.81 GB

==============================================================================
Running epilogue script on gold51.

Submit time  : 2024-10-10T16:39:50
Start time   : 2024-10-13T04:09:20
End time     : 2024-10-13T23:08:06
Elapsed time : 18:58:46 (Timelimit=1-23:55:00)

Job ID: 6640582
Array Job ID: 6634215_12
Cluster: i5
User/Group: sy6u19/mm
State: COMPLETED (exit code 0)
Cores: 1
CPU Utilized: 18:45:54
CPU Efficiency: 98.87% of 18:58:46 core-walltime
Job Wall-clock time: 18:58:46
Memory Utilized: 1.07 GB
Memory Efficiency: 13.69% of 7.81 GB

==============================================================================
Running epilogue script on gold51.

Submit time  : 2024-10-10T16:39:50
Start time   : 2024-10-13T04:08:36
End time     : 2024-10-13T23:51:22
Elapsed time : 19:42:46 (Timelimit=1-23:55:00)

Job ID: 6640581
Array Job ID: 6634215_11
Cluster: i5
User/Group: sy6u19/mm
State: COMPLETED (exit code 0)
Cores: 1
CPU Utilized: 19:28:49
CPU Efficiency: 98.82% of 19:42:46 core-walltime
Job Wall-clock time: 19:42:46
Memory Utilized: 1.04 GB
Memory Efficiency: 13.27% of 7.81 GB

==============================================================================
Running epilogue script on gold51.

Submit time  : 2024-10-10T16:39:50
Start time   : 2024-10-13T02:41:23
End time     : 2024-10-14T14:55:36
Elapsed time : 1-12:14:13 (Timelimit=1-23:55:00)

Job ID: 6640569
Array Job ID: 6634215_10
Cluster: i5
User/Group: sy6u19/mm
State: COMPLETED (exit code 0)
Cores: 1
CPU Utilized: 1-11:37:38
CPU Efficiency: 98.32% of 1-12:14:13 core-walltime
Job Wall-clock time: 1-12:14:13
Memory Utilized: 1.04 GB
Memory Efficiency: 13.33% of 7.81 GB

==============================================================================
Running epilogue script on gold51.

Submit time  : 2024-10-10T16:39:50
Start time   : 2024-10-12T21:18:22
End time     : 2024-10-14T21:13:44
Elapsed time : 1-23:55:22 (Timelimit=1-23:55:00)

Job ID: 6640077
Array Job ID: 6634215_1
Cluster: i5
User/Group: sy6u19/mm
State: TIMEOUT (exit code 0)
Cores: 1
CPU Utilized: 00:00:00
CPU Efficiency: 0.00% of 1-23:55:22 core-walltime
Job Wall-clock time: 1-23:55:22
Memory Utilized: 1.06 GB
Memory Efficiency: 13.55% of 7.81 GB

==============================================================================
Running epilogue script on gold52.

Submit time  : 2024-10-10T16:39:50
Start time   : 2024-10-12T21:22:00
End time     : 2024-10-14T21:17:29
Elapsed time : 1-23:55:29 (Timelimit=1-23:55:00)

Job ID: 6640099
Array Job ID: 6634215_2
Cluster: i5
User/Group: sy6u19/mm
State: TIMEOUT (exit code 0)
Cores: 1
CPU Utilized: 00:00:00
CPU Efficiency: 0.00% of 1-23:55:29 core-walltime
Job Wall-clock time: 1-23:55:29
Memory Utilized: 1.06 GB
Memory Efficiency: 13.59% of 7.81 GB

==============================================================================
Running epilogue script on gold52.

Submit time  : 2024-10-10T16:39:50
Start time   : 2024-10-12T21:35:12
End time     : 2024-10-14T21:30:29
Elapsed time : 1-23:55:17 (Timelimit=1-23:55:00)

Job ID: 6640118
Array Job ID: 6634215_3
Cluster: i5
User/Group: sy6u19/mm
State: TIMEOUT (exit code 0)
Cores: 1
CPU Utilized: 00:00:00
CPU Efficiency: 0.00% of 1-23:55:17 core-walltime
Job Wall-clock time: 1-23:55:17
Memory Utilized: 1.06 GB
Memory Efficiency: 13.55% of 7.81 GB

==============================================================================
Running epilogue script on gold51.

Submit time  : 2024-10-10T16:39:50
Start time   : 2024-10-12T21:44:36
End time     : 2024-10-14T21:39:42
Elapsed time : 1-23:55:06 (Timelimit=1-23:55:00)

Job ID: 6640124
Array Job ID: 6634215_4
Cluster: i5
User/Group: sy6u19/mm
State: TIMEOUT (exit code 0)
Cores: 1
CPU Utilized: 00:00:00
CPU Efficiency: 0.00% of 1-23:55:06 core-walltime
Job Wall-clock time: 1-23:55:06
Memory Utilized: 1.06 GB
Memory Efficiency: 13.54% of 7.81 GB

==============================================================================
Running epilogue script on gold51.

Submit time  : 2024-10-10T16:39:50
Start time   : 2024-10-12T22:26:23
End time     : 2024-10-14T22:21:42
Elapsed time : 1-23:55:19 (Timelimit=1-23:55:00)

Job ID: 6640151
Array Job ID: 6634215_5
Cluster: i5
User/Group: sy6u19/mm
State: TIMEOUT (exit code 0)
Cores: 1
CPU Utilized: 00:00:00
CPU Efficiency: 0.00% of 1-23:55:19 core-walltime
Job Wall-clock time: 1-23:55:19
Memory Utilized: 1.05 GB
Memory Efficiency: 13.44% of 7.81 GB

==============================================================================
Running epilogue script on gold52.

Submit time  : 2024-10-10T16:39:50
Start time   : 2024-10-13T00:35:46
End time     : 2024-10-15T00:31:12
Elapsed time : 1-23:55:26 (Timelimit=1-23:55:00)

Job ID: 6640287
Array Job ID: 6634215_6
Cluster: i5
User/Group: sy6u19/mm
State: TIMEOUT (exit code 0)
Cores: 1
CPU Utilized: 00:00:00
CPU Efficiency: 0.00% of 1-23:55:26 core-walltime
Job Wall-clock time: 1-23:55:26
Memory Utilized: 1.03 GB
Memory Efficiency: 13.24% of 7.81 GB

