Running SLURM prolog script on gold51.cluster.local
===============================================================================
Job started on Mon Oct 14 00:23:50 BST 2024
Job ID          : 6634217
Job name        : moeade-MOP.slurm
WorkDir         : /mainfs/home/sy6u19/cmlsga-jmetalpy/corrections/epigenetic/static
Command         : /mainfs/home/sy6u19/cmlsga-jmetalpy/corrections/epigenetic/static/moeade-MOP.slurm
Partition       : serial
Num hosts       : 1
Num cores       : 1
Num of tasks    : 1
Hosts allocated : gold51
Job Output Follows ...
===============================================================================
==============================================================================
Running epilogue script on gold53.

Submit time  : 2024-10-10T16:39:50
Start time   : 2024-10-13T23:50:53
End time     : 2024-10-14T00:27:28
Elapsed time : 00:36:35 (Timelimit=1-23:55:00)

Job ID: 6641129
Array Job ID: 6634217_3
Cluster: i5
User/Group: sy6u19/mm
State: COMPLETED (exit code 0)
Cores: 1
CPU Utilized: 00:33:26
CPU Efficiency: 91.39% of 00:36:35 core-walltime
Job Wall-clock time: 00:36:35
Memory Utilized: 1.03 GB
Memory Efficiency: 13.23% of 7.81 GB

==============================================================================
Running epilogue script on gold51.

Submit time  : 2024-10-10T16:39:50
Start time   : 2024-10-13T23:20:50
End time     : 2024-10-14T12:49:56
Elapsed time : 13:29:06 (Timelimit=1-23:55:00)

Job ID: 6641120
Array Job ID: 6634217_2
Cluster: i5
User/Group: sy6u19/mm
State: COMPLETED (exit code 0)
Cores: 1
CPU Utilized: 13:08:22
CPU Efficiency: 97.44% of 13:29:06 core-walltime
Job Wall-clock time: 13:29:06
Memory Utilized: 1.08 GB
Memory Efficiency: 13.78% of 7.81 GB

==============================================================================
Running epilogue script on gold51.

Submit time  : 2024-10-10T16:39:50
Start time   : 2024-10-13T23:55:25
End time     : 2024-10-14T13:13:59
Elapsed time : 13:18:34 (Timelimit=1-23:55:00)

Job ID: 6641138
Array Job ID: 6634217_5
Cluster: i5
User/Group: sy6u19/mm
State: COMPLETED (exit code 0)
Cores: 1
CPU Utilized: 13:08:47
CPU Efficiency: 98.77% of 13:18:34 core-walltime
Job Wall-clock time: 13:18:34
Memory Utilized: 1.04 GB
Memory Efficiency: 13.37% of 7.81 GB

==============================================================================
Running epilogue script on gold54.

Submit time  : 2024-10-10T16:39:50
Start time   : 2024-10-13T23:08:08
End time     : 2024-10-14T20:32:38
Elapsed time : 21:24:30 (Timelimit=1-23:55:00)

Job ID: 6641101
Array Job ID: 6634217_1
Cluster: i5
User/Group: sy6u19/mm
State: COMPLETED (exit code 0)
Cores: 1
CPU Utilized: 20:15:16
CPU Efficiency: 94.61% of 21:24:30 core-walltime
Job Wall-clock time: 21:24:30
Memory Utilized: 1.01 GB
Memory Efficiency: 12.94% of 7.81 GB

==============================================================================
Running epilogue script on gold51.

Submit time  : 2024-10-10T16:39:50
Start time   : 2024-10-14T00:15:25
End time     : 2024-10-15T07:09:12
Elapsed time : 1-06:53:47 (Timelimit=1-23:55:00)

Job ID: 6641140
Array Job ID: 6634217_6
Cluster: i5
User/Group: sy6u19/mm
State: COMPLETED (exit code 0)
Cores: 1
CPU Utilized: 1-06:21:44
CPU Efficiency: 98.27% of 1-06:53:47 core-walltime
Job Wall-clock time: 1-06:53:47
Memory Utilized: 1.04 GB
Memory Efficiency: 13.36% of 7.81 GB

==============================================================================
Running epilogue script on gold51.

Submit time  : 2024-10-10T16:39:50
Start time   : 2024-10-13T23:51:33
End time     : 2024-10-15T23:46:41
Elapsed time : 1-23:55:08 (Timelimit=1-23:55:00)

Job ID: 6641130
Array Job ID: 6634217_4
Cluster: i5
User/Group: sy6u19/mm
State: TIMEOUT (exit code 0)
Cores: 1
CPU Utilized: 00:00:00
CPU Efficiency: 0.00% of 1-23:55:08 core-walltime
Job Wall-clock time: 1-23:55:08
Memory Utilized: 1.04 GB
Memory Efficiency: 13.33% of 7.81 GB

