Running SLURM prolog script on gold52.cluster.local
===============================================================================
Job started on Thu Oct 10 14:55:44 BST 2024
Job ID          : 6633553
Job name        : unsgaiiie-DASCMOP-7.slurm
WorkDir         : /mainfs/home/sy6u19/cmlsga-jmetalpy/corrections/epigenetic/static
Command         : /mainfs/home/sy6u19/cmlsga-jmetalpy/corrections/epigenetic/static/unsgaiiie-DASCMOP-7.slurm
Partition       : serial
Num hosts       : 1
Num cores       : 1
Num of tasks    : 1
Hosts allocated : gold52
Job Output Follows ...
===============================================================================
Running SLURM prolog script on gold52.cluster.local
===============================================================================
Job started on Thu Oct 10 14:55:44 BST 2024
Job ID          : 6633554
Job name        : unsgaiiie-DASCMOP-7.slurm
WorkDir         : /mainfs/home/sy6u19/cmlsga-jmetalpy/corrections/epigenetic/static
Command         : /mainfs/home/sy6u19/cmlsga-jmetalpy/corrections/epigenetic/static/unsgaiiie-DASCMOP-7.slurm
Partition       : serial
Num hosts       : 1
Num cores       : 1
Num of tasks    : 1
Hosts allocated : gold52
Job Output Follows ...
===============================================================================
Running SLURM prolog script on gold52.cluster.local
===============================================================================
Job started on Thu Oct 10 14:55:44 BST 2024
Job ID          : 6633556
Job name        : unsgaiiie-DASCMOP-7.slurm
WorkDir         : /mainfs/home/sy6u19/cmlsga-jmetalpy/corrections/epigenetic/static
Command         : /mainfs/home/sy6u19/cmlsga-jmetalpy/corrections/epigenetic/static/unsgaiiie-DASCMOP-7.slurm
Partition       : serial
Num hosts       : 1
Num cores       : 1
Num of tasks    : 1
Hosts allocated : gold52
Job Output Follows ...
===============================================================================
Running SLURM prolog script on gold52.cluster.local
===============================================================================
Job started on Thu Oct 10 14:55:45 BST 2024
Job ID          : 6633557
Job name        : unsgaiiie-DASCMOP-7.slurm
WorkDir         : /mainfs/home/sy6u19/cmlsga-jmetalpy/corrections/epigenetic/static
Command         : /mainfs/home/sy6u19/cmlsga-jmetalpy/corrections/epigenetic/static/unsgaiiie-DASCMOP-7.slurm
Partition       : serial
Num hosts       : 1
Num cores       : 1
Num of tasks    : 1
Hosts allocated : gold52
Job Output Follows ...
===============================================================================
Running SLURM prolog script on gold52.cluster.local
===============================================================================
Job started on Thu Oct 10 14:55:45 BST 2024
Job ID          : 6633555
Job name        : unsgaiiie-DASCMOP-7.slurm
WorkDir         : /mainfs/home/sy6u19/cmlsga-jmetalpy/corrections/epigenetic/static
Command         : /mainfs/home/sy6u19/cmlsga-jmetalpy/corrections/epigenetic/static/unsgaiiie-DASCMOP-7.slurm
Partition       : serial
Num hosts       : 1
Num cores       : 1
Num of tasks    : 1
Hosts allocated : gold52
Job Output Follows ...
===============================================================================
Running SLURM prolog script on gold52.cluster.local
===============================================================================
Job started on Thu Oct 10 14:55:45 BST 2024
Job ID          : 6633535
Job name        : unsgaiiie-DASCMOP-7.slurm
WorkDir         : /mainfs/home/sy6u19/cmlsga-jmetalpy/corrections/epigenetic/static
Command         : /mainfs/home/sy6u19/cmlsga-jmetalpy/corrections/epigenetic/static/unsgaiiie-DASCMOP-7.slurm
Partition       : serial
Num hosts       : 1
Num cores       : 1
Num of tasks    : 1
Hosts allocated : gold52
Job Output Follows ...
===============================================================================
==============================================================================
Running epilogue script on gold52.

Submit time  : 2024-10-10T14:55:42
Start time   : 2024-10-10T14:55:43
End time     : 2024-10-10T15:55:25
Elapsed time : 00:59:42 (Timelimit=1-23:55:00)

Job ID: 6633554
Array Job ID: 6633535_2
Cluster: i5
User/Group: sy6u19/mm
State: COMPLETED (exit code 0)
Cores: 1
CPU Utilized: 00:58:49
CPU Efficiency: 98.52% of 00:59:42 core-walltime
Job Wall-clock time: 00:59:42
Memory Utilized: 1.05 GB
Memory Efficiency: 13.44% of 7.81 GB

==============================================================================
Running epilogue script on gold52.

Submit time  : 2024-10-10T14:55:42
Start time   : 2024-10-10T14:55:43
End time     : 2024-10-10T15:56:40
Elapsed time : 01:00:57 (Timelimit=1-23:55:00)

Job ID: 6633553
Array Job ID: 6633535_1
Cluster: i5
User/Group: sy6u19/mm
State: COMPLETED (exit code 0)
Cores: 1
CPU Utilized: 01:00:03
CPU Efficiency: 98.52% of 01:00:57 core-walltime
Job Wall-clock time: 01:00:57
Memory Utilized: 1.05 GB
Memory Efficiency: 13.45% of 7.81 GB

==============================================================================
Running epilogue script on gold52.

Submit time  : 2024-10-10T14:55:42
Start time   : 2024-10-10T14:55:43
End time     : 2024-10-10T16:05:55
Elapsed time : 01:10:12 (Timelimit=1-23:55:00)

Job ID: 6633555
Array Job ID: 6633535_3
Cluster: i5
User/Group: sy6u19/mm
State: COMPLETED (exit code 0)
Cores: 1
CPU Utilized: 01:09:16
CPU Efficiency: 98.67% of 01:10:12 core-walltime
Job Wall-clock time: 01:10:12
Memory Utilized: 1.05 GB
Memory Efficiency: 13.44% of 7.81 GB

==============================================================================
Running epilogue script on gold52.

Submit time  : 2024-10-10T14:55:42
Start time   : 2024-10-10T14:55:43
End time     : 2024-10-10T16:24:07
Elapsed time : 01:28:24 (Timelimit=1-23:55:00)

Job ID: 6633556
Array Job ID: 6633535_4
Cluster: i5
User/Group: sy6u19/mm
State: COMPLETED (exit code 0)
Cores: 1
CPU Utilized: 01:27:25
CPU Efficiency: 98.89% of 01:28:24 core-walltime
Job Wall-clock time: 01:28:24
Memory Utilized: 1.08 GB
Memory Efficiency: 13.78% of 7.81 GB

==============================================================================
Running epilogue script on gold52.

Submit time  : 2024-10-10T14:55:42
Start time   : 2024-10-10T14:55:43
End time     : 2024-10-10T16:33:06
Elapsed time : 01:37:23 (Timelimit=1-23:55:00)

Job ID: 6633557
Array Job ID: 6633535_5
Cluster: i5
User/Group: sy6u19/mm
State: COMPLETED (exit code 0)
Cores: 1
CPU Utilized: 01:36:23
CPU Efficiency: 98.97% of 01:37:23 core-walltime
Job Wall-clock time: 01:37:23
Memory Utilized: 1.07 GB
Memory Efficiency: 13.76% of 7.81 GB

