Running SLURM prolog script on gold52.cluster.local
===============================================================================
Job started on Thu Oct 10 16:48:27 BST 2024
Job ID          : 6633541
Job name        : unsgaiiie-WFG.slurm
WorkDir         : /mainfs/home/sy6u19/cmlsga-jmetalpy/corrections/epigenetic/static
Command         : /mainfs/home/sy6u19/cmlsga-jmetalpy/corrections/epigenetic/static/unsgaiiie-WFG.slurm
Partition       : serial
Num hosts       : 1
Num cores       : 1
Num of tasks    : 1
Hosts allocated : gold52
Job Output Follows ...
===============================================================================
==============================================================================
Running epilogue script on gold52.

Submit time  : 2024-10-10T14:55:43
Start time   : 2024-10-10T16:48:03
End time     : 2024-10-10T17:48:22
Elapsed time : 01:00:19 (Timelimit=1-23:55:00)

Job ID: 6634330
Array Job ID: 6633541_8
Cluster: i5
User/Group: sy6u19/mm
State: COMPLETED (exit code 0)
Cores: 1
CPU Utilized: 00:58:25
CPU Efficiency: 96.85% of 01:00:19 core-walltime
Job Wall-clock time: 01:00:19
Memory Utilized: 1.05 GB
Memory Efficiency: 13.49% of 7.81 GB

==============================================================================
Running epilogue script on gold51.

Submit time  : 2024-10-10T14:55:43
Start time   : 2024-10-10T16:28:03
End time     : 2024-10-10T21:22:43
Elapsed time : 04:54:40 (Timelimit=1-23:55:00)

Job ID: 6634106
Array Job ID: 6633541_1
Cluster: i5
User/Group: sy6u19/mm
State: COMPLETED (exit code 0)
Cores: 1
CPU Utilized: 04:51:26
CPU Efficiency: 98.90% of 04:54:40 core-walltime
Job Wall-clock time: 04:54:40
Memory Utilized: 1.22 GB
Memory Efficiency: 15.55% of 7.81 GB

==============================================================================
Running epilogue script on gold55.

Submit time  : 2024-10-10T14:55:43
Start time   : 2024-10-10T16:29:46
End time     : 2024-10-10T21:55:18
Elapsed time : 05:25:32 (Timelimit=1-23:55:00)

Job ID: 6634110
Array Job ID: 6633541_2
Cluster: i5
User/Group: sy6u19/mm
State: COMPLETED (exit code 0)
Cores: 1
CPU Utilized: 05:22:16
CPU Efficiency: 99.00% of 05:25:32 core-walltime
Job Wall-clock time: 05:25:32
Memory Utilized: 1.24 GB
Memory Efficiency: 15.83% of 7.81 GB

==============================================================================
Running epilogue script on gold53.

Submit time  : 2024-10-10T14:55:43
Start time   : 2024-10-10T16:33:40
End time     : 2024-10-10T23:14:39
Elapsed time : 06:40:59 (Timelimit=1-23:55:00)

Job ID: 6634122
Array Job ID: 6633541_3
Cluster: i5
User/Group: sy6u19/mm
State: COMPLETED (exit code 0)
Cores: 1
CPU Utilized: 06:37:44
CPU Efficiency: 99.19% of 06:40:59 core-walltime
Job Wall-clock time: 06:40:59
Memory Utilized: 1.26 GB
Memory Efficiency: 16.19% of 7.81 GB

==============================================================================
Running epilogue script on gold57.

Submit time  : 2024-10-10T14:55:43
Start time   : 2024-10-10T16:36:03
End time     : 2024-10-10T23:58:18
Elapsed time : 07:22:15 (Timelimit=1-23:55:00)

Job ID: 6634135
Array Job ID: 6633541_4
Cluster: i5
User/Group: sy6u19/mm
State: COMPLETED (exit code 0)
Cores: 1
CPU Utilized: 07:18:30
CPU Efficiency: 99.15% of 07:22:15 core-walltime
Job Wall-clock time: 07:22:15
Memory Utilized: 1.29 GB
Memory Efficiency: 16.55% of 7.81 GB

==============================================================================
Running epilogue script on gold53.

Submit time  : 2024-10-10T14:55:43
Start time   : 2024-10-10T16:37:25
End time     : 2024-10-11T00:04:58
Elapsed time : 07:27:33 (Timelimit=1-23:55:00)

Job ID: 6634160
Array Job ID: 6633541_6
Cluster: i5
User/Group: sy6u19/mm
State: COMPLETED (exit code 0)
Cores: 1
CPU Utilized: 07:24:43
CPU Efficiency: 99.37% of 07:27:33 core-walltime
Job Wall-clock time: 07:27:33
Memory Utilized: 1.30 GB
Memory Efficiency: 16.61% of 7.81 GB

==============================================================================
Running epilogue script on gold52.

Submit time  : 2024-10-10T14:55:43
Start time   : 2024-10-10T16:42:20
End time     : 2024-10-11T00:40:03
Elapsed time : 07:57:43 (Timelimit=1-23:55:00)

Job ID: 6634276
Array Job ID: 6633541_7
Cluster: i5
User/Group: sy6u19/mm
State: COMPLETED (exit code 0)
Cores: 1
CPU Utilized: 07:54:20
CPU Efficiency: 99.29% of 07:57:43 core-walltime
Job Wall-clock time: 07:57:43
Memory Utilized: 1.33 GB
Memory Efficiency: 16.98% of 7.81 GB

==============================================================================
Running epilogue script on gold53.

Submit time  : 2024-10-10T14:55:43
Start time   : 2024-10-10T16:36:17
End time     : 2024-10-11T11:19:13
Elapsed time : 18:42:56 (Timelimit=1-23:55:00)

Job ID: 6634145
Array Job ID: 6633541_5
Cluster: i5
User/Group: sy6u19/mm
State: COMPLETED (exit code 0)
Cores: 1
CPU Utilized: 18:39:09
CPU Efficiency: 99.66% of 18:42:56 core-walltime
Job Wall-clock time: 18:42:56
Memory Utilized: 1.68 GB
Memory Efficiency: 21.47% of 7.81 GB

