Running SLURM prolog script on gold53.cluster.local
===============================================================================
Job started on Thu Oct 10 14:55:44 BST 2024
Job ID          : 6633536
Job name        : unsgaiiie-DTLZ.slurm
WorkDir         : /mainfs/home/sy6u19/cmlsga-jmetalpy/corrections/epigenetic/static
Command         : /mainfs/home/sy6u19/cmlsga-jmetalpy/corrections/epigenetic/static/unsgaiiie-DTLZ.slurm
Partition       : serial
Num hosts       : 1
Num cores       : 1
Num of tasks    : 1
Hosts allocated : gold53
Job Output Follows ...
===============================================================================
Running SLURM prolog script on gold52.cluster.local
===============================================================================
Job started on Thu Oct 10 14:55:45 BST 2024
Job ID          : 6633558
Job name        : unsgaiiie-DTLZ.slurm
WorkDir         : /mainfs/home/sy6u19/cmlsga-jmetalpy/corrections/epigenetic/static
Command         : /mainfs/home/sy6u19/cmlsga-jmetalpy/corrections/epigenetic/static/unsgaiiie-DTLZ.slurm
Partition       : serial
Num hosts       : 1
Num cores       : 1
Num of tasks    : 1
Hosts allocated : gold52
Job Output Follows ...
===============================================================================
Running SLURM prolog script on gold52.cluster.local
===============================================================================
Job started on Thu Oct 10 14:55:45 BST 2024
Job ID          : 6633560
Job name        : unsgaiiie-DTLZ.slurm
WorkDir         : /mainfs/home/sy6u19/cmlsga-jmetalpy/corrections/epigenetic/static
Command         : /mainfs/home/sy6u19/cmlsga-jmetalpy/corrections/epigenetic/static/unsgaiiie-DTLZ.slurm
Partition       : serial
Num hosts       : 1
Num cores       : 1
Num of tasks    : 1
Hosts allocated : gold52
Job Output Follows ...
===============================================================================
Running SLURM prolog script on gold52.cluster.local
===============================================================================
Job started on Thu Oct 10 14:55:45 BST 2024
Job ID          : 6633559
Job name        : unsgaiiie-DTLZ.slurm
WorkDir         : /mainfs/home/sy6u19/cmlsga-jmetalpy/corrections/epigenetic/static
Command         : /mainfs/home/sy6u19/cmlsga-jmetalpy/corrections/epigenetic/static/unsgaiiie-DTLZ.slurm
Partition       : serial
Num hosts       : 1
Num cores       : 1
Num of tasks    : 1
Hosts allocated : gold52
Job Output Follows ...
===============================================================================
Running SLURM prolog script on gold52.cluster.local
===============================================================================
Job started on Thu Oct 10 14:55:45 BST 2024
Job ID          : 6633562
Job name        : unsgaiiie-DTLZ.slurm
WorkDir         : /mainfs/home/sy6u19/cmlsga-jmetalpy/corrections/epigenetic/static
Command         : /mainfs/home/sy6u19/cmlsga-jmetalpy/corrections/epigenetic/static/unsgaiiie-DTLZ.slurm
Partition       : serial
Num hosts       : 1
Num cores       : 1
Num of tasks    : 1
Hosts allocated : gold52
Job Output Follows ...
===============================================================================
Running SLURM prolog script on gold52.cluster.local
===============================================================================
Job started on Thu Oct 10 14:55:45 BST 2024
Job ID          : 6633561
Job name        : unsgaiiie-DTLZ.slurm
WorkDir         : /mainfs/home/sy6u19/cmlsga-jmetalpy/corrections/epigenetic/static
Command         : /mainfs/home/sy6u19/cmlsga-jmetalpy/corrections/epigenetic/static/unsgaiiie-DTLZ.slurm
Partition       : serial
Num hosts       : 1
Num cores       : 1
Num of tasks    : 1
Hosts allocated : gold52
Job Output Follows ...
===============================================================================
==============================================================================
Running epilogue script on gold52.

Submit time  : 2024-10-10T14:55:42
Start time   : 2024-10-10T14:55:43
End time     : 2024-10-10T19:34:55
Elapsed time : 04:39:12 (Timelimit=1-23:55:00)

Job ID: 6633560
Array Job ID: 6633536_3
Cluster: i5
User/Group: sy6u19/mm
State: COMPLETED (exit code 0)
Cores: 1
CPU Utilized: 04:37:29
CPU Efficiency: 99.39% of 04:39:12 core-walltime
Job Wall-clock time: 04:39:12
Memory Utilized: 1.28 GB
Memory Efficiency: 16.37% of 7.81 GB

==============================================================================
Running epilogue script on gold52.

Submit time  : 2024-10-10T14:55:42
Start time   : 2024-10-10T14:55:43
End time     : 2024-10-10T20:23:55
Elapsed time : 05:28:12 (Timelimit=1-23:55:00)

Job ID: 6633562
Array Job ID: 6633536_5
Cluster: i5
User/Group: sy6u19/mm
State: COMPLETED (exit code 0)
Cores: 1
CPU Utilized: 05:26:13
CPU Efficiency: 99.40% of 05:28:12 core-walltime
Job Wall-clock time: 05:28:12
Memory Utilized: 1.29 GB
Memory Efficiency: 16.53% of 7.81 GB

==============================================================================
Running epilogue script on gold52.

Submit time  : 2024-10-10T14:55:42
Start time   : 2024-10-10T14:55:43
End time     : 2024-10-10T22:58:25
Elapsed time : 08:02:42 (Timelimit=1-23:55:00)

Job ID: 6633563
Array Job ID: 6633536_6
Cluster: i5
User/Group: sy6u19/mm
State: COMPLETED (exit code 0)
Cores: 1
CPU Utilized: 08:00:23
CPU Efficiency: 99.52% of 08:02:42 core-walltime
Job Wall-clock time: 08:02:42
Memory Utilized: 1.49 GB
Memory Efficiency: 19.02% of 7.81 GB

==============================================================================
Running epilogue script on gold52.

Submit time  : 2024-10-10T14:55:42
Start time   : 2024-10-10T14:55:43
End time     : 2024-10-11T01:41:54
Elapsed time : 10:46:11 (Timelimit=1-23:55:00)

Job ID: 6633561
Array Job ID: 6633536_4
Cluster: i5
User/Group: sy6u19/mm
State: COMPLETED (exit code 0)
Cores: 1
CPU Utilized: 10:43:26
CPU Efficiency: 99.57% of 10:46:11 core-walltime
Job Wall-clock time: 10:46:11
Memory Utilized: 1.50 GB
Memory Efficiency: 19.20% of 7.81 GB

==============================================================================
Running epilogue script on gold52.

Submit time  : 2024-10-10T14:55:42
Start time   : 2024-10-10T14:55:43
End time     : 2024-10-11T03:22:13
Elapsed time : 12:26:30 (Timelimit=1-23:55:00)

Job ID: 6633559
Array Job ID: 6633536_2
Cluster: i5
User/Group: sy6u19/mm
State: COMPLETED (exit code 0)
Cores: 1
CPU Utilized: 12:23:34
CPU Efficiency: 99.61% of 12:26:30 core-walltime
Job Wall-clock time: 12:26:30
Memory Utilized: 1.58 GB
Memory Efficiency: 20.19% of 7.81 GB

==============================================================================
Running epilogue script on gold52.

Submit time  : 2024-10-10T14:55:42
Start time   : 2024-10-10T14:55:43
End time     : 2024-10-11T03:29:10
Elapsed time : 12:33:27 (Timelimit=1-23:55:00)

Job ID: 6633558
Array Job ID: 6633536_1
Cluster: i5
User/Group: sy6u19/mm
State: COMPLETED (exit code 0)
Cores: 1
CPU Utilized: 12:30:33
CPU Efficiency: 99.62% of 12:33:27 core-walltime
Job Wall-clock time: 12:33:27
Memory Utilized: 1.47 GB
Memory Efficiency: 18.83% of 7.81 GB

