Running SLURM prolog script on gold56.cluster.local
===============================================================================
Job started on Thu Oct 10 15:54:24 BST 2024
Job ID          : 6633538
Job name        : unsgaiiie-LZ09_F.slurm
WorkDir         : /mainfs/home/sy6u19/cmlsga-jmetalpy/corrections/epigenetic/static
Command         : /mainfs/home/sy6u19/cmlsga-jmetalpy/corrections/epigenetic/static/unsgaiiie-LZ09_F.slurm
Partition       : serial
Num hosts       : 1
Num cores       : 1
Num of tasks    : 1
Hosts allocated : gold56
Job Output Follows ...
===============================================================================
==============================================================================
Running epilogue script on gold55.

Submit time  : 2024-10-10T14:55:42
Start time   : 2024-10-10T14:55:43
End time     : 2024-10-10T15:57:07
Elapsed time : 01:01:24 (Timelimit=1-23:55:00)

Job ID: 6633577
Array Job ID: 6633538_1
Cluster: i5
User/Group: sy6u19/mm
State: COMPLETED (exit code 0)
Cores: 1
CPU Utilized: 00:59:39
CPU Efficiency: 97.15% of 01:01:24 core-walltime
Job Wall-clock time: 01:01:24
Memory Utilized: 1.06 GB
Memory Efficiency: 13.53% of 7.81 GB

==============================================================================
Running epilogue script on gold56.

Submit time  : 2024-10-10T14:55:42
Start time   : 2024-10-10T15:26:44
End time     : 2024-10-10T16:17:57
Elapsed time : 00:51:13 (Timelimit=1-23:55:00)

Job ID: 6633631
Array Job ID: 6633538_2
Cluster: i5
User/Group: sy6u19/mm
State: COMPLETED (exit code 0)
Cores: 1
CPU Utilized: 00:49:12
CPU Efficiency: 96.06% of 00:51:13 core-walltime
Job Wall-clock time: 00:51:13
Memory Utilized: 1.06 GB
Memory Efficiency: 13.52% of 7.81 GB

==============================================================================
Running epilogue script on gold51.

Submit time  : 2024-10-10T14:55:42
Start time   : 2024-10-10T15:53:48
End time     : 2024-10-10T16:21:50
Elapsed time : 00:28:02 (Timelimit=1-23:55:00)

Job ID: 6633680
Array Job ID: 6633538_8
Cluster: i5
User/Group: sy6u19/mm
State: COMPLETED (exit code 0)
Cores: 1
CPU Utilized: 00:26:09
CPU Efficiency: 93.28% of 00:28:02 core-walltime
Job Wall-clock time: 00:28:02
Memory Utilized: 1.05 GB
Memory Efficiency: 13.44% of 7.81 GB

==============================================================================
Running epilogue script on gold51.

Submit time  : 2024-10-10T14:55:42
Start time   : 2024-10-10T15:45:29
End time     : 2024-10-10T16:24:25
Elapsed time : 00:38:56 (Timelimit=1-23:55:00)

Job ID: 6633640
Array Job ID: 6633538_5
Cluster: i5
User/Group: sy6u19/mm
State: COMPLETED (exit code 0)
Cores: 1
CPU Utilized: 00:36:24
CPU Efficiency: 93.49% of 00:38:56 core-walltime
Job Wall-clock time: 00:38:56
Memory Utilized: 1.07 GB
Memory Efficiency: 13.63% of 7.81 GB

==============================================================================
Running epilogue script on gold56.

Submit time  : 2024-10-10T14:55:42
Start time   : 2024-10-10T15:26:44
End time     : 2024-10-10T16:26:51
Elapsed time : 01:00:07 (Timelimit=1-23:55:00)

Job ID: 6633632
Array Job ID: 6633538_3
Cluster: i5
User/Group: sy6u19/mm
State: COMPLETED (exit code 0)
Cores: 1
CPU Utilized: 00:58:03
CPU Efficiency: 96.56% of 01:00:07 core-walltime
Job Wall-clock time: 01:00:07
Memory Utilized: 1.06 GB
Memory Efficiency: 13.54% of 7.81 GB

==============================================================================
Running epilogue script on gold56.

Submit time  : 2024-10-10T14:55:42
Start time   : 2024-10-10T15:26:45
End time     : 2024-10-10T16:28:01
Elapsed time : 01:01:16 (Timelimit=1-23:55:00)

Job ID: 6633633
Array Job ID: 6633538_4
Cluster: i5
User/Group: sy6u19/mm
State: COMPLETED (exit code 0)
Cores: 1
CPU Utilized: 00:59:13
CPU Efficiency: 96.65% of 01:01:16 core-walltime
Job Wall-clock time: 01:01:16
Memory Utilized: 1.06 GB
Memory Efficiency: 13.63% of 7.81 GB

==============================================================================
Running epilogue script on gold53.

Submit time  : 2024-10-10T14:55:42
Start time   : 2024-10-10T15:46:09
End time     : 2024-10-10T16:29:42
Elapsed time : 00:43:33 (Timelimit=1-23:55:00)

Job ID: 6633642
Array Job ID: 6633538_7
Cluster: i5
User/Group: sy6u19/mm
State: COMPLETED (exit code 0)
Cores: 1
CPU Utilized: 00:41:01
CPU Efficiency: 94.18% of 00:43:33 core-walltime
Job Wall-clock time: 00:43:33
Memory Utilized: 1.06 GB
Memory Efficiency: 13.56% of 7.81 GB

==============================================================================
Running epilogue script on gold53.

Submit time  : 2024-10-10T14:55:42
Start time   : 2024-10-10T15:46:09
End time     : 2024-10-10T18:56:25
Elapsed time : 03:10:16 (Timelimit=1-23:55:00)

Job ID: 6633641
Array Job ID: 6633538_6
Cluster: i5
User/Group: sy6u19/mm
State: COMPLETED (exit code 0)
Cores: 1
CPU Utilized: 03:08:29
CPU Efficiency: 99.06% of 03:10:16 core-walltime
Job Wall-clock time: 03:10:16
Memory Utilized: 1.19 GB
Memory Efficiency: 15.19% of 7.81 GB

