Running SLURM prolog script on gold53.cluster.local
===============================================================================
Job started on Thu Oct 10 16:26:58 BST 2024
Job ID          : 6633540
Job name        : unsgaiiie-UF.slurm
WorkDir         : /mainfs/home/sy6u19/cmlsga-jmetalpy/corrections/epigenetic/static
Command         : /mainfs/home/sy6u19/cmlsga-jmetalpy/corrections/epigenetic/static/unsgaiiie-UF.slurm
Partition       : serial
Num hosts       : 1
Num cores       : 1
Num of tasks    : 1
Hosts allocated : gold53
Job Output Follows ...
===============================================================================
==============================================================================
Running epilogue script on gold51.

Submit time  : 2024-10-10T14:55:42
Start time   : 2024-10-10T16:22:01
End time     : 2024-10-10T16:48:02
Elapsed time : 00:26:01 (Timelimit=1-23:55:00)

Job ID: 6634091
Array Job ID: 6633540_3
Cluster: i5
User/Group: sy6u19/mm
State: COMPLETED (exit code 0)
Cores: 1
CPU Utilized: 00:24:44
CPU Efficiency: 95.07% of 00:26:01 core-walltime
Job Wall-clock time: 00:26:01
Memory Utilized: 1.08 GB
Memory Efficiency: 13.78% of 7.81 GB

==============================================================================
Running epilogue script on gold51.

Submit time  : 2024-10-10T14:55:42
Start time   : 2024-10-10T16:24:35
End time     : 2024-10-10T16:48:21
Elapsed time : 00:23:46 (Timelimit=1-23:55:00)

Job ID: 6634095
Array Job ID: 6633540_5
Cluster: i5
User/Group: sy6u19/mm
State: COMPLETED (exit code 0)
Cores: 1
CPU Utilized: 00:22:35
CPU Efficiency: 95.02% of 00:23:46 core-walltime
Job Wall-clock time: 00:23:46
Memory Utilized: 1.03 GB
Memory Efficiency: 13.20% of 7.81 GB

==============================================================================
Running epilogue script on gold52.

Submit time  : 2024-10-10T14:55:42
Start time   : 2024-10-10T16:09:56
End time     : 2024-10-10T16:59:02
Elapsed time : 00:49:06 (Timelimit=1-23:55:00)

Job ID: 6634060
Array Job ID: 6633540_1
Cluster: i5
User/Group: sy6u19/mm
State: COMPLETED (exit code 0)
Cores: 1
CPU Utilized: 00:47:27
CPU Efficiency: 96.64% of 00:49:06 core-walltime
Job Wall-clock time: 00:49:06
Memory Utilized: 1.07 GB
Memory Efficiency: 13.70% of 7.81 GB

==============================================================================
Running epilogue script on gold52.

Submit time  : 2024-10-10T14:55:42
Start time   : 2024-10-10T16:25:17
End time     : 2024-10-10T17:03:04
Elapsed time : 00:37:47 (Timelimit=1-23:55:00)

Job ID: 6634100
Array Job ID: 6633540_6
Cluster: i5
User/Group: sy6u19/mm
State: COMPLETED (exit code 0)
Cores: 1
CPU Utilized: 00:36:05
CPU Efficiency: 95.50% of 00:37:47 core-walltime
Job Wall-clock time: 00:37:47
Memory Utilized: 1.04 GB
Memory Efficiency: 13.32% of 7.81 GB

==============================================================================
Running epilogue script on gold51.

Submit time  : 2024-10-10T14:55:42
Start time   : 2024-10-10T16:24:17
End time     : 2024-10-10T17:10:28
Elapsed time : 00:46:11 (Timelimit=1-23:55:00)

Job ID: 6634094
Array Job ID: 6633540_4
Cluster: i5
User/Group: sy6u19/mm
State: COMPLETED (exit code 0)
Cores: 1
CPU Utilized: 00:44:14
CPU Efficiency: 95.78% of 00:46:11 core-walltime
Job Wall-clock time: 00:46:11
Memory Utilized: 1.08 GB
Memory Efficiency: 13.83% of 7.81 GB

==============================================================================
Running epilogue script on gold52.

Submit time  : 2024-10-10T14:55:42
Start time   : 2024-10-10T16:25:47
End time     : 2024-10-10T17:29:25
Elapsed time : 01:03:38 (Timelimit=1-23:55:00)

Job ID: 6634101
Array Job ID: 6633540_7
Cluster: i5
User/Group: sy6u19/mm
State: COMPLETED (exit code 0)
Cores: 1
CPU Utilized: 01:02:01
CPU Efficiency: 97.46% of 01:03:38 core-walltime
Job Wall-clock time: 01:03:38
Memory Utilized: 1.09 GB
Memory Efficiency: 13.95% of 7.81 GB

==============================================================================
Running epilogue script on gold53.

Submit time  : 2024-10-10T14:55:42
Start time   : 2024-10-10T16:26:28
End time     : 2024-10-10T18:46:17
Elapsed time : 02:19:49 (Timelimit=1-23:55:00)

Job ID: 6634102
Array Job ID: 6633540_8
Cluster: i5
User/Group: sy6u19/mm
State: COMPLETED (exit code 0)
Cores: 1
CPU Utilized: 02:17:51
CPU Efficiency: 98.59% of 02:19:49 core-walltime
Job Wall-clock time: 02:19:49
Memory Utilized: 1.20 GB
Memory Efficiency: 15.34% of 7.81 GB

==============================================================================
Running epilogue script on gold52.

Submit time  : 2024-10-10T14:55:42
Start time   : 2024-10-10T16:18:08
End time     : 2024-10-10T22:11:02
Elapsed time : 05:52:54 (Timelimit=1-23:55:00)

Job ID: 6634083
Array Job ID: 6633540_2
Cluster: i5
User/Group: sy6u19/mm
State: COMPLETED (exit code 0)
Cores: 1
CPU Utilized: 05:50:49
CPU Efficiency: 99.41% of 05:52:54 core-walltime
Job Wall-clock time: 05:52:54
Memory Utilized: 1.48 GB
Memory Efficiency: 18.94% of 7.81 GB

