Running SLURM prolog script on gold55.cluster.local
===============================================================================
Job started on Wed Aug 14 09:55:38 BST 2024
Job ID          : 6443822
Job name        : cmlsga-DTLZ.slurm
WorkDir         : /mainfs/home/sy6u19/cmlsga-jmetalpy/corrections/slurm
Command         : /mainfs/home/sy6u19/cmlsga-jmetalpy/corrections/slurm/cmlsga-DTLZ.slurm
Partition       : serial
Num hosts       : 1
Num cores       : 1
Num of tasks    : 1
Hosts allocated : gold55
Job Output Follows ...
===============================================================================
Running SLURM prolog script on gold55.cluster.local
===============================================================================
Job started on Wed Aug 14 09:55:38 BST 2024
Job ID          : 6443824
Job name        : cmlsga-DTLZ.slurm
WorkDir         : /mainfs/home/sy6u19/cmlsga-jmetalpy/corrections/slurm
Command         : /mainfs/home/sy6u19/cmlsga-jmetalpy/corrections/slurm/cmlsga-DTLZ.slurm
Partition       : serial
Num hosts       : 1
Num cores       : 1
Num of tasks    : 1
Hosts allocated : gold55
Job Output Follows ...
===============================================================================
Running SLURM prolog script on gold55.cluster.local
===============================================================================
Job started on Wed Aug 14 09:55:38 BST 2024
Job ID          : 6443821
Job name        : cmlsga-DTLZ.slurm
WorkDir         : /mainfs/home/sy6u19/cmlsga-jmetalpy/corrections/slurm
Command         : /mainfs/home/sy6u19/cmlsga-jmetalpy/corrections/slurm/cmlsga-DTLZ.slurm
Partition       : serial
Num hosts       : 1
Num cores       : 1
Num of tasks    : 1
Hosts allocated : gold55
Job Output Follows ...
===============================================================================
Running SLURM prolog script on gold55.cluster.local
===============================================================================
Job started on Wed Aug 14 09:55:38 BST 2024
Job ID          : 6443825
Job name        : cmlsga-DTLZ.slurm
WorkDir         : /mainfs/home/sy6u19/cmlsga-jmetalpy/corrections/slurm
Command         : /mainfs/home/sy6u19/cmlsga-jmetalpy/corrections/slurm/cmlsga-DTLZ.slurm
Partition       : serial
Num hosts       : 1
Num cores       : 1
Num of tasks    : 1
Hosts allocated : gold55
Job Output Follows ...
===============================================================================
==============================================================================
Running epilogue script on gold55.

Submit time  : 2024-08-14T09:55:17
Start time   : 2024-08-14T09:55:37
End time     : 2024-08-14T10:25:07
Elapsed time : 00:29:30 (Timelimit=1-23:55:00)

Job ID: 6443823
Array Job ID: 6443799_3
Cluster: i5
User/Group: sy6u19/mm
State: COMPLETED (exit code 0)
Cores: 1
CPU Utilized: 00:28:40
CPU Efficiency: 97.18% of 00:29:30 core-walltime
Job Wall-clock time: 00:29:30
Memory Utilized: 1.33 GB
Memory Efficiency: 16.97% of 7.81 GB

==============================================================================
Running epilogue script on gold55.

Submit time  : 2024-08-14T09:55:17
Start time   : 2024-08-14T09:55:37
End time     : 2024-08-14T10:25:22
Elapsed time : 00:29:45 (Timelimit=1-23:55:00)

Job ID: 6443821
Array Job ID: 6443799_1
Cluster: i5
User/Group: sy6u19/mm
State: COMPLETED (exit code 0)
Cores: 1
CPU Utilized: 00:28:53
CPU Efficiency: 97.09% of 00:29:45 core-walltime
Job Wall-clock time: 00:29:45
Memory Utilized: 1.31 GB
Memory Efficiency: 16.73% of 7.81 GB

==============================================================================
Running epilogue script on gold55.

Submit time  : 2024-08-14T09:55:17
Start time   : 2024-08-14T09:55:37
End time     : 2024-08-14T10:36:02
Elapsed time : 00:40:25 (Timelimit=1-23:55:00)

Job ID: 6443826
Array Job ID: 6443799_6
Cluster: i5
User/Group: sy6u19/mm
State: COMPLETED (exit code 0)
Cores: 1
CPU Utilized: 00:39:34
CPU Efficiency: 97.90% of 00:40:25 core-walltime
Job Wall-clock time: 00:40:25
Memory Utilized: 1.38 GB
Memory Efficiency: 17.66% of 7.81 GB

==============================================================================
Running epilogue script on gold55.

Submit time  : 2024-08-14T09:55:17
Start time   : 2024-08-14T09:55:37
End time     : 2024-08-14T10:54:04
Elapsed time : 00:58:27 (Timelimit=1-23:55:00)

Job ID: 6443825
Array Job ID: 6443799_5
Cluster: i5
User/Group: sy6u19/mm
State: COMPLETED (exit code 0)
Cores: 1
CPU Utilized: 00:57:32
CPU Efficiency: 98.43% of 00:58:27 core-walltime
Job Wall-clock time: 00:58:27
Memory Utilized: 1.60 GB
Memory Efficiency: 20.46% of 7.81 GB

==============================================================================
Running epilogue script on gold55.

Submit time  : 2024-08-14T09:55:17
Start time   : 2024-08-14T09:55:37
End time     : 2024-08-14T11:02:12
Elapsed time : 01:06:35 (Timelimit=1-23:55:00)

Job ID: 6443824
Array Job ID: 6443799_4
Cluster: i5
User/Group: sy6u19/mm
State: COMPLETED (exit code 0)
Cores: 1
CPU Utilized: 01:05:38
CPU Efficiency: 98.57% of 01:06:35 core-walltime
Job Wall-clock time: 01:06:35
Memory Utilized: 1.73 GB
Memory Efficiency: 22.09% of 7.81 GB

==============================================================================
Running epilogue script on gold55.

Submit time  : 2024-08-14T09:55:17
Start time   : 2024-08-14T09:55:37
End time     : 2024-08-14T11:10:04
Elapsed time : 01:14:27 (Timelimit=1-23:55:00)

Job ID: 6443822
Array Job ID: 6443799_2
Cluster: i5
User/Group: sy6u19/mm
State: COMPLETED (exit code 0)
Cores: 1
CPU Utilized: 01:13:29
CPU Efficiency: 98.70% of 01:14:27 core-walltime
Job Wall-clock time: 01:14:27
Memory Utilized: 1.78 GB
Memory Efficiency: 22.73% of 7.81 GB

