Running SLURM prolog script on gold51.cluster.local
===============================================================================
Job started on Wed Aug 14 10:52:24 BST 2024
Job ID          : 6443804
Job name        : cmlsga-WFG.slurm
WorkDir         : /mainfs/home/sy6u19/cmlsga-jmetalpy/corrections/slurm
Command         : /mainfs/home/sy6u19/cmlsga-jmetalpy/corrections/slurm/cmlsga-WFG.slurm
Partition       : serial
Num hosts       : 1
Num cores       : 1
Num of tasks    : 1
Hosts allocated : gold51
Job Output Follows ...
===============================================================================
==============================================================================
Running epilogue script on gold53.

Submit time  : 2024-08-14T09:55:17
Start time   : 2024-08-14T10:41:25
End time     : 2024-08-14T11:16:19
Elapsed time : 00:34:54 (Timelimit=1-23:55:00)

Job ID: 6444003
Array Job ID: 6443804_1
Cluster: i5
User/Group: sy6u19/mm
State: COMPLETED (exit code 0)
Cores: 1
CPU Utilized: 00:34:06
CPU Efficiency: 97.71% of 00:34:54 core-walltime
Job Wall-clock time: 00:34:54
Memory Utilized: 1.30 GB
Memory Efficiency: 16.67% of 7.81 GB

==============================================================================
Running epilogue script on gold51.

Submit time  : 2024-08-14T09:55:17
Start time   : 2024-08-14T10:50:24
End time     : 2024-08-14T11:17:58
Elapsed time : 00:27:34 (Timelimit=1-23:55:00)

Job ID: 6444153
Array Job ID: 6443804_8
Cluster: i5
User/Group: sy6u19/mm
State: COMPLETED (exit code 0)
Cores: 1
CPU Utilized: 00:26:18
CPU Efficiency: 95.41% of 00:27:34 core-walltime
Job Wall-clock time: 00:27:34
Memory Utilized: 1.31 GB
Memory Efficiency: 16.79% of 7.81 GB

==============================================================================
Running epilogue script on gold53.

Submit time  : 2024-08-14T09:55:17
Start time   : 2024-08-14T10:41:25
End time     : 2024-08-14T11:19:35
Elapsed time : 00:38:10 (Timelimit=1-23:55:00)

Job ID: 6444004
Array Job ID: 6443804_2
Cluster: i5
User/Group: sy6u19/mm
State: COMPLETED (exit code 0)
Cores: 1
CPU Utilized: 00:37:32
CPU Efficiency: 98.34% of 00:38:10 core-walltime
Job Wall-clock time: 00:38:10
Memory Utilized: 1.35 GB
Memory Efficiency: 17.27% of 7.81 GB

==============================================================================
Running epilogue script on gold53.

Submit time  : 2024-08-14T09:55:17
Start time   : 2024-08-14T10:41:25
End time     : 2024-08-14T11:28:32
Elapsed time : 00:47:07 (Timelimit=1-23:55:00)

Job ID: 6444006
Array Job ID: 6443804_4
Cluster: i5
User/Group: sy6u19/mm
State: COMPLETED (exit code 0)
Cores: 1
CPU Utilized: 00:46:28
CPU Efficiency: 98.62% of 00:47:07 core-walltime
Job Wall-clock time: 00:47:07
Memory Utilized: 1.42 GB
Memory Efficiency: 18.12% of 7.81 GB

==============================================================================
Running epilogue script on gold53.

Submit time  : 2024-08-14T09:55:17
Start time   : 2024-08-14T10:41:25
End time     : 2024-08-14T11:29:12
Elapsed time : 00:47:47 (Timelimit=1-23:55:00)

Job ID: 6444005
Array Job ID: 6443804_3
Cluster: i5
User/Group: sy6u19/mm
State: COMPLETED (exit code 0)
Cores: 1
CPU Utilized: 00:47:08
CPU Efficiency: 98.64% of 00:47:47 core-walltime
Job Wall-clock time: 00:47:47
Memory Utilized: 1.42 GB
Memory Efficiency: 18.13% of 7.81 GB

==============================================================================
Running epilogue script on gold53.

Submit time  : 2024-08-14T09:55:17
Start time   : 2024-08-14T10:44:25
End time     : 2024-08-14T11:30:16
Elapsed time : 00:45:51 (Timelimit=1-23:55:00)

Job ID: 6444093
Array Job ID: 6443804_6
Cluster: i5
User/Group: sy6u19/mm
State: COMPLETED (exit code 0)
Cores: 1
CPU Utilized: 00:45:07
CPU Efficiency: 98.40% of 00:45:51 core-walltime
Job Wall-clock time: 00:45:51
Memory Utilized: 1.41 GB
Memory Efficiency: 17.99% of 7.81 GB

==============================================================================
Running epilogue script on gold55.

Submit time  : 2024-08-14T09:55:17
Start time   : 2024-08-14T10:45:46
End time     : 2024-08-14T11:36:24
Elapsed time : 00:50:38 (Timelimit=1-23:55:00)

Job ID: 6444094
Array Job ID: 6443804_7
Cluster: i5
User/Group: sy6u19/mm
State: COMPLETED (exit code 0)
Cores: 1
CPU Utilized: 00:49:28
CPU Efficiency: 97.70% of 00:50:38 core-walltime
Job Wall-clock time: 00:50:38
Memory Utilized: 1.45 GB
Memory Efficiency: 18.57% of 7.81 GB

==============================================================================
Running epilogue script on gold53.

Submit time  : 2024-08-14T09:55:17
Start time   : 2024-08-14T10:41:25
End time     : 2024-08-14T11:43:58
Elapsed time : 01:02:33 (Timelimit=1-23:55:00)

Job ID: 6444007
Array Job ID: 6443804_5
Cluster: i5
User/Group: sy6u19/mm
State: COMPLETED (exit code 0)
Cores: 1
CPU Utilized: 01:01:50
CPU Efficiency: 98.85% of 01:02:33 core-walltime
Job Wall-clock time: 01:02:33
Memory Utilized: 1.55 GB
Memory Efficiency: 19.79% of 7.81 GB

