Running SLURM prolog script on gold51.cluster.local
===============================================================================
Job started on Wed Aug 14 13:21:25 BST 2024
Job ID          : 6444761
Job name        : cmlsga-MOP.slurm
WorkDir         : /mainfs/home/sy6u19/cmlsga-jmetalpy/corrections/slurm
Command         : /mainfs/home/sy6u19/cmlsga-jmetalpy/corrections/slurm/cmlsga-MOP.slurm
Partition       : serial
Num hosts       : 1
Num cores       : 1
Num of tasks    : 1
Hosts allocated : gold51
Job Output Follows ...
===============================================================================
==============================================================================
Running epilogue script on gold51.

Submit time  : 2024-08-14T13:21:24
Start time   : 2024-08-14T13:21:25
End time     : 2024-08-14T13:39:05
Elapsed time : 00:17:40 (Timelimit=1-23:55:00)

Job ID: 6444761
Array Job ID: 6444761_2
Cluster: i5
User/Group: sy6u19/mm
State: COMPLETED (exit code 0)
Cores: 1
CPU Utilized: 00:16:20
CPU Efficiency: 92.45% of 00:17:40 core-walltime
Job Wall-clock time: 00:17:40
Memory Utilized: 1.31 GB
Memory Efficiency: 16.74% of 7.81 GB

