Running SLURM prolog script on gold53.cluster.local
===============================================================================
Job started on Wed Aug 14 09:55:25 BST 2024
Job ID          : 6443797
Job name        : cmlsga-DASCMOP-6.slurm
WorkDir         : /mainfs/home/sy6u19/cmlsga-jmetalpy/corrections/slurm
Command         : /mainfs/home/sy6u19/cmlsga-jmetalpy/corrections/slurm/cmlsga-DASCMOP-6.slurm
Partition       : serial
Num hosts       : 1
Num cores       : 1
Num of tasks    : 1
Hosts allocated : gold53
Job Output Follows ...
===============================================================================
Running SLURM prolog script on gold53.cluster.local
===============================================================================
Job started on Wed Aug 14 09:55:25 BST 2024
Job ID          : 6443815
Job name        : cmlsga-DASCMOP-6.slurm
WorkDir         : /mainfs/home/sy6u19/cmlsga-jmetalpy/corrections/slurm
Command         : /mainfs/home/sy6u19/cmlsga-jmetalpy/corrections/slurm/cmlsga-DASCMOP-6.slurm
Partition       : serial
Num hosts       : 1
Num cores       : 1
Num of tasks    : 1
Hosts allocated : gold53
Job Output Follows ...
===============================================================================
==============================================================================
Running epilogue script on gold53.

Submit time  : 2024-08-14T09:55:17
Start time   : 2024-08-14T09:55:24
End time     : 2024-08-14T10:35:25
Elapsed time : 00:40:01 (Timelimit=1-23:55:00)

Job ID: 6443814
Array Job ID: 6443797_4
Cluster: i5
User/Group: sy6u19/mm
State: FAILED (exit code 1)
Cores: 1
CPU Utilized: 00:38:57
CPU Efficiency: 97.33% of 00:40:01 core-walltime
Job Wall-clock time: 00:40:01
Memory Utilized: 1.45 GB
Memory Efficiency: 18.56% of 7.81 GB

==============================================================================
Running epilogue script on gold53.

Submit time  : 2024-08-14T09:55:17
Start time   : 2024-08-14T09:55:24
End time     : 2024-08-14T10:39:07
Elapsed time : 00:43:43 (Timelimit=1-23:55:00)

Job ID: 6443815
Array Job ID: 6443797_5
Cluster: i5
User/Group: sy6u19/mm
State: COMPLETED (exit code 0)
Cores: 1
CPU Utilized: 00:42:35
CPU Efficiency: 97.41% of 00:43:43 core-walltime
Job Wall-clock time: 00:43:43
Memory Utilized: 1.43 GB
Memory Efficiency: 18.33% of 7.81 GB

==============================================================================
Running epilogue script on gold53.

Submit time  : 2024-08-14T09:55:17
Start time   : 2024-08-14T09:55:24
End time     : 2024-08-14T10:39:57
Elapsed time : 00:44:33 (Timelimit=1-23:55:00)

Job ID: 6443811
Array Job ID: 6443797_1
Cluster: i5
User/Group: sy6u19/mm
State: COMPLETED (exit code 0)
Cores: 1
CPU Utilized: 00:43:26
CPU Efficiency: 97.49% of 00:44:33 core-walltime
Job Wall-clock time: 00:44:33
Memory Utilized: 1.43 GB
Memory Efficiency: 18.26% of 7.81 GB

==============================================================================
Running epilogue script on gold53.

Submit time  : 2024-08-14T09:55:17
Start time   : 2024-08-14T09:55:24
End time     : 2024-08-14T10:40:15
Elapsed time : 00:44:51 (Timelimit=1-23:55:00)

Job ID: 6443813
Array Job ID: 6443797_3
Cluster: i5
User/Group: sy6u19/mm
State: COMPLETED (exit code 0)
Cores: 1
CPU Utilized: 00:43:44
CPU Efficiency: 97.51% of 00:44:51 core-walltime
Job Wall-clock time: 00:44:51
Memory Utilized: 1.43 GB
Memory Efficiency: 18.31% of 7.81 GB

==============================================================================
Running epilogue script on gold53.

Submit time  : 2024-08-14T09:55:17
Start time   : 2024-08-14T09:55:24
End time     : 2024-08-14T10:40:28
Elapsed time : 00:45:04 (Timelimit=1-23:55:00)

Job ID: 6443812
Array Job ID: 6443797_2
Cluster: i5
User/Group: sy6u19/mm
State: COMPLETED (exit code 0)
Cores: 1
CPU Utilized: 00:43:57
CPU Efficiency: 97.52% of 00:45:04 core-walltime
Job Wall-clock time: 00:45:04
Memory Utilized: 1.43 GB
Memory Efficiency: 18.31% of 7.81 GB

