Running SLURM prolog script on gold55.cluster.local
===============================================================================
Job started on Wed Aug 14 09:55:38 BST 2024
Job ID          : 6443798
Job name        : cmlsga-DASCMOP-7.slurm
WorkDir         : /mainfs/home/sy6u19/cmlsga-jmetalpy/corrections/slurm
Command         : /mainfs/home/sy6u19/cmlsga-jmetalpy/corrections/slurm/cmlsga-DASCMOP-7.slurm
Partition       : serial
Num hosts       : 1
Num cores       : 1
Num of tasks    : 1
Hosts allocated : gold55
Job Output Follows ...
===============================================================================
==============================================================================
Running epilogue script on gold54.

Submit time  : 2024-08-14T09:55:17
Start time   : 2024-08-14T09:55:24
End time     : 2024-08-14T10:31:32
Elapsed time : 00:36:08 (Timelimit=1-23:55:00)

Job ID: 6443818
Array Job ID: 6443798_3
Cluster: i5
User/Group: sy6u19/mm
State: FAILED (exit code 1)
Cores: 1
CPU Utilized: 00:34:47
CPU Efficiency: 96.26% of 00:36:08 core-walltime
Job Wall-clock time: 00:36:08
Memory Utilized: 1.44 GB
Memory Efficiency: 18.46% of 7.81 GB

==============================================================================
Running epilogue script on gold55.

Submit time  : 2024-08-14T09:55:17
Start time   : 2024-08-14T09:55:37
End time     : 2024-08-14T10:39:00
Elapsed time : 00:43:23 (Timelimit=1-23:55:00)

Job ID: 6443819
Array Job ID: 6443798_4
Cluster: i5
User/Group: sy6u19/mm
State: COMPLETED (exit code 0)
Cores: 1
CPU Utilized: 00:42:20
CPU Efficiency: 97.58% of 00:43:23 core-walltime
Job Wall-clock time: 00:43:23
Memory Utilized: 1.48 GB
Memory Efficiency: 18.96% of 7.81 GB

==============================================================================
Running epilogue script on gold53.

Submit time  : 2024-08-14T09:55:17
Start time   : 2024-08-14T09:55:24
End time     : 2024-08-14T10:39:15
Elapsed time : 00:43:51 (Timelimit=1-23:55:00)

Job ID: 6443816
Array Job ID: 6443798_1
Cluster: i5
User/Group: sy6u19/mm
State: COMPLETED (exit code 0)
Cores: 1
CPU Utilized: 00:42:27
CPU Efficiency: 96.81% of 00:43:51 core-walltime
Job Wall-clock time: 00:43:51
Memory Utilized: 1.43 GB
Memory Efficiency: 18.30% of 7.81 GB

==============================================================================
Running epilogue script on gold53.

Submit time  : 2024-08-14T09:55:17
Start time   : 2024-08-14T09:55:24
End time     : 2024-08-14T10:40:10
Elapsed time : 00:44:46 (Timelimit=1-23:55:00)

Job ID: 6443817
Array Job ID: 6443798_2
Cluster: i5
User/Group: sy6u19/mm
State: COMPLETED (exit code 0)
Cores: 1
CPU Utilized: 00:43:22
CPU Efficiency: 96.87% of 00:44:46 core-walltime
Job Wall-clock time: 00:44:46
Memory Utilized: 1.44 GB
Memory Efficiency: 18.43% of 7.81 GB

==============================================================================
Running epilogue script on gold55.

Submit time  : 2024-08-14T09:55:17
Start time   : 2024-08-14T09:55:37
End time     : 2024-08-14T10:40:21
Elapsed time : 00:44:44 (Timelimit=1-23:55:00)

Job ID: 6443820
Array Job ID: 6443798_5
Cluster: i5
User/Group: sy6u19/mm
State: COMPLETED (exit code 0)
Cores: 1
CPU Utilized: 00:43:42
CPU Efficiency: 97.69% of 00:44:44 core-walltime
Job Wall-clock time: 00:44:44
Memory Utilized: 1.45 GB
Memory Efficiency: 18.52% of 7.81 GB

