Running SLURM prolog script on gold52.cluster.local
===============================================================================
Job started on Wed Aug 14 10:41:26 BST 2024
Job ID          : 6443803
Job name        : cmlsga-UF.slurm
WorkDir         : /mainfs/home/sy6u19/cmlsga-jmetalpy/corrections/slurm
Command         : /mainfs/home/sy6u19/cmlsga-jmetalpy/corrections/slurm/cmlsga-UF.slurm
Partition       : serial
Num hosts       : 1
Num cores       : 1
Num of tasks    : 1
Hosts allocated : gold52
Job Output Follows ...
===============================================================================
==============================================================================
Running epilogue script on gold52.

Submit time  : 2024-08-14T09:55:17
Start time   : 2024-08-14T10:40:24
End time     : 2024-08-14T11:13:23
Elapsed time : 00:32:59 (Timelimit=1-23:55:00)

Job ID: 6443999
Array Job ID: 6443803_5
Cluster: i5
User/Group: sy6u19/mm
State: COMPLETED (exit code 0)
Cores: 1
CPU Utilized: 00:32:13
CPU Efficiency: 97.68% of 00:32:59 core-walltime
Job Wall-clock time: 00:32:59
Memory Utilized: 1.44 GB
Memory Efficiency: 18.38% of 7.81 GB

==============================================================================
Running epilogue script on gold52.

Submit time  : 2024-08-14T09:55:17
Start time   : 2024-08-14T10:40:24
End time     : 2024-08-14T11:14:29
Elapsed time : 00:34:05 (Timelimit=1-23:55:00)

Job ID: 6444000
Array Job ID: 6443803_6
Cluster: i5
User/Group: sy6u19/mm
State: COMPLETED (exit code 0)
Cores: 1
CPU Utilized: 00:33:23
CPU Efficiency: 97.95% of 00:34:05 core-walltime
Job Wall-clock time: 00:34:05
Memory Utilized: 1.45 GB
Memory Efficiency: 18.59% of 7.81 GB

==============================================================================
Running epilogue script on gold53.

Submit time  : 2024-08-14T09:55:17
Start time   : 2024-08-14T10:39:45
End time     : 2024-08-14T11:16:05
Elapsed time : 00:36:20 (Timelimit=1-23:55:00)

Job ID: 6443996
Array Job ID: 6443803_3
Cluster: i5
User/Group: sy6u19/mm
State: COMPLETED (exit code 0)
Cores: 1
CPU Utilized: 00:35:09
CPU Efficiency: 96.74% of 00:36:20 core-walltime
Job Wall-clock time: 00:36:20
Memory Utilized: 1.45 GB
Memory Efficiency: 18.59% of 7.81 GB

==============================================================================
Running epilogue script on gold53.

Submit time  : 2024-08-14T09:55:17
Start time   : 2024-08-14T10:39:45
End time     : 2024-08-14T11:16:15
Elapsed time : 00:36:30 (Timelimit=1-23:55:00)

Job ID: 6443994
Array Job ID: 6443803_1
Cluster: i5
User/Group: sy6u19/mm
State: COMPLETED (exit code 0)
Cores: 1
CPU Utilized: 00:35:21
CPU Efficiency: 96.85% of 00:36:30 core-walltime
Job Wall-clock time: 00:36:30
Memory Utilized: 1.50 GB
Memory Efficiency: 19.19% of 7.81 GB

==============================================================================
Running epilogue script on gold52.

Submit time  : 2024-08-14T09:55:17
Start time   : 2024-08-14T10:40:24
End time     : 2024-08-14T11:16:55
Elapsed time : 00:36:31 (Timelimit=1-23:55:00)

Job ID: 6444001
Array Job ID: 6443803_7
Cluster: i5
User/Group: sy6u19/mm
State: COMPLETED (exit code 0)
Cores: 1
CPU Utilized: 00:35:45
CPU Efficiency: 97.90% of 00:36:31 core-walltime
Job Wall-clock time: 00:36:31
Memory Utilized: 1.48 GB
Memory Efficiency: 18.96% of 7.81 GB

==============================================================================
Running epilogue script on gold53.

Submit time  : 2024-08-14T09:55:17
Start time   : 2024-08-14T10:39:45
End time     : 2024-08-14T11:19:57
Elapsed time : 00:40:12 (Timelimit=1-23:55:00)

Job ID: 6443995
Array Job ID: 6443803_2
Cluster: i5
User/Group: sy6u19/mm
State: COMPLETED (exit code 0)
Cores: 1
CPU Utilized: 00:39:01
CPU Efficiency: 97.06% of 00:40:12 core-walltime
Job Wall-clock time: 00:40:12
Memory Utilized: 1.53 GB
Memory Efficiency: 19.53% of 7.81 GB

==============================================================================
Running epilogue script on gold55.

Submit time  : 2024-08-14T09:55:17
Start time   : 2024-08-14T10:39:45
End time     : 2024-08-14T11:21:01
Elapsed time : 00:41:16 (Timelimit=1-23:55:00)

Job ID: 6443997
Array Job ID: 6443803_4
Cluster: i5
User/Group: sy6u19/mm
State: COMPLETED (exit code 0)
Cores: 1
CPU Utilized: 00:40:02
CPU Efficiency: 97.01% of 00:41:16 core-walltime
Job Wall-clock time: 00:41:16
Memory Utilized: 1.52 GB
Memory Efficiency: 19.44% of 7.81 GB

==============================================================================
Running epilogue script on gold52.

Submit time  : 2024-08-14T09:55:17
Start time   : 2024-08-14T10:41:24
End time     : 2024-08-14T11:28:45
Elapsed time : 00:47:21 (Timelimit=1-23:55:00)

Job ID: 6444002
Array Job ID: 6443803_8
Cluster: i5
User/Group: sy6u19/mm
State: COMPLETED (exit code 0)
Cores: 1
CPU Utilized: 00:46:38
CPU Efficiency: 98.49% of 00:47:21 core-walltime
Job Wall-clock time: 00:47:21
Memory Utilized: 1.61 GB
Memory Efficiency: 20.61% of 7.81 GB

