Running SLURM prolog script on gold51.cluster.local
===============================================================================
Job started on Wed Aug 14 10:35:45 BST 2024
Job ID          : 6443801
Job name        : cmlsga-LZ09_F.slurm
WorkDir         : /mainfs/home/sy6u19/cmlsga-jmetalpy/corrections/slurm
Command         : /mainfs/home/sy6u19/cmlsga-jmetalpy/corrections/slurm/cmlsga-LZ09_F.slurm
Partition       : serial
Num hosts       : 1
Num cores       : 1
Num of tasks    : 1
Hosts allocated : gold51
Job Output Follows ...
===============================================================================
==============================================================================
Running epilogue script on gold51.

Submit time  : 2024-08-14T09:55:17
Start time   : 2024-08-14T10:26:24
End time     : 2024-08-14T10:45:43
Elapsed time : 00:19:19 (Timelimit=1-23:55:00)

Job ID: 6443978
Array Job ID: 6443801_7
Cluster: i5
User/Group: sy6u19/mm
State: COMPLETED (exit code 0)
Cores: 1
CPU Utilized: 00:18:42
CPU Efficiency: 96.81% of 00:19:19 core-walltime
Job Wall-clock time: 00:19:19
Memory Utilized: 1.29 GB
Memory Efficiency: 16.51% of 7.81 GB

==============================================================================
Running epilogue script on gold51.

Submit time  : 2024-08-14T09:55:17
Start time   : 2024-08-14T10:23:23
End time     : 2024-08-14T10:50:09
Elapsed time : 00:26:46 (Timelimit=1-23:55:00)

Job ID: 6443963
Array Job ID: 6443801_1
Cluster: i5
User/Group: sy6u19/mm
State: COMPLETED (exit code 0)
Cores: 1
CPU Utilized: 00:25:37
CPU Efficiency: 95.70% of 00:26:46 core-walltime
Job Wall-clock time: 00:26:46
Memory Utilized: 1.39 GB
Memory Efficiency: 17.85% of 7.81 GB

==============================================================================
Running epilogue script on gold51.

Submit time  : 2024-08-14T09:55:17
Start time   : 2024-08-14T10:31:44
End time     : 2024-08-14T10:51:50
Elapsed time : 00:20:06 (Timelimit=1-23:55:00)

Job ID: 6443980
Array Job ID: 6443801_8
Cluster: i5
User/Group: sy6u19/mm
State: COMPLETED (exit code 0)
Cores: 1
CPU Utilized: 00:19:14
CPU Efficiency: 95.69% of 00:20:06 core-walltime
Job Wall-clock time: 00:20:06
Memory Utilized: 1.33 GB
Memory Efficiency: 16.99% of 7.81 GB

==============================================================================
Running epilogue script on gold51.

Submit time  : 2024-08-14T09:55:17
Start time   : 2024-08-14T10:23:23
End time     : 2024-08-14T10:53:26
Elapsed time : 00:30:03 (Timelimit=1-23:55:00)

Job ID: 6443964
Array Job ID: 6443801_2
Cluster: i5
User/Group: sy6u19/mm
State: COMPLETED (exit code 0)
Cores: 1
CPU Utilized: 00:28:49
CPU Efficiency: 95.90% of 00:30:03 core-walltime
Job Wall-clock time: 00:30:03
Memory Utilized: 1.48 GB
Memory Efficiency: 18.89% of 7.81 GB

==============================================================================
Running epilogue script on gold51.

Submit time  : 2024-08-14T09:55:17
Start time   : 2024-08-14T10:24:23
End time     : 2024-08-14T10:55:31
Elapsed time : 00:31:08 (Timelimit=1-23:55:00)

Job ID: 6443969
Array Job ID: 6443801_3
Cluster: i5
User/Group: sy6u19/mm
State: COMPLETED (exit code 0)
Cores: 1
CPU Utilized: 00:30:28
CPU Efficiency: 97.86% of 00:31:08 core-walltime
Job Wall-clock time: 00:31:08
Memory Utilized: 1.52 GB
Memory Efficiency: 19.42% of 7.81 GB

==============================================================================
Running epilogue script on gold51.

Submit time  : 2024-08-14T09:55:17
Start time   : 2024-08-14T10:25:24
End time     : 2024-08-14T10:56:51
Elapsed time : 00:31:27 (Timelimit=1-23:55:00)

Job ID: 6443970
Array Job ID: 6443801_4
Cluster: i5
User/Group: sy6u19/mm
State: COMPLETED (exit code 0)
Cores: 1
CPU Utilized: 00:30:28
CPU Efficiency: 96.87% of 00:31:27 core-walltime
Job Wall-clock time: 00:31:27
Memory Utilized: 1.53 GB
Memory Efficiency: 19.58% of 7.81 GB

==============================================================================
Running epilogue script on gold51.

Submit time  : 2024-08-14T09:55:17
Start time   : 2024-08-14T10:25:43
End time     : 2024-08-14T10:57:16
Elapsed time : 00:31:33 (Timelimit=1-23:55:00)

Job ID: 6443972
Array Job ID: 6443801_5
Cluster: i5
User/Group: sy6u19/mm
State: COMPLETED (exit code 0)
Cores: 1
CPU Utilized: 00:30:56
CPU Efficiency: 98.05% of 00:31:33 core-walltime
Job Wall-clock time: 00:31:33
Memory Utilized: 1.57 GB
Memory Efficiency: 20.06% of 7.81 GB

==============================================================================
Running epilogue script on gold51.

Submit time  : 2024-08-14T09:55:17
Start time   : 2024-08-14T10:25:43
End time     : 2024-08-14T10:59:47
Elapsed time : 00:34:04 (Timelimit=1-23:55:00)

Job ID: 6443973
Array Job ID: 6443801_6
Cluster: i5
User/Group: sy6u19/mm
State: COMPLETED (exit code 0)
Cores: 1
CPU Utilized: 00:33:27
CPU Efficiency: 98.19% of 00:34:04 core-walltime
Job Wall-clock time: 00:34:04
Memory Utilized: 1.47 GB
Memory Efficiency: 18.85% of 7.81 GB

