Running SLURM prolog script on gold54.cluster.local
===============================================================================
Job started on Mon May 13 13:49:20 BST 2024
Job ID          : 5983929
Job name        : cmpso-LZ09_F.slurm
WorkDir         : /mainfs/home/sy6u19/cmlsga-jmetalpy/corrections/slurm
Command         : /mainfs/home/sy6u19/cmlsga-jmetalpy/corrections/slurm/cmpso-LZ09_F.slurm
Partition       : serial
Num hosts       : 1
Num cores       : 1
Num of tasks    : 1
Hosts allocated : gold54
Job Output Follows ...
===============================================================================
==============================================================================
Running epilogue script on gold54.

Submit time  : 2024-05-13T13:10:28
Start time   : 2024-05-13T13:47:20
End time     : 2024-05-13T13:59:16
Elapsed time : 00:11:56 (Timelimit=2-11:55:00)

Job ID: 5984094
Array Job ID: 5983929_7
Cluster: i5
User/Group: sy6u19/mm
State: COMPLETED (exit code 0)
Cores: 1
CPU Utilized: 00:10:48
CPU Efficiency: 90.50% of 00:11:56 core-walltime
Job Wall-clock time: 00:11:56
Memory Utilized: 1.04 GB
Memory Efficiency: 13.25% of 7.81 GB

==============================================================================
Running epilogue script on gold59.

Submit time  : 2024-05-13T13:10:28
Start time   : 2024-05-13T13:47:20
End time     : 2024-05-13T14:00:58
Elapsed time : 00:13:38 (Timelimit=2-11:55:00)

Job ID: 5984095
Array Job ID: 5983929_8
Cluster: i5
User/Group: sy6u19/mm
State: COMPLETED (exit code 0)
Cores: 1
CPU Utilized: 00:11:25
CPU Efficiency: 83.74% of 00:13:38 core-walltime
Job Wall-clock time: 00:13:38
Memory Utilized: 1.04 GB
Memory Efficiency: 13.34% of 7.81 GB

==============================================================================
Running epilogue script on gold54.

Submit time  : 2024-05-13T13:10:28
Start time   : 2024-05-13T13:45:19
End time     : 2024-05-13T14:12:44
Elapsed time : 00:27:25 (Timelimit=2-11:55:00)

Job ID: 5984080
Array Job ID: 5983929_2
Cluster: i5
User/Group: sy6u19/mm
State: COMPLETED (exit code 0)
Cores: 1
CPU Utilized: 00:25:34
CPU Efficiency: 93.25% of 00:27:25 core-walltime
Job Wall-clock time: 00:27:25
Memory Utilized: 1.05 GB
Memory Efficiency: 13.46% of 7.81 GB

==============================================================================
Running epilogue script on gold54.

Submit time  : 2024-05-13T13:10:28
Start time   : 2024-05-13T13:45:19
End time     : 2024-05-13T15:10:51
Elapsed time : 01:25:32 (Timelimit=2-11:55:00)

Job ID: 5984081
Array Job ID: 5983929_3
Cluster: i5
User/Group: sy6u19/mm
State: COMPLETED (exit code 0)
Cores: 1
CPU Utilized: 01:23:50
CPU Efficiency: 98.01% of 01:25:32 core-walltime
Job Wall-clock time: 01:25:32
Memory Utilized: 1.05 GB
Memory Efficiency: 13.50% of 7.81 GB

==============================================================================
Running epilogue script on gold54.

Submit time  : 2024-05-13T13:10:28
Start time   : 2024-05-13T13:47:20
End time     : 2024-05-13T15:27:05
Elapsed time : 01:39:45 (Timelimit=2-11:55:00)

Job ID: 5984091
Array Job ID: 5983929_4
Cluster: i5
User/Group: sy6u19/mm
State: COMPLETED (exit code 0)
Cores: 1
CPU Utilized: 01:38:16
CPU Efficiency: 98.51% of 01:39:45 core-walltime
Job Wall-clock time: 01:39:45
Memory Utilized: 1.05 GB
Memory Efficiency: 13.48% of 7.81 GB

==============================================================================
Running epilogue script on gold54.

Submit time  : 2024-05-13T13:10:28
Start time   : 2024-05-13T13:47:20
End time     : 2024-05-13T15:39:10
Elapsed time : 01:51:50 (Timelimit=2-11:55:00)

Job ID: 5984092
Array Job ID: 5983929_5
Cluster: i5
User/Group: sy6u19/mm
State: COMPLETED (exit code 0)
Cores: 1
CPU Utilized: 01:50:19
CPU Efficiency: 98.64% of 01:51:50 core-walltime
Job Wall-clock time: 01:51:50
Memory Utilized: 1.04 GB
Memory Efficiency: 13.38% of 7.81 GB

==============================================================================
Running epilogue script on gold54.

Submit time  : 2024-05-13T13:10:28
Start time   : 2024-05-13T13:45:19
End time     : 2024-05-13T18:33:21
Elapsed time : 04:48:02 (Timelimit=2-11:55:00)

Job ID: 5984079
Array Job ID: 5983929_1
Cluster: i5
User/Group: sy6u19/mm
State: COMPLETED (exit code 0)
Cores: 1
CPU Utilized: 04:45:39
CPU Efficiency: 99.17% of 04:48:02 core-walltime
Job Wall-clock time: 04:48:02
Memory Utilized: 1.06 GB
Memory Efficiency: 13.54% of 7.81 GB

==============================================================================
Running epilogue script on gold54.

Submit time  : 2024-05-13T13:10:28
Start time   : 2024-05-13T13:47:20
End time     : 2024-05-14T09:40:53
Elapsed time : 19:53:33 (Timelimit=2-11:55:00)

Job ID: 5984093
Array Job ID: 5983929_6
Cluster: i5
User/Group: sy6u19/mm
State: COMPLETED (exit code 0)
Cores: 1
CPU Utilized: 19:49:13
CPU Efficiency: 99.64% of 19:53:33 core-walltime
Job Wall-clock time: 19:53:33
Memory Utilized: 1.11 GB
Memory Efficiency: 14.20% of 7.81 GB

