Running SLURM prolog script on gold53.cluster.local
===============================================================================
Job started on Mon Aug 19 13:38:25 BST 2024
Job ID          : 6462963
Job name        : cmpso-DTLZ.slurm
WorkDir         : /mainfs/home/sy6u19/cmlsga-jmetalpy/corrections/slurm
Command         : /mainfs/home/sy6u19/cmlsga-jmetalpy/corrections/slurm/cmpso-DTLZ.slurm
Partition       : serial
Num hosts       : 1
Num cores       : 1
Num of tasks    : 1
Hosts allocated : gold53
Job Output Follows ...
===============================================================================
Running SLURM prolog script on gold53.cluster.local
===============================================================================
Job started on Mon Aug 19 13:38:25 BST 2024
Job ID          : 6462976
Job name        : cmpso-DTLZ.slurm
WorkDir         : /mainfs/home/sy6u19/cmlsga-jmetalpy/corrections/slurm
Command         : /mainfs/home/sy6u19/cmlsga-jmetalpy/corrections/slurm/cmpso-DTLZ.slurm
Partition       : serial
Num hosts       : 1
Num cores       : 1
Num of tasks    : 1
Hosts allocated : gold53
Job Output Follows ...
===============================================================================
Running SLURM prolog script on gold53.cluster.local
===============================================================================
Job started on Mon Aug 19 13:38:25 BST 2024
Job ID          : 6462975
Job name        : cmpso-DTLZ.slurm
WorkDir         : /mainfs/home/sy6u19/cmlsga-jmetalpy/corrections/slurm
Command         : /mainfs/home/sy6u19/cmlsga-jmetalpy/corrections/slurm/cmpso-DTLZ.slurm
Partition       : serial
Num hosts       : 1
Num cores       : 1
Num of tasks    : 1
Hosts allocated : gold53
Job Output Follows ...
===============================================================================
==============================================================================
Running epilogue script on gold53.

Submit time  : 2024-08-19T13:38:10
Start time   : 2024-08-19T13:38:25
End time     : 2024-08-19T14:02:48
Elapsed time : 00:24:23 (Timelimit=1-23:55:00)

Job ID: 6462975
Array Job ID: 6462963_1
Cluster: i5
User/Group: sy6u19/mm
State: COMPLETED (exit code 0)
Cores: 1
CPU Utilized: 00:23:50
CPU Efficiency: 97.74% of 00:24:23 core-walltime
Job Wall-clock time: 00:24:23
Memory Utilized: 1.11 GB
Memory Efficiency: 14.21% of 7.81 GB

==============================================================================
Running epilogue script on gold53.

Submit time  : 2024-08-19T13:38:10
Start time   : 2024-08-19T13:38:25
End time     : 2024-08-19T14:10:49
Elapsed time : 00:32:24 (Timelimit=1-23:55:00)

Job ID: 6462976
Array Job ID: 6462963_2
Cluster: i5
User/Group: sy6u19/mm
State: COMPLETED (exit code 0)
Cores: 1
CPU Utilized: 00:31:52
CPU Efficiency: 98.35% of 00:32:24 core-walltime
Job Wall-clock time: 00:32:24
Memory Utilized: 1.08 GB
Memory Efficiency: 13.85% of 7.81 GB

