Running SLURM prolog script on gold54.cluster.local
===============================================================================
Job started on Mon May 13 13:15:10 BST 2024
Job ID          : 5983925
Job name        : cmpso-DASCMOP-6.slurm
WorkDir         : /mainfs/home/sy6u19/cmlsga-jmetalpy/corrections/slurm
Command         : /mainfs/home/sy6u19/cmlsga-jmetalpy/corrections/slurm/cmpso-DASCMOP-6.slurm
Partition       : serial
Num hosts       : 1
Num cores       : 1
Num of tasks    : 1
Hosts allocated : gold54
Job Output Follows ...
===============================================================================
==============================================================================
Running epilogue script on gold54.

Submit time  : 2024-05-13T13:10:28
Start time   : 2024-05-13T13:11:09
End time     : 2024-05-13T13:41:16
Elapsed time : 00:30:07 (Timelimit=2-11:55:00)

Job ID: 5983999
Array Job ID: 5983925_1
Cluster: i5
User/Group: sy6u19/mm
State: COMPLETED (exit code 0)
Cores: 1
CPU Utilized: 00:27:18
CPU Efficiency: 90.65% of 00:30:07 core-walltime
Job Wall-clock time: 00:30:07
Memory Utilized: 1.05 GB
Memory Efficiency: 13.50% of 7.81 GB

==============================================================================
Running epilogue script on gold54.

Submit time  : 2024-05-13T13:10:28
Start time   : 2024-05-13T13:11:09
End time     : 2024-05-13T13:41:39
Elapsed time : 00:30:30 (Timelimit=2-11:55:00)

Job ID: 5984000
Array Job ID: 5983925_2
Cluster: i5
User/Group: sy6u19/mm
State: COMPLETED (exit code 0)
Cores: 1
CPU Utilized: 00:27:38
CPU Efficiency: 90.60% of 00:30:30 core-walltime
Job Wall-clock time: 00:30:30
Memory Utilized: 1.05 GB
Memory Efficiency: 13.47% of 7.81 GB

==============================================================================
Running epilogue script on gold57.

Submit time  : 2024-05-13T13:10:28
Start time   : 2024-05-13T13:11:09
End time     : 2024-05-13T13:42:10
Elapsed time : 00:31:01 (Timelimit=2-11:55:00)

Job ID: 5984002
Array Job ID: 5983925_4
Cluster: i5
User/Group: sy6u19/mm
State: COMPLETED (exit code 0)
Cores: 1
CPU Utilized: 00:27:20
CPU Efficiency: 88.12% of 00:31:01 core-walltime
Job Wall-clock time: 00:31:01
Memory Utilized: 1.07 GB
Memory Efficiency: 13.70% of 7.81 GB

==============================================================================
Running epilogue script on gold55.

Submit time  : 2024-05-13T13:10:28
Start time   : 2024-05-13T13:11:09
End time     : 2024-05-13T13:43:58
Elapsed time : 00:32:49 (Timelimit=2-11:55:00)

Job ID: 5984001
Array Job ID: 5983925_3
Cluster: i5
User/Group: sy6u19/mm
State: COMPLETED (exit code 0)
Cores: 1
CPU Utilized: 00:28:38
CPU Efficiency: 87.25% of 00:32:49 core-walltime
Job Wall-clock time: 00:32:49
Memory Utilized: 1.04 GB
Memory Efficiency: 13.38% of 7.81 GB

==============================================================================
Running epilogue script on gold59.

Submit time  : 2024-05-13T13:10:28
Start time   : 2024-05-13T13:13:09
End time     : 2024-05-13T13:44:55
Elapsed time : 00:31:46 (Timelimit=2-11:55:00)

Job ID: 5984006
Array Job ID: 5983925_5
Cluster: i5
User/Group: sy6u19/mm
State: COMPLETED (exit code 0)
Cores: 1
CPU Utilized: 00:27:44
CPU Efficiency: 87.30% of 00:31:46 core-walltime
Job Wall-clock time: 00:31:46
Memory Utilized: 1.08 GB
Memory Efficiency: 13.81% of 7.81 GB

