Running SLURM prolog script on gold54.cluster.local
===============================================================================
Job started on Mon May 13 14:01:24 BST 2024
Job ID          : 5984121
Job name        : cmpso-UF.slurm
WorkDir         : /mainfs/home/sy6u19/cmlsga-jmetalpy/corrections/slurm
Command         : /mainfs/home/sy6u19/cmlsga-jmetalpy/corrections/slurm/cmpso-UF.slurm
Partition       : serial
Num hosts       : 1
Num cores       : 1
Num of tasks    : 1
Hosts allocated : gold54
Job Output Follows ...
===============================================================================
Running SLURM prolog script on gold54.cluster.local
===============================================================================
Job started on Mon May 13 14:01:24 BST 2024
Job ID          : 5983931
Job name        : cmpso-UF.slurm
WorkDir         : /mainfs/home/sy6u19/cmlsga-jmetalpy/corrections/slurm
Command         : /mainfs/home/sy6u19/cmlsga-jmetalpy/corrections/slurm/cmpso-UF.slurm
Partition       : serial
Num hosts       : 1
Num cores       : 1
Num of tasks    : 1
Hosts allocated : gold54
Job Output Follows ...
===============================================================================
Running SLURM prolog script on gold54.cluster.local
===============================================================================
Job started on Mon May 13 14:01:24 BST 2024
Job ID          : 5984122
Job name        : cmpso-UF.slurm
WorkDir         : /mainfs/home/sy6u19/cmlsga-jmetalpy/corrections/slurm
Command         : /mainfs/home/sy6u19/cmlsga-jmetalpy/corrections/slurm/cmpso-UF.slurm
Partition       : serial
Num hosts       : 1
Num cores       : 1
Num of tasks    : 1
Hosts allocated : gold54
Job Output Follows ...
===============================================================================
Running SLURM prolog script on gold54.cluster.local
===============================================================================
Job started on Mon May 13 14:01:24 BST 2024
Job ID          : 5984123
Job name        : cmpso-UF.slurm
WorkDir         : /mainfs/home/sy6u19/cmlsga-jmetalpy/corrections/slurm
Command         : /mainfs/home/sy6u19/cmlsga-jmetalpy/corrections/slurm/cmpso-UF.slurm
Partition       : serial
Num hosts       : 1
Num cores       : 1
Num of tasks    : 1
Hosts allocated : gold54
Job Output Follows ...
===============================================================================
Running SLURM prolog script on gold54.cluster.local
===============================================================================
Job started on Mon May 13 14:01:24 BST 2024
Job ID          : 5984120
Job name        : cmpso-UF.slurm
WorkDir         : /mainfs/home/sy6u19/cmlsga-jmetalpy/corrections/slurm
Command         : /mainfs/home/sy6u19/cmlsga-jmetalpy/corrections/slurm/cmpso-UF.slurm
Partition       : serial
Num hosts       : 1
Num cores       : 1
Num of tasks    : 1
Hosts allocated : gold54
Job Output Follows ...
===============================================================================
==============================================================================
Running epilogue script on gold54.

Submit time  : 2024-05-13T13:10:28
Start time   : 2024-05-13T13:49:20
End time     : 2024-05-13T14:14:40
Elapsed time : 00:25:20 (Timelimit=2-11:55:00)

Job ID: 5984108
Array Job ID: 5983931_1
Cluster: i5
User/Group: sy6u19/mm
State: COMPLETED (exit code 0)
Cores: 1
CPU Utilized: 00:24:10
CPU Efficiency: 95.39% of 00:25:20 core-walltime
Job Wall-clock time: 00:25:20
Memory Utilized: 1.05 GB
Memory Efficiency: 13.44% of 7.81 GB

==============================================================================
Running epilogue script on gold54.

Submit time  : 2024-05-13T13:10:28
Start time   : 2024-05-13T13:57:23
End time     : 2024-05-13T14:23:48
Elapsed time : 00:26:25 (Timelimit=2-11:55:00)

Job ID: 5984113
Array Job ID: 5983931_3
Cluster: i5
User/Group: sy6u19/mm
State: COMPLETED (exit code 0)
Cores: 1
CPU Utilized: 00:25:12
CPU Efficiency: 95.39% of 00:26:25 core-walltime
Job Wall-clock time: 00:26:25
Memory Utilized: 1.04 GB
Memory Efficiency: 13.30% of 7.81 GB

==============================================================================
Running epilogue script on gold54.

Submit time  : 2024-05-13T13:10:28
Start time   : 2024-05-13T14:01:24
End time     : 2024-05-13T14:25:53
Elapsed time : 00:24:29 (Timelimit=2-11:55:00)

Job ID: 5984120
Array Job ID: 5983931_5
Cluster: i5
User/Group: sy6u19/mm
State: COMPLETED (exit code 0)
Cores: 1
CPU Utilized: 00:23:11
CPU Efficiency: 94.69% of 00:24:29 core-walltime
Job Wall-clock time: 00:24:29
Memory Utilized: 1.05 GB
Memory Efficiency: 13.43% of 7.81 GB

==============================================================================
Running epilogue script on gold54.

Submit time  : 2024-05-13T13:10:28
Start time   : 2024-05-13T14:01:24
End time     : 2024-05-13T14:27:21
Elapsed time : 00:25:57 (Timelimit=2-11:55:00)

Job ID: 5984122
Array Job ID: 5983931_7
Cluster: i5
User/Group: sy6u19/mm
State: COMPLETED (exit code 0)
Cores: 1
CPU Utilized: 00:24:37
CPU Efficiency: 94.86% of 00:25:57 core-walltime
Job Wall-clock time: 00:25:57
Memory Utilized: 1.05 GB
Memory Efficiency: 13.41% of 7.81 GB

==============================================================================
Running epilogue script on gold54.

Submit time  : 2024-05-13T13:10:28
Start time   : 2024-05-13T14:01:24
End time     : 2024-05-13T14:27:47
Elapsed time : 00:26:23 (Timelimit=2-11:55:00)

Job ID: 5984121
Array Job ID: 5983931_6
Cluster: i5
User/Group: sy6u19/mm
State: COMPLETED (exit code 0)
Cores: 1
CPU Utilized: 00:25:07
CPU Efficiency: 95.20% of 00:26:23 core-walltime
Job Wall-clock time: 00:26:23
Memory Utilized: 1.06 GB
Memory Efficiency: 13.54% of 7.81 GB

==============================================================================
Running epilogue script on gold54.

Submit time  : 2024-05-13T13:10:28
Start time   : 2024-05-13T13:57:23
End time     : 2024-05-13T14:58:19
Elapsed time : 01:00:56 (Timelimit=2-11:55:00)

Job ID: 5984114
Array Job ID: 5983931_4
Cluster: i5
User/Group: sy6u19/mm
State: COMPLETED (exit code 0)
Cores: 1
CPU Utilized: 00:59:37
CPU Efficiency: 97.84% of 01:00:56 core-walltime
Job Wall-clock time: 01:00:56
Memory Utilized: 1.05 GB
Memory Efficiency: 13.50% of 7.81 GB

==============================================================================
Running epilogue script on gold54.

Submit time  : 2024-05-13T13:10:28
Start time   : 2024-05-13T13:55:22
End time     : 2024-05-13T17:10:15
Elapsed time : 03:14:53 (Timelimit=2-11:55:00)

Job ID: 5984111
Array Job ID: 5983931_2
Cluster: i5
User/Group: sy6u19/mm
State: COMPLETED (exit code 0)
Cores: 1
CPU Utilized: 03:13:14
CPU Efficiency: 99.15% of 03:14:53 core-walltime
Job Wall-clock time: 03:14:53
Memory Utilized: 1.05 GB
Memory Efficiency: 13.50% of 7.81 GB

==============================================================================
Running epilogue script on gold54.

Submit time  : 2024-05-13T13:10:28
Start time   : 2024-05-13T14:01:24
End time     : 2024-05-13T19:21:10
Elapsed time : 05:19:46 (Timelimit=2-11:55:00)

Job ID: 5984123
Array Job ID: 5983931_8
Cluster: i5
User/Group: sy6u19/mm
State: COMPLETED (exit code 0)
Cores: 1
CPU Utilized: 05:17:41
CPU Efficiency: 99.35% of 05:19:46 core-walltime
Job Wall-clock time: 05:19:46
Memory Utilized: 1.08 GB
Memory Efficiency: 13.81% of 7.81 GB

