Running SLURM prolog script on gold54.cluster.local
===============================================================================
Job started on Mon May 13 13:15:11 BST 2024
Job ID          : 5984013
Job name        : cmpso-DASCMOP-7.slurm
WorkDir         : /mainfs/home/sy6u19/cmlsga-jmetalpy/corrections/slurm
Command         : /mainfs/home/sy6u19/cmlsga-jmetalpy/corrections/slurm/cmpso-DASCMOP-7.slurm
Partition       : serial
Num hosts       : 1
Num cores       : 1
Num of tasks    : 1
Hosts allocated : gold54
Job Output Follows ...
===============================================================================
Running SLURM prolog script on gold54.cluster.local
===============================================================================
Job started on Mon May 13 13:15:11 BST 2024
Job ID          : 5983926
Job name        : cmpso-DASCMOP-7.slurm
WorkDir         : /mainfs/home/sy6u19/cmlsga-jmetalpy/corrections/slurm
Command         : /mainfs/home/sy6u19/cmlsga-jmetalpy/corrections/slurm/cmpso-DASCMOP-7.slurm
Partition       : serial
Num hosts       : 1
Num cores       : 1
Num of tasks    : 1
Hosts allocated : gold54
Job Output Follows ...
===============================================================================
==============================================================================
Running epilogue script on gold54.

Submit time  : 2024-05-13T13:10:28
Start time   : 2024-05-13T13:15:10
End time     : 2024-05-13T13:42:57
Elapsed time : 00:27:47 (Timelimit=2-11:55:00)

Job ID: 5984011
Array Job ID: 5983926_2
Cluster: i5
User/Group: sy6u19/mm
State: COMPLETED (exit code 0)
Cores: 1
CPU Utilized: 00:26:57
CPU Efficiency: 97.00% of 00:27:47 core-walltime
Job Wall-clock time: 00:27:47
Memory Utilized: 1.07 GB
Memory Efficiency: 13.65% of 7.81 GB

==============================================================================
Running epilogue script on gold54.

Submit time  : 2024-05-13T13:10:28
Start time   : 2024-05-13T13:15:10
End time     : 2024-05-13T13:43:14
Elapsed time : 00:28:04 (Timelimit=2-11:55:00)

Job ID: 5984010
Array Job ID: 5983926_1
Cluster: i5
User/Group: sy6u19/mm
State: COMPLETED (exit code 0)
Cores: 1
CPU Utilized: 00:27:15
CPU Efficiency: 97.09% of 00:28:04 core-walltime
Job Wall-clock time: 00:28:04
Memory Utilized: 1.06 GB
Memory Efficiency: 13.53% of 7.81 GB

==============================================================================
Running epilogue script on gold54.

Submit time  : 2024-05-13T13:10:28
Start time   : 2024-05-13T13:15:10
End time     : 2024-05-13T13:44:33
Elapsed time : 00:29:23 (Timelimit=2-11:55:00)

Job ID: 5984012
Array Job ID: 5983926_3
Cluster: i5
User/Group: sy6u19/mm
State: COMPLETED (exit code 0)
Cores: 1
CPU Utilized: 00:28:34
CPU Efficiency: 97.22% of 00:29:23 core-walltime
Job Wall-clock time: 00:29:23
Memory Utilized: 1.05 GB
Memory Efficiency: 13.46% of 7.81 GB

==============================================================================
Running epilogue script on gold54.

Submit time  : 2024-05-13T13:10:28
Start time   : 2024-05-13T13:15:10
End time     : 2024-05-13T14:30:52
Elapsed time : 01:15:42 (Timelimit=2-11:55:00)

Job ID: 5984013
Array Job ID: 5983926_4
Cluster: i5
User/Group: sy6u19/mm
State: COMPLETED (exit code 0)
Cores: 1
CPU Utilized: 01:14:30
CPU Efficiency: 98.41% of 01:15:42 core-walltime
Job Wall-clock time: 01:15:42
Memory Utilized: 1.07 GB
Memory Efficiency: 13.75% of 7.81 GB

==============================================================================
Running epilogue script on gold54.

Submit time  : 2024-05-13T13:10:28
Start time   : 2024-05-13T13:15:10
End time     : 2024-05-13T15:08:18
Elapsed time : 01:53:08 (Timelimit=2-11:55:00)

Job ID: 5984014
Array Job ID: 5983926_5
Cluster: i5
User/Group: sy6u19/mm
State: COMPLETED (exit code 0)
Cores: 1
CPU Utilized: 01:51:56
CPU Efficiency: 98.94% of 01:53:08 core-walltime
Job Wall-clock time: 01:53:08
Memory Utilized: 1.07 GB
Memory Efficiency: 13.70% of 7.81 GB

