Running SLURM prolog script on gold52.cluster.local
===============================================================================
Job started on Wed Aug 14 03:43:23 BST 2024
Job ID          : 6443310
Job name        : heia-DASCMOP-5.slurm
WorkDir         : /mainfs/home/sy6u19/cmlsga-jmetalpy/corrections/slurm
Command         : /mainfs/home/sy6u19/cmlsga-jmetalpy/corrections/slurm/heia-DASCMOP-5.slurm
Partition       : serial
Num hosts       : 1
Num cores       : 1
Num of tasks    : 1
Hosts allocated : gold52
Job Output Follows ...
===============================================================================
Running SLURM prolog script on gold52.cluster.local
===============================================================================
Job started on Wed Aug 14 03:43:23 BST 2024
Job ID          : 6443312
Job name        : heia-DASCMOP-5.slurm
WorkDir         : /mainfs/home/sy6u19/cmlsga-jmetalpy/corrections/slurm
Command         : /mainfs/home/sy6u19/cmlsga-jmetalpy/corrections/slurm/heia-DASCMOP-5.slurm
Partition       : serial
Num hosts       : 1
Num cores       : 1
Num of tasks    : 1
Hosts allocated : gold52
Job Output Follows ...
===============================================================================
Running SLURM prolog script on gold52.cluster.local
===============================================================================
Job started on Wed Aug 14 03:43:23 BST 2024
Job ID          : 6443309
Job name        : heia-DASCMOP-5.slurm
WorkDir         : /mainfs/home/sy6u19/cmlsga-jmetalpy/corrections/slurm
Command         : /mainfs/home/sy6u19/cmlsga-jmetalpy/corrections/slurm/heia-DASCMOP-5.slurm
Partition       : serial
Num hosts       : 1
Num cores       : 1
Num of tasks    : 1
Hosts allocated : gold52
Job Output Follows ...
===============================================================================
Running SLURM prolog script on gold52.cluster.local
===============================================================================
Job started on Wed Aug 14 03:43:23 BST 2024
Job ID          : 6443311
Job name        : heia-DASCMOP-5.slurm
WorkDir         : /mainfs/home/sy6u19/cmlsga-jmetalpy/corrections/slurm
Command         : /mainfs/home/sy6u19/cmlsga-jmetalpy/corrections/slurm/heia-DASCMOP-5.slurm
Partition       : serial
Num hosts       : 1
Num cores       : 1
Num of tasks    : 1
Hosts allocated : gold52
Job Output Follows ...
===============================================================================
Running SLURM prolog script on gold52.cluster.local
===============================================================================
Job started on Wed Aug 14 03:43:23 BST 2024
Job ID          : 6443308
Job name        : heia-DASCMOP-5.slurm
WorkDir         : /mainfs/home/sy6u19/cmlsga-jmetalpy/corrections/slurm
Command         : /mainfs/home/sy6u19/cmlsga-jmetalpy/corrections/slurm/heia-DASCMOP-5.slurm
Partition       : serial
Num hosts       : 1
Num cores       : 1
Num of tasks    : 1
Hosts allocated : gold52
Job Output Follows ...
===============================================================================
Running SLURM prolog script on gold52.cluster.local
===============================================================================
Job started on Wed Aug 14 03:43:23 BST 2024
Job ID          : 6443298
Job name        : heia-DASCMOP-5.slurm
WorkDir         : /mainfs/home/sy6u19/cmlsga-jmetalpy/corrections/slurm
Command         : /mainfs/home/sy6u19/cmlsga-jmetalpy/corrections/slurm/heia-DASCMOP-5.slurm
Partition       : serial
Num hosts       : 1
Num cores       : 1
Num of tasks    : 1
Hosts allocated : gold52
Job Output Follows ...
===============================================================================
==============================================================================
Running epilogue script on gold52.

Submit time  : 2024-08-14T03:42:28
Start time   : 2024-08-14T03:43:23
End time     : 2024-08-14T04:10:28
Elapsed time : 00:27:05 (Timelimit=1-23:55:00)

Job ID: 6443308
Array Job ID: 6443298_1
Cluster: i5
User/Group: sy6u19/mm
State: COMPLETED (exit code 0)
Cores: 1
CPU Utilized: 00:26:06
CPU Efficiency: 96.37% of 00:27:05 core-walltime
Job Wall-clock time: 00:27:05
Memory Utilized: 1.04 GB
Memory Efficiency: 13.27% of 7.81 GB

==============================================================================
Running epilogue script on gold52.

Submit time  : 2024-08-14T03:42:28
Start time   : 2024-08-14T03:43:23
End time     : 2024-08-14T04:10:51
Elapsed time : 00:27:28 (Timelimit=1-23:55:00)

Job ID: 6443309
Array Job ID: 6443298_2
Cluster: i5
User/Group: sy6u19/mm
State: COMPLETED (exit code 0)
Cores: 1
CPU Utilized: 00:26:32
CPU Efficiency: 96.60% of 00:27:28 core-walltime
Job Wall-clock time: 00:27:28
Memory Utilized: 1.02 GB
Memory Efficiency: 13.05% of 7.81 GB

==============================================================================
Running epilogue script on gold52.

Submit time  : 2024-08-14T03:42:28
Start time   : 2024-08-14T03:43:23
End time     : 2024-08-14T04:11:06
Elapsed time : 00:27:43 (Timelimit=1-23:55:00)

Job ID: 6443312
Array Job ID: 6443298_5
Cluster: i5
User/Group: sy6u19/mm
State: COMPLETED (exit code 0)
Cores: 1
CPU Utilized: 00:26:47
CPU Efficiency: 96.63% of 00:27:43 core-walltime
Job Wall-clock time: 00:27:43
Memory Utilized: 1.03 GB
Memory Efficiency: 13.18% of 7.81 GB

==============================================================================
Running epilogue script on gold52.

Submit time  : 2024-08-14T03:42:28
Start time   : 2024-08-14T03:43:23
End time     : 2024-08-14T04:11:09
Elapsed time : 00:27:46 (Timelimit=1-23:55:00)

Job ID: 6443311
Array Job ID: 6443298_4
Cluster: i5
User/Group: sy6u19/mm
State: COMPLETED (exit code 0)
Cores: 1
CPU Utilized: 00:26:50
CPU Efficiency: 96.64% of 00:27:46 core-walltime
Job Wall-clock time: 00:27:46
Memory Utilized: 1.03 GB
Memory Efficiency: 13.21% of 7.81 GB

==============================================================================
Running epilogue script on gold52.

Submit time  : 2024-08-14T03:42:28
Start time   : 2024-08-14T03:43:23
End time     : 2024-08-14T04:12:06
Elapsed time : 00:28:43 (Timelimit=1-23:55:00)

Job ID: 6443310
Array Job ID: 6443298_3
Cluster: i5
User/Group: sy6u19/mm
State: COMPLETED (exit code 0)
Cores: 1
CPU Utilized: 00:27:48
CPU Efficiency: 96.81% of 00:28:43 core-walltime
Job Wall-clock time: 00:28:43
Memory Utilized: 1.03 GB
Memory Efficiency: 13.23% of 7.81 GB

