Running SLURM prolog script on gold54.cluster.local
===============================================================================
Job started on Wed Aug 14 03:43:24 BST 2024
Job ID          : 6443328
Job name        : heia-DTLZ.slurm
WorkDir         : /mainfs/home/sy6u19/cmlsga-jmetalpy/corrections/slurm
Command         : /mainfs/home/sy6u19/cmlsga-jmetalpy/corrections/slurm/heia-DTLZ.slurm
Partition       : serial
Num hosts       : 1
Num cores       : 1
Num of tasks    : 1
Hosts allocated : gold54
Job Output Follows ...
===============================================================================
==============================================================================
Running epilogue script on gold54.

Submit time  : 2024-08-14T03:42:28
Start time   : 2024-08-14T03:43:23
End time     : 2024-08-14T04:12:00
Elapsed time : 00:28:37 (Timelimit=1-23:55:00)

Job ID: 6443325
Array Job ID: 6443301_3
Cluster: i5
User/Group: sy6u19/mm
State: COMPLETED (exit code 0)
Cores: 1
CPU Utilized: 00:27:36
CPU Efficiency: 96.45% of 00:28:37 core-walltime
Job Wall-clock time: 00:28:37
Memory Utilized: 1.03 GB
Memory Efficiency: 13.24% of 7.81 GB

==============================================================================
Running epilogue script on gold54.

Submit time  : 2024-08-14T03:42:28
Start time   : 2024-08-14T03:43:23
End time     : 2024-08-14T04:17:00
Elapsed time : 00:33:37 (Timelimit=1-23:55:00)

Job ID: 6443323
Array Job ID: 6443301_1
Cluster: i5
User/Group: sy6u19/mm
State: COMPLETED (exit code 0)
Cores: 1
CPU Utilized: 00:32:35
CPU Efficiency: 96.93% of 00:33:37 core-walltime
Job Wall-clock time: 00:33:37
Memory Utilized: 1.05 GB
Memory Efficiency: 13.40% of 7.81 GB

==============================================================================
Running epilogue script on gold54.

Submit time  : 2024-08-14T03:42:28
Start time   : 2024-08-14T03:43:23
End time     : 2024-08-14T04:28:26
Elapsed time : 00:45:03 (Timelimit=1-23:55:00)

Job ID: 6443328
Array Job ID: 6443301_6
Cluster: i5
User/Group: sy6u19/mm
State: COMPLETED (exit code 0)
Cores: 1
CPU Utilized: 00:43:48
CPU Efficiency: 97.23% of 00:45:03 core-walltime
Job Wall-clock time: 00:45:03
Memory Utilized: 1.06 GB
Memory Efficiency: 13.52% of 7.81 GB

==============================================================================
Running epilogue script on gold54.

Submit time  : 2024-08-14T03:42:28
Start time   : 2024-08-14T03:43:23
End time     : 2024-08-14T05:25:08
Elapsed time : 01:41:45 (Timelimit=1-23:55:00)

Job ID: 6443327
Array Job ID: 6443301_5
Cluster: i5
User/Group: sy6u19/mm
State: COMPLETED (exit code 0)
Cores: 1
CPU Utilized: 01:40:37
CPU Efficiency: 98.89% of 01:41:45 core-walltime
Job Wall-clock time: 01:41:45
Memory Utilized: 1.08 GB
Memory Efficiency: 13.87% of 7.81 GB

==============================================================================
Running epilogue script on gold54.

Submit time  : 2024-08-14T03:42:28
Start time   : 2024-08-14T03:43:23
End time     : 2024-08-14T08:27:59
Elapsed time : 04:44:36 (Timelimit=1-23:55:00)

Job ID: 6443326
Array Job ID: 6443301_4
Cluster: i5
User/Group: sy6u19/mm
State: COMPLETED (exit code 0)
Cores: 1
CPU Utilized: 04:43:08
CPU Efficiency: 99.48% of 04:44:36 core-walltime
Job Wall-clock time: 04:44:36
Memory Utilized: 1.21 GB
Memory Efficiency: 15.52% of 7.81 GB

==============================================================================
Running epilogue script on gold54.

Submit time  : 2024-08-14T03:42:28
Start time   : 2024-08-14T03:43:23
End time     : 2024-08-14T09:42:54
Elapsed time : 05:59:31 (Timelimit=1-23:55:00)

Job ID: 6443324
Array Job ID: 6443301_2
Cluster: i5
User/Group: sy6u19/mm
State: COMPLETED (exit code 0)
Cores: 1
CPU Utilized: 05:57:57
CPU Efficiency: 99.56% of 05:59:31 core-walltime
Job Wall-clock time: 05:59:31
Memory Utilized: 1.24 GB
Memory Efficiency: 15.82% of 7.81 GB

