Running SLURM prolog script on gold53.cluster.local
===============================================================================
Job started on Wed Aug 14 04:41:23 BST 2024
Job ID          : 6443307
Job name        : heia-ZDT.slurm
WorkDir         : /mainfs/home/sy6u19/cmlsga-jmetalpy/corrections/slurm
Command         : /mainfs/home/sy6u19/cmlsga-jmetalpy/corrections/slurm/heia-ZDT.slurm
Partition       : serial
Num hosts       : 1
Num cores       : 1
Num of tasks    : 1
Hosts allocated : gold53
Job Output Follows ...
===============================================================================
==============================================================================
Running epilogue script on gold54.

Submit time  : 2024-08-14T03:42:28
Start time   : 2024-08-14T04:40:19
End time     : 2024-08-14T04:57:53
Elapsed time : 00:17:34 (Timelimit=1-23:55:00)

Job ID: 6443387
Array Job ID: 6443307_4
Cluster: i5
User/Group: sy6u19/mm
State: COMPLETED (exit code 0)
Cores: 1
CPU Utilized: 00:15:54
CPU Efficiency: 90.51% of 00:17:34 core-walltime
Job Wall-clock time: 00:17:34
Memory Utilized: 1.03 GB
Memory Efficiency: 13.23% of 7.81 GB

==============================================================================
Running epilogue script on gold55.

Submit time  : 2024-08-14T03:42:28
Start time   : 2024-08-14T04:38:19
End time     : 2024-08-14T05:11:38
Elapsed time : 00:33:19 (Timelimit=1-23:55:00)

Job ID: 6443385
Array Job ID: 6443307_2
Cluster: i5
User/Group: sy6u19/mm
State: COMPLETED (exit code 0)
Cores: 1
CPU Utilized: 00:30:39
CPU Efficiency: 92.00% of 00:33:19 core-walltime
Job Wall-clock time: 00:33:19
Memory Utilized: 1.05 GB
Memory Efficiency: 13.41% of 7.81 GB

==============================================================================
Running epilogue script on gold52.

Submit time  : 2024-08-14T03:42:28
Start time   : 2024-08-14T04:30:18
End time     : 2024-08-14T05:23:55
Elapsed time : 00:53:37 (Timelimit=1-23:55:00)

Job ID: 6443383
Array Job ID: 6443307_1
Cluster: i5
User/Group: sy6u19/mm
State: COMPLETED (exit code 0)
Cores: 1
CPU Utilized: 00:50:43
CPU Efficiency: 94.59% of 00:53:37 core-walltime
Job Wall-clock time: 00:53:37
Memory Utilized: 1.09 GB
Memory Efficiency: 14.00% of 7.81 GB

==============================================================================
Running epilogue script on gold53.

Submit time  : 2024-08-14T03:42:28
Start time   : 2024-08-14T04:40:19
End time     : 2024-08-14T05:48:52
Elapsed time : 01:08:33 (Timelimit=1-23:55:00)

Job ID: 6443386
Array Job ID: 6443307_3
Cluster: i5
User/Group: sy6u19/mm
State: COMPLETED (exit code 0)
Cores: 1
CPU Utilized: 01:06:03
CPU Efficiency: 96.35% of 01:08:33 core-walltime
Job Wall-clock time: 01:08:33
Memory Utilized: 1.07 GB
Memory Efficiency: 13.74% of 7.81 GB

