Running SLURM prolog script on gold52.cluster.local
===============================================================================
Job started on Wed Aug 14 04:11:24 BST 2024
Job ID          : 6443303
Job name        : heia-LZ09_F.slurm
WorkDir         : /mainfs/home/sy6u19/cmlsga-jmetalpy/corrections/slurm
Command         : /mainfs/home/sy6u19/cmlsga-jmetalpy/corrections/slurm/heia-LZ09_F.slurm
Partition       : serial
Num hosts       : 1
Num cores       : 1
Num of tasks    : 1
Hosts allocated : gold52
Job Output Follows ...
===============================================================================
Running SLURM prolog script on gold52.cluster.local
===============================================================================
Job started on Wed Aug 14 04:11:24 BST 2024
Job ID          : 6443353
Job name        : heia-LZ09_F.slurm
WorkDir         : /mainfs/home/sy6u19/cmlsga-jmetalpy/corrections/slurm
Command         : /mainfs/home/sy6u19/cmlsga-jmetalpy/corrections/slurm/heia-LZ09_F.slurm
Partition       : serial
Num hosts       : 1
Num cores       : 1
Num of tasks    : 1
Hosts allocated : gold52
Job Output Follows ...
===============================================================================
==============================================================================
Running epilogue script on gold54.

Submit time  : 2024-08-14T03:42:28
Start time   : 2024-08-14T03:45:24
End time     : 2024-08-14T04:16:43
Elapsed time : 00:31:19 (Timelimit=1-23:55:00)

Job ID: 6443344
Array Job ID: 6443303_1
Cluster: i5
User/Group: sy6u19/mm
State: COMPLETED (exit code 0)
Cores: 1
CPU Utilized: 00:29:56
CPU Efficiency: 95.58% of 00:31:19 core-walltime
Job Wall-clock time: 00:31:19
Memory Utilized: 1.04 GB
Memory Efficiency: 13.35% of 7.81 GB

==============================================================================
Running epilogue script on gold54.

Submit time  : 2024-08-14T03:42:28
Start time   : 2024-08-14T04:09:23
End time     : 2024-08-14T04:28:51
Elapsed time : 00:19:28 (Timelimit=1-23:55:00)

Job ID: 6443352
Array Job ID: 6443303_7
Cluster: i5
User/Group: sy6u19/mm
State: COMPLETED (exit code 0)
Cores: 1
CPU Utilized: 00:18:03
CPU Efficiency: 92.72% of 00:19:28 core-walltime
Job Wall-clock time: 00:19:28
Memory Utilized: 1.04 GB
Memory Efficiency: 13.36% of 7.81 GB

==============================================================================
Running epilogue script on gold52.

Submit time  : 2024-08-14T03:42:28
Start time   : 2024-08-14T04:11:23
End time     : 2024-08-14T04:29:17
Elapsed time : 00:17:54 (Timelimit=1-23:55:00)

Job ID: 6443353
Array Job ID: 6443303_8
Cluster: i5
User/Group: sy6u19/mm
State: COMPLETED (exit code 0)
Cores: 1
CPU Utilized: 00:16:12
CPU Efficiency: 90.50% of 00:17:54 core-walltime
Job Wall-clock time: 00:17:54
Memory Utilized: 1.03 GB
Memory Efficiency: 13.21% of 7.81 GB

==============================================================================
Running epilogue script on gold55.

Submit time  : 2024-08-14T03:42:28
Start time   : 2024-08-14T03:58:13
End time     : 2024-08-14T04:39:49
Elapsed time : 00:41:36 (Timelimit=1-23:55:00)

Job ID: 6443349
Array Job ID: 6443303_4
Cluster: i5
User/Group: sy6u19/mm
State: COMPLETED (exit code 0)
Cores: 1
CPU Utilized: 00:39:18
CPU Efficiency: 94.47% of 00:41:36 core-walltime
Job Wall-clock time: 00:41:36
Memory Utilized: 1.05 GB
Memory Efficiency: 13.47% of 7.81 GB

==============================================================================
Running epilogue script on gold55.

Submit time  : 2024-08-14T03:42:28
Start time   : 2024-08-14T03:58:13
End time     : 2024-08-14T04:40:57
Elapsed time : 00:42:44 (Timelimit=1-23:55:00)

Job ID: 6443348
Array Job ID: 6443303_3
Cluster: i5
User/Group: sy6u19/mm
State: COMPLETED (exit code 0)
Cores: 1
CPU Utilized: 00:40:26
CPU Efficiency: 94.62% of 00:42:44 core-walltime
Job Wall-clock time: 00:42:44
Memory Utilized: 1.05 GB
Memory Efficiency: 13.45% of 7.81 GB

==============================================================================
Running epilogue script on gold54.

Submit time  : 2024-08-14T03:42:28
Start time   : 2024-08-14T03:57:23
End time     : 2024-08-14T04:43:44
Elapsed time : 00:46:21 (Timelimit=1-23:55:00)

Job ID: 6443347
Array Job ID: 6443303_2
Cluster: i5
User/Group: sy6u19/mm
State: COMPLETED (exit code 0)
Cores: 1
CPU Utilized: 00:44:14
CPU Efficiency: 95.43% of 00:46:21 core-walltime
Job Wall-clock time: 00:46:21
Memory Utilized: 1.06 GB
Memory Efficiency: 13.56% of 7.81 GB

==============================================================================
Running epilogue script on gold54.

Submit time  : 2024-08-14T03:42:28
Start time   : 2024-08-14T04:09:23
End time     : 2024-08-14T04:47:45
Elapsed time : 00:38:22 (Timelimit=1-23:55:00)

Job ID: 6443351
Array Job ID: 6443303_6
Cluster: i5
User/Group: sy6u19/mm
State: COMPLETED (exit code 0)
Cores: 1
CPU Utilized: 00:36:40
CPU Efficiency: 95.57% of 00:38:22 core-walltime
Job Wall-clock time: 00:38:22
Memory Utilized: 1.05 GB
Memory Efficiency: 13.42% of 7.81 GB

==============================================================================
Running epilogue script on gold54.

Submit time  : 2024-08-14T03:42:28
Start time   : 2024-08-14T04:05:23
End time     : 2024-08-14T04:47:47
Elapsed time : 00:42:24 (Timelimit=1-23:55:00)

Job ID: 6443350
Array Job ID: 6443303_5
Cluster: i5
User/Group: sy6u19/mm
State: COMPLETED (exit code 0)
Cores: 1
CPU Utilized: 00:40:32
CPU Efficiency: 95.60% of 00:42:24 core-walltime
Job Wall-clock time: 00:42:24
Memory Utilized: 1.06 GB
Memory Efficiency: 13.53% of 7.81 GB

==============================================================================
Running epilogue script on gold52.

Submit time  : 2024-08-14T03:42:28
Start time   : 2024-08-14T04:11:23
End time     : 2024-08-14T04:57:11
Elapsed time : 00:45:48 (Timelimit=1-23:55:00)

Job ID: 6443303
Array Job ID: 6443303_9
Cluster: i5
User/Group: sy6u19/mm
State: COMPLETED (exit code 0)
Cores: 1
CPU Utilized: 00:43:43
CPU Efficiency: 95.45% of 00:45:48 core-walltime
Job Wall-clock time: 00:45:48
Memory Utilized: 1.06 GB
Memory Efficiency: 13.52% of 7.81 GB

