Running SLURM prolog script on gold53.cluster.local
===============================================================================
Job started on Wed Aug 14 03:43:23 BST 2024
Job ID          : 6443319
Job name        : heia-DASCMOP-7.slurm
WorkDir         : /mainfs/home/sy6u19/cmlsga-jmetalpy/corrections/slurm
Command         : /mainfs/home/sy6u19/cmlsga-jmetalpy/corrections/slurm/heia-DASCMOP-7.slurm
Partition       : serial
Num hosts       : 1
Num cores       : 1
Num of tasks    : 1
Hosts allocated : gold53
Job Output Follows ...
===============================================================================
Running SLURM prolog script on gold53.cluster.local
===============================================================================
Job started on Wed Aug 14 03:43:23 BST 2024
Job ID          : 6443318
Job name        : heia-DASCMOP-7.slurm
WorkDir         : /mainfs/home/sy6u19/cmlsga-jmetalpy/corrections/slurm
Command         : /mainfs/home/sy6u19/cmlsga-jmetalpy/corrections/slurm/heia-DASCMOP-7.slurm
Partition       : serial
Num hosts       : 1
Num cores       : 1
Num of tasks    : 1
Hosts allocated : gold53
Job Output Follows ...
===============================================================================
Running SLURM prolog script on gold53.cluster.local
===============================================================================
Job started on Wed Aug 14 03:43:23 BST 2024
Job ID          : 6443320
Job name        : heia-DASCMOP-7.slurm
WorkDir         : /mainfs/home/sy6u19/cmlsga-jmetalpy/corrections/slurm
Command         : /mainfs/home/sy6u19/cmlsga-jmetalpy/corrections/slurm/heia-DASCMOP-7.slurm
Partition       : serial
Num hosts       : 1
Num cores       : 1
Num of tasks    : 1
Hosts allocated : gold53
Job Output Follows ...
===============================================================================
Running SLURM prolog script on gold53.cluster.local
===============================================================================
Job started on Wed Aug 14 03:43:23 BST 2024
Job ID          : 6443322
Job name        : heia-DASCMOP-7.slurm
WorkDir         : /mainfs/home/sy6u19/cmlsga-jmetalpy/corrections/slurm
Command         : /mainfs/home/sy6u19/cmlsga-jmetalpy/corrections/slurm/heia-DASCMOP-7.slurm
Partition       : serial
Num hosts       : 1
Num cores       : 1
Num of tasks    : 1
Hosts allocated : gold53
Job Output Follows ...
===============================================================================
Running SLURM prolog script on gold53.cluster.local
===============================================================================
Job started on Wed Aug 14 03:43:23 BST 2024
Job ID          : 6443321
Job name        : heia-DASCMOP-7.slurm
WorkDir         : /mainfs/home/sy6u19/cmlsga-jmetalpy/corrections/slurm
Command         : /mainfs/home/sy6u19/cmlsga-jmetalpy/corrections/slurm/heia-DASCMOP-7.slurm
Partition       : serial
Num hosts       : 1
Num cores       : 1
Num of tasks    : 1
Hosts allocated : gold53
Job Output Follows ...
===============================================================================
Running SLURM prolog script on gold53.cluster.local
===============================================================================
Job started on Wed Aug 14 03:43:23 BST 2024
Job ID          : 6443300
Job name        : heia-DASCMOP-7.slurm
WorkDir         : /mainfs/home/sy6u19/cmlsga-jmetalpy/corrections/slurm
Command         : /mainfs/home/sy6u19/cmlsga-jmetalpy/corrections/slurm/heia-DASCMOP-7.slurm
Partition       : serial
Num hosts       : 1
Num cores       : 1
Num of tasks    : 1
Hosts allocated : gold53
Job Output Follows ...
===============================================================================
==============================================================================
==============================================================================
Running epilogue script on gold53.
Running epilogue script on gold53.


Submit time  : 2024-08-14T03:42:28
Submit time  : 2024-08-14T03:42:28
Start time   : 2024-08-14T03:43:23
Start time   : 2024-08-14T03:43:23
End time     : 2024-08-14T04:10:42
End time     : 2024-08-14T04:10:42
Elapsed time : 00:27:19 Elapsed time : 00:27:19 (Timelimit=1-23:55:00)

(Timelimit=1-23:55:00)

Job ID: 6443321
Array Job ID: 6443300_4
Cluster: i5
User/Group: sy6u19/mm
State: COMPLETED (exit code 0)
Cores: 1
CPU Utilized: 00:26:53
CPU Efficiency: 98.41% of 00:27:19 core-walltime
Job Wall-clock time: 00:27:19
Memory Utilized: 1.04 GB
Memory Efficiency: 13.30% of 7.81 GB

Job ID: 6443318
Array Job ID: 6443300_1
Cluster: i5
User/Group: sy6u19/mm
State: COMPLETED (exit code 0)
Cores: 1
CPU Utilized: 00:26:53
CPU Efficiency: 98.41% of 00:27:19 core-walltime
Job Wall-clock time: 00:27:19
Memory Utilized: 1.03 GB
Memory Efficiency: 13.15% of 7.81 GB

==============================================================================
Running epilogue script on gold53.

Submit time  : 2024-08-14T03:42:28
Start time   : 2024-08-14T03:43:23
End time     : 2024-08-14T04:11:00
Elapsed time : 00:27:37 (Timelimit=1-23:55:00)

Job ID: 6443319
Array Job ID: 6443300_2
Cluster: i5
User/Group: sy6u19/mm
State: COMPLETED (exit code 0)
Cores: 1
CPU Utilized: 00:27:12
CPU Efficiency: 98.49% of 00:27:37 core-walltime
Job Wall-clock time: 00:27:37
Memory Utilized: 1.04 GB
Memory Efficiency: 13.28% of 7.81 GB

==============================================================================
Running epilogue script on gold53.

Submit time  : 2024-08-14T03:42:28
Start time   : 2024-08-14T03:43:23
End time     : 2024-08-14T04:11:19
Elapsed time : 00:27:56 (Timelimit=1-23:55:00)

Job ID: 6443322
Array Job ID: 6443300_5
Cluster: i5
User/Group: sy6u19/mm
State: COMPLETED (exit code 0)
Cores: 1
CPU Utilized: 00:27:31
CPU Efficiency: 98.51% of 00:27:56 core-walltime
Job Wall-clock time: 00:27:56
Memory Utilized: 1.03 GB
Memory Efficiency: 13.17% of 7.81 GB

==============================================================================
Running epilogue script on gold53.

Submit time  : 2024-08-14T03:42:28
Start time   : 2024-08-14T03:43:23
End time     : 2024-08-14T04:11:44
Elapsed time : 00:28:21 (Timelimit=1-23:55:00)

Job ID: 6443320
Array Job ID: 6443300_3
Cluster: i5
User/Group: sy6u19/mm
State: COMPLETED (exit code 0)
Cores: 1
CPU Utilized: 00:27:56
CPU Efficiency: 98.53% of 00:28:21 core-walltime
Job Wall-clock time: 00:28:21
Memory Utilized: 1.04 GB
Memory Efficiency: 13.30% of 7.81 GB

