Running SLURM prolog script on gold54.cluster.local
===============================================================================
Job started on Wed Aug 14 03:43:24 BST 2024
Job ID          : 6443336
Job name        : heia-IMB.slurm
WorkDir         : /mainfs/home/sy6u19/cmlsga-jmetalpy/corrections/slurm
Command         : /mainfs/home/sy6u19/cmlsga-jmetalpy/corrections/slurm/heia-IMB.slurm
Partition       : serial
Num hosts       : 1
Num cores       : 1
Num of tasks    : 1
Hosts allocated : gold54
Job Output Follows ...
===============================================================================
Running SLURM prolog script on gold54.cluster.local
===============================================================================
Job started on Wed Aug 14 03:43:24 BST 2024
Job ID          : 6443337
Job name        : heia-IMB.slurm
WorkDir         : /mainfs/home/sy6u19/cmlsga-jmetalpy/corrections/slurm
Command         : /mainfs/home/sy6u19/cmlsga-jmetalpy/corrections/slurm/heia-IMB.slurm
Partition       : serial
Num hosts       : 1
Num cores       : 1
Num of tasks    : 1
Hosts allocated : gold54
Job Output Follows ...
===============================================================================
Running SLURM prolog script on gold54.cluster.local
===============================================================================
Job started on Wed Aug 14 03:43:24 BST 2024
Job ID          : 6443339
Job name        : heia-IMB.slurm
WorkDir         : /mainfs/home/sy6u19/cmlsga-jmetalpy/corrections/slurm
Command         : /mainfs/home/sy6u19/cmlsga-jmetalpy/corrections/slurm/heia-IMB.slurm
Partition       : serial
Num hosts       : 1
Num cores       : 1
Num of tasks    : 1
Hosts allocated : gold54
Job Output Follows ...
===============================================================================
==============================================================================
Running epilogue script on gold54.

Submit time  : 2024-08-14T03:42:28
Start time   : 2024-08-14T03:43:23
End time     : 2024-08-14T03:56:49
Elapsed time : 00:13:26 (Timelimit=1-23:55:00)

Job ID: 6443341
Array Job ID: 6443302_13
Cluster: i5
User/Group: sy6u19/mm
State: COMPLETED (exit code 0)
Cores: 1
CPU Utilized: 00:12:38
CPU Efficiency: 94.04% of 00:13:26 core-walltime
Job Wall-clock time: 00:13:26
Memory Utilized: 1.02 GB
Memory Efficiency: 13.06% of 7.81 GB

==============================================================================
Running epilogue script on gold54.

Submit time  : 2024-08-14T03:42:28
Start time   : 2024-08-14T03:43:23
End time     : 2024-08-14T03:58:07
Elapsed time : 00:14:44 (Timelimit=1-23:55:00)

Job ID: 6443340
Array Job ID: 6443302_12
Cluster: i5
User/Group: sy6u19/mm
State: COMPLETED (exit code 0)
Cores: 1
CPU Utilized: 00:13:56
CPU Efficiency: 94.57% of 00:14:44 core-walltime
Job Wall-clock time: 00:14:44
Memory Utilized: 1.03 GB
Memory Efficiency: 13.12% of 7.81 GB

==============================================================================
Running epilogue script on gold54.

Submit time  : 2024-08-14T03:42:28
Start time   : 2024-08-14T03:43:23
End time     : 2024-08-14T03:58:12
Elapsed time : 00:14:49 (Timelimit=1-23:55:00)

Job ID: 6443339
Array Job ID: 6443302_11
Cluster: i5
User/Group: sy6u19/mm
State: COMPLETED (exit code 0)
Cores: 1
CPU Utilized: 00:14:00
CPU Efficiency: 94.49% of 00:14:49 core-walltime
Job Wall-clock time: 00:14:49
Memory Utilized: 1.08 GB
Memory Efficiency: 13.77% of 7.81 GB

==============================================================================
Running epilogue script on gold54.

Submit time  : 2024-08-14T03:42:28
Start time   : 2024-08-14T03:43:23
End time     : 2024-08-14T04:05:04
Elapsed time : 00:21:41 (Timelimit=1-23:55:00)

Job ID: 6443337
Array Job ID: 6443302_9
Cluster: i5
User/Group: sy6u19/mm
State: COMPLETED (exit code 0)
Cores: 1
CPU Utilized: 00:20:47
CPU Efficiency: 95.85% of 00:21:41 core-walltime
Job Wall-clock time: 00:21:41
Memory Utilized: 1.04 GB
Memory Efficiency: 13.36% of 7.81 GB

==============================================================================
Running epilogue script on gold54.

Submit time  : 2024-08-14T03:42:28
Start time   : 2024-08-14T03:43:23
End time     : 2024-08-14T04:08:50
Elapsed time : 00:25:27 (Timelimit=1-23:55:00)

Job ID: 6443336
Array Job ID: 6443302_8
Cluster: i5
User/Group: sy6u19/mm
State: COMPLETED (exit code 0)
Cores: 1
CPU Utilized: 00:24:33
CPU Efficiency: 96.46% of 00:25:27 core-walltime
Job Wall-clock time: 00:25:27
Memory Utilized: 1.05 GB
Memory Efficiency: 13.42% of 7.81 GB

==============================================================================
Running epilogue script on gold54.

Submit time  : 2024-08-14T03:42:28
Start time   : 2024-08-14T03:43:23
End time     : 2024-08-14T04:09:00
Elapsed time : 00:25:37 (Timelimit=1-23:55:00)

Job ID: 6443335
Array Job ID: 6443302_7
Cluster: i5
User/Group: sy6u19/mm
State: COMPLETED (exit code 0)
Cores: 1
CPU Utilized: 00:24:44
CPU Efficiency: 96.55% of 00:25:37 core-walltime
Job Wall-clock time: 00:25:37
Memory Utilized: 1.05 GB
Memory Efficiency: 13.38% of 7.81 GB

==============================================================================
Running epilogue script on gold54.

Submit time  : 2024-08-14T03:42:28
Start time   : 2024-08-14T03:43:23
End time     : 2024-08-14T04:38:17
Elapsed time : 00:54:54 (Timelimit=1-23:55:00)

Job ID: 6443338
Array Job ID: 6443302_10
Cluster: i5
User/Group: sy6u19/mm
State: COMPLETED (exit code 0)
Cores: 1
CPU Utilized: 00:54:00
CPU Efficiency: 98.36% of 00:54:54 core-walltime
Job Wall-clock time: 00:54:54
Memory Utilized: 1.06 GB
Memory Efficiency: 13.60% of 7.81 GB

==============================================================================
Running epilogue script on gold54.

Submit time  : 2024-08-14T03:42:28
Start time   : 2024-08-14T03:43:23
End time     : 2024-08-14T05:59:52
Elapsed time : 02:16:29 (Timelimit=1-23:55:00)

Job ID: 6443331
Array Job ID: 6443302_3
Cluster: i5
User/Group: sy6u19/mm
State: COMPLETED (exit code 0)
Cores: 1
CPU Utilized: 02:15:23
CPU Efficiency: 99.19% of 02:16:29 core-walltime
Job Wall-clock time: 02:16:29
Memory Utilized: 1.09 GB
Memory Efficiency: 13.98% of 7.81 GB

==============================================================================
Running epilogue script on gold54.

Submit time  : 2024-08-14T03:42:28
Start time   : 2024-08-14T03:43:23
End time     : 2024-08-14T06:00:48
Elapsed time : 02:17:25 (Timelimit=1-23:55:00)

Job ID: 6443330
Array Job ID: 6443302_2
Cluster: i5
User/Group: sy6u19/mm
State: COMPLETED (exit code 0)
Cores: 1
CPU Utilized: 02:16:15
CPU Efficiency: 99.15% of 02:17:25 core-walltime
Job Wall-clock time: 02:17:25
Memory Utilized: 1.08 GB
Memory Efficiency: 13.87% of 7.81 GB

==============================================================================
Running epilogue script on gold54.

Submit time  : 2024-08-14T03:42:28
Start time   : 2024-08-14T03:43:23
End time     : 2024-08-14T06:09:10
Elapsed time : 02:25:47 (Timelimit=1-23:55:00)

Job ID: 6443329
Array Job ID: 6443302_1
Cluster: i5
User/Group: sy6u19/mm
State: COMPLETED (exit code 0)
Cores: 1
CPU Utilized: 02:24:35
CPU Efficiency: 99.18% of 02:25:47 core-walltime
Job Wall-clock time: 02:25:47
Memory Utilized: 1.09 GB
Memory Efficiency: 13.99% of 7.81 GB

==============================================================================
Running epilogue script on gold54.

Submit time  : 2024-08-14T03:42:28
Start time   : 2024-08-14T03:43:23
End time     : 2024-08-14T09:43:25
Elapsed time : 06:00:02 (Timelimit=1-23:55:00)

Job ID: 6443332
Array Job ID: 6443302_4
Cluster: i5
User/Group: sy6u19/mm
State: COMPLETED (exit code 0)
Cores: 1
CPU Utilized: 05:58:30
CPU Efficiency: 99.57% of 06:00:02 core-walltime
Job Wall-clock time: 06:00:02
Memory Utilized: 1.23 GB
Memory Efficiency: 15.80% of 7.81 GB

==============================================================================
Running epilogue script on gold54.

Submit time  : 2024-08-14T03:42:28
Start time   : 2024-08-14T03:43:23
End time     : 2024-08-14T10:36:34
Elapsed time : 06:53:11 (Timelimit=1-23:55:00)

Job ID: 6443334
Array Job ID: 6443302_6
Cluster: i5
User/Group: sy6u19/mm
State: COMPLETED (exit code 0)
Cores: 1
CPU Utilized: 06:51:28
CPU Efficiency: 99.58% of 06:53:11 core-walltime
Job Wall-clock time: 06:53:11
Memory Utilized: 1.27 GB
Memory Efficiency: 16.24% of 7.81 GB

==============================================================================
Running epilogue script on gold54.

Submit time  : 2024-08-14T03:42:28
Start time   : 2024-08-14T03:43:23
End time     : 2024-08-14T10:58:29
Elapsed time : 07:15:06 (Timelimit=1-23:55:00)

Job ID: 6443333
Array Job ID: 6443302_5
Cluster: i5
User/Group: sy6u19/mm
State: COMPLETED (exit code 0)
Cores: 1
CPU Utilized: 07:13:19
CPU Efficiency: 99.59% of 07:15:06 core-walltime
Job Wall-clock time: 07:15:06
Memory Utilized: 1.27 GB
Memory Efficiency: 16.22% of 7.81 GB

