Running SLURM prolog script on gold52.cluster.local
===============================================================================
Job started on Wed Aug 14 04:13:23 BST 2024
Job ID          : 6443305
Job name        : heia-UF.slurm
WorkDir         : /mainfs/home/sy6u19/cmlsga-jmetalpy/corrections/slurm
Command         : /mainfs/home/sy6u19/cmlsga-jmetalpy/corrections/slurm/heia-UF.slurm
Partition       : serial
Num hosts       : 1
Num cores       : 1
Num of tasks    : 1
Hosts allocated : gold52
Job Output Follows ...
===============================================================================
==============================================================================
Running epilogue script on gold53.

Submit time  : 2024-08-14T03:42:28
Start time   : 2024-08-14T04:12:15
End time     : 2024-08-14T04:39:36
Elapsed time : 00:27:21 (Timelimit=1-23:55:00)

Job ID: 6443364
Array Job ID: 6443305_5
Cluster: i5
User/Group: sy6u19/mm
State: COMPLETED (exit code 0)
Cores: 1
CPU Utilized: 00:26:20
CPU Efficiency: 96.28% of 00:27:21 core-walltime
Job Wall-clock time: 00:27:21
Memory Utilized: 1.03 GB
Memory Efficiency: 13.16% of 7.81 GB

==============================================================================
Running epilogue script on gold53.

Submit time  : 2024-08-14T03:42:28
Start time   : 2024-08-14T04:12:15
End time     : 2024-08-14T04:42:40
Elapsed time : 00:30:25 (Timelimit=1-23:55:00)

Job ID: 6443365
Array Job ID: 6443305_6
Cluster: i5
User/Group: sy6u19/mm
State: COMPLETED (exit code 0)
Cores: 1
CPU Utilized: 00:29:20
CPU Efficiency: 96.44% of 00:30:25 core-walltime
Job Wall-clock time: 00:30:25
Memory Utilized: 1.05 GB
Memory Efficiency: 13.40% of 7.81 GB

==============================================================================
Running epilogue script on gold53.

Submit time  : 2024-08-14T03:42:28
Start time   : 2024-08-14T04:12:15
End time     : 2024-08-14T04:44:05
Elapsed time : 00:31:50 (Timelimit=1-23:55:00)

Job ID: 6443362
Array Job ID: 6443305_3
Cluster: i5
User/Group: sy6u19/mm
State: COMPLETED (exit code 0)
Cores: 1
CPU Utilized: 00:30:37
CPU Efficiency: 96.18% of 00:31:50 core-walltime
Job Wall-clock time: 00:31:50
Memory Utilized: 1.05 GB
Memory Efficiency: 13.42% of 7.81 GB

==============================================================================
Running epilogue script on gold53.

Submit time  : 2024-08-14T03:42:28
Start time   : 2024-08-14T04:12:15
End time     : 2024-08-14T04:52:09
Elapsed time : 00:39:54 (Timelimit=1-23:55:00)

Job ID: 6443363
Array Job ID: 6443305_4
Cluster: i5
User/Group: sy6u19/mm
State: COMPLETED (exit code 0)
Cores: 1
CPU Utilized: 00:38:48
CPU Efficiency: 97.24% of 00:39:54 core-walltime
Job Wall-clock time: 00:39:54
Memory Utilized: 1.04 GB
Memory Efficiency: 13.32% of 7.81 GB

==============================================================================
Running epilogue script on gold53.

Submit time  : 2024-08-14T03:42:28
Start time   : 2024-08-14T04:12:15
End time     : 2024-08-14T04:57:21
Elapsed time : 00:45:06 (Timelimit=1-23:55:00)

Job ID: 6443366
Array Job ID: 6443305_7
Cluster: i5
User/Group: sy6u19/mm
State: COMPLETED (exit code 0)
Cores: 1
CPU Utilized: 00:43:49
CPU Efficiency: 97.15% of 00:45:06 core-walltime
Job Wall-clock time: 00:45:06
Memory Utilized: 1.06 GB
Memory Efficiency: 13.58% of 7.81 GB

==============================================================================
Running epilogue script on gold54.

Submit time  : 2024-08-14T03:42:28
Start time   : 2024-08-14T04:11:24
End time     : 2024-08-14T04:59:22
Elapsed time : 00:47:58 (Timelimit=1-23:55:00)

Job ID: 6443360
Array Job ID: 6443305_1
Cluster: i5
User/Group: sy6u19/mm
State: COMPLETED (exit code 0)
Cores: 1
CPU Utilized: 00:45:26
CPU Efficiency: 94.72% of 00:47:58 core-walltime
Job Wall-clock time: 00:47:58
Memory Utilized: 1.06 GB
Memory Efficiency: 13.51% of 7.81 GB

==============================================================================
Running epilogue script on gold53.

Submit time  : 2024-08-14T03:42:28
Start time   : 2024-08-14T04:12:15
End time     : 2024-08-14T05:07:32
Elapsed time : 00:55:17 (Timelimit=1-23:55:00)

Job ID: 6443361
Array Job ID: 6443305_2
Cluster: i5
User/Group: sy6u19/mm
State: COMPLETED (exit code 0)
Cores: 1
CPU Utilized: 00:53:29
CPU Efficiency: 96.74% of 00:55:17 core-walltime
Job Wall-clock time: 00:55:17
Memory Utilized: 1.07 GB
Memory Efficiency: 13.72% of 7.81 GB

==============================================================================
Running epilogue script on gold53.

Submit time  : 2024-08-14T03:42:28
Start time   : 2024-08-14T04:12:15
End time     : 2024-08-14T05:15:57
Elapsed time : 01:03:42 (Timelimit=1-23:55:00)

Job ID: 6443367
Array Job ID: 6443305_8
Cluster: i5
User/Group: sy6u19/mm
State: COMPLETED (exit code 0)
Cores: 1
CPU Utilized: 01:01:53
CPU Efficiency: 97.15% of 01:03:42 core-walltime
Job Wall-clock time: 01:03:42
Memory Utilized: 1.07 GB
Memory Efficiency: 13.66% of 7.81 GB

==============================================================================
Running epilogue script on gold52.

Submit time  : 2024-08-14T03:42:28
Start time   : 2024-08-14T04:13:23
End time     : 2024-08-14T05:23:14
Elapsed time : 01:09:51 (Timelimit=1-23:55:00)

Job ID: 6443305
Array Job ID: 6443305_9
Cluster: i5
User/Group: sy6u19/mm
State: COMPLETED (exit code 0)
Cores: 1
CPU Utilized: 01:06:42
CPU Efficiency: 95.49% of 01:09:51 core-walltime
Job Wall-clock time: 01:09:51
Memory Utilized: 1.09 GB
Memory Efficiency: 13.92% of 7.81 GB

