Running SLURM prolog script on gold53.cluster.local
===============================================================================
Job started on Wed Aug 14 03:43:23 BST 2024
Job ID          : 6443313
Job name        : heia-DASCMOP-6.slurm
WorkDir         : /mainfs/home/sy6u19/cmlsga-jmetalpy/corrections/slurm
Command         : /mainfs/home/sy6u19/cmlsga-jmetalpy/corrections/slurm/heia-DASCMOP-6.slurm
Partition       : serial
Num hosts       : 1
Num cores       : 1
Num of tasks    : 1
Hosts allocated : gold53
Job Output Follows ...
===============================================================================
Running SLURM prolog script on gold53.cluster.local
===============================================================================
Job started on Wed Aug 14 03:43:23 BST 2024
Job ID          : 6443315
Job name        : heia-DASCMOP-6.slurm
WorkDir         : /mainfs/home/sy6u19/cmlsga-jmetalpy/corrections/slurm
Command         : /mainfs/home/sy6u19/cmlsga-jmetalpy/corrections/slurm/heia-DASCMOP-6.slurm
Partition       : serial
Num hosts       : 1
Num cores       : 1
Num of tasks    : 1
Hosts allocated : gold53
Job Output Follows ...
===============================================================================
Running SLURM prolog script on gold53.cluster.local
===============================================================================
Job started on Wed Aug 14 03:43:23 BST 2024
Job ID          : 6443316
Job name        : heia-DASCMOP-6.slurm
WorkDir         : /mainfs/home/sy6u19/cmlsga-jmetalpy/corrections/slurm
Command         : /mainfs/home/sy6u19/cmlsga-jmetalpy/corrections/slurm/heia-DASCMOP-6.slurm
Partition       : serial
Num hosts       : 1
Num cores       : 1
Num of tasks    : 1
Hosts allocated : gold53
Job Output Follows ...
===============================================================================
Running SLURM prolog script on gold53.cluster.local
===============================================================================
Job started on Wed Aug 14 03:43:23 BST 2024
Job ID          : 6443314
Job name        : heia-DASCMOP-6.slurm
WorkDir         : /mainfs/home/sy6u19/cmlsga-jmetalpy/corrections/slurm
Command         : /mainfs/home/sy6u19/cmlsga-jmetalpy/corrections/slurm/heia-DASCMOP-6.slurm
Partition       : serial
Num hosts       : 1
Num cores       : 1
Num of tasks    : 1
Hosts allocated : gold53
Job Output Follows ...
===============================================================================
Running SLURM prolog script on gold53.cluster.local
===============================================================================
Job started on Wed Aug 14 03:43:23 BST 2024
Job ID          : 6443317
Job name        : heia-DASCMOP-6.slurm
WorkDir         : /mainfs/home/sy6u19/cmlsga-jmetalpy/corrections/slurm
Command         : /mainfs/home/sy6u19/cmlsga-jmetalpy/corrections/slurm/heia-DASCMOP-6.slurm
Partition       : serial
Num hosts       : 1
Num cores       : 1
Num of tasks    : 1
Hosts allocated : gold53
Job Output Follows ...
===============================================================================
Running SLURM prolog script on gold53.cluster.local
===============================================================================
Job started on Wed Aug 14 03:43:23 BST 2024
Job ID          : 6443299
Job name        : heia-DASCMOP-6.slurm
WorkDir         : /mainfs/home/sy6u19/cmlsga-jmetalpy/corrections/slurm
Command         : /mainfs/home/sy6u19/cmlsga-jmetalpy/corrections/slurm/heia-DASCMOP-6.slurm
Partition       : serial
Num hosts       : 1
Num cores       : 1
Num of tasks    : 1
Hosts allocated : gold53
Job Output Follows ...
===============================================================================
==============================================================================
Running epilogue script on gold53.

Submit time  : 2024-08-14T03:42:28
Start time   : 2024-08-14T03:43:23
End time     : 2024-08-14T04:11:20
Elapsed time : 00:27:57 (Timelimit=1-23:55:00)

Job ID: 6443315
Array Job ID: 6443299_3
Cluster: i5
User/Group: sy6u19/mm
State: COMPLETED (exit code 0)
Cores: 1
CPU Utilized: 00:27:33
CPU Efficiency: 98.57% of 00:27:57 core-walltime
Job Wall-clock time: 00:27:57
Memory Utilized: 1.03 GB
Memory Efficiency: 13.24% of 7.81 GB

==============================================================================
Running epilogue script on gold53.

Submit time  : 2024-08-14T03:42:28
Start time   : 2024-08-14T03:43:23
End time     : 2024-08-14T04:11:43
Elapsed time : 00:28:20 (Timelimit=1-23:55:00)

Job ID: 6443316
Array Job ID: 6443299_4
Cluster: i5
User/Group: sy6u19/mm
State: COMPLETED (exit code 0)
Cores: 1
CPU Utilized: 00:27:57
CPU Efficiency: 98.65% of 00:28:20 core-walltime
Job Wall-clock time: 00:28:20
Memory Utilized: 1.03 GB
Memory Efficiency: 13.17% of 7.81 GB

==============================================================================
Running epilogue script on gold53.

Submit time  : 2024-08-14T03:42:28
Start time   : 2024-08-14T03:43:23
End time     : 2024-08-14T04:11:49
Elapsed time : 00:28:26 (Timelimit=1-23:55:00)

Job ID: 6443317
Array Job ID: 6443299_5
Cluster: i5
User/Group: sy6u19/mm
State: COMPLETED (exit code 0)
Cores: 1
CPU Utilized: 00:28:01
CPU Efficiency: 98.53% of 00:28:26 core-walltime
Job Wall-clock time: 00:28:26
Memory Utilized: 1.03 GB
Memory Efficiency: 13.22% of 7.81 GB

==============================================================================
Running epilogue script on gold53.

Submit time  : 2024-08-14T03:42:28
Start time   : 2024-08-14T03:43:23
End time     : 2024-08-14T04:11:57
Elapsed time : 00:28:34 (Timelimit=1-23:55:00)

Job ID: 6443313
Array Job ID: 6443299_1
Cluster: i5
User/Group: sy6u19/mm
State: COMPLETED (exit code 0)
Cores: 1
CPU Utilized: 00:28:05
CPU Efficiency: 98.31% of 00:28:34 core-walltime
Job Wall-clock time: 00:28:34
Memory Utilized: 1.04 GB
Memory Efficiency: 13.28% of 7.81 GB

==============================================================================
Running epilogue script on gold53.

Submit time  : 2024-08-14T03:42:28
Start time   : 2024-08-14T03:43:23
End time     : 2024-08-14T04:12:24
Elapsed time : 00:29:01 (Timelimit=1-23:55:00)

Job ID: 6443314
Array Job ID: 6443299_2
Cluster: i5
User/Group: sy6u19/mm
State: COMPLETED (exit code 0)
Cores: 1
CPU Utilized: 00:28:31
CPU Efficiency: 98.28% of 00:29:01 core-walltime
Job Wall-clock time: 00:29:01
Memory Utilized: 1.03 GB
Memory Efficiency: 13.22% of 7.81 GB

