Running SLURM prolog script on gold51.cluster.local
===============================================================================
Job started on Wed May 15 02:36:14 BST 2024
Job ID          : 5983952
Job name        : ibea-WFG.slurm
WorkDir         : /mainfs/home/sy6u19/cmlsga-jmetalpy/corrections/slurm
Command         : /mainfs/home/sy6u19/cmlsga-jmetalpy/corrections/slurm/ibea-WFG.slurm
Partition       : serial
Num hosts       : 1
Num cores       : 1
Num of tasks    : 1
Hosts allocated : gold51
Job Output Follows ...
===============================================================================
==============================================================================
Running epilogue script on gold51.

Submit time  : 2024-05-13T13:10:29
Start time   : 2024-05-15T01:39:14
End time     : 2024-05-15T04:55:53
Elapsed time : 03:16:39 (Timelimit=2-11:55:00)

Job ID: 5991809
Array Job ID: 5983952_8
Cluster: i5
User/Group: sy6u19/mm
State: COMPLETED (exit code 0)
Cores: 1
CPU Utilized: 03:11:19
CPU Efficiency: 97.29% of 03:16:39 core-walltime
Job Wall-clock time: 03:16:39
Memory Utilized: 1.02 GB
Memory Efficiency: 13.00% of 7.81 GB

==============================================================================
Running epilogue script on gold53.

Submit time  : 2024-05-13T13:10:29
Start time   : 2024-05-14T23:31:46
End time     : 2024-05-15T10:38:17
Elapsed time : 11:06:31 (Timelimit=2-11:55:00)

Job ID: 5991684
Array Job ID: 5983952_1
Cluster: i5
User/Group: sy6u19/mm
State: COMPLETED (exit code 0)
Cores: 1
CPU Utilized: 11:00:04
CPU Efficiency: 99.03% of 11:06:31 core-walltime
Job Wall-clock time: 11:06:31
Memory Utilized: 1.27 GB
Memory Efficiency: 16.20% of 7.81 GB

==============================================================================
Running epilogue script on gold53.

Submit time  : 2024-05-13T13:10:29
Start time   : 2024-05-14T23:31:46
End time     : 2024-05-15T12:12:45
Elapsed time : 12:40:59 (Timelimit=2-11:55:00)

Job ID: 5991685
Array Job ID: 5983952_2
Cluster: i5
User/Group: sy6u19/mm
State: COMPLETED (exit code 0)
Cores: 1
CPU Utilized: 12:34:04
CPU Efficiency: 99.09% of 12:40:59 core-walltime
Job Wall-clock time: 12:40:59
Memory Utilized: 1.32 GB
Memory Efficiency: 16.92% of 7.81 GB

==============================================================================
Running epilogue script on gold51.

Submit time  : 2024-05-13T13:10:29
Start time   : 2024-05-15T00:44:14
End time     : 2024-05-15T16:45:18
Elapsed time : 16:01:04 (Timelimit=2-11:55:00)

Job ID: 5991760
Array Job ID: 5983952_7
Cluster: i5
User/Group: sy6u19/mm
State: COMPLETED (exit code 0)
Cores: 1
CPU Utilized: 15:53:02
CPU Efficiency: 99.16% of 16:01:04 core-walltime
Job Wall-clock time: 16:01:04
Memory Utilized: 1.54 GB
Memory Efficiency: 19.66% of 7.81 GB

==============================================================================
Running epilogue script on gold57.

Submit time  : 2024-05-13T13:10:29
Start time   : 2024-05-14T23:49:50
End time     : 2024-05-15T17:23:17
Elapsed time : 17:33:27 (Timelimit=2-11:55:00)

Job ID: 5991722
Array Job ID: 5983952_6
Cluster: i5
User/Group: sy6u19/mm
State: COMPLETED (exit code 0)
Cores: 1
CPU Utilized: 17:24:33
CPU Efficiency: 99.16% of 17:33:27 core-walltime
Job Wall-clock time: 17:33:27
Memory Utilized: 1.46 GB
Memory Efficiency: 18.74% of 7.81 GB

==============================================================================
Running epilogue script on gold53.

Submit time  : 2024-05-13T13:10:29
Start time   : 2024-05-14T23:31:46
End time     : 2024-05-15T17:34:52
Elapsed time : 18:03:06 (Timelimit=2-11:55:00)

Job ID: 5991686
Array Job ID: 5983952_3
Cluster: i5
User/Group: sy6u19/mm
State: COMPLETED (exit code 0)
Cores: 1
CPU Utilized: 17:54:41
CPU Efficiency: 99.22% of 18:03:06 core-walltime
Job Wall-clock time: 18:03:06
Memory Utilized: 1.43 GB
Memory Efficiency: 18.35% of 7.81 GB

==============================================================================
Running epilogue script on gold57.

Submit time  : 2024-05-13T13:10:29
Start time   : 2024-05-14T23:49:50
End time     : 2024-05-15T20:07:34
Elapsed time : 20:17:44 (Timelimit=2-11:55:00)

Job ID: 5991720
Array Job ID: 5983952_4
Cluster: i5
User/Group: sy6u19/mm
State: COMPLETED (exit code 0)
Cores: 1
CPU Utilized: 20:09:21
CPU Efficiency: 99.31% of 20:17:44 core-walltime
Job Wall-clock time: 20:17:44
Memory Utilized: 1.53 GB
Memory Efficiency: 19.60% of 7.81 GB

==============================================================================
Running epilogue script on gold57.

Submit time  : 2024-05-13T13:10:29
Start time   : 2024-05-14T23:49:50
End time     : 2024-05-16T07:03:15
Elapsed time : 1-07:13:25 (Timelimit=2-11:55:00)

Job ID: 5991721
Array Job ID: 5983952_5
Cluster: i5
User/Group: sy6u19/mm
State: COMPLETED (exit code 0)
Cores: 1
CPU Utilized: 1-06:37:47
CPU Efficiency: 98.10% of 1-07:13:25 core-walltime
Job Wall-clock time: 1-07:13:25
Memory Utilized: 1.72 GB
Memory Efficiency: 22.00% of 7.81 GB

