Running SLURM prolog script on gold53.cluster.local
===============================================================================
Job started on Tue May 14 23:31:47 BST 2024
Job ID          : 5991682
Job name        : ibea-UF.slurm
WorkDir         : /mainfs/home/sy6u19/cmlsga-jmetalpy/corrections/slurm
Command         : /mainfs/home/sy6u19/cmlsga-jmetalpy/corrections/slurm/ibea-UF.slurm
Partition       : serial
Num hosts       : 1
Num cores       : 1
Num of tasks    : 1
Hosts allocated : gold53
Job Output Follows ...
===============================================================================
Running SLURM prolog script on gold53.cluster.local
===============================================================================
Job started on Tue May 14 23:31:47 BST 2024
Job ID          : 5991683
Job name        : ibea-UF.slurm
WorkDir         : /mainfs/home/sy6u19/cmlsga-jmetalpy/corrections/slurm
Command         : /mainfs/home/sy6u19/cmlsga-jmetalpy/corrections/slurm/ibea-UF.slurm
Partition       : serial
Num hosts       : 1
Num cores       : 1
Num of tasks    : 1
Hosts allocated : gold53
Job Output Follows ...
===============================================================================
Running SLURM prolog script on gold53.cluster.local
===============================================================================
Job started on Tue May 14 23:31:47 BST 2024
Job ID          : 5983951
Job name        : ibea-UF.slurm
WorkDir         : /mainfs/home/sy6u19/cmlsga-jmetalpy/corrections/slurm
Command         : /mainfs/home/sy6u19/cmlsga-jmetalpy/corrections/slurm/ibea-UF.slurm
Partition       : serial
Num hosts       : 1
Num cores       : 1
Num of tasks    : 1
Hosts allocated : gold53
Job Output Follows ...
===============================================================================
Running SLURM prolog script on gold53.cluster.local
===============================================================================
Job started on Tue May 14 23:31:47 BST 2024
Job ID          : 5991681
Job name        : ibea-UF.slurm
WorkDir         : /mainfs/home/sy6u19/cmlsga-jmetalpy/corrections/slurm
Command         : /mainfs/home/sy6u19/cmlsga-jmetalpy/corrections/slurm/ibea-UF.slurm
Partition       : serial
Num hosts       : 1
Num cores       : 1
Num of tasks    : 1
Hosts allocated : gold53
Job Output Follows ...
===============================================================================
Running SLURM prolog script on gold53.cluster.local
===============================================================================
Job started on Tue May 14 23:31:47 BST 2024
Job ID          : 5991679
Job name        : ibea-UF.slurm
WorkDir         : /mainfs/home/sy6u19/cmlsga-jmetalpy/corrections/slurm
Command         : /mainfs/home/sy6u19/cmlsga-jmetalpy/corrections/slurm/ibea-UF.slurm
Partition       : serial
Num hosts       : 1
Num cores       : 1
Num of tasks    : 1
Hosts allocated : gold53
Job Output Follows ...
===============================================================================
Running SLURM prolog script on gold53.cluster.local
===============================================================================
Job started on Tue May 14 23:31:47 BST 2024
Job ID          : 5991680
Job name        : ibea-UF.slurm
WorkDir         : /mainfs/home/sy6u19/cmlsga-jmetalpy/corrections/slurm
Command         : /mainfs/home/sy6u19/cmlsga-jmetalpy/corrections/slurm/ibea-UF.slurm
Partition       : serial
Num hosts       : 1
Num cores       : 1
Num of tasks    : 1
Hosts allocated : gold53
Job Output Follows ...
===============================================================================
==============================================================================
Running epilogue script on gold53.

Submit time  : 2024-05-13T13:10:29
Start time   : 2024-05-14T23:31:46
End time     : 2024-05-15T02:36:10
Elapsed time : 03:04:24 (Timelimit=2-11:55:00)

Job ID: 5991680
Array Job ID: 5983951_5
Cluster: i5
User/Group: sy6u19/mm
State: COMPLETED (exit code 0)
Cores: 1
CPU Utilized: 03:02:15
CPU Efficiency: 98.83% of 03:04:24 core-walltime
Job Wall-clock time: 03:04:24
Memory Utilized: 1.04 GB
Memory Efficiency: 13.34% of 7.81 GB

==============================================================================
Running epilogue script on gold53.

Submit time  : 2024-05-13T13:10:29
Start time   : 2024-05-14T23:31:46
End time     : 2024-05-15T02:36:55
Elapsed time : 03:05:09 (Timelimit=2-11:55:00)

Job ID: 5991681
Array Job ID: 5983951_6
Cluster: i5
User/Group: sy6u19/mm
State: COMPLETED (exit code 0)
Cores: 1
CPU Utilized: 03:02:58
CPU Efficiency: 98.82% of 03:05:09 core-walltime
Job Wall-clock time: 03:05:09
Memory Utilized: 1.04 GB
Memory Efficiency: 13.33% of 7.81 GB

==============================================================================
Running epilogue script on gold53.

Submit time  : 2024-05-13T13:10:29
Start time   : 2024-05-14T23:31:46
End time     : 2024-05-15T02:55:02
Elapsed time : 03:23:16 (Timelimit=2-11:55:00)

Job ID: 5991679
Array Job ID: 5983951_4
Cluster: i5
User/Group: sy6u19/mm
State: COMPLETED (exit code 0)
Cores: 1
CPU Utilized: 03:21:06
CPU Efficiency: 98.93% of 03:23:16 core-walltime
Job Wall-clock time: 03:23:16
Memory Utilized: 1.05 GB
Memory Efficiency: 13.40% of 7.81 GB

==============================================================================
Running epilogue script on gold53.

Submit time  : 2024-05-13T13:10:29
Start time   : 2024-05-14T23:31:46
End time     : 2024-05-15T03:26:16
Elapsed time : 03:54:30 (Timelimit=2-11:55:00)

Job ID: 5991682
Array Job ID: 5983951_7
Cluster: i5
User/Group: sy6u19/mm
State: COMPLETED (exit code 0)
Cores: 1
CPU Utilized: 03:52:07
CPU Efficiency: 98.98% of 03:54:30 core-walltime
Job Wall-clock time: 03:54:30
Memory Utilized: 1.08 GB
Memory Efficiency: 13.86% of 7.81 GB

==============================================================================
Running epilogue script on gold53.

Submit time  : 2024-05-13T13:10:29
Start time   : 2024-05-14T23:31:46
End time     : 2024-05-15T06:22:30
Elapsed time : 06:50:44 (Timelimit=2-11:55:00)

Job ID: 5991683
Array Job ID: 5983951_8
Cluster: i5
User/Group: sy6u19/mm
State: COMPLETED (exit code 0)
Cores: 1
CPU Utilized: 06:47:30
CPU Efficiency: 99.21% of 06:50:44 core-walltime
Job Wall-clock time: 06:50:44
Memory Utilized: 1.19 GB
Memory Efficiency: 15.25% of 7.81 GB

==============================================================================
Running epilogue script on gold52.

Submit time  : 2024-05-13T13:10:29
Start time   : 2024-05-14T19:29:56
End time     : 2024-05-15T11:02:48
Elapsed time : 15:32:52 (Timelimit=2-11:55:00)

Job ID: 5990808
Array Job ID: 5983951_2
Cluster: i5
User/Group: sy6u19/mm
State: COMPLETED (exit code 0)
Cores: 1
CPU Utilized: 15:26:00
CPU Efficiency: 99.26% of 15:32:52 core-walltime
Job Wall-clock time: 15:32:52
Memory Utilized: 1.76 GB
Memory Efficiency: 22.47% of 7.81 GB

