Running SLURM prolog script on gold55.cluster.local
===============================================================================
Job started on Tue May 14 15:25:10 BST 2024
Job ID          : 5983949
Job name        : ibea-LZ09_F.slurm
WorkDir         : /mainfs/home/sy6u19/cmlsga-jmetalpy/corrections/slurm
Command         : /mainfs/home/sy6u19/cmlsga-jmetalpy/corrections/slurm/ibea-LZ09_F.slurm
Partition       : serial
Num hosts       : 1
Num cores       : 1
Num of tasks    : 1
Hosts allocated : gold55
Job Output Follows ...
===============================================================================
==============================================================================
Running epilogue script on gold51.

Submit time  : 2024-05-13T13:10:29
Start time   : 2024-05-14T12:20:07
End time     : 2024-05-14T15:32:00
Elapsed time : 03:11:53 (Timelimit=2-11:55:00)

Job ID: 5988256
Array Job ID: 5983949_3
Cluster: i5
User/Group: sy6u19/mm
State: COMPLETED (exit code 0)
Cores: 1
CPU Utilized: 03:06:58
CPU Efficiency: 97.44% of 03:11:53 core-walltime
Job Wall-clock time: 03:11:53
Memory Utilized: 1.08 GB
Memory Efficiency: 13.83% of 7.81 GB

==============================================================================
Running epilogue script on gold51.

Submit time  : 2024-05-13T13:10:29
Start time   : 2024-05-14T12:24:07
End time     : 2024-05-14T15:37:28
Elapsed time : 03:13:21 (Timelimit=2-11:55:00)

Job ID: 5988258
Array Job ID: 5983949_4
Cluster: i5
User/Group: sy6u19/mm
State: COMPLETED (exit code 0)
Cores: 1
CPU Utilized: 03:09:06
CPU Efficiency: 97.80% of 03:13:21 core-walltime
Job Wall-clock time: 03:13:21
Memory Utilized: 1.08 GB
Memory Efficiency: 13.76% of 7.81 GB

==============================================================================
Running epilogue script on gold51.

Submit time  : 2024-05-13T13:10:29
Start time   : 2024-05-14T14:17:01
End time     : 2024-05-14T17:02:54
Elapsed time : 02:45:53 (Timelimit=2-11:55:00)

Job ID: 5988506
Array Job ID: 5983949_7
Cluster: i5
User/Group: sy6u19/mm
State: COMPLETED (exit code 0)
Cores: 1
CPU Utilized: 02:41:15
CPU Efficiency: 97.21% of 02:45:53 core-walltime
Job Wall-clock time: 02:45:53
Memory Utilized: 1.03 GB
Memory Efficiency: 13.25% of 7.81 GB

==============================================================================
Running epilogue script on gold52.

Submit time  : 2024-05-13T13:10:29
Start time   : 2024-05-14T13:26:55
End time     : 2024-05-14T17:15:39
Elapsed time : 03:48:44 (Timelimit=2-11:55:00)

Job ID: 5988357
Array Job ID: 5983949_5
Cluster: i5
User/Group: sy6u19/mm
State: COMPLETED (exit code 0)
Cores: 1
CPU Utilized: 03:42:34
CPU Efficiency: 97.30% of 03:48:44 core-walltime
Job Wall-clock time: 03:48:44
Memory Utilized: 1.06 GB
Memory Efficiency: 13.59% of 7.81 GB

==============================================================================
Running epilogue script on gold51.

Submit time  : 2024-05-13T13:10:29
Start time   : 2024-05-14T14:43:05
End time     : 2024-05-14T17:37:40
Elapsed time : 02:54:35 (Timelimit=2-11:55:00)

Job ID: 5988560
Array Job ID: 5983949_8
Cluster: i5
User/Group: sy6u19/mm
State: COMPLETED (exit code 0)
Cores: 1
CPU Utilized: 02:49:19
CPU Efficiency: 96.98% of 02:54:35 core-walltime
Job Wall-clock time: 02:54:35
Memory Utilized: 1.05 GB
Memory Efficiency: 13.49% of 7.81 GB

==============================================================================
Running epilogue script on gold52.

Submit time  : 2024-05-13T13:10:29
Start time   : 2024-05-14T13:48:07
End time     : 2024-05-14T21:38:47
Elapsed time : 07:50:40 (Timelimit=2-11:55:00)

Job ID: 5988414
Array Job ID: 5983949_6
Cluster: i5
User/Group: sy6u19/mm
State: COMPLETED (exit code 0)
Cores: 1
CPU Utilized: 07:44:42
CPU Efficiency: 98.73% of 07:50:40 core-walltime
Job Wall-clock time: 07:50:40
Memory Utilized: 1.19 GB
Memory Efficiency: 15.21% of 7.81 GB

