Running SLURM prolog script on gold51.cluster.local
===============================================================================
Job started on Tue May 14 03:46:56 BST 2024
Job ID          : 5983947
Job name        : ibea-DTLZ.slurm
WorkDir         : /mainfs/home/sy6u19/cmlsga-jmetalpy/corrections/slurm
Command         : /mainfs/home/sy6u19/cmlsga-jmetalpy/corrections/slurm/ibea-DTLZ.slurm
Partition       : serial
Num hosts       : 1
Num cores       : 1
Num of tasks    : 1
Hosts allocated : gold51
Job Output Follows ...
===============================================================================
==============================================================================
Running epilogue script on gold54.

Submit time  : 2024-05-13T13:10:29
Start time   : 2024-05-14T01:04:56
End time     : 2024-05-14T04:33:51
Elapsed time : 03:28:55 (Timelimit=2-11:55:00)

Job ID: 5987170
Array Job ID: 5983947_3
Cluster: i5
User/Group: sy6u19/mm
State: COMPLETED (exit code 0)
Cores: 1
CPU Utilized: 03:25:18
CPU Efficiency: 98.27% of 03:28:55 core-walltime
Job Wall-clock time: 03:28:55
Memory Utilized: 1.04 GB
Memory Efficiency: 13.31% of 7.81 GB

==============================================================================
Running epilogue script on gold52.

Submit time  : 2024-05-13T13:10:29
Start time   : 2024-05-14T01:26:55
End time     : 2024-05-14T17:35:17
Elapsed time : 16:08:22 (Timelimit=2-11:55:00)

Job ID: 5987197
Array Job ID: 5983947_5
Cluster: i5
User/Group: sy6u19/mm
State: COMPLETED (exit code 0)
Cores: 1
CPU Utilized: 16:02:52
CPU Efficiency: 99.43% of 16:08:22 core-walltime
Job Wall-clock time: 16:08:22
Memory Utilized: 1.46 GB
Memory Efficiency: 18.64% of 7.81 GB

==============================================================================
Running epilogue script on gold52.

Submit time  : 2024-05-13T13:10:29
Start time   : 2024-05-14T01:04:56
End time     : 2024-05-14T20:25:54
Elapsed time : 19:20:58 (Timelimit=2-11:55:00)

Job ID: 5987169
Array Job ID: 5983947_2
Cluster: i5
User/Group: sy6u19/mm
State: COMPLETED (exit code 0)
Cores: 1
CPU Utilized: 19:14:38
CPU Efficiency: 99.45% of 19:20:58 core-walltime
Job Wall-clock time: 19:20:58
Memory Utilized: 1.53 GB
Memory Efficiency: 19.57% of 7.81 GB

==============================================================================
Running epilogue script on gold52.

Submit time  : 2024-05-13T13:10:29
Start time   : 2024-05-14T01:18:56
End time     : 2024-05-14T20:55:45
Elapsed time : 19:36:49 (Timelimit=2-11:55:00)

Job ID: 5987192
Array Job ID: 5983947_4
Cluster: i5
User/Group: sy6u19/mm
State: COMPLETED (exit code 0)
Cores: 1
CPU Utilized: 19:30:40
CPU Efficiency: 99.48% of 19:36:49 core-walltime
Job Wall-clock time: 19:36:49
Memory Utilized: 1.56 GB
Memory Efficiency: 19.94% of 7.81 GB

==============================================================================
Running epilogue script on gold52.

Submit time  : 2024-05-13T13:10:29
Start time   : 2024-05-14T01:04:55
End time     : 2024-05-14T23:45:41
Elapsed time : 22:40:46 (Timelimit=2-11:55:00)

Job ID: 5987168
Array Job ID: 5983947_1
Cluster: i5
User/Group: sy6u19/mm
State: COMPLETED (exit code 0)
Cores: 1
CPU Utilized: 22:34:13
CPU Efficiency: 99.52% of 22:40:46 core-walltime
Job Wall-clock time: 22:40:46
Memory Utilized: 1.54 GB
Memory Efficiency: 19.75% of 7.81 GB

==============================================================================
Running epilogue script on gold52.

Submit time  : 2024-05-13T13:10:29
Start time   : 2024-05-14T03:30:56
End time     : 2024-05-15T00:02:24
Elapsed time : 20:31:28 (Timelimit=2-11:55:00)

Job ID: 5987269
Array Job ID: 5983947_6
Cluster: i5
User/Group: sy6u19/mm
State: COMPLETED (exit code 0)
Cores: 1
CPU Utilized: 20:25:27
CPU Efficiency: 99.51% of 20:31:28 core-walltime
Job Wall-clock time: 20:31:28
Memory Utilized: 1.61 GB
Memory Efficiency: 20.62% of 7.81 GB

