Running SLURM prolog script on gold51.cluster.local
===============================================================================
Job started on Mon May 13 20:40:56 BST 2024
Job ID          : 5986406
Job name        : ibea-DASCMOP-5.slurm
WorkDir         : /mainfs/home/sy6u19/cmlsga-jmetalpy/corrections/slurm
Command         : /mainfs/home/sy6u19/cmlsga-jmetalpy/corrections/slurm/ibea-DASCMOP-5.slurm
Partition       : serial
Num hosts       : 1
Num cores       : 1
Num of tasks    : 1
Hosts allocated : gold51
Job Output Follows ...
===============================================================================
==============================================================================
Running epilogue script on gold51.

Submit time  : 2024-05-13T13:10:29
Start time   : 2024-05-13T20:40:55
End time     : 2024-05-14T00:25:50
Elapsed time : 03:44:55 (Timelimit=2-11:55:00)

Job ID: 5986406
Array Job ID: 5983944_4
Cluster: i5
User/Group: sy6u19/mm
State: COMPLETED (exit code 0)
Cores: 1
CPU Utilized: 03:36:39
CPU Efficiency: 96.32% of 03:44:55 core-walltime
Job Wall-clock time: 03:44:55
Memory Utilized: 1.09 GB
Memory Efficiency: 13.91% of 7.81 GB

==============================================================================
Running epilogue script on gold52.

Submit time  : 2024-05-13T13:10:29
Start time   : 2024-05-13T20:33:55
End time     : 2024-05-14T00:35:01
Elapsed time : 04:01:06 (Timelimit=2-11:55:00)

Job ID: 5986333
Array Job ID: 5983944_2
Cluster: i5
User/Group: sy6u19/mm
State: COMPLETED (exit code 0)
Cores: 1
CPU Utilized: 03:57:05
CPU Efficiency: 98.33% of 04:01:06 core-walltime
Job Wall-clock time: 04:01:06
Memory Utilized: 1.04 GB
Memory Efficiency: 13.37% of 7.81 GB

==============================================================================
Running epilogue script on gold54.

Submit time  : 2024-05-13T13:10:29
Start time   : 2024-05-13T20:30:55
End time     : 2024-05-14T00:55:00
Elapsed time : 04:24:05 (Timelimit=2-11:55:00)

Job ID: 5986325
Array Job ID: 5983944_1
Cluster: i5
User/Group: sy6u19/mm
State: COMPLETED (exit code 0)
Cores: 1
CPU Utilized: 04:18:43
CPU Efficiency: 97.97% of 04:24:05 core-walltime
Job Wall-clock time: 04:24:05
Memory Utilized: 1.04 GB
Memory Efficiency: 13.35% of 7.81 GB

==============================================================================
Running epilogue script on gold52.

Submit time  : 2024-05-13T13:10:29
Start time   : 2024-05-13T20:37:49
End time     : 2024-05-14T01:03:56
Elapsed time : 04:26:07 (Timelimit=2-11:55:00)

Job ID: 5986373
Array Job ID: 5983944_3
Cluster: i5
User/Group: sy6u19/mm
State: COMPLETED (exit code 0)
Cores: 1
CPU Utilized: 04:22:25
CPU Efficiency: 98.61% of 04:26:07 core-walltime
Job Wall-clock time: 04:26:07
Memory Utilized: 1.04 GB
Memory Efficiency: 13.29% of 7.81 GB

==============================================================================
Running epilogue script on gold52.

Submit time  : 2024-05-13T13:10:29
Start time   : 2024-05-13T20:40:55
End time     : 2024-05-14T01:04:33
Elapsed time : 04:23:38 (Timelimit=2-11:55:00)

Job ID: 5986407
Array Job ID: 5983944_5
Cluster: i5
User/Group: sy6u19/mm
State: COMPLETED (exit code 0)
Cores: 1
CPU Utilized: 04:20:10
CPU Efficiency: 98.69% of 04:23:38 core-walltime
Job Wall-clock time: 04:23:38
Memory Utilized: 1.12 GB
Memory Efficiency: 14.33% of 7.81 GB

