Running SLURM prolog script on gold51.cluster.local
===============================================================================
Job started on Wed May 15 04:56:16 BST 2024
Job ID          : 5983953
Job name        : ibea-ZDT.slurm
WorkDir         : /mainfs/home/sy6u19/cmlsga-jmetalpy/corrections/slurm
Command         : /mainfs/home/sy6u19/cmlsga-jmetalpy/corrections/slurm/ibea-ZDT.slurm
Partition       : serial
Num hosts       : 1
Num cores       : 1
Num of tasks    : 1
Hosts allocated : gold51
Job Output Follows ...
===============================================================================
==============================================================================
Running epilogue script on gold51.

Submit time  : 2024-05-13T13:10:29
Start time   : 2024-05-15T03:32:14
End time     : 2024-05-15T08:41:11
Elapsed time : 05:08:57 (Timelimit=2-11:55:00)

Job ID: 5991879
Array Job ID: 5983953_4
Cluster: i5
User/Group: sy6u19/mm
State: COMPLETED (exit code 0)
Cores: 1
CPU Utilized: 05:07:33
CPU Efficiency: 99.55% of 05:08:57 core-walltime
Job Wall-clock time: 05:08:57
Memory Utilized: 1.19 GB
Memory Efficiency: 15.20% of 7.81 GB

==============================================================================
Running epilogue script on gold51.

Submit time  : 2024-05-13T13:10:29
Start time   : 2024-05-15T03:26:56
End time     : 2024-05-15T10:56:01
Elapsed time : 07:29:05 (Timelimit=2-11:55:00)

Job ID: 5991877
Array Job ID: 5983953_3
Cluster: i5
User/Group: sy6u19/mm
State: COMPLETED (exit code 0)
Cores: 1
CPU Utilized: 07:26:55
CPU Efficiency: 99.52% of 07:29:05 core-walltime
Job Wall-clock time: 07:29:05
Memory Utilized: 1.56 GB
Memory Efficiency: 19.92% of 7.81 GB

==============================================================================
Running epilogue script on gold51.

Submit time  : 2024-05-13T13:10:29
Start time   : 2024-05-15T02:55:14
End time     : 2024-05-15T11:07:47
Elapsed time : 08:12:33 (Timelimit=2-11:55:00)

Job ID: 5991859
Array Job ID: 5983953_2
Cluster: i5
User/Group: sy6u19/mm
State: COMPLETED (exit code 0)
Cores: 1
CPU Utilized: 08:10:19
CPU Efficiency: 99.55% of 08:12:33 core-walltime
Job Wall-clock time: 08:12:33
Memory Utilized: 1.64 GB
Memory Efficiency: 21.03% of 7.81 GB

==============================================================================
Running epilogue script on gold51.

Submit time  : 2024-05-13T13:10:29
Start time   : 2024-05-15T02:37:14
End time     : 2024-05-15T11:31:06
Elapsed time : 08:53:52 (Timelimit=2-11:55:00)

Job ID: 5991853
Array Job ID: 5983953_1
Cluster: i5
User/Group: sy6u19/mm
State: COMPLETED (exit code 0)
Cores: 1
CPU Utilized: 08:52:01
CPU Efficiency: 99.65% of 08:53:52 core-walltime
Job Wall-clock time: 08:53:52
Memory Utilized: 1.72 GB
Memory Efficiency: 21.99% of 7.81 GB

==============================================================================
Running epilogue script on gold51.

Submit time  : 2024-05-13T13:10:29
Start time   : 2024-05-15T04:56:16
End time     : 2024-05-15T13:05:49
Elapsed time : 08:09:33 (Timelimit=2-11:55:00)

Job ID: 5983953
Array Job ID: 5983953_6
Cluster: i5
User/Group: sy6u19/mm
State: COMPLETED (exit code 0)
Cores: 1
CPU Utilized: 08:07:15
CPU Efficiency: 99.53% of 08:09:33 core-walltime
Job Wall-clock time: 08:09:33
Memory Utilized: 1.39 GB
Memory Efficiency: 17.82% of 7.81 GB

