Running SLURM prolog script on gold52.cluster.local
===============================================================================
Job started on Tue May 14 00:59:55 BST 2024
Job ID          : 5983946
Job name        : ibea-DASCMOP-7.slurm
WorkDir         : /mainfs/home/sy6u19/cmlsga-jmetalpy/corrections/slurm
Command         : /mainfs/home/sy6u19/cmlsga-jmetalpy/corrections/slurm/ibea-DASCMOP-7.slurm
Partition       : serial
Num hosts       : 1
Num cores       : 1
Num of tasks    : 1
Hosts allocated : gold52
Job Output Follows ...
===============================================================================
==============================================================================
Running epilogue script on gold51.

Submit time  : 2024-05-13T13:10:29
Start time   : 2024-05-14T00:26:55
End time     : 2024-05-14T03:56:17
Elapsed time : 03:29:22 (Timelimit=2-11:55:00)

Job ID: 5987109
Array Job ID: 5983946_1
Cluster: i5
User/Group: sy6u19/mm
State: COMPLETED (exit code 0)
Cores: 1
CPU Utilized: 03:23:40
CPU Efficiency: 97.28% of 03:29:22 core-walltime
Job Wall-clock time: 03:29:22
Memory Utilized: 1.05 GB
Memory Efficiency: 13.39% of 7.81 GB

==============================================================================
Running epilogue script on gold51.

Submit time  : 2024-05-13T13:10:29
Start time   : 2024-05-14T00:26:55
End time     : 2024-05-14T04:04:35
Elapsed time : 03:37:40 (Timelimit=2-11:55:00)

Job ID: 5987110
Array Job ID: 5983946_2
Cluster: i5
User/Group: sy6u19/mm
State: COMPLETED (exit code 0)
Cores: 1
CPU Utilized: 03:34:45
CPU Efficiency: 98.66% of 03:37:40 core-walltime
Job Wall-clock time: 03:37:40
Memory Utilized: 1.06 GB
Memory Efficiency: 13.56% of 7.81 GB

==============================================================================
Running epilogue script on gold51.

Submit time  : 2024-05-13T13:10:29
Start time   : 2024-05-14T00:35:55
End time     : 2024-05-14T04:11:57
Elapsed time : 03:36:02 (Timelimit=2-11:55:00)

Job ID: 5987131
Array Job ID: 5983946_3
Cluster: i5
User/Group: sy6u19/mm
State: COMPLETED (exit code 0)
Cores: 1
CPU Utilized: 03:32:58
CPU Efficiency: 98.58% of 03:36:02 core-walltime
Job Wall-clock time: 03:36:02
Memory Utilized: 1.08 GB
Memory Efficiency: 13.85% of 7.81 GB

==============================================================================
Running epilogue script on gold51.

Submit time  : 2024-05-13T13:10:29
Start time   : 2024-05-14T00:50:55
End time     : 2024-05-14T04:25:28
Elapsed time : 03:34:33 (Timelimit=2-11:55:00)

Job ID: 5987154
Array Job ID: 5983946_4
Cluster: i5
User/Group: sy6u19/mm
State: COMPLETED (exit code 0)
Cores: 1
CPU Utilized: 03:31:41
CPU Efficiency: 98.66% of 03:34:33 core-walltime
Job Wall-clock time: 03:34:33
Memory Utilized: 1.09 GB
Memory Efficiency: 13.95% of 7.81 GB

==============================================================================
Running epilogue script on gold51.

Submit time  : 2024-05-13T13:10:29
Start time   : 2024-05-14T00:55:56
End time     : 2024-05-14T04:53:26
Elapsed time : 03:57:30 (Timelimit=2-11:55:00)

Job ID: 5987156
Array Job ID: 5983946_5
Cluster: i5
User/Group: sy6u19/mm
State: COMPLETED (exit code 0)
Cores: 1
CPU Utilized: 03:54:27
CPU Efficiency: 98.72% of 03:57:30 core-walltime
Job Wall-clock time: 03:57:30
Memory Utilized: 1.12 GB
Memory Efficiency: 14.30% of 7.81 GB

==============================================================================
Running epilogue script on gold52.

Submit time  : 2024-05-13T13:10:29
Start time   : 2024-05-14T00:59:55
End time     : 2024-05-14T04:58:58
Elapsed time : 03:59:03 (Timelimit=2-11:55:00)

Job ID: 5983946
Array Job ID: 5983946_6
Cluster: i5
User/Group: sy6u19/mm
State: COMPLETED (exit code 0)
Cores: 1
CPU Utilized: 03:52:58
CPU Efficiency: 97.46% of 03:59:03 core-walltime
Job Wall-clock time: 03:59:03
Memory Utilized: 1.06 GB
Memory Efficiency: 13.59% of 7.81 GB

