Running SLURM prolog script on gold53.cluster.local
===============================================================================
Job started on Tue May 14 10:44:57 BST 2024
Job ID          : 5983948
Job name        : ibea-IMB.slurm
WorkDir         : /mainfs/home/sy6u19/cmlsga-jmetalpy/corrections/slurm
Command         : /mainfs/home/sy6u19/cmlsga-jmetalpy/corrections/slurm/ibea-IMB.slurm
Partition       : serial
Num hosts       : 1
Num cores       : 1
Num of tasks    : 1
Hosts allocated : gold53
Job Output Follows ...
===============================================================================
==============================================================================
Running epilogue script on gold52.

Submit time  : 2024-05-13T13:10:29
Start time   : 2024-05-14T04:59:25
End time     : 2024-05-14T10:44:52
Elapsed time : 05:45:27 (Timelimit=2-11:55:00)

Job ID: 5987297
Array Job ID: 5983948_8
Cluster: i5
User/Group: sy6u19/mm
State: COMPLETED (exit code 0)
Cores: 1
CPU Utilized: 05:36:51
CPU Efficiency: 97.51% of 05:45:27 core-walltime
Job Wall-clock time: 05:45:27
Memory Utilized: 1.13 GB
Memory Efficiency: 14.47% of 7.81 GB

==============================================================================
Running epilogue script on gold51.

Submit time  : 2024-05-13T13:10:29
Start time   : 2024-05-14T04:12:56
End time     : 2024-05-14T11:12:33
Elapsed time : 06:59:37 (Timelimit=2-11:55:00)

Job ID: 5987284
Array Job ID: 5983948_3
Cluster: i5
User/Group: sy6u19/mm
State: COMPLETED (exit code 0)
Cores: 1
CPU Utilized: 06:52:50
CPU Efficiency: 98.38% of 06:59:37 core-walltime
Job Wall-clock time: 06:59:37
Memory Utilized: 1.33 GB
Memory Efficiency: 17.08% of 7.81 GB

==============================================================================
Running epilogue script on gold53.

Submit time  : 2024-05-13T13:10:29
Start time   : 2024-05-14T06:44:56
End time     : 2024-05-14T11:47:07
Elapsed time : 05:02:11 (Timelimit=2-11:55:00)

Job ID: 5987363
Array Job ID: 5983948_9
Cluster: i5
User/Group: sy6u19/mm
State: COMPLETED (exit code 0)
Cores: 1
CPU Utilized: 04:53:28
CPU Efficiency: 97.12% of 05:02:11 core-walltime
Job Wall-clock time: 05:02:11
Memory Utilized: 1.10 GB
Memory Efficiency: 14.05% of 7.81 GB

==============================================================================
Running epilogue script on gold51.

Submit time  : 2024-05-13T13:10:29
Start time   : 2024-05-14T09:32:56
End time     : 2024-05-14T12:19:49
Elapsed time : 02:46:53 (Timelimit=2-11:55:00)

Job ID: 5987475
Array Job ID: 5983948_11
Cluster: i5
User/Group: sy6u19/mm
State: COMPLETED (exit code 0)
Cores: 1
CPU Utilized: 02:40:00
CPU Efficiency: 95.88% of 02:46:53 core-walltime
Job Wall-clock time: 02:46:53
Memory Utilized: 1.04 GB
Memory Efficiency: 13.31% of 7.81 GB

==============================================================================
Running epilogue script on gold51.

Submit time  : 2024-05-13T13:10:29
Start time   : 2024-05-14T09:40:57
End time     : 2024-05-14T12:23:31
Elapsed time : 02:42:34 (Timelimit=2-11:55:00)

Job ID: 5987519
Array Job ID: 5983948_12
Cluster: i5
User/Group: sy6u19/mm
State: COMPLETED (exit code 0)
Cores: 1
CPU Utilized: 02:36:17
CPU Efficiency: 96.13% of 02:42:34 core-walltime
Job Wall-clock time: 02:42:34
Memory Utilized: 1.04 GB
Memory Efficiency: 13.33% of 7.81 GB

==============================================================================
Running epilogue script on gold51.

Submit time  : 2024-05-13T13:10:29
Start time   : 2024-05-14T04:04:56
End time     : 2024-05-14T13:26:53
Elapsed time : 09:21:57 (Timelimit=2-11:55:00)

Job ID: 5987282
Array Job ID: 5983948_2
Cluster: i5
User/Group: sy6u19/mm
State: COMPLETED (exit code 0)
Cores: 1
CPU Utilized: 09:14:19
CPU Efficiency: 98.64% of 09:21:57 core-walltime
Job Wall-clock time: 09:21:57
Memory Utilized: 1.39 GB
Memory Efficiency: 17.83% of 7.81 GB

==============================================================================
Running epilogue script on gold52.

Submit time  : 2024-05-13T13:10:29
Start time   : 2024-05-14T10:39:57
End time     : 2024-05-14T13:47:42
Elapsed time : 03:07:45 (Timelimit=2-11:55:00)

Job ID: 5987694
Array Job ID: 5983948_13
Cluster: i5
User/Group: sy6u19/mm
State: COMPLETED (exit code 0)
Cores: 1
CPU Utilized: 02:59:29
CPU Efficiency: 95.60% of 03:07:45 core-walltime
Job Wall-clock time: 03:07:45
Memory Utilized: 1.03 GB
Memory Efficiency: 13.24% of 7.81 GB

==============================================================================
Running epilogue script on gold51.

Submit time  : 2024-05-13T13:10:29
Start time   : 2024-05-14T03:56:56
End time     : 2024-05-14T16:43:37
Elapsed time : 12:46:41 (Timelimit=2-11:55:00)

Job ID: 5987281
Array Job ID: 5983948_1
Cluster: i5
User/Group: sy6u19/mm
State: COMPLETED (exit code 0)
Cores: 1
CPU Utilized: 12:34:45
CPU Efficiency: 98.44% of 12:46:41 core-walltime
Job Wall-clock time: 12:46:41
Memory Utilized: 1.52 GB
Memory Efficiency: 19.40% of 7.81 GB

==============================================================================
Running epilogue script on gold52.

Submit time  : 2024-05-13T13:10:29
Start time   : 2024-05-14T04:27:56
End time     : 2024-05-15T09:09:31
Elapsed time : 1-04:41:35 (Timelimit=2-11:55:00)

Job ID: 5987290
Array Job ID: 5983948_5
Cluster: i5
User/Group: sy6u19/mm
State: COMPLETED (exit code 0)
Cores: 1
CPU Utilized: 1-04:31:32
CPU Efficiency: 99.42% of 1-04:41:35 core-walltime
Job Wall-clock time: 1-04:41:35
Memory Utilized: 1.79 GB
Memory Efficiency: 22.91% of 7.81 GB

==============================================================================
Running epilogue script on gold51.

Submit time  : 2024-05-13T13:10:29
Start time   : 2024-05-14T04:25:56
End time     : 2024-05-15T09:26:34
Elapsed time : 1-05:00:38 (Timelimit=2-11:55:00)

Job ID: 5987288
Array Job ID: 5983948_4
Cluster: i5
User/Group: sy6u19/mm
State: COMPLETED (exit code 0)
Cores: 1
CPU Utilized: 1-04:50:29
CPU Efficiency: 99.42% of 1-05:00:38 core-walltime
Job Wall-clock time: 1-05:00:38
Memory Utilized: 2.20 GB
Memory Efficiency: 28.11% of 7.81 GB

==============================================================================
Running epilogue script on gold52.

Submit time  : 2024-05-13T13:10:29
Start time   : 2024-05-14T04:33:56
End time     : 2024-05-15T17:35:02
Elapsed time : 1-13:01:06 (Timelimit=2-11:55:00)

Job ID: 5987291
Array Job ID: 5983948_6
Cluster: i5
User/Group: sy6u19/mm
State: COMPLETED (exit code 0)
Cores: 1
CPU Utilized: 1-12:51:09
CPU Efficiency: 99.55% of 1-13:01:06 core-walltime
Job Wall-clock time: 1-13:01:06
Memory Utilized: 2.07 GB
Memory Efficiency: 26.44% of 7.81 GB

