Running SLURM prolog script on gold53.cluster.local
===============================================================================
Job started on Mon Aug 19 12:32:14 BST 2024
Job ID          : 6462640
Job name        : moead-UF.slurm
WorkDir         : /mainfs/home/sy6u19/cmlsga-jmetalpy/corrections/slurm
Command         : /mainfs/home/sy6u19/cmlsga-jmetalpy/corrections/slurm/moead-UF.slurm
Partition       : serial
Num hosts       : 1
Num cores       : 1
Num of tasks    : 1
Hosts allocated : gold53
Job Output Follows ...
===============================================================================
Running SLURM prolog script on gold53.cluster.local
===============================================================================
Job started on Mon Aug 19 12:32:14 BST 2024
Job ID          : 6462641
Job name        : moead-UF.slurm
WorkDir         : /mainfs/home/sy6u19/cmlsga-jmetalpy/corrections/slurm
Command         : /mainfs/home/sy6u19/cmlsga-jmetalpy/corrections/slurm/moead-UF.slurm
Partition       : serial
Num hosts       : 1
Num cores       : 1
Num of tasks    : 1
Hosts allocated : gold53
Job Output Follows ...
===============================================================================
Running SLURM prolog script on gold53.cluster.local
===============================================================================
Job started on Mon Aug 19 12:32:14 BST 2024
Job ID          : 6462638
Job name        : moead-UF.slurm
WorkDir         : /mainfs/home/sy6u19/cmlsga-jmetalpy/corrections/slurm
Command         : /mainfs/home/sy6u19/cmlsga-jmetalpy/corrections/slurm/moead-UF.slurm
Partition       : serial
Num hosts       : 1
Num cores       : 1
Num of tasks    : 1
Hosts allocated : gold53
Job Output Follows ...
===============================================================================
==============================================================================
Running epilogue script on gold53.

Submit time  : 2024-08-19T12:31:42
Start time   : 2024-08-19T12:32:14
End time     : 2024-08-19T12:58:31
Elapsed time : 00:26:17 (Timelimit=1-23:55:00)

Job ID: 6462640
Array Job ID: 6462638_4
Cluster: i5
User/Group: sy6u19/mm
State: COMPLETED (exit code 0)
Cores: 1
CPU Utilized: 00:25:49
CPU Efficiency: 98.22% of 00:26:17 core-walltime
Job Wall-clock time: 00:26:17
Memory Utilized: 1.06 GB
Memory Efficiency: 13.53% of 7.81 GB

==============================================================================
Running epilogue script on gold53.

Submit time  : 2024-08-19T12:31:42
Start time   : 2024-08-19T12:32:14
End time     : 2024-08-19T13:01:19
Elapsed time : 00:29:05 (Timelimit=1-23:55:00)

Job ID: 6462641
Array Job ID: 6462638_8
Cluster: i5
User/Group: sy6u19/mm
State: COMPLETED (exit code 0)
Cores: 1
CPU Utilized: 00:28:42
CPU Efficiency: 98.68% of 00:29:05 core-walltime
Job Wall-clock time: 00:29:05
Memory Utilized: 1.07 GB
Memory Efficiency: 13.66% of 7.81 GB

