Running SLURM prolog script on gold60.cluster.local
===============================================================================
Job started on Wed Aug 14 16:37:29 BST 2024
Job ID          : 6446261
Job name        : moead-DASCMOP-5.slurm
WorkDir         : /mainfs/home/sy6u19/cmlsga-jmetalpy/corrections/slurm
Command         : /mainfs/home/sy6u19/cmlsga-jmetalpy/corrections/slurm/moead-DASCMOP-5.slurm
Partition       : serial
Num hosts       : 1
Num cores       : 1
Num of tasks    : 1
Hosts allocated : gold60
Job Output Follows ...
===============================================================================
Running SLURM prolog script on gold58.cluster.local
===============================================================================
Job started on Wed Aug 14 16:37:29 BST 2024
Job ID          : 6446282
Job name        : moead-DASCMOP-5.slurm
WorkDir         : /mainfs/home/sy6u19/cmlsga-jmetalpy/corrections/slurm
Command         : /mainfs/home/sy6u19/cmlsga-jmetalpy/corrections/slurm/moead-DASCMOP-5.slurm
Partition       : serial
Num hosts       : 1
Num cores       : 1
Num of tasks    : 1
Hosts allocated : gold58
Job Output Follows ...
===============================================================================
==============================================================================
Running epilogue script on gold58.

Submit time  : 2024-08-14T16:35:16
Start time   : 2024-08-14T16:37:29
End time     : 2024-08-15T19:54:06
Elapsed time : 1-03:16:37 (Timelimit=1-23:55:00)

Job ID: 6446282
Array Job ID: 6446261_1
Cluster: i5
User/Group: sy6u19/mm
State: COMPLETED (exit code 0)
Cores: 1
CPU Utilized: 1-01:56:28
CPU Efficiency: 95.10% of 1-03:16:37 core-walltime
Job Wall-clock time: 1-03:16:37
Memory Utilized: 1.05 GB
Memory Efficiency: 13.41% of 7.81 GB

==============================================================================
Running epilogue script on gold60.

Submit time  : 2024-08-14T16:35:16
Start time   : 2024-08-14T16:37:29
End time     : 2024-08-15T20:11:15
Elapsed time : 1-03:33:46 (Timelimit=1-23:55:00)

Job ID: 6446261
Array Job ID: 6446261_2
Cluster: i5
User/Group: sy6u19/mm
State: COMPLETED (exit code 0)
Cores: 1
CPU Utilized: 1-02:13:57
CPU Efficiency: 95.17% of 1-03:33:46 core-walltime
Job Wall-clock time: 1-03:33:46
Memory Utilized: 1.04 GB
Memory Efficiency: 13.30% of 7.81 GB

