Running SLURM prolog script on gold53.cluster.local
===============================================================================
Job started on Wed Apr  3 15:38:55 BST 2024
Job ID          : 5768308
Job name        : moead.slurm
WorkDir         : /mainfs/home/sy6u19/cmlsga-jmetalpy/corrections
Command         : /mainfs/home/sy6u19/cmlsga-jmetalpy/corrections/moead.slurm
Partition       : serial
Num hosts       : 1
Num cores       : 1
Num of tasks    : 1
Hosts allocated : gold53
Job Output Follows ...
===============================================================================
==============================================================================
==============================================================================
Running epilogue script on gold53.
Running epilogue script on gold53.


==============================================================================
==============================================================================
==============================================================================
==============================================================================
Running epilogue script on gold52.
==============================================================================
==============================================================================
==============================================================================
Running epilogue script on gold51.
Running epilogue script on gold51.
Running epilogue script on gold52.

Submit time  : 2024-04-03T15:37:56
Submit time  : 2024-04-03T15:37:56
==============================================================================
Running epilogue script on gold52.

Running epilogue script on gold51.


Running epilogue script on gold51.

Running epilogue script on gold51.



Submit time  : 2024-04-03T15:37:56
Start time   : 2024-04-03T15:38:18
Start time   : 2024-04-03T15:38:18
Submit time  : 2024-04-03T15:37:56
Submit time  : 2024-04-03T15:37:56
Submit time  : 2024-04-03T15:37:56
Submit time  : 2024-04-03T15:37:56
Submit time  : 2024-04-03T15:37:56
Submit time  : 2024-04-03T15:37:56
End time     : 2024-04-05T01:43:46
Start time   : 2024-04-03T15:38:18
End time     : 2024-04-05T01:43:46
Submit time  : 2024-04-03T15:37:56
Start time   : 2024-04-03T15:38:18
Start time   : 2024-04-03T15:38:18
Start time   : 2024-04-03T15:38:18
Start time   : 2024-04-03T15:38:18
Start time   : 2024-04-03T15:38:18
Start time   : 2024-04-03T15:38:18
Elapsed time : 1-10:05:28 Elapsed time : 1-10:05:28 End time     : 2024-04-05T01:43:46
End time     : 2024-04-05T01:43:46
End time     : 2024-04-05T01:43:46
End time     : 2024-04-05T01:43:46
Start time   : 2024-04-03T15:38:18
End time     : 2024-04-05T01:43:46
End time     : 2024-04-05T01:43:46
End time     : 2024-04-05T01:43:46
(Timelimit=1-10:05:00)
(Timelimit=1-10:05:00)


Elapsed time : 1-10:05:28 Elapsed time : 1-10:05:28 Elapsed time : 1-10:05:28 Elapsed time : 1-10:05:28 End time     : 2024-04-05T01:43:46
Elapsed time : 1-10:05:28 Elapsed time : 1-10:05:28 Elapsed time : 1-10:05:28 (Timelimit=1-10:05:00)

(Timelimit=1-10:05:00)

(Timelimit=1-10:05:00)
Elapsed time : 1-10:05:28 (Timelimit=1-10:05:00)

(Timelimit=1-10:05:00)


(Timelimit=1-10:05:00)

(Timelimit=1-10:05:00)

(Timelimit=1-10:05:00)

Job ID: 5768319
Array Job ID: 5768308_9
Cluster: i5
User/Group: sy6u19/mm
State: TIMEOUT (exit code 0)
Cores: 1
CPU Utilized: 00:00:00
CPU Efficiency: 0.00% of 1-10:05:28 core-walltime
Job Wall-clock time: 1-10:05:28
Memory Utilized: 1.08 GB
Memory Efficiency: 27.52% of 3.91 GB
Job ID: 5768318
Array Job ID: 5768308_8
Cluster: i5
User/Group: sy6u19/mm
State: TIMEOUT (exit code 0)
Cores: 1
CPU Utilized: 00:00:00
CPU Efficiency: 0.00% of 1-10:05:28 core-walltime
Job Wall-clock time: 1-10:05:28
Memory Utilized: 1.08 GB
Memory Efficiency: 27.52% of 3.91 GB


Job ID: 5768316
Array Job ID: 5768308_6
Cluster: i5
User/Group: sy6u19/mm
State: TIMEOUT (exit code 0)
Cores: 1
CPU Utilized: 00:00:00
CPU Efficiency: 0.00% of 1-10:05:28 core-walltime
Job Wall-clock time: 1-10:05:28
Memory Utilized: 1.11 GB
Memory Efficiency: 28.33% of 3.91 GB
Job ID: 5768311
Array Job ID: 5768308_1
Cluster: i5
User/Group: sy6u19/mm
State: TIMEOUT (exit code 0)
Cores: 1
CPU Utilized: 00:00:00
CPU Efficiency: 0.00% of 1-10:05:28 core-walltime
Job Wall-clock time: 1-10:05:28
Memory Utilized: 1.12 GB
Memory Efficiency: 28.69% of 3.91 GB
Job ID: 5768315
Array Job ID: 5768308_5
Cluster: i5
User/Group: sy6u19/mm
State: TIMEOUT (exit code 0)
Cores: 1
CPU Utilized: 00:00:00
CPU Efficiency: 0.00% of 1-10:05:28 core-walltime
Job Wall-clock time: 1-10:05:28
Memory Utilized: 1.12 GB
Memory Efficiency: 28.68% of 3.91 GB
Job ID: 5768313
Array Job ID: 5768308_3
Cluster: i5
User/Group: sy6u19/mm
State: TIMEOUT (exit code 0)
Cores: 1
CPU Utilized: 00:00:00
CPU Efficiency: 0.00% of 1-10:05:28 core-walltime
Job Wall-clock time: 1-10:05:28
Memory Utilized: 1.10 GB
Memory Efficiency: 28.26% of 3.91 GB
Job ID: 5768317
Array Job ID: 5768308_7
Cluster: i5
User/Group: sy6u19/mm
State: TIMEOUT (exit code 0)
Cores: 1
CPU Utilized: 00:00:00
CPU Efficiency: 0.00% of 1-10:05:28 core-walltime
Job Wall-clock time: 1-10:05:28
Memory Utilized: 1.10 GB
Memory Efficiency: 28.09% of 3.91 GB
Job ID: 5768312
Array Job ID: 5768308_2
Cluster: i5
User/Group: sy6u19/mm
State: TIMEOUT (exit code 0)
Cores: 1
CPU Utilized: 00:00:00
CPU Efficiency: 0.00% of 1-10:05:28 core-walltime
Job Wall-clock time: 1-10:05:28
Memory Utilized: 1.10 GB
Memory Efficiency: 28.25% of 3.91 GB
Job ID: 5768314
Array Job ID: 5768308_4
Cluster: i5
User/Group: sy6u19/mm
State: TIMEOUT (exit code 0)
Cores: 1
CPU Utilized: 00:00:00
CPU Efficiency: 0.00% of 1-10:05:28 core-walltime
Job Wall-clock time: 1-10:05:28
Memory Utilized: 1.09 GB
Memory Efficiency: 28.00% of 3.91 GB


Job ID: 5768310
Array Job ID: 5768308_0
Cluster: i5
User/Group: sy6u19/mm
State: TIMEOUT (exit code 0)
Cores: 1
CPU Utilized: 00:00:00
CPU Efficiency: 0.00% of 1-10:05:28 core-walltime
Job Wall-clock time: 1-10:05:28
Memory Utilized: 1.11 GB
Memory Efficiency: 28.32% of 3.91 GB






