Running SLURM prolog script on gold53.cluster.local
===============================================================================
Job started on Mon Aug 19 12:33:26 BST 2024
Job ID          : 6462661
Job name        : moead-DTLZ.slurm
WorkDir         : /mainfs/home/sy6u19/cmlsga-jmetalpy/corrections/slurm
Command         : /mainfs/home/sy6u19/cmlsga-jmetalpy/corrections/slurm/moead-DTLZ.slurm
Partition       : serial
Num hosts       : 1
Num cores       : 1
Num of tasks    : 1
Hosts allocated : gold53
Job Output Follows ...
===============================================================================
==============================================================================
Running epilogue script on gold54.

Submit time  : 2024-08-19T12:33:02
Start time   : 2024-08-19T12:33:25
End time     : 2024-08-19T12:54:29
Elapsed time : 00:21:04 (Timelimit=1-23:55:00)

Job ID: 6462663
Array Job ID: 6462652_3
Cluster: i5
User/Group: sy6u19/mm
State: COMPLETED (exit code 0)
Cores: 1
CPU Utilized: 00:19:57
CPU Efficiency: 94.70% of 00:21:04 core-walltime
Job Wall-clock time: 00:21:04
Memory Utilized: 1.04 GB
Memory Efficiency: 13.36% of 7.81 GB

==============================================================================
Running epilogue script on gold53.

Submit time  : 2024-08-19T12:33:02
Start time   : 2024-08-19T12:33:25
End time     : 2024-08-19T12:55:45
Elapsed time : 00:22:20 (Timelimit=1-23:55:00)

Job ID: 6462661
Array Job ID: 6462652_1
Cluster: i5
User/Group: sy6u19/mm
State: COMPLETED (exit code 0)
Cores: 1
CPU Utilized: 00:20:43
CPU Efficiency: 92.76% of 00:22:20 core-walltime
Job Wall-clock time: 00:22:20
Memory Utilized: 1.06 GB
Memory Efficiency: 13.53% of 7.81 GB

==============================================================================
Running epilogue script on gold54.

Submit time  : 2024-08-19T12:33:02
Start time   : 2024-08-19T12:33:25
End time     : 2024-08-19T12:56:20
Elapsed time : 00:22:55 (Timelimit=1-23:55:00)

Job ID: 6462665
Array Job ID: 6462652_5
Cluster: i5
User/Group: sy6u19/mm
State: COMPLETED (exit code 0)
Cores: 1
CPU Utilized: 00:21:50
CPU Efficiency: 95.27% of 00:22:55 core-walltime
Job Wall-clock time: 00:22:55
Memory Utilized: 1.04 GB
Memory Efficiency: 13.37% of 7.81 GB

==============================================================================
Running epilogue script on gold54.

Submit time  : 2024-08-19T12:33:02
Start time   : 2024-08-19T12:33:25
End time     : 2024-08-19T12:57:15
Elapsed time : 00:23:50 (Timelimit=1-23:55:00)

Job ID: 6462662
Array Job ID: 6462652_2
Cluster: i5
User/Group: sy6u19/mm
State: COMPLETED (exit code 0)
Cores: 1
CPU Utilized: 00:22:45
CPU Efficiency: 95.45% of 00:23:50 core-walltime
Job Wall-clock time: 00:23:50
Memory Utilized: 1.05 GB
Memory Efficiency: 13.46% of 7.81 GB

==============================================================================
Running epilogue script on gold54.

Submit time  : 2024-08-19T12:33:02
Start time   : 2024-08-19T12:33:25
End time     : 2024-08-19T12:57:23
Elapsed time : 00:23:58 (Timelimit=1-23:55:00)

Job ID: 6462664
Array Job ID: 6462652_4
Cluster: i5
User/Group: sy6u19/mm
State: COMPLETED (exit code 0)
Cores: 1
CPU Utilized: 00:22:55
CPU Efficiency: 95.62% of 00:23:58 core-walltime
Job Wall-clock time: 00:23:58
Memory Utilized: 1.05 GB
Memory Efficiency: 13.50% of 7.81 GB

==============================================================================
Running epilogue script on gold54.

Submit time  : 2024-08-19T12:33:02
Start time   : 2024-08-19T12:33:25
End time     : 2024-08-19T12:57:47
Elapsed time : 00:24:22 (Timelimit=1-23:55:00)

Job ID: 6462666
Array Job ID: 6462652_6
Cluster: i5
User/Group: sy6u19/mm
State: COMPLETED (exit code 0)
Cores: 1
CPU Utilized: 00:23:20
CPU Efficiency: 95.76% of 00:24:22 core-walltime
Job Wall-clock time: 00:24:22
Memory Utilized: 1.05 GB
Memory Efficiency: 13.50% of 7.81 GB

