Running SLURM prolog script on gold60.cluster.local
===============================================================================
Job started on Wed Aug 14 16:37:29 BST 2024
Job ID          : 6446268
Job name        : moead-DASCMOP-6.slurm
WorkDir         : /mainfs/home/sy6u19/cmlsga-jmetalpy/corrections/slurm
Command         : /mainfs/home/sy6u19/cmlsga-jmetalpy/corrections/slurm/moead-DASCMOP-6.slurm
Partition       : serial
Num hosts       : 1
Num cores       : 1
Num of tasks    : 1
Hosts allocated : gold60
Job Output Follows ...
===============================================================================
==============================================================================
Running epilogue script on gold60.

Submit time  : 2024-08-14T16:35:32
Start time   : 2024-08-14T16:37:29
End time     : 2024-08-14T17:55:17
Elapsed time : 01:17:48 (Timelimit=1-23:55:00)

Job ID: 6446268
Array Job ID: 6446268_5
Cluster: i5
User/Group: sy6u19/mm
State: COMPLETED (exit code 0)
Cores: 1
CPU Utilized: 01:16:36
CPU Efficiency: 98.46% of 01:17:48 core-walltime
Job Wall-clock time: 01:17:48
Memory Utilized: 1.04 GB
Memory Efficiency: 13.30% of 7.81 GB

