Running SLURM prolog script on gold54.cluster.local
===============================================================================
Job started on Mon Aug 19 12:33:26 BST 2024
Job ID          : 6462667
Job name        : moead-DASCMOP-7.slurm
WorkDir         : /mainfs/home/sy6u19/cmlsga-jmetalpy/corrections/slurm
Command         : /mainfs/home/sy6u19/cmlsga-jmetalpy/corrections/slurm/moead-DASCMOP-7.slurm
Partition       : serial
Num hosts       : 1
Num cores       : 1
Num of tasks    : 1
Hosts allocated : gold54
Job Output Follows ...
===============================================================================
Running SLURM prolog script on gold54.cluster.local
===============================================================================
Job started on Mon Aug 19 12:33:26 BST 2024
Job ID          : 6462654
Job name        : moead-DASCMOP-7.slurm
WorkDir         : /mainfs/home/sy6u19/cmlsga-jmetalpy/corrections/slurm
Command         : /mainfs/home/sy6u19/cmlsga-jmetalpy/corrections/slurm/moead-DASCMOP-7.slurm
Partition       : serial
Num hosts       : 1
Num cores       : 1
Num of tasks    : 1
Hosts allocated : gold54
Job Output Follows ...
===============================================================================
Running SLURM prolog script on gold54.cluster.local
===============================================================================
Job started on Mon Aug 19 12:33:26 BST 2024
Job ID          : 6462668
Job name        : moead-DASCMOP-7.slurm
WorkDir         : /mainfs/home/sy6u19/cmlsga-jmetalpy/corrections/slurm
Command         : /mainfs/home/sy6u19/cmlsga-jmetalpy/corrections/slurm/moead-DASCMOP-7.slurm
Partition       : serial
Num hosts       : 1
Num cores       : 1
Num of tasks    : 1
Hosts allocated : gold54
Job Output Follows ...
===============================================================================
==============================================================================
Running epilogue script on gold54.

Submit time  : 2024-08-19T12:33:19
Start time   : 2024-08-19T12:33:25
End time     : 2024-08-19T13:03:32
Elapsed time : 00:30:07 (Timelimit=1-23:55:00)

Job ID: 6462667
Array Job ID: 6462654_1
Cluster: i5
User/Group: sy6u19/mm
State: COMPLETED (exit code 0)
Cores: 1
CPU Utilized: 00:29:14
CPU Efficiency: 97.07% of 00:30:07 core-walltime
Job Wall-clock time: 00:30:07
Memory Utilized: 1.06 GB
Memory Efficiency: 13.51% of 7.81 GB

==============================================================================
Running epilogue script on gold54.

Submit time  : 2024-08-19T12:33:19
Start time   : 2024-08-19T12:33:25
End time     : 2024-08-19T13:06:08
Elapsed time : 00:32:43 (Timelimit=1-23:55:00)

Job ID: 6462668
Array Job ID: 6462654_2
Cluster: i5
User/Group: sy6u19/mm
State: COMPLETED (exit code 0)
Cores: 1
CPU Utilized: 00:31:55
CPU Efficiency: 97.55% of 00:32:43 core-walltime
Job Wall-clock time: 00:32:43
Memory Utilized: 1.05 GB
Memory Efficiency: 13.44% of 7.81 GB

