Running SLURM prolog script on gold53.cluster.local
===============================================================================
Job started on Mon Aug 19 12:32:26 BST 2024
Job ID          : 6462649
Job name        : moead-LZ09_F.slurm
WorkDir         : /mainfs/home/sy6u19/cmlsga-jmetalpy/corrections/slurm
Command         : /mainfs/home/sy6u19/cmlsga-jmetalpy/corrections/slurm/moead-LZ09_F.slurm
Partition       : serial
Num hosts       : 1
Num cores       : 1
Num of tasks    : 1
Hosts allocated : gold53
Job Output Follows ...
===============================================================================
Running SLURM prolog script on gold53.cluster.local
===============================================================================
Job started on Mon Aug 19 12:32:26 BST 2024
Job ID          : 6462650
Job name        : moead-LZ09_F.slurm
WorkDir         : /mainfs/home/sy6u19/cmlsga-jmetalpy/corrections/slurm
Command         : /mainfs/home/sy6u19/cmlsga-jmetalpy/corrections/slurm/moead-LZ09_F.slurm
Partition       : serial
Num hosts       : 1
Num cores       : 1
Num of tasks    : 1
Hosts allocated : gold53
Job Output Follows ...
===============================================================================
Running SLURM prolog script on gold53.cluster.local
===============================================================================
Job started on Mon Aug 19 12:32:26 BST 2024
Job ID          : 6462645
Job name        : moead-LZ09_F.slurm
WorkDir         : /mainfs/home/sy6u19/cmlsga-jmetalpy/corrections/slurm
Command         : /mainfs/home/sy6u19/cmlsga-jmetalpy/corrections/slurm/moead-LZ09_F.slurm
Partition       : serial
Num hosts       : 1
Num cores       : 1
Num of tasks    : 1
Hosts allocated : gold53
Job Output Follows ...
===============================================================================
==============================================================================
Running epilogue script on gold53.

Submit time  : 2024-08-19T12:32:15
Start time   : 2024-08-19T12:32:26
End time     : 2024-08-19T12:54:24
Elapsed time : 00:21:58 (Timelimit=1-23:55:00)

Job ID: 6462649
Array Job ID: 6462645_1
Cluster: i5
User/Group: sy6u19/mm
State: COMPLETED (exit code 0)
Cores: 1
CPU Utilized: 00:21:41
CPU Efficiency: 98.71% of 00:21:58 core-walltime
Job Wall-clock time: 00:21:58
Memory Utilized: 1.05 GB
Memory Efficiency: 13.48% of 7.81 GB

==============================================================================
Running epilogue script on gold53.

Submit time  : 2024-08-19T12:32:15
Start time   : 2024-08-19T12:32:26
End time     : 2024-08-19T13:00:29
Elapsed time : 00:28:03 (Timelimit=1-23:55:00)

Job ID: 6462650
Array Job ID: 6462645_4
Cluster: i5
User/Group: sy6u19/mm
State: COMPLETED (exit code 0)
Cores: 1
CPU Utilized: 00:27:42
CPU Efficiency: 98.75% of 00:28:03 core-walltime
Job Wall-clock time: 00:28:03
Memory Utilized: 1.07 GB
Memory Efficiency: 13.74% of 7.81 GB

