Running SLURM prolog script on gold52.cluster.local
===============================================================================
Job started on Mon Aug 19 12:21:25 BST 2024
Job ID          : 6462610
Job name        : moead-ZDT.slurm
WorkDir         : /mainfs/home/sy6u19/cmlsga-jmetalpy/corrections/slurm
Command         : /mainfs/home/sy6u19/cmlsga-jmetalpy/corrections/slurm/moead-ZDT.slurm
Partition       : serial
Num hosts       : 1
Num cores       : 1
Num of tasks    : 1
Hosts allocated : gold52
Job Output Follows ...
===============================================================================
Running SLURM prolog script on gold52.cluster.local
===============================================================================
Job started on Mon Aug 19 12:21:25 BST 2024
Job ID          : 6462611
Job name        : moead-ZDT.slurm
WorkDir         : /mainfs/home/sy6u19/cmlsga-jmetalpy/corrections/slurm
Command         : /mainfs/home/sy6u19/cmlsga-jmetalpy/corrections/slurm/moead-ZDT.slurm
Partition       : serial
Num hosts       : 1
Num cores       : 1
Num of tasks    : 1
Hosts allocated : gold52
Job Output Follows ...
===============================================================================
Running SLURM prolog script on gold52.cluster.local
===============================================================================
Job started on Mon Aug 19 12:21:25 BST 2024
Job ID          : 6462609
Job name        : moead-ZDT.slurm
WorkDir         : /mainfs/home/sy6u19/cmlsga-jmetalpy/corrections/slurm
Command         : /mainfs/home/sy6u19/cmlsga-jmetalpy/corrections/slurm/moead-ZDT.slurm
Partition       : serial
Num hosts       : 1
Num cores       : 1
Num of tasks    : 1
Hosts allocated : gold52
Job Output Follows ...
===============================================================================
==============================================================================
Running epilogue script on gold52.

Submit time  : 2024-08-19T12:21:09
Start time   : 2024-08-19T12:21:25
End time     : 2024-08-19T12:46:23
Elapsed time : 00:24:58 (Timelimit=1-23:55:00)

Job ID: 6462610
Array Job ID: 6462609_1
Cluster: i5
User/Group: sy6u19/mm
State: COMPLETED (exit code 0)
Cores: 1
CPU Utilized: 00:24:19
CPU Efficiency: 97.40% of 00:24:58 core-walltime
Job Wall-clock time: 00:24:58
Memory Utilized: 1.06 GB
Memory Efficiency: 13.51% of 7.81 GB

==============================================================================
Running epilogue script on gold52.

Submit time  : 2024-08-19T12:21:09
Start time   : 2024-08-19T12:21:25
End time     : 2024-08-19T12:46:48
Elapsed time : 00:25:23 (Timelimit=1-23:55:00)

Job ID: 6462611
Array Job ID: 6462609_2
Cluster: i5
User/Group: sy6u19/mm
State: COMPLETED (exit code 0)
Cores: 1
CPU Utilized: 00:24:45
CPU Efficiency: 97.50% of 00:25:23 core-walltime
Job Wall-clock time: 00:25:23
Memory Utilized: 1.07 GB
Memory Efficiency: 13.74% of 7.81 GB

