Running SLURM prolog script on gold52.cluster.local
===============================================================================
Job started on Sat May 18 13:53:13 BST 2024
Job ID          : 5983967
Job name        : nsgaiii-DTLZ.slurm
WorkDir         : /mainfs/home/sy6u19/cmlsga-jmetalpy/corrections/slurm
Command         : /mainfs/home/sy6u19/cmlsga-jmetalpy/corrections/slurm/nsgaiii-DTLZ.slurm
Partition       : serial
Num hosts       : 1
Num cores       : 1
Num of tasks    : 1
Hosts allocated : gold52
Job Output Follows ...
===============================================================================
==============================================================================
Running epilogue script on gold51.

Submit time  : 2024-05-13T13:10:29
Start time   : 2024-05-18T13:53:02
End time     : 2024-05-18T13:53:06
Elapsed time : 00:00:04 (Timelimit=2-11:55:00)

Job ID: 6004842
Array Job ID: 5983967_6
Cluster: i5
User/Group: sy6u19/mm
State: FAILED (exit code 1)
Cores: 1
CPU Utilized: 00:00:03
CPU Efficiency: 75.00% of 00:00:04 core-walltime
Job Wall-clock time: 00:00:04
Memory Utilized: 2.36 MB
Memory Efficiency: 0.03% of 7.81 GB

