Running SLURM prolog script on gold53.cluster.local
===============================================================================
Job started on Sat May 18 14:23:06 BST 2024
Job ID          : 6004905
Job name        : nsgaiii-ZDT.slurm
WorkDir         : /mainfs/home/sy6u19/cmlsga-jmetalpy/corrections/slurm
Command         : /mainfs/home/sy6u19/cmlsga-jmetalpy/corrections/slurm/nsgaiii-ZDT.slurm
Partition       : serial
Num hosts       : 1
Num cores       : 1
Num of tasks    : 1
Hosts allocated : gold53
Job Output Follows ...
===============================================================================
Running SLURM prolog script on gold53.cluster.local
===============================================================================
Job started on Sat May 18 14:23:06 BST 2024
Job ID          : 6004907
Job name        : nsgaiii-ZDT.slurm
WorkDir         : /mainfs/home/sy6u19/cmlsga-jmetalpy/corrections/slurm
Command         : /mainfs/home/sy6u19/cmlsga-jmetalpy/corrections/slurm/nsgaiii-ZDT.slurm
Partition       : serial
Num hosts       : 1
Num cores       : 1
Num of tasks    : 1
Hosts allocated : gold53
Job Output Follows ...
===============================================================================
Running SLURM prolog script on gold53.cluster.local
===============================================================================
Job started on Sat May 18 14:23:06 BST 2024
Job ID          : 6004906
Job name        : nsgaiii-ZDT.slurm
WorkDir         : /mainfs/home/sy6u19/cmlsga-jmetalpy/corrections/slurm
Command         : /mainfs/home/sy6u19/cmlsga-jmetalpy/corrections/slurm/nsgaiii-ZDT.slurm
Partition       : serial
Num hosts       : 1
Num cores       : 1
Num of tasks    : 1
Hosts allocated : gold53
Job Output Follows ...
===============================================================================
Running SLURM prolog script on gold53.cluster.local
===============================================================================
Job started on Sat May 18 14:23:06 BST 2024
Job ID          : 6004908
Job name        : nsgaiii-ZDT.slurm
WorkDir         : /mainfs/home/sy6u19/cmlsga-jmetalpy/corrections/slurm
Command         : /mainfs/home/sy6u19/cmlsga-jmetalpy/corrections/slurm/nsgaiii-ZDT.slurm
Partition       : serial
Num hosts       : 1
Num cores       : 1
Num of tasks    : 1
Hosts allocated : gold53
Job Output Follows ...
===============================================================================
Running SLURM prolog script on gold53.cluster.local
===============================================================================
Job started on Sat May 18 14:23:06 BST 2024
Job ID          : 5983973
Job name        : nsgaiii-ZDT.slurm
WorkDir         : /mainfs/home/sy6u19/cmlsga-jmetalpy/corrections/slurm
Command         : /mainfs/home/sy6u19/cmlsga-jmetalpy/corrections/slurm/nsgaiii-ZDT.slurm
Partition       : serial
Num hosts       : 1
Num cores       : 1
Num of tasks    : 1
Hosts allocated : gold53
Job Output Follows ...
===============================================================================
==============================================================================
Running epilogue script on gold53.

Submit time  : 2024-05-13T13:10:29
Start time   : 2024-05-18T14:23:05
==============================================================================
Running epilogue script on gold53.

End time     : 2024-05-18T14:24:16
==============================================================================
Running epilogue script on gold53.

==============================================================================
Running epilogue script on gold53.

Submit time  : 2024-05-13T13:10:29
Elapsed time : 00:01:11 Submit time  : 2024-05-13T13:10:29
Submit time  : 2024-05-13T13:10:29
Start time   : 2024-05-18T14:23:05
Start time   : 2024-05-18T14:23:05
(Timelimit=2-11:55:00)

Start time   : 2024-05-18T14:23:05
End time     : 2024-05-18T14:24:16
End time     : 2024-05-18T14:24:16
End time     : 2024-05-18T14:24:16
Elapsed time : 00:01:11 Elapsed time : 00:01:11 Elapsed time : 00:01:11 (Timelimit=2-11:55:00)

(Timelimit=2-11:55:00)

(Timelimit=2-11:55:00)

Job ID: 6004906
Array Job ID: 5983973_2
Cluster: i5
User/Group: sy6u19/mm
State: FAILED (exit code 1)
Cores: 1
CPU Utilized: 00:00:06
CPU Efficiency: 8.45% of 00:01:11 core-walltime
Job Wall-clock time: 00:01:11
Memory Utilized: 138.30 MB
Memory Efficiency: 1.73% of 7.81 GB

Job ID: 6004907
Array Job ID: 5983973_3
Cluster: i5
User/Group: sy6u19/mm
State: FAILED (exit code 1)
Cores: 1
CPU Utilized: 00:00:06
CPU Efficiency: 8.45% of 00:01:11 core-walltime
Job Wall-clock time: 00:01:11
Memory Utilized: 140.09 MB
Memory Efficiency: 1.75% of 7.81 GB

Job ID: 6004908
Array Job ID: 5983973_4
Cluster: i5
User/Group: sy6u19/mm
State: FAILED (exit code 1)
Cores: 1
CPU Utilized: 00:00:06
CPU Efficiency: 8.45% of 00:01:11 core-walltime
Job Wall-clock time: 00:01:11
Memory Utilized: 138.34 MB
Memory Efficiency: 1.73% of 7.81 GB

Job ID: 6004905
Array Job ID: 5983973_1
Cluster: i5
User/Group: sy6u19/mm
State: FAILED (exit code 1)
Cores: 1
CPU Utilized: 00:00:05
CPU Efficiency: 7.04% of 00:01:11 core-walltime
Job Wall-clock time: 00:01:11
Memory Utilized: 138.98 MB
Memory Efficiency: 1.74% of 7.81 GB

