Running SLURM prolog script on gold52.cluster.local
===============================================================================
Job started on Sat May 18 14:13:13 BST 2024
Job ID          : 5983970
Job name        : nsgaiii-MOP.slurm
WorkDir         : /mainfs/home/sy6u19/cmlsga-jmetalpy/corrections/slurm
Command         : /mainfs/home/sy6u19/cmlsga-jmetalpy/corrections/slurm/nsgaiii-MOP.slurm
Partition       : serial
Num hosts       : 1
Num cores       : 1
Num of tasks    : 1
Hosts allocated : gold52
Job Output Follows ...
===============================================================================
==============================================================================
Running epilogue script on gold51.

Submit time  : 2024-05-13T13:10:29
Start time   : 2024-05-18T14:13:04
End time     : 2024-05-18T14:13:07
Elapsed time : 00:00:03 (Timelimit=2-11:55:00)

Job ID: 6004883
Array Job ID: 5983970_6
Cluster: i5
User/Group: sy6u19/mm
State: FAILED (exit code 1)
Cores: 1
CPU Utilized: 00:00:03
CPU Efficiency: 100.00% of 00:00:03 core-walltime
Job Wall-clock time: 00:00:03
Memory Utilized: 2.10 MB
Memory Efficiency: 0.03% of 7.81 GB

