Running SLURM prolog script on gold53.cluster.local
===============================================================================
Job started on Mon Aug 19 13:37:25 BST 2024
Job ID          : 6462958
Job name        : omopso-IMB.slurm
WorkDir         : /mainfs/home/sy6u19/cmlsga-jmetalpy/corrections/slurm
Command         : /mainfs/home/sy6u19/cmlsga-jmetalpy/corrections/slurm/omopso-IMB.slurm
Partition       : serial
Num hosts       : 1
Num cores       : 1
Num of tasks    : 1
Hosts allocated : gold53
Job Output Follows ...
===============================================================================
Running SLURM prolog script on gold53.cluster.local
===============================================================================
Job started on Mon Aug 19 13:37:25 BST 2024
Job ID          : 6462957
Job name        : omopso-IMB.slurm
WorkDir         : /mainfs/home/sy6u19/cmlsga-jmetalpy/corrections/slurm
Command         : /mainfs/home/sy6u19/cmlsga-jmetalpy/corrections/slurm/omopso-IMB.slurm
Partition       : serial
Num hosts       : 1
Num cores       : 1
Num of tasks    : 1
Hosts allocated : gold53
Job Output Follows ...
===============================================================================
Running SLURM prolog script on gold53.cluster.local
===============================================================================
Job started on Mon Aug 19 13:37:25 BST 2024
Job ID          : 6462955
Job name        : omopso-IMB.slurm
WorkDir         : /mainfs/home/sy6u19/cmlsga-jmetalpy/corrections/slurm
Command         : /mainfs/home/sy6u19/cmlsga-jmetalpy/corrections/slurm/omopso-IMB.slurm
Partition       : serial
Num hosts       : 1
Num cores       : 1
Num of tasks    : 1
Hosts allocated : gold53
Job Output Follows ...
===============================================================================
==============================================================================
Running epilogue script on gold53.

Submit time  : 2024-08-19T13:37:11
Start time   : 2024-08-19T13:37:25
End time     : 2024-08-19T19:12:27
Elapsed time : 05:35:02 (Timelimit=1-23:55:00)

Job ID: 6462958
Array Job ID: 6462955_5
Cluster: i5
User/Group: sy6u19/mm
State: COMPLETED (exit code 0)
Cores: 1
CPU Utilized: 05:32:31
CPU Efficiency: 99.25% of 05:35:02 core-walltime
Job Wall-clock time: 05:35:02
Memory Utilized: 4.29 GB
Memory Efficiency: 54.93% of 7.81 GB

==============================================================================
Running epilogue script on gold53.

Submit time  : 2024-08-19T13:37:11
Start time   : 2024-08-19T13:37:25
End time     : 2024-08-19T19:37:20
Elapsed time : 05:59:55 (Timelimit=1-23:55:00)

Job ID: 6462957
Array Job ID: 6462955_4
Cluster: i5
User/Group: sy6u19/mm
State: COMPLETED (exit code 0)
Cores: 1
CPU Utilized: 05:57:19
CPU Efficiency: 99.28% of 05:59:55 core-walltime
Job Wall-clock time: 05:59:55
Memory Utilized: 4.44 GB
Memory Efficiency: 56.83% of 7.81 GB

