Running SLURM prolog script on gold51.cluster.local
===============================================================================
Job started on Sat May 18 14:25:06 BST 2024
Job ID          : 6004914
Job name        : omopso-DASCMOP-5.slurm
WorkDir         : /mainfs/home/sy6u19/cmlsga-jmetalpy/corrections/slurm
Command         : /mainfs/home/sy6u19/cmlsga-jmetalpy/corrections/slurm/omopso-DASCMOP-5.slurm
Partition       : serial
Num hosts       : 1
Num cores       : 1
Num of tasks    : 1
Hosts allocated : gold51
Job Output Follows ...
===============================================================================
Running SLURM prolog script on gold51.cluster.local
===============================================================================
Job started on Sat May 18 14:25:06 BST 2024
Job ID          : 5983974
Job name        : omopso-DASCMOP-5.slurm
WorkDir         : /mainfs/home/sy6u19/cmlsga-jmetalpy/corrections/slurm
Command         : /mainfs/home/sy6u19/cmlsga-jmetalpy/corrections/slurm/omopso-DASCMOP-5.slurm
Partition       : serial
Num hosts       : 1
Num cores       : 1
Num of tasks    : 1
Hosts allocated : gold51
Job Output Follows ...
===============================================================================
==============================================================================
Running epilogue script on gold51.

Submit time  : 2024-05-13T13:10:29
Start time   : 2024-05-18T14:24:13
End time     : 2024-05-18T14:35:49
Elapsed time : 00:11:36 (Timelimit=2-11:55:00)

Job ID: 6004913
Array Job ID: 5983974_4
Cluster: i5
User/Group: sy6u19/mm
State: COMPLETED (exit code 0)
Cores: 1
CPU Utilized: 00:10:18
CPU Efficiency: 88.79% of 00:11:36 core-walltime
Job Wall-clock time: 00:11:36
Memory Utilized: 1.13 GB
Memory Efficiency: 14.43% of 7.81 GB

==============================================================================
Running epilogue script on gold51.

Submit time  : 2024-05-13T13:10:29
Start time   : 2024-05-18T14:25:06
End time     : 2024-05-18T14:36:48
Elapsed time : 00:11:42 (Timelimit=2-11:55:00)

Job ID: 6004914
Array Job ID: 5983974_5
Cluster: i5
User/Group: sy6u19/mm
State: COMPLETED (exit code 0)
Cores: 1
CPU Utilized: 00:10:29
CPU Efficiency: 89.60% of 00:11:42 core-walltime
Job Wall-clock time: 00:11:42
Memory Utilized: 1.13 GB
Memory Efficiency: 14.49% of 7.81 GB

==============================================================================
Running epilogue script on gold52.

Submit time  : 2024-05-13T13:10:29
Start time   : 2024-05-18T14:23:13
End time     : 2024-05-18T14:40:30
Elapsed time : 00:17:17 (Timelimit=2-11:55:00)

Job ID: 6004911
Array Job ID: 5983974_3
Cluster: i5
User/Group: sy6u19/mm
State: COMPLETED (exit code 0)
Cores: 1
CPU Utilized: 00:15:58
CPU Efficiency: 92.38% of 00:17:17 core-walltime
Job Wall-clock time: 00:17:17
Memory Utilized: 2.73 GB
Memory Efficiency: 34.88% of 7.81 GB

==============================================================================
Running epilogue script on gold52.

Submit time  : 2024-05-13T13:10:29
Start time   : 2024-05-18T14:23:13
End time     : 2024-05-18T14:42:37
Elapsed time : 00:19:24 (Timelimit=2-11:55:00)

Job ID: 6004909
Array Job ID: 5983974_1
Cluster: i5
User/Group: sy6u19/mm
State: COMPLETED (exit code 0)
Cores: 1
CPU Utilized: 00:18:01
CPU Efficiency: 92.87% of 00:19:24 core-walltime
Job Wall-clock time: 00:19:24
Memory Utilized: 2.09 GB
Memory Efficiency: 26.74% of 7.81 GB

==============================================================================
Running epilogue script on gold52.

Submit time  : 2024-05-13T13:10:29
Start time   : 2024-05-18T14:23:13
End time     : 2024-05-18T14:44:37
Elapsed time : 00:21:24 (Timelimit=2-11:55:00)

Job ID: 6004910
Array Job ID: 5983974_2
Cluster: i5
User/Group: sy6u19/mm
State: COMPLETED (exit code 0)
Cores: 1
CPU Utilized: 00:19:57
CPU Efficiency: 93.22% of 00:21:24 core-walltime
Job Wall-clock time: 00:21:24
Memory Utilized: 2.53 GB
Memory Efficiency: 32.37% of 7.81 GB

