Running SLURM prolog script on gold51.cluster.local
===============================================================================
Job started on Sun May 19 00:11:13 BST 2024
Job ID          : 5983983
Job name        : omopso-ZDT.slurm
WorkDir         : /mainfs/home/sy6u19/cmlsga-jmetalpy/corrections/slurm
Command         : /mainfs/home/sy6u19/cmlsga-jmetalpy/corrections/slurm/omopso-ZDT.slurm
Partition       : serial
Num hosts       : 1
Num cores       : 1
Num of tasks    : 1
Hosts allocated : gold51
Job Output Follows ...
===============================================================================
==============================================================================
Running epilogue script on gold51.

Submit time  : 2024-05-13T13:10:30
Start time   : 2024-05-19T00:03:49
End time     : 2024-05-19T00:11:21
Elapsed time : 00:07:32 (Timelimit=2-11:55:00)

Job ID: 6005512
Array Job ID: 5983983_4
Cluster: i5
User/Group: sy6u19/mm
State: COMPLETED (exit code 0)
Cores: 1
CPU Utilized: 00:06:31
CPU Efficiency: 86.50% of 00:07:32 core-walltime
Job Wall-clock time: 00:07:32
Memory Utilized: 2.40 GB
Memory Efficiency: 30.73% of 7.81 GB

==============================================================================
Running epilogue script on gold51.

Submit time  : 2024-05-13T13:10:30
Start time   : 2024-05-18T23:22:13
End time     : 2024-05-19T00:15:28
Elapsed time : 00:53:15 (Timelimit=2-11:55:00)

Job ID: 6005412
Array Job ID: 5983983_1
Cluster: i5
User/Group: sy6u19/mm
State: COMPLETED (exit code 0)
Cores: 1
CPU Utilized: 00:51:33
CPU Efficiency: 96.81% of 00:53:15 core-walltime
Job Wall-clock time: 00:53:15
Memory Utilized: 5.86 GB
Memory Efficiency: 74.97% of 7.81 GB

==============================================================================
Running epilogue script on gold52.

Submit time  : 2024-05-13T13:10:30
Start time   : 2024-05-18T23:39:13
End time     : 2024-05-19T00:47:46
Elapsed time : 01:08:33 (Timelimit=2-11:55:00)

Job ID: 6005473
Array Job ID: 5983983_2
Cluster: i5
User/Group: sy6u19/mm
State: COMPLETED (exit code 0)
Cores: 1
CPU Utilized: 01:04:12
CPU Efficiency: 93.65% of 01:08:33 core-walltime
Job Wall-clock time: 01:08:33
Memory Utilized: 5.67 GB
Memory Efficiency: 72.61% of 7.81 GB

