Running SLURM prolog script on gold52.cluster.local
===============================================================================
Job started on Sat May 18 18:33:13 BST 2024
Job ID          : 5983980
Job name        : omopso-MOP.slurm
WorkDir         : /mainfs/home/sy6u19/cmlsga-jmetalpy/corrections/slurm
Command         : /mainfs/home/sy6u19/cmlsga-jmetalpy/corrections/slurm/omopso-MOP.slurm
Partition       : serial
Num hosts       : 1
Num cores       : 1
Num of tasks    : 1
Hosts allocated : gold52
Job Output Follows ...
===============================================================================
==============================================================================
Running epilogue script on gold51.

Submit time  : 2024-05-13T13:10:30
Start time   : 2024-05-18T18:31:13
End time     : 2024-05-18T21:06:49
Elapsed time : 02:35:36 (Timelimit=2-11:55:00)

Job ID: 6005143
Array Job ID: 5983980_6
Cluster: i5
User/Group: sy6u19/mm
State: COMPLETED (exit code 0)
Cores: 1
CPU Utilized: 02:32:41
CPU Efficiency: 98.13% of 02:35:36 core-walltime
Job Wall-clock time: 02:35:36
Memory Utilized: 3.64 GB
Memory Efficiency: 46.57% of 7.81 GB

