Running SLURM prolog script on gold51.cluster.local
===============================================================================
Job started on Sat May 18 23:19:47 BST 2024
Job ID          : 5983982
Job name        : omopso-WFG.slurm
WorkDir         : /mainfs/home/sy6u19/cmlsga-jmetalpy/corrections/slurm
Command         : /mainfs/home/sy6u19/cmlsga-jmetalpy/corrections/slurm/omopso-WFG.slurm
Partition       : serial
Num hosts       : 1
Num cores       : 1
Num of tasks    : 1
Hosts allocated : gold51
Job Output Follows ...
===============================================================================
==============================================================================
Running epilogue script on gold51.

Submit time  : 2024-05-13T13:10:30
Start time   : 2024-05-18T21:03:13
End time     : 2024-05-18T23:39:08
Elapsed time : 02:35:55 (Timelimit=2-11:55:00)

Job ID: 6005287
Array Job ID: 5983982_5
Cluster: i5
User/Group: sy6u19/mm
State: COMPLETED (exit code 0)
Cores: 1
CPU Utilized: 02:34:42
CPU Efficiency: 99.22% of 02:35:55 core-walltime
Job Wall-clock time: 02:35:55
Memory Utilized: 3.66 GB
Memory Efficiency: 46.80% of 7.81 GB

==============================================================================
Running epilogue script on gold51.

Submit time  : 2024-05-13T13:10:30
Start time   : 2024-05-18T23:17:13
End time     : 2024-05-18T23:45:01
Elapsed time : 00:27:48 (Timelimit=2-11:55:00)

Job ID: 6005410
Array Job ID: 5983982_8
Cluster: i5
User/Group: sy6u19/mm
State: COMPLETED (exit code 0)
Cores: 1
CPU Utilized: 00:26:42
CPU Efficiency: 96.04% of 00:27:48 core-walltime
Job Wall-clock time: 00:27:48
Memory Utilized: 3.79 GB
Memory Efficiency: 48.52% of 7.81 GB

==============================================================================
Running epilogue script on gold51.

Submit time  : 2024-05-13T13:10:30
Start time   : 2024-05-18T22:33:13
End time     : 2024-05-19T00:10:17
Elapsed time : 01:37:04 (Timelimit=2-11:55:00)

Job ID: 6005354
Array Job ID: 5983982_7
Cluster: i5
User/Group: sy6u19/mm
State: COMPLETED (exit code 0)
Cores: 1
CPU Utilized: 01:35:55
CPU Efficiency: 98.82% of 01:37:04 core-walltime
Job Wall-clock time: 01:37:04
Memory Utilized: 4.00 GB
Memory Efficiency: 51.20% of 7.81 GB

==============================================================================
Running epilogue script on gold51.

Submit time  : 2024-05-13T13:10:30
Start time   : 2024-05-18T23:19:47
End time     : 2024-05-19T00:16:56
Elapsed time : 00:57:09 (Timelimit=2-11:55:00)

Job ID: 5983982
Array Job ID: 5983982_9
Cluster: i5
User/Group: sy6u19/mm
State: COMPLETED (exit code 0)
Cores: 1
CPU Utilized: 00:56:37
CPU Efficiency: 99.07% of 00:57:09 core-walltime
Job Wall-clock time: 00:57:09
Memory Utilized: 3.91 GB
Memory Efficiency: 50.08% of 7.81 GB

