Running SLURM prolog script on gold53.cluster.local
===============================================================================
Job started on Sat May 18 15:00:13 BST 2024
Job ID          : 5983977
Job name        : omopso-DTLZ.slurm
WorkDir         : /mainfs/home/sy6u19/cmlsga-jmetalpy/corrections/slurm
Command         : /mainfs/home/sy6u19/cmlsga-jmetalpy/corrections/slurm/omopso-DTLZ.slurm
Partition       : serial
Num hosts       : 1
Num cores       : 1
Num of tasks    : 1
Hosts allocated : gold53
Job Output Follows ...
===============================================================================
==============================================================================
Running epilogue script on gold51.

Submit time  : 2024-05-13T13:10:30
Start time   : 2024-05-18T14:59:10
End time     : 2024-05-18T15:21:03
Elapsed time : 00:21:53 (Timelimit=2-11:55:00)

Job ID: 6004994
Array Job ID: 5983977_6
Cluster: i5
User/Group: sy6u19/mm
State: COMPLETED (exit code 0)
Cores: 1
CPU Utilized: 00:21:11
CPU Efficiency: 96.80% of 00:21:53 core-walltime
Job Wall-clock time: 00:21:53
Memory Utilized: 3.39 GB
Memory Efficiency: 43.34% of 7.81 GB

==============================================================================
Running epilogue script on gold51.

Submit time  : 2024-05-13T13:10:30
Start time   : 2024-05-18T14:58:13
End time     : 2024-05-18T15:33:48
Elapsed time : 00:35:35 (Timelimit=2-11:55:00)

Job ID: 6004993
Array Job ID: 5983977_5
Cluster: i5
User/Group: sy6u19/mm
State: COMPLETED (exit code 0)
Cores: 1
CPU Utilized: 00:34:18
CPU Efficiency: 96.39% of 00:35:35 core-walltime
Job Wall-clock time: 00:35:35
Memory Utilized: 4.61 GB
Memory Efficiency: 59.07% of 7.81 GB

==============================================================================
Running epilogue script on gold52.

Submit time  : 2024-05-13T13:10:30
Start time   : 2024-05-18T14:57:09
End time     : 2024-05-19T10:46:53
Elapsed time : 19:49:44 (Timelimit=2-11:55:00)

Job ID: 6004992
Array Job ID: 5983977_4
Cluster: i5
User/Group: sy6u19/mm
State: COMPLETED (exit code 0)
Cores: 1
CPU Utilized: 19:42:40
CPU Efficiency: 99.41% of 19:49:44 core-walltime
Job Wall-clock time: 19:49:44
Memory Utilized: 4.69 GB
Memory Efficiency: 59.99% of 7.81 GB

==============================================================================
Running epilogue script on gold51.

Submit time  : 2024-05-13T13:10:30
Start time   : 2024-05-18T14:50:13
End time     : 2024-05-20T08:50:29
Elapsed time : 1-18:00:16 (Timelimit=2-11:55:00)

Job ID: 6004989
Array Job ID: 5983977_2
Cluster: i5
User/Group: sy6u19/mm
State: COMPLETED (exit code 0)
Cores: 1
CPU Utilized: 1-17:50:52
CPU Efficiency: 99.63% of 1-18:00:16 core-walltime
Job Wall-clock time: 1-18:00:16
Memory Utilized: 4.73 GB
Memory Efficiency: 60.54% of 7.81 GB

