Running SLURM prolog script on gold52.cluster.local
===============================================================================
Job started on Sat May 18 14:45:09 BST 2024
Job ID          : 5983976
Job name        : omopso-DASCMOP-7.slurm
WorkDir         : /mainfs/home/sy6u19/cmlsga-jmetalpy/corrections/slurm
Command         : /mainfs/home/sy6u19/cmlsga-jmetalpy/corrections/slurm/omopso-DASCMOP-7.slurm
Partition       : serial
Num hosts       : 1
Num cores       : 1
Num of tasks    : 1
Hosts allocated : gold52
Job Output Follows ...
===============================================================================
==============================================================================
Running epilogue script on gold52.

Submit time  : 2024-05-13T13:10:30
Start time   : 2024-05-18T14:39:07
End time     : 2024-05-18T14:56:32
Elapsed time : 00:17:25 (Timelimit=2-11:55:00)

Job ID: 6004932
Array Job ID: 5983976_1
Cluster: i5
User/Group: sy6u19/mm
State: COMPLETED (exit code 0)
Cores: 1
CPU Utilized: 00:15:16
CPU Efficiency: 87.66% of 00:17:25 core-walltime
Job Wall-clock time: 00:17:25
Memory Utilized: 1.49 GB
Memory Efficiency: 19.12% of 7.81 GB

==============================================================================
Running epilogue script on gold52.

Submit time  : 2024-05-13T13:10:30
Start time   : 2024-05-18T14:43:08
End time     : 2024-05-18T15:00:08
Elapsed time : 00:17:00 (Timelimit=2-11:55:00)

Job ID: 6004935
Array Job ID: 5983976_4
Cluster: i5
User/Group: sy6u19/mm
State: COMPLETED (exit code 0)
Cores: 1
CPU Utilized: 00:14:53
CPU Efficiency: 87.55% of 00:17:00 core-walltime
Job Wall-clock time: 00:17:00
Memory Utilized: 1.14 GB
Memory Efficiency: 14.66% of 7.81 GB

==============================================================================
Running epilogue script on gold53.

Submit time  : 2024-05-13T13:10:30
Start time   : 2024-05-18T14:43:13
End time     : 2024-05-18T15:00:35
Elapsed time : 00:17:22 (Timelimit=2-11:55:00)

Job ID: 6004936
Array Job ID: 5983976_5
Cluster: i5
User/Group: sy6u19/mm
State: COMPLETED (exit code 0)
Cores: 1
CPU Utilized: 00:15:11
CPU Efficiency: 87.43% of 00:17:22 core-walltime
Job Wall-clock time: 00:17:22
Memory Utilized: 1.17 GB
Memory Efficiency: 14.93% of 7.81 GB

==============================================================================
Running epilogue script on gold52.

Submit time  : 2024-05-13T13:10:30
Start time   : 2024-05-18T14:43:08
End time     : 2024-05-18T15:04:49
Elapsed time : 00:21:41 (Timelimit=2-11:55:00)

Job ID: 6004934
Array Job ID: 5983976_3
Cluster: i5
User/Group: sy6u19/mm
State: COMPLETED (exit code 0)
Cores: 1
CPU Utilized: 00:19:21
CPU Efficiency: 89.24% of 00:21:41 core-walltime
Job Wall-clock time: 00:21:41
Memory Utilized: 2.18 GB
Memory Efficiency: 27.93% of 7.81 GB

==============================================================================
Running epilogue script on gold51.

Submit time  : 2024-05-13T13:10:30
Start time   : 2024-05-18T14:41:08
End time     : 2024-05-18T15:06:50
Elapsed time : 00:25:42 (Timelimit=2-11:55:00)

Job ID: 6004933
Array Job ID: 5983976_2
Cluster: i5
User/Group: sy6u19/mm
State: COMPLETED (exit code 0)
Cores: 1
CPU Utilized: 00:22:57
CPU Efficiency: 89.30% of 00:25:42 core-walltime
Job Wall-clock time: 00:25:42
Memory Utilized: 3.13 GB
Memory Efficiency: 40.11% of 7.81 GB

