Running SLURM prolog script on gold51.cluster.local
===============================================================================
Job started on Sat May 18 18:02:14 BST 2024
Job ID          : 5983979
Job name        : omopso-LZ09_F.slurm
WorkDir         : /mainfs/home/sy6u19/cmlsga-jmetalpy/corrections/slurm
Command         : /mainfs/home/sy6u19/cmlsga-jmetalpy/corrections/slurm/omopso-LZ09_F.slurm
Partition       : serial
Num hosts       : 1
Num cores       : 1
Num of tasks    : 1
Hosts allocated : gold51
Job Output Follows ...
===============================================================================
==============================================================================
Running epilogue script on gold52.

Submit time  : 2024-05-13T13:10:30
Start time   : 2024-05-18T18:01:13
End time     : 2024-05-18T18:09:39
Elapsed time : 00:08:26 (Timelimit=2-11:55:00)

Job ID: 6005120
Array Job ID: 5983979_8
Cluster: i5
User/Group: sy6u19/mm
State: COMPLETED (exit code 0)
Cores: 1
CPU Utilized: 00:07:11
CPU Efficiency: 85.18% of 00:08:26 core-walltime
Job Wall-clock time: 00:08:26
Memory Utilized: 1.88 GB
Memory Efficiency: 24.08% of 7.81 GB

