Running SLURM prolog script on gold52.cluster.local
===============================================================================
Job started on Wed Aug  7 11:47:30 BST 2024
Job ID          : 6396358
Job name        : unsgaiii-DASCMOP-7.slurm
WorkDir         : /mainfs/home/sy6u19/cmlsga-jmetalpy/corrections/smac-slurm
Command         : /mainfs/home/sy6u19/cmlsga-jmetalpy/corrections/smac-slurm/unsgaiii-DASCMOP-7.slurm
Partition       : serial
Num hosts       : 1
Num cores       : 1
Num of tasks    : 1
Hosts allocated : gold52
Job Output Follows ...
===============================================================================
start
start
start
start
start
==============================================================================
Running epilogue script on gold52.

Submit time  : 2024-08-06T12:17:09
Start time   : 2024-08-07T11:42:30
End time     : 2024-08-08T11:49:01
Elapsed time : 1-00:06:31 (Timelimit=2-01:55:00)

Job ID: 6409802
Array Job ID: 6396358_1
Cluster: i5
User/Group: sy6u19/mm
State: COMPLETED (exit code 0)
Cores: 1
CPU Utilized: 1-00:01:47
CPU Efficiency: 99.67% of 1-00:06:31 core-walltime
Job Wall-clock time: 1-00:06:31
Memory Utilized: 1.16 GB
Memory Efficiency: 14.82% of 7.81 GB

==============================================================================
Running epilogue script on gold52.

Submit time  : 2024-08-06T12:17:09
Start time   : 2024-08-07T11:47:26
End time     : 2024-08-08T11:51:41
Elapsed time : 1-00:04:15 (Timelimit=2-01:55:00)

Job ID: 6409820
Array Job ID: 6396358_5
Cluster: i5
User/Group: sy6u19/mm
State: COMPLETED (exit code 0)
Cores: 1
CPU Utilized: 23:59:42
CPU Efficiency: 99.68% of 1-00:04:15 core-walltime
Job Wall-clock time: 1-00:04:15
Memory Utilized: 249.70 MB
Memory Efficiency: 3.12% of 7.81 GB

==============================================================================
Running epilogue script on gold52.

Submit time  : 2024-08-06T12:17:09
Start time   : 2024-08-07T11:47:26
End time     : 2024-08-08T11:54:11
Elapsed time : 1-00:06:45 (Timelimit=2-01:55:00)

Job ID: 6409819
Array Job ID: 6396358_4
Cluster: i5
User/Group: sy6u19/mm
State: COMPLETED (exit code 0)
Cores: 1
CPU Utilized: 1-00:02:15
CPU Efficiency: 99.69% of 1-00:06:45 core-walltime
Job Wall-clock time: 1-00:06:45
Memory Utilized: 591.10 MB
Memory Efficiency: 7.39% of 7.81 GB

==============================================================================
Running epilogue script on gold52.

Submit time  : 2024-08-06T12:17:09
Start time   : 2024-08-07T11:44:31
End time     : 2024-08-08T11:55:44
Elapsed time : 1-00:11:13 (Timelimit=2-01:55:00)

Job ID: 6409814
Array Job ID: 6396358_2
Cluster: i5
User/Group: sy6u19/mm
State: COMPLETED (exit code 0)
Cores: 1
CPU Utilized: 1-00:06:50
CPU Efficiency: 99.70% of 1-00:11:13 core-walltime
Job Wall-clock time: 1-00:11:13
Memory Utilized: 1.18 GB
Memory Efficiency: 15.09% of 7.81 GB

==============================================================================
Running epilogue script on gold52.

Submit time  : 2024-08-06T12:17:09
Start time   : 2024-08-07T11:45:26
End time     : 2024-08-08T12:04:13
Elapsed time : 1-00:18:47 (Timelimit=2-01:55:00)

Job ID: 6409816
Array Job ID: 6396358_3
Cluster: i5
User/Group: sy6u19/mm
State: COMPLETED (exit code 0)
Cores: 1
CPU Utilized: 1-00:14:37
CPU Efficiency: 99.71% of 1-00:18:47 core-walltime
Job Wall-clock time: 1-00:18:47
Memory Utilized: 237.95 MB
Memory Efficiency: 2.97% of 7.81 GB

