Running SLURM prolog script on gold55.cluster.local
===============================================================================
Job started on Mon Aug  5 11:14:02 BST 2024
Job ID          : 6364397
Job name        : ibea-DASCMOP-6.slurm
WorkDir         : /mainfs/home/sy6u19/cmlsga-jmetalpy/corrections/smac-slurm
Command         : /mainfs/home/sy6u19/cmlsga-jmetalpy/corrections/smac-slurm/ibea-DASCMOP-6.slurm
Partition       : serial
Num hosts       : 1
Num cores       : 1
Num of tasks    : 1
Hosts allocated : gold55
Job Output Follows ...
===============================================================================
Running SLURM prolog script on gold55.cluster.local
===============================================================================
Job started on Mon Aug  5 11:14:02 BST 2024
Job ID          : 6364376
Job name        : ibea-DASCMOP-6.slurm
WorkDir         : /mainfs/home/sy6u19/cmlsga-jmetalpy/corrections/smac-slurm
Command         : /mainfs/home/sy6u19/cmlsga-jmetalpy/corrections/smac-slurm/ibea-DASCMOP-6.slurm
Partition       : serial
Num hosts       : 1
Num cores       : 1
Num of tasks    : 1
Hosts allocated : gold55
Job Output Follows ...
===============================================================================
Running SLURM prolog script on gold55.cluster.local
===============================================================================
Job started on Mon Aug  5 11:14:02 BST 2024
Job ID          : 6364396
Job name        : ibea-DASCMOP-6.slurm
WorkDir         : /mainfs/home/sy6u19/cmlsga-jmetalpy/corrections/smac-slurm
Command         : /mainfs/home/sy6u19/cmlsga-jmetalpy/corrections/smac-slurm/ibea-DASCMOP-6.slurm
Partition       : serial
Num hosts       : 1
Num cores       : 1
Num of tasks    : 1
Hosts allocated : gold55
Job Output Follows ...
===============================================================================
start
start
start
start
start
start
==============================================================================
Running epilogue script on gold54.

Submit time  : 2024-08-05T11:12:55
Start time   : 2024-08-05T11:13:25
End time     : 2024-08-06T11:28:39
Elapsed time : 1-00:15:14 (Timelimit=2-01:55:00)

Job ID: 6364390
Array Job ID: 6364376_1
Cluster: i5
User/Group: sy6u19/mm
State: COMPLETED (exit code 0)
Cores: 1
CPU Utilized: 1-00:10:53
CPU Efficiency: 99.70% of 1-00:15:14 core-walltime
Job Wall-clock time: 1-00:15:14
Memory Utilized: 181.95 MB
Memory Efficiency: 2.27% of 7.81 GB

==============================================================================
Running epilogue script on gold55.

Submit time  : 2024-08-05T11:12:55
Start time   : 2024-08-05T11:14:02
End time     : 2024-08-06T11:33:15
Elapsed time : 1-00:19:13 (Timelimit=2-01:55:00)

Job ID: 6364396
Array Job ID: 6364376_4
Cluster: i5
User/Group: sy6u19/mm
State: COMPLETED (exit code 0)
Cores: 1
CPU Utilized: 1-00:15:17
CPU Efficiency: 99.73% of 1-00:19:13 core-walltime
Job Wall-clock time: 1-00:19:13
Memory Utilized: 875.07 MB
Memory Efficiency: 10.94% of 7.81 GB

==============================================================================
Running epilogue script on gold54.

Submit time  : 2024-08-05T11:12:55
Start time   : 2024-08-05T11:13:25
End time     : 2024-08-06T11:47:12
Elapsed time : 1-00:33:47 (Timelimit=2-01:55:00)

Job ID: 6364391
Array Job ID: 6364376_2
Cluster: i5
User/Group: sy6u19/mm
State: COMPLETED (exit code 0)
Cores: 1
CPU Utilized: 1-00:29:26
CPU Efficiency: 99.70% of 1-00:33:47 core-walltime
Job Wall-clock time: 1-00:33:47
Memory Utilized: 181.57 MB
Memory Efficiency: 2.27% of 7.81 GB

==============================================================================
Running epilogue script on gold55.

Submit time  : 2024-08-05T11:12:55
Start time   : 2024-08-05T11:14:02
End time     : 2024-08-06T12:01:52
Elapsed time : 1-00:47:50 (Timelimit=2-01:55:00)

Job ID: 6364397
Array Job ID: 6364376_5
Cluster: i5
User/Group: sy6u19/mm
State: COMPLETED (exit code 0)
Cores: 1
CPU Utilized: 1-00:43:50
CPU Efficiency: 99.73% of 1-00:47:50 core-walltime
Job Wall-clock time: 1-00:47:50
Memory Utilized: 186.20 MB
Memory Efficiency: 2.33% of 7.81 GB

==============================================================================
Running epilogue script on gold54.

Submit time  : 2024-08-05T11:12:55
Start time   : 2024-08-05T11:13:25
End time     : 2024-08-06T12:09:23
Elapsed time : 1-00:55:58 (Timelimit=2-01:55:00)

Job ID: 6364392
Array Job ID: 6364376_3
Cluster: i5
User/Group: sy6u19/mm
State: COMPLETED (exit code 0)
Cores: 1
CPU Utilized: 1-00:51:29
CPU Efficiency: 99.70% of 1-00:55:58 core-walltime
Job Wall-clock time: 1-00:55:58
Memory Utilized: 178.59 MB
Memory Efficiency: 2.23% of 7.81 GB

