Running SLURM prolog script on gold52.cluster.local
Running SLURM prolog script on gold52.cluster.local
===============================================================================
Job started on Mon Aug  5 11:13:25 BST 2024
Job ID          : 6364385
Job name        : ibea-DASCMOP-5.slurm
===============================================================================
WorkDir         : /mainfs/home/sy6u19/cmlsga-jmetalpy/corrections/smac-slurm
Command         : /mainfs/home/sy6u19/cmlsga-jmetalpy/corrections/smac-slurm/ibea-DASCMOP-5.slurm
Partition       : serial
Num hosts       : 1
Num cores       : 1
Num of tasks    : 1
Hosts allocated : gold52
Job Output Follows ...
===============================================================================
Job started on Mon Aug  5 11:13:25 BST 2024
Job ID          : 6364386
Job name        : ibea-DASCMOP-5.slurm
WorkDir         : /mainfs/home/sy6u19/cmlsga-jmetalpy/corrections/smac-slurm
Command         : /mainfs/home/sy6u19/cmlsga-jmetalpy/corrections/smac-slurm/ibea-DASCMOP-5.slurm
Partition       : serial
Num hosts       : 1
Num cores       : 1
Num of tasks    : 1
Hosts allocated : gold52
Job Output Follows ...
===============================================================================
Running SLURM prolog script on gold53.cluster.local
===============================================================================
Running SLURM prolog script on gold53.cluster.local
Job started on Mon Aug  5 11:13:25 BST 2024
===============================================================================
Job started on Mon Aug  5 11:13:25 BST 2024
Job ID          : 6364388
Job ID          : 6364387
Job name        : ibea-DASCMOP-5.slurm
Job name        : ibea-DASCMOP-5.slurm
WorkDir         : /mainfs/home/sy6u19/cmlsga-jmetalpy/corrections/smac-slurm
WorkDir         : /mainfs/home/sy6u19/cmlsga-jmetalpy/corrections/smac-slurm
Command         : /mainfs/home/sy6u19/cmlsga-jmetalpy/corrections/smac-slurm/ibea-DASCMOP-5.slurm
Command         : /mainfs/home/sy6u19/cmlsga-jmetalpy/corrections/smac-slurm/ibea-DASCMOP-5.slurm
Partition       : serial
Partition       : serial
Num hosts       : 1
Num hosts       : 1
Num cores       : 1
Num cores       : 1
Num of tasks    : 1
Num of tasks    : 1
Hosts allocated : gold53
Hosts allocated : gold53
Job Output Follows ...
Job Output Follows ...
===============================================================================
===============================================================================
Running SLURM prolog script on gold54.cluster.local
===============================================================================
Job started on Mon Aug  5 11:13:25 BST 2024
Job ID          : 6364389
Job name        : ibea-DASCMOP-5.slurm
WorkDir         : /mainfs/home/sy6u19/cmlsga-jmetalpy/corrections/smac-slurm
Command         : /mainfs/home/sy6u19/cmlsga-jmetalpy/corrections/smac-slurm/ibea-DASCMOP-5.slurm
Partition       : serial
Num hosts       : 1
Num cores       : 1
Num of tasks    : 1
Hosts allocated : gold54
Job Output Follows ...
===============================================================================
Running SLURM prolog script on gold54.cluster.local
===============================================================================
Job started on Mon Aug  5 11:13:25 BST 2024
Job ID          : 6364375
Job name        : ibea-DASCMOP-5.slurm
WorkDir         : /mainfs/home/sy6u19/cmlsga-jmetalpy/corrections/smac-slurm
Command         : /mainfs/home/sy6u19/cmlsga-jmetalpy/corrections/smac-slurm/ibea-DASCMOP-5.slurm
Partition       : serial
Num hosts       : 1
Num cores       : 1
Num of tasks    : 1
Hosts allocated : gold54
Job Output Follows ...
===============================================================================
start
start
start
start
start
start
==============================================================================
Running epilogue script on gold53.

Submit time  : 2024-08-05T11:12:55
Start time   : 2024-08-05T11:13:25
End time     : 2024-08-06T11:16:11
Elapsed time : 1-00:02:46 (Timelimit=2-01:55:00)

Job ID: 6364388
Array Job ID: 6364375_4
Cluster: i5
User/Group: sy6u19/mm
State: COMPLETED (exit code 0)
Cores: 1
CPU Utilized: 23:58:19
CPU Efficiency: 99.69% of 1-00:02:46 core-walltime
Job Wall-clock time: 1-00:02:46
Memory Utilized: 1012.02 MB
Memory Efficiency: 12.65% of 7.81 GB

==============================================================================
Running epilogue script on gold53.

Submit time  : 2024-08-05T11:12:55
Start time   : 2024-08-05T11:13:25
End time     : 2024-08-06T11:22:27
Elapsed time : 1-00:09:02 (Timelimit=2-01:55:00)

Job ID: 6364387
Array Job ID: 6364375_3
Cluster: i5
User/Group: sy6u19/mm
State: COMPLETED (exit code 0)
Cores: 1
CPU Utilized: 1-00:04:38
CPU Efficiency: 99.70% of 1-00:09:02 core-walltime
Job Wall-clock time: 1-00:09:02
Memory Utilized: 1.16 GB
Memory Efficiency: 14.79% of 7.81 GB

==============================================================================
Running epilogue script on gold52.

Submit time  : 2024-08-05T11:12:55
Start time   : 2024-08-05T11:13:25
End time     : 2024-08-06T11:23:05
Elapsed time : 1-00:09:40 (Timelimit=2-01:55:00)

Job ID: 6364386
Array Job ID: 6364375_2
Cluster: i5
User/Group: sy6u19/mm
State: COMPLETED (exit code 0)
Cores: 1
CPU Utilized: 1-00:05:17
CPU Efficiency: 99.70% of 1-00:09:40 core-walltime
Job Wall-clock time: 1-00:09:40
Memory Utilized: 535.42 MB
Memory Efficiency: 6.69% of 7.81 GB

==============================================================================
Running epilogue script on gold54.

Submit time  : 2024-08-05T11:12:55
Start time   : 2024-08-05T11:13:25
End time     : 2024-08-06T11:37:16
Elapsed time : 1-00:23:51 (Timelimit=2-01:55:00)

Job ID: 6364389
Array Job ID: 6364375_5
Cluster: i5
User/Group: sy6u19/mm
State: COMPLETED (exit code 0)
Cores: 1
CPU Utilized: 1-00:19:22
CPU Efficiency: 99.69% of 1-00:23:51 core-walltime
Job Wall-clock time: 1-00:23:51
Memory Utilized: 707.64 MB
Memory Efficiency: 8.85% of 7.81 GB

==============================================================================
Running epilogue script on gold52.

Submit time  : 2024-08-05T11:12:55
Start time   : 2024-08-05T11:13:25
End time     : 2024-08-06T11:49:01
Elapsed time : 1-00:35:36 (Timelimit=2-01:55:00)

Job ID: 6364385
Array Job ID: 6364375_1
Cluster: i5
User/Group: sy6u19/mm
State: COMPLETED (exit code 0)
Cores: 1
CPU Utilized: 1-00:31:07
CPU Efficiency: 99.70% of 1-00:35:36 core-walltime
Job Wall-clock time: 1-00:35:36
Memory Utilized: 1.00 GB
Memory Efficiency: 12.81% of 7.81 GB

==============================================================================
Running epilogue script on gold54.

Submit time  : 2024-08-05T11:12:55
Start time   : 2024-08-05T11:13:25
End time     : 2024-08-06T12:00:27
Elapsed time : 1-00:47:02 (Timelimit=2-01:55:00)

Job ID: 6364375
Array Job ID: 6364375_6
Cluster: i5
User/Group: sy6u19/mm
State: COMPLETED (exit code 0)
Cores: 1
CPU Utilized: 1-00:42:36
CPU Efficiency: 99.70% of 1-00:47:02 core-walltime
Job Wall-clock time: 1-00:47:02
Memory Utilized: 176.52 MB
Memory Efficiency: 2.21% of 7.81 GB

