Running SLURM prolog script on gold54.cluster.local
===============================================================================
Job started on Fri Jul 26 14:05:55 BST 2024
Job ID          : 6307623
Job name        : smpso-ZDT.slurm
WorkDir         : /mainfs/home/sy6u19/cmlsga-jmetalpy/corrections/smac-slurm
Command         : /mainfs/home/sy6u19/cmlsga-jmetalpy/corrections/smac-slurm/smpso-ZDT.slurm
Partition       : serial
Num hosts       : 1
Num cores       : 1
Num of tasks    : 1
Hosts allocated : gold54
Job Output Follows ...
===============================================================================
start
==============================================================================
Running epilogue script on gold55.

Submit time  : 2024-07-25T12:10:00
Start time   : 2024-07-26T13:41:50
End time     : 2024-07-27T14:12:51
Elapsed time : 1-00:31:01 (Timelimit=2-01:55:00)

Job ID: 6319042
Array Job ID: 6307623_3
Cluster: i5
User/Group: sy6u19/mm
State: COMPLETED (exit code 0)
Cores: 1
CPU Utilized: 1-00:27:07
CPU Efficiency: 99.73% of 1-00:31:01 core-walltime
Job Wall-clock time: 1-00:31:01
Memory Utilized: 1.63 GB
Memory Efficiency: 20.87% of 7.81 GB

==============================================================================
Running epilogue script on gold55.

Submit time  : 2024-07-25T12:10:00
Start time   : 2024-07-26T13:40:50
End time     : 2024-07-27T14:14:37
Elapsed time : 1-00:33:47 (Timelimit=2-01:55:00)

Job ID: 6319040
Array Job ID: 6307623_2
Cluster: i5
User/Group: sy6u19/mm
State: COMPLETED (exit code 0)
Cores: 1
CPU Utilized: 1-00:29:59
CPU Efficiency: 99.74% of 1-00:33:47 core-walltime
Job Wall-clock time: 1-00:33:47
Memory Utilized: 329.28 MB
Memory Efficiency: 4.12% of 7.81 GB

==============================================================================
Running epilogue script on gold58.

Submit time  : 2024-07-25T12:10:00
Start time   : 2024-07-26T13:46:50
End time     : 2024-07-27T14:16:53
Elapsed time : 1-00:30:03 (Timelimit=2-01:55:00)

Job ID: 6319070
Array Job ID: 6307623_4
Cluster: i5
User/Group: sy6u19/mm
State: COMPLETED (exit code 0)
Cores: 1
CPU Utilized: 1-00:25:55
CPU Efficiency: 99.72% of 1-00:30:03 core-walltime
Job Wall-clock time: 1-00:30:03
Memory Utilized: 1.48 GB
Memory Efficiency: 18.93% of 7.81 GB

==============================================================================
Running epilogue script on gold55.

Submit time  : 2024-07-25T12:10:00
Start time   : 2024-07-26T13:37:50
End time     : 2024-07-27T14:27:59
Elapsed time : 1-00:50:09 (Timelimit=2-01:55:00)

Job ID: 6319038
Array Job ID: 6307623_1
Cluster: i5
User/Group: sy6u19/mm
State: COMPLETED (exit code 0)
Cores: 1
CPU Utilized: 1-00:45:57
CPU Efficiency: 99.72% of 1-00:50:09 core-walltime
Job Wall-clock time: 1-00:50:09
Memory Utilized: 318.98 MB
Memory Efficiency: 3.99% of 7.81 GB

==============================================================================
Running epilogue script on gold54.

Submit time  : 2024-07-25T12:10:00
Start time   : 2024-07-26T14:05:54
End time     : 2024-07-27T14:40:53
Elapsed time : 1-00:34:59 (Timelimit=2-01:55:00)

Job ID: 6307623
Array Job ID: 6307623_6
Cluster: i5
User/Group: sy6u19/mm
State: COMPLETED (exit code 0)
Cores: 1
CPU Utilized: 1-00:30:46
CPU Efficiency: 99.71% of 1-00:34:59 core-walltime
Job Wall-clock time: 1-00:34:59
Memory Utilized: 279.90 MB
Memory Efficiency: 3.50% of 7.81 GB

