Running SLURM prolog script on gold54.cluster.local
===============================================================================
Job started on Wed Jul 10 09:50:42 BST 2024
Job ID          : 6226310
Job name        : cmpso-DTLZ.slurm
WorkDir         : /mainfs/home/sy6u19/cmlsga-jmetalpy/corrections/smac-slurm
Command         : /mainfs/home/sy6u19/cmlsga-jmetalpy/corrections/smac-slurm/cmpso-DTLZ.slurm
Partition       : serial
Num hosts       : 1
Num cores       : 1
Num of tasks    : 1
Hosts allocated : gold54
Job Output Follows ...
===============================================================================
Running SLURM prolog script on gold54.cluster.local
===============================================================================
Job started on Wed Jul 10 09:50:42 BST 2024
Job ID          : 6226312
Job name        : cmpso-DTLZ.slurm
WorkDir         : /mainfs/home/sy6u19/cmlsga-jmetalpy/corrections/smac-slurm
Command         : /mainfs/home/sy6u19/cmlsga-jmetalpy/corrections/smac-slurm/cmpso-DTLZ.slurm
Partition       : serial
Num hosts       : 1
Num cores       : 1
Num of tasks    : 1
Hosts allocated : gold54
Job Output Follows ...
===============================================================================
Running SLURM prolog script on gold54.cluster.local
===============================================================================
Job started on Wed Jul 10 09:50:42 BST 2024
Job ID          : 6226311
Job name        : cmpso-DTLZ.slurm
WorkDir         : /mainfs/home/sy6u19/cmlsga-jmetalpy/corrections/smac-slurm
Command         : /mainfs/home/sy6u19/cmlsga-jmetalpy/corrections/smac-slurm/cmpso-DTLZ.slurm
Partition       : serial
Num hosts       : 1
Num cores       : 1
Num of tasks    : 1
Hosts allocated : gold54
Job Output Follows ...
===============================================================================
Running SLURM prolog script on gold54.cluster.local
===============================================================================
Job started on Wed Jul 10 09:50:42 BST 2024
Job ID          : 6226285
Job name        : cmpso-DTLZ.slurm
WorkDir         : /mainfs/home/sy6u19/cmlsga-jmetalpy/corrections/smac-slurm
Command         : /mainfs/home/sy6u19/cmlsga-jmetalpy/corrections/smac-slurm/cmpso-DTLZ.slurm
Partition       : serial
Num hosts       : 1
Num cores       : 1
Num of tasks    : 1
Hosts allocated : gold54
Job Output Follows ...
===============================================================================
start
start
start
start
start
start
start
==============================================================================
Running epilogue script on gold54.

Submit time  : 2024-07-10T09:50:09
Start time   : 2024-07-10T09:50:42
End time     : 2024-07-11T10:02:11
Elapsed time : 1-00:11:29 (Timelimit=2-01:55:00)

Job ID: 6226312
Array Job ID: 6226285_6
Cluster: i5
User/Group: sy6u19/mm
State: COMPLETED (exit code 0)
Cores: 1
CPU Utilized: 1-00:06:58
CPU Efficiency: 99.69% of 1-00:11:29 core-walltime
Job Wall-clock time: 1-00:11:29
Memory Utilized: 230.64 MB
Memory Efficiency: 2.88% of 7.81 GB

==============================================================================
Running epilogue script on gold54.

Submit time  : 2024-07-10T09:50:09
Start time   : 2024-07-10T09:50:42
End time     : 2024-07-11T10:02:54
Elapsed time : 1-00:12:12 (Timelimit=2-01:55:00)

Job ID: 6226308
Array Job ID: 6226285_2
Cluster: i5
User/Group: sy6u19/mm
State: COMPLETED (exit code 0)
Cores: 1
CPU Utilized: 1-00:07:52
CPU Efficiency: 99.70% of 1-00:12:12 core-walltime
Job Wall-clock time: 1-00:12:12
Memory Utilized: 357.15 MB
Memory Efficiency: 4.46% of 7.81 GB

==============================================================================
Running epilogue script on gold54.

Submit time  : 2024-07-10T09:50:09
Start time   : 2024-07-10T09:50:42
End time     : 2024-07-11T11:37:53
Elapsed time : 1-01:47:11 (Timelimit=2-01:55:00)

Job ID: 6226311
Array Job ID: 6226285_5
Cluster: i5
User/Group: sy6u19/mm
State: COMPLETED (exit code 0)
Cores: 1
CPU Utilized: 1-01:42:32
CPU Efficiency: 99.70% of 1-01:47:11 core-walltime
Job Wall-clock time: 1-01:47:11
Memory Utilized: 31.04 GB
Memory Efficiency: 397.29% of 7.81 GB

==============================================================================
Running epilogue script on gold54.

Submit time  : 2024-07-10T09:50:09
Start time   : 2024-07-10T09:50:42
End time     : 2024-07-12T00:20:11
Elapsed time : 1-14:29:29 (Timelimit=2-01:55:00)

Job ID: 6226309
Array Job ID: 6226285_3
Cluster: i5
User/Group: sy6u19/mm
State: COMPLETED (exit code 0)
Cores: 1
CPU Utilized: 1-14:22:59
CPU Efficiency: 99.72% of 1-14:29:29 core-walltime
Job Wall-clock time: 1-14:29:29
Memory Utilized: 214.80 MB
Memory Efficiency: 2.69% of 7.81 GB

==============================================================================
Running epilogue script on gold54.

==============================================================================
Running epilogue script on gold54.

Submit time  : 2024-07-10T09:50:09
Submit time  : 2024-07-10T09:50:09
Start time   : 2024-07-10T09:50:42
Start time   : 2024-07-10T09:50:42
End time     : 2024-07-12T11:46:10
End time     : 2024-07-12T11:46:10
Elapsed time : 2-01:55:28 Elapsed time : 2-01:55:28 (Timelimit=2-01:55:00)

(Timelimit=2-01:55:00)

Job ID: 6226307
Array Job ID: 6226285_1
Cluster: i5
User/Group: sy6u19/mm
State: TIMEOUT (exit code 0)
Cores: 1
CPU Utilized: 00:00:00
CPU Efficiency: 0.00% of 2-01:55:28 core-walltime
Job Wall-clock time: 2-01:55:28
Memory Utilized: 252.64 MB
Memory Efficiency: 3.16% of 7.81 GB

Job ID: 6226310
Array Job ID: 6226285_4
Cluster: i5
User/Group: sy6u19/mm
State: TIMEOUT (exit code 0)
Cores: 1
CPU Utilized: 00:00:00
CPU Efficiency: 0.00% of 2-01:55:28 core-walltime
Job Wall-clock time: 2-01:55:28
Memory Utilized: 223.90 MB
Memory Efficiency: 2.80% of 7.81 GB

