Running SLURM prolog script on gold53.cluster.local
===============================================================================
Job started on Fri Jul 26 12:36:50 BST 2024
Job ID          : 6318895
Job name        : smpso-MOP.slurm
WorkDir         : /mainfs/home/sy6u19/cmlsga-jmetalpy/corrections/smac-slurm
Command         : /mainfs/home/sy6u19/cmlsga-jmetalpy/corrections/smac-slurm/smpso-MOP.slurm
Partition       : serial
Num hosts       : 1
Num cores       : 1
Num of tasks    : 1
Hosts allocated : gold53
Job Output Follows ...
===============================================================================
Running SLURM prolog script on gold53.cluster.local
===============================================================================
Job started on Fri Jul 26 12:36:50 BST 2024
Job ID          : 6307620
Job name        : smpso-MOP.slurm
WorkDir         : /mainfs/home/sy6u19/cmlsga-jmetalpy/corrections/smac-slurm
Command         : /mainfs/home/sy6u19/cmlsga-jmetalpy/corrections/smac-slurm/smpso-MOP.slurm
Partition       : serial
Num hosts       : 1
Num cores       : 1
Num of tasks    : 1
Hosts allocated : gold53
Job Output Follows ...
===============================================================================
Running SLURM prolog script on gold52.cluster.local
===============================================================================
Job started on Fri Jul 26 12:36:50 BST 2024
Job ID          : 6318894
Job name        : smpso-MOP.slurm
WorkDir         : /mainfs/home/sy6u19/cmlsga-jmetalpy/corrections/smac-slurm
Command         : /mainfs/home/sy6u19/cmlsga-jmetalpy/corrections/smac-slurm/smpso-MOP.slurm
Partition       : serial
Num hosts       : 1
Num cores       : 1
Num of tasks    : 1
Hosts allocated : gold52
Job Output Follows ...
===============================================================================
start
start
start
start
==============================================================================
Running epilogue script on gold55.

Submit time  : 2024-07-25T12:10:00
Start time   : 2024-07-26T12:35:49
End time     : 2024-07-27T12:37:23
Elapsed time : 1-00:01:34 (Timelimit=2-01:55:00)

Job ID: 6318891
Array Job ID: 6307620_2
Cluster: i5
User/Group: sy6u19/mm
State: COMPLETED (exit code 0)
Cores: 1
CPU Utilized: 23:57:06
CPU Efficiency: 99.69% of 1-00:01:34 core-walltime
Job Wall-clock time: 1-00:01:34
Memory Utilized: 1.31 GB
Memory Efficiency: 16.77% of 7.81 GB

==============================================================================
Running epilogue script on gold55.

Submit time  : 2024-07-25T12:10:00
Start time   : 2024-07-26T12:35:49
End time     : 2024-07-27T12:38:02
Elapsed time : 1-00:02:13 (Timelimit=2-01:55:00)

Job ID: 6318892
Array Job ID: 6307620_3
Cluster: i5
User/Group: sy6u19/mm
State: COMPLETED (exit code 0)
Cores: 1
CPU Utilized: 23:56:38
CPU Efficiency: 99.61% of 1-00:02:13 core-walltime
Job Wall-clock time: 1-00:02:13
Memory Utilized: 2.21 GB
Memory Efficiency: 28.35% of 7.81 GB

==============================================================================
Running epilogue script on gold55.

Submit time  : 2024-07-25T12:10:00
Start time   : 2024-07-26T12:35:49
End time     : 2024-07-27T12:42:35
Elapsed time : 1-00:06:46 (Timelimit=2-01:55:00)

Job ID: 6318890
Array Job ID: 6307620_1
Cluster: i5
User/Group: sy6u19/mm
State: COMPLETED (exit code 0)
Cores: 1
CPU Utilized: 1-00:02:31
CPU Efficiency: 99.71% of 1-00:06:46 core-walltime
Job Wall-clock time: 1-00:06:46
Memory Utilized: 798.22 MB
Memory Efficiency: 9.98% of 7.81 GB

==============================================================================
Running epilogue script on gold52.

Submit time  : 2024-07-25T12:10:00
Start time   : 2024-07-26T12:36:50
End time     : 2024-07-27T12:44:41
Elapsed time : 1-00:07:51 (Timelimit=2-01:55:00)

Job ID: 6318894
Array Job ID: 6307620_5
Cluster: i5
User/Group: sy6u19/mm
State: COMPLETED (exit code 0)
Cores: 1
CPU Utilized: 1-00:02:52
CPU Efficiency: 99.66% of 1-00:07:51 core-walltime
Job Wall-clock time: 1-00:07:51
Memory Utilized: 2.40 GB
Memory Efficiency: 30.69% of 7.81 GB

==============================================================================
Running epilogue script on gold56.

Submit time  : 2024-07-25T12:10:00
Start time   : 2024-07-26T12:35:49
End time     : 2024-07-27T12:56:20
Elapsed time : 1-00:20:31 (Timelimit=2-01:55:00)

Job ID: 6318893
Array Job ID: 6307620_4
Cluster: i5
User/Group: sy6u19/mm
State: COMPLETED (exit code 0)
Cores: 1
CPU Utilized: 1-00:15:29
CPU Efficiency: 99.66% of 1-00:20:31 core-walltime
Job Wall-clock time: 1-00:20:31
Memory Utilized: 264.20 MB
Memory Efficiency: 3.30% of 7.81 GB

==============================================================================
Running epilogue script on gold53.

Submit time  : 2024-07-25T12:10:00
Start time   : 2024-07-26T12:36:50
End time     : 2024-07-27T12:56:31
Elapsed time : 1-00:19:41 (Timelimit=2-01:55:00)

Job ID: 6318895
Array Job ID: 6307620_6
Cluster: i5
User/Group: sy6u19/mm
State: COMPLETED (exit code 0)
Cores: 1
CPU Utilized: 1-00:15:56
CPU Efficiency: 99.74% of 1-00:19:41 core-walltime
Job Wall-clock time: 1-00:19:41
Memory Utilized: 710.83 MB
Memory Efficiency: 8.89% of 7.81 GB

==============================================================================
Running epilogue script on gold53.

Submit time  : 2024-07-25T12:10:00
Start time   : 2024-07-26T12:36:50
End time     : 2024-07-27T14:12:57
Elapsed time : 1-01:36:07 (Timelimit=2-01:55:00)

Job ID: 6307620
Array Job ID: 6307620_7
Cluster: i5
User/Group: sy6u19/mm
State: COMPLETED (exit code 0)
Cores: 1
CPU Utilized: 1-01:32:12
CPU Efficiency: 99.75% of 1-01:36:07 core-walltime
Job Wall-clock time: 1-01:36:07
Memory Utilized: 262.08 MB
Memory Efficiency: 3.28% of 7.81 GB

