Running SLURM prolog script on gold53.cluster.local
===============================================================================
Job started on Thu Aug  1 11:43:28 BST 2024
Job ID          : 6333566
Job name        : omopso-UF.slurm
WorkDir         : /mainfs/home/sy6u19/cmlsga-jmetalpy/corrections/smac-slurm
Command         : /mainfs/home/sy6u19/cmlsga-jmetalpy/corrections/smac-slurm/omopso-UF.slurm
Partition       : serial
Num hosts       : 1
Num cores       : 1
Num of tasks    : 1
Hosts allocated : gold53
Job Output Follows ...
===============================================================================
start
start
==============================================================================
Running epilogue script on gold53.

Submit time  : 2024-07-31T11:29:35
Start time   : 2024-08-01T11:37:28
End time     : 2024-08-02T11:41:17
Elapsed time : 1-00:03:49 (Timelimit=2-01:55:00)

Job ID: 6338916
Array Job ID: 6333566_3
Cluster: i5
User/Group: sy6u19/mm
State: COMPLETED (exit code 0)
Cores: 1
CPU Utilized: 23:58:58
CPU Efficiency: 99.66% of 1-00:03:49 core-walltime
Job Wall-clock time: 1-00:03:49
Memory Utilized: 2.64 GB
Memory Efficiency: 33.84% of 7.81 GB

==============================================================================
Running epilogue script on gold52.

Submit time  : 2024-07-31T11:29:35
Start time   : 2024-08-01T11:37:28
End time     : 2024-08-02T11:42:05
Elapsed time : 1-00:04:37 (Timelimit=2-01:55:00)

Job ID: 6338915
Array Job ID: 6333566_2
Cluster: i5
User/Group: sy6u19/mm
State: COMPLETED (exit code 0)
Cores: 1
CPU Utilized: 23:59:47
CPU Efficiency: 99.67% of 1-00:04:37 core-walltime
Job Wall-clock time: 1-00:04:37
Memory Utilized: 2.62 GB
Memory Efficiency: 33.50% of 7.81 GB

==============================================================================
Running epilogue script on gold53.

Submit time  : 2024-07-31T11:29:35
Start time   : 2024-08-01T11:40:28
End time     : 2024-08-02T11:42:25
Elapsed time : 1-00:01:57 (Timelimit=2-01:55:00)

Job ID: 6338927
Array Job ID: 6333566_6
Cluster: i5
User/Group: sy6u19/mm
State: COMPLETED (exit code 0)
Cores: 1
CPU Utilized: 23:56:24
CPU Efficiency: 99.62% of 1-00:01:57 core-walltime
Job Wall-clock time: 1-00:01:57
Memory Utilized: 2.41 GB
Memory Efficiency: 30.86% of 7.81 GB

==============================================================================
Running epilogue script on gold53.

Submit time  : 2024-07-31T11:29:35
Start time   : 2024-08-01T11:42:28
End time     : 2024-08-02T11:47:18
Elapsed time : 1-00:04:50 (Timelimit=2-01:55:00)

Job ID: 6338931
Array Job ID: 6333566_8
Cluster: i5
User/Group: sy6u19/mm
State: COMPLETED (exit code 0)
Cores: 1
CPU Utilized: 1-00:00:03
CPU Efficiency: 99.67% of 1-00:04:50 core-walltime
Job Wall-clock time: 1-00:04:50
Memory Utilized: 2.63 GB
Memory Efficiency: 33.72% of 7.81 GB

==============================================================================
Running epilogue script on gold52.

Submit time  : 2024-07-31T11:29:35
Start time   : 2024-08-01T11:37:28
End time     : 2024-08-02T11:47:33
Elapsed time : 1-00:10:05 (Timelimit=2-01:55:00)

Job ID: 6338914
Array Job ID: 6333566_1
Cluster: i5
User/Group: sy6u19/mm
State: COMPLETED (exit code 0)
Cores: 1
CPU Utilized: 1-00:05:01
CPU Efficiency: 99.65% of 1-00:10:05 core-walltime
Job Wall-clock time: 1-00:10:05
Memory Utilized: 2.33 GB
Memory Efficiency: 29.80% of 7.81 GB

==============================================================================
Running epilogue script on gold51.

Submit time  : 2024-07-31T11:29:35
Start time   : 2024-08-01T11:38:29
End time     : 2024-08-02T11:49:14
Elapsed time : 1-00:10:45 (Timelimit=2-01:55:00)

Job ID: 6338923
Array Job ID: 6333566_4
Cluster: i5
User/Group: sy6u19/mm
State: COMPLETED (exit code 0)
Cores: 1
CPU Utilized: 1-00:05:43
CPU Efficiency: 99.65% of 1-00:10:45 core-walltime
Job Wall-clock time: 1-00:10:45
Memory Utilized: 2.94 GB
Memory Efficiency: 37.66% of 7.81 GB

==============================================================================
Running epilogue script on gold51.

Submit time  : 2024-07-31T11:29:35
Start time   : 2024-08-01T11:41:28
End time     : 2024-08-02T11:52:16
Elapsed time : 1-00:10:48 (Timelimit=2-01:55:00)

Job ID: 6338928
Array Job ID: 6333566_7
Cluster: i5
User/Group: sy6u19/mm
State: COMPLETED (exit code 0)
Cores: 1
CPU Utilized: 1-00:05:25
CPU Efficiency: 99.63% of 1-00:10:48 core-walltime
Job Wall-clock time: 1-00:10:48
Memory Utilized: 2.46 GB
Memory Efficiency: 31.45% of 7.81 GB

==============================================================================
Running epilogue script on gold53.

Submit time  : 2024-07-31T11:29:35
Start time   : 2024-08-01T11:38:29
End time     : 2024-08-02T11:52:30
Elapsed time : 1-00:14:01 (Timelimit=2-01:55:00)

Job ID: 6338924
Array Job ID: 6333566_5
Cluster: i5
User/Group: sy6u19/mm
State: COMPLETED (exit code 0)
Cores: 1
CPU Utilized: 1-00:08:55
CPU Efficiency: 99.65% of 1-00:14:01 core-walltime
Job Wall-clock time: 1-00:14:01
Memory Utilized: 2.38 GB
Memory Efficiency: 30.42% of 7.81 GB

