Running SLURM prolog script on gold53.cluster.local
===============================================================================
Job started on Tue Aug  6 11:29:28 BST 2024
Job ID          : 6364381
Job name        : ibea-MOP.slurm
WorkDir         : /mainfs/home/sy6u19/cmlsga-jmetalpy/corrections/smac-slurm
Command         : /mainfs/home/sy6u19/cmlsga-jmetalpy/corrections/smac-slurm/ibea-MOP.slurm
Partition       : serial
Num hosts       : 1
Num cores       : 1
Num of tasks    : 1
Hosts allocated : gold53
Job Output Follows ...
===============================================================================
start
start
start
start
start
start
start
==============================================================================
Running epilogue script on gold53.

Submit time  : 2024-08-05T11:12:55
Start time   : 2024-08-06T11:24:28
End time     : 2024-08-07T11:30:11
Elapsed time : 1-00:05:43 (Timelimit=2-01:55:00)

Job ID: 6396141
Array Job ID: 6364381_1
Cluster: i5
User/Group: sy6u19/mm
State: COMPLETED (exit code 0)
Cores: 1
CPU Utilized: 1-00:01:57
CPU Efficiency: 99.74% of 1-00:05:43 core-walltime
Job Wall-clock time: 1-00:05:43
Memory Utilized: 200.65 MB
Memory Efficiency: 2.51% of 7.81 GB

==============================================================================
Running epilogue script on gold53.

Submit time  : 2024-08-05T11:12:55
Start time   : 2024-08-06T11:28:28
End time     : 2024-08-07T11:30:46
Elapsed time : 1-00:02:18 (Timelimit=2-01:55:00)

Job ID: 6396157
Array Job ID: 6364381_6
Cluster: i5
User/Group: sy6u19/mm
State: COMPLETED (exit code 0)
Cores: 1
CPU Utilized: 23:58:35
CPU Efficiency: 99.74% of 1-00:02:18 core-walltime
Job Wall-clock time: 1-00:02:18
Memory Utilized: 192.99 MB
Memory Efficiency: 2.41% of 7.81 GB

==============================================================================
Running epilogue script on gold53.

Submit time  : 2024-08-05T11:12:55
Start time   : 2024-08-06T11:28:18
End time     : 2024-08-07T11:37:24
Elapsed time : 1-00:09:06 (Timelimit=2-01:55:00)

Job ID: 6396152
Array Job ID: 6364381_4
Cluster: i5
User/Group: sy6u19/mm
State: COMPLETED (exit code 0)
Cores: 1
CPU Utilized: 1-00:05:18
CPU Efficiency: 99.74% of 1-00:09:06 core-walltime
Job Wall-clock time: 1-00:09:06
Memory Utilized: 344.61 MB
Memory Efficiency: 4.31% of 7.81 GB

==============================================================================
Running epilogue script on gold53.

Submit time  : 2024-08-05T11:12:55
Start time   : 2024-08-06T11:27:28
End time     : 2024-08-07T11:38:31
Elapsed time : 1-00:11:03 (Timelimit=2-01:55:00)

Job ID: 6396148
Array Job ID: 6364381_3
Cluster: i5
User/Group: sy6u19/mm
State: COMPLETED (exit code 0)
Cores: 1
CPU Utilized: 1-00:07:03
CPU Efficiency: 99.72% of 1-00:11:03 core-walltime
Job Wall-clock time: 1-00:11:03
Memory Utilized: 388.69 MB
Memory Efficiency: 4.86% of 7.81 GB

==============================================================================
Running epilogue script on gold53.

Submit time  : 2024-08-05T11:12:55
Start time   : 2024-08-06T11:28:28
End time     : 2024-08-07T12:13:38
Elapsed time : 1-00:45:10 (Timelimit=2-01:55:00)

Job ID: 6396156
Array Job ID: 6364381_5
Cluster: i5
User/Group: sy6u19/mm
State: COMPLETED (exit code 0)
Cores: 1
CPU Utilized: 1-00:41:13
CPU Efficiency: 99.73% of 1-00:45:10 core-walltime
Job Wall-clock time: 1-00:45:10
Memory Utilized: 199.65 MB
Memory Efficiency: 2.50% of 7.81 GB

==============================================================================
Running epilogue script on gold53.

Submit time  : 2024-08-05T11:12:55
Start time   : 2024-08-06T11:25:28
End time     : 2024-08-07T12:15:02
Elapsed time : 1-00:49:34 (Timelimit=2-01:55:00)

Job ID: 6396143
Array Job ID: 6364381_2
Cluster: i5
User/Group: sy6u19/mm
State: COMPLETED (exit code 0)
Cores: 1
CPU Utilized: 1-00:45:38
CPU Efficiency: 99.74% of 1-00:49:34 core-walltime
Job Wall-clock time: 1-00:49:34
Memory Utilized: 1.13 GB
Memory Efficiency: 14.45% of 7.81 GB

