Running SLURM prolog script on gold54.cluster.local
===============================================================================
Job started on Wed Jul 10 09:50:42 BST 2024
Job ID          : 6226306
Job name        : cmpso-DASCMOP-7.slurm
WorkDir         : /mainfs/home/sy6u19/cmlsga-jmetalpy/corrections/smac-slurm
Command         : /mainfs/home/sy6u19/cmlsga-jmetalpy/corrections/smac-slurm/cmpso-DASCMOP-7.slurm
Partition       : serial
Num hosts       : 1
Num cores       : 1
Num of tasks    : 1
Hosts allocated : gold54
Job Output Follows ...
===============================================================================
Running SLURM prolog script on gold54.cluster.local
===============================================================================
Job started on Wed Jul 10 09:50:42 BST 2024
Job ID          : 6226284
Job name        : cmpso-DASCMOP-7.slurm
WorkDir         : /mainfs/home/sy6u19/cmlsga-jmetalpy/corrections/smac-slurm
Command         : /mainfs/home/sy6u19/cmlsga-jmetalpy/corrections/smac-slurm/cmpso-DASCMOP-7.slurm
Partition       : serial
Num hosts       : 1
Num cores       : 1
Num of tasks    : 1
Hosts allocated : gold54
Job Output Follows ...
===============================================================================
Running SLURM prolog script on gold53.cluster.local
===============================================================================
Job started on Wed Jul 10 09:50:42 BST 2024
Job ID          : 6226305
Job name        : cmpso-DASCMOP-7.slurm
WorkDir         : /mainfs/home/sy6u19/cmlsga-jmetalpy/corrections/smac-slurm
Command         : /mainfs/home/sy6u19/cmlsga-jmetalpy/corrections/smac-slurm/cmpso-DASCMOP-7.slurm
Partition       : serial
Num hosts       : 1
Num cores       : 1
Num of tasks    : 1
Hosts allocated : gold53
Job Output Follows ...
===============================================================================
Running SLURM prolog script on gold53.cluster.local
===============================================================================
Job started on Wed Jul 10 09:50:42 BST 2024
Job ID          : 6226303
Job name        : cmpso-DASCMOP-7.slurm
WorkDir         : /mainfs/home/sy6u19/cmlsga-jmetalpy/corrections/smac-slurm
Command         : /mainfs/home/sy6u19/cmlsga-jmetalpy/corrections/smac-slurm/cmpso-DASCMOP-7.slurm
Partition       : serial
Num hosts       : 1
Num cores       : 1
Num of tasks    : 1
Hosts allocated : gold53
Job Output Follows ...
===============================================================================
Running SLURM prolog script on gold53.cluster.local
===============================================================================
Job started on Wed Jul 10 09:50:42 BST 2024
Job ID          : 6226302
Job name        : cmpso-DASCMOP-7.slurm
WorkDir         : /mainfs/home/sy6u19/cmlsga-jmetalpy/corrections/smac-slurm
Command         : /mainfs/home/sy6u19/cmlsga-jmetalpy/corrections/smac-slurm/cmpso-DASCMOP-7.slurm
Partition       : serial
Num hosts       : 1
Num cores       : 1
Num of tasks    : 1
Hosts allocated : gold53
Job Output Follows ...
===============================================================================
Running SLURM prolog script on gold53.cluster.local
===============================================================================
Job started on Wed Jul 10 09:50:42 BST 2024
Job ID          : 6226304
Job name        : cmpso-DASCMOP-7.slurm
WorkDir         : /mainfs/home/sy6u19/cmlsga-jmetalpy/corrections/smac-slurm
Command         : /mainfs/home/sy6u19/cmlsga-jmetalpy/corrections/smac-slurm/cmpso-DASCMOP-7.slurm
Partition       : serial
Num hosts       : 1
Num cores       : 1
Num of tasks    : 1
Hosts allocated : gold53
Job Output Follows ...
===============================================================================
start
start
start
start
start
start
==============================================================================
Running epilogue script on gold53.

Submit time  : 2024-07-10T09:50:09
Start time   : 2024-07-10T09:50:42
End time     : 2024-07-11T09:54:09
Elapsed time : 1-00:03:27 (Timelimit=2-01:55:00)

Job ID: 6226303
Array Job ID: 6226284_2
Cluster: i5
User/Group: sy6u19/mm
State: COMPLETED (exit code 0)
Cores: 1
CPU Utilized: 23:58:08
CPU Efficiency: 99.63% of 1-00:03:27 core-walltime
Job Wall-clock time: 1-00:03:27
Memory Utilized: 1.94 GB
Memory Efficiency: 24.81% of 7.81 GB

==============================================================================
Running epilogue script on gold54.

Submit time  : 2024-07-10T09:50:09
Start time   : 2024-07-10T09:50:42
End time     : 2024-07-11T09:55:01
Elapsed time : 1-00:04:19 (Timelimit=2-01:55:00)

Job ID: 6226306
Array Job ID: 6226284_5
Cluster: i5
User/Group: sy6u19/mm
State: COMPLETED (exit code 0)
Cores: 1
CPU Utilized: 23:58:07
CPU Efficiency: 99.57% of 1-00:04:19 core-walltime
Job Wall-clock time: 1-00:04:19
Memory Utilized: 2.05 GB
Memory Efficiency: 26.23% of 7.81 GB

==============================================================================
Running epilogue script on gold53.

Submit time  : 2024-07-10T09:50:09
Start time   : 2024-07-10T09:50:42
End time     : 2024-07-11T10:03:34
Elapsed time : 1-00:12:52 (Timelimit=2-01:55:00)

Job ID: 6226305
Array Job ID: 6226284_4
Cluster: i5
User/Group: sy6u19/mm
State: COMPLETED (exit code 0)
Cores: 1
CPU Utilized: 1-00:07:35
CPU Efficiency: 99.64% of 1-00:12:52 core-walltime
Job Wall-clock time: 1-00:12:52
Memory Utilized: 1.99 GB
Memory Efficiency: 25.49% of 7.81 GB

==============================================================================
Running epilogue script on gold53.

Submit time  : 2024-07-10T09:50:09
Start time   : 2024-07-10T09:50:42
End time     : 2024-07-11T10:04:12
Elapsed time : 1-00:13:30 (Timelimit=2-01:55:00)

Job ID: 6226302
Array Job ID: 6226284_1
Cluster: i5
User/Group: sy6u19/mm
State: COMPLETED (exit code 0)
Cores: 1
CPU Utilized: 1-00:08:10
CPU Efficiency: 99.63% of 1-00:13:30 core-walltime
Job Wall-clock time: 1-00:13:30
Memory Utilized: 1.95 GB
Memory Efficiency: 24.90% of 7.81 GB

==============================================================================
Running epilogue script on gold53.

Submit time  : 2024-07-10T09:50:09
Start time   : 2024-07-10T09:50:42
End time     : 2024-07-11T10:16:14
Elapsed time : 1-00:25:32 (Timelimit=2-01:55:00)

Job ID: 6226304
Array Job ID: 6226284_3
Cluster: i5
User/Group: sy6u19/mm
State: COMPLETED (exit code 0)
Cores: 1
CPU Utilized: 1-00:20:09
CPU Efficiency: 99.63% of 1-00:25:32 core-walltime
Job Wall-clock time: 1-00:25:32
Memory Utilized: 1.93 GB
Memory Efficiency: 24.69% of 7.81 GB

