Running SLURM prolog script on gold52.cluster.local
===============================================================================
Job started on Thu Aug  8 11:56:16 BST 2024
Job ID          : 6396362
Job name        : unsgaiii-MOP.slurm
WorkDir         : /mainfs/home/sy6u19/cmlsga-jmetalpy/corrections/smac-slurm
Command         : /mainfs/home/sy6u19/cmlsga-jmetalpy/corrections/smac-slurm/unsgaiii-MOP.slurm
Partition       : serial
Num hosts       : 1
Num cores       : 1
Num of tasks    : 1
Hosts allocated : gold52
Job Output Follows ...
===============================================================================
start
start
start
start
==============================================================================
Running epilogue script on gold51.

Submit time  : 2024-08-06T12:17:09
Start time   : 2024-08-08T11:42:34
End time     : 2024-08-09T11:43:25
Elapsed time : 1-00:00:51 (Timelimit=2-01:55:00)

Job ID: 6416903
Array Job ID: 6396362_2
Cluster: i5
User/Group: sy6u19/mm
State: COMPLETED (exit code 0)
Cores: 1
CPU Utilized: 23:56:21
CPU Efficiency: 99.69% of 1-00:00:51 core-walltime
Job Wall-clock time: 1-00:00:51
Memory Utilized: 976.20 MB
Memory Efficiency: 12.20% of 7.81 GB

==============================================================================
Running epilogue script on gold51.

Submit time  : 2024-08-06T12:17:09
Start time   : 2024-08-08T11:41:34
End time     : 2024-08-09T11:46:54
Elapsed time : 1-00:05:20 (Timelimit=2-01:55:00)

Job ID: 6416900
Array Job ID: 6396362_1
Cluster: i5
User/Group: sy6u19/mm
State: COMPLETED (exit code 0)
Cores: 1
CPU Utilized: 1-00:00:59
CPU Efficiency: 99.70% of 1-00:05:20 core-walltime
Job Wall-clock time: 1-00:05:20
Memory Utilized: 222.00 MB
Memory Efficiency: 2.77% of 7.81 GB

==============================================================================
Running epilogue script on gold52.

Submit time  : 2024-08-06T12:17:09
Start time   : 2024-08-08T11:50:13
End time     : 2024-08-09T11:51:42
Elapsed time : 1-00:01:29 (Timelimit=2-01:55:00)

Job ID: 6417742
Array Job ID: 6396362_5
Cluster: i5
User/Group: sy6u19/mm
State: COMPLETED (exit code 0)
Cores: 1
CPU Utilized: 23:57:11
CPU Efficiency: 99.70% of 1-00:01:29 core-walltime
Job Wall-clock time: 1-00:01:29
Memory Utilized: 1.38 GB
Memory Efficiency: 17.62% of 7.81 GB

==============================================================================
Running epilogue script on gold52.

Submit time  : 2024-08-06T12:17:09
Start time   : 2024-08-08T11:52:14
End time     : 2024-08-09T11:53:01
Elapsed time : 1-00:00:47 (Timelimit=2-01:55:00)

Job ID: 6417744
Array Job ID: 6396362_6
Cluster: i5
User/Group: sy6u19/mm
State: COMPLETED (exit code 0)
Cores: 1
CPU Utilized: 23:56:57
CPU Efficiency: 99.73% of 1-00:00:47 core-walltime
Job Wall-clock time: 1-00:00:47
Memory Utilized: 213.23 MB
Memory Efficiency: 2.67% of 7.81 GB

==============================================================================
Running epilogue script on gold52.

Submit time  : 2024-08-06T12:17:09
Start time   : 2024-08-08T11:43:35
End time     : 2024-08-09T11:59:12
Elapsed time : 1-00:15:37 (Timelimit=2-01:55:00)

Job ID: 6416905
Array Job ID: 6396362_3
Cluster: i5
User/Group: sy6u19/mm
State: COMPLETED (exit code 0)
Cores: 1
CPU Utilized: 1-00:10:45
CPU Efficiency: 99.67% of 1-00:15:37 core-walltime
Job Wall-clock time: 1-00:15:37
Memory Utilized: 1.22 GB
Memory Efficiency: 15.62% of 7.81 GB

==============================================================================
Running epilogue script on gold52.

Submit time  : 2024-08-06T12:17:09
Start time   : 2024-08-08T11:49:34
End time     : 2024-08-09T12:15:49
Elapsed time : 1-00:26:15 (Timelimit=2-01:55:00)

Job ID: 6417741
Array Job ID: 6396362_4
Cluster: i5
User/Group: sy6u19/mm
State: COMPLETED (exit code 0)
Cores: 1
CPU Utilized: 1-00:21:36
CPU Efficiency: 99.68% of 1-00:26:15 core-walltime
Job Wall-clock time: 1-00:26:15
Memory Utilized: 968.27 MB
Memory Efficiency: 12.10% of 7.81 GB

==============================================================================
Running epilogue script on gold52.

Submit time  : 2024-08-06T12:17:09
Start time   : 2024-08-08T11:56:15
End time     : 2024-08-09T12:27:28
Elapsed time : 1-00:31:13 (Timelimit=2-01:55:00)

Job ID: 6396362
Array Job ID: 6396362_7
Cluster: i5
User/Group: sy6u19/mm
State: COMPLETED (exit code 0)
Cores: 1
CPU Utilized: 1-00:27:10
CPU Efficiency: 99.72% of 1-00:31:13 core-walltime
Job Wall-clock time: 1-00:31:13
Memory Utilized: 225.85 MB
Memory Efficiency: 2.82% of 7.81 GB

