Running SLURM prolog script on gold52.cluster.local
===============================================================================
Job started on Wed Jul 10 09:50:42 BST 2024
Job ID          : 6226296
Job name        : cmpso-DASCMOP-5.slurm
WorkDir         : /mainfs/home/sy6u19/cmlsga-jmetalpy/corrections/smac-slurm
Command         : /mainfs/home/sy6u19/cmlsga-jmetalpy/corrections/smac-slurm/cmpso-DASCMOP-5.slurm
Partition       : serial
Num hosts       : 1
Num cores       : 1
Num of tasks    : 1
Hosts allocated : gold52
Job Output Follows ...
===============================================================================
Running SLURM prolog script on gold52.cluster.local
===============================================================================
Job started on Wed Jul 10 09:50:42 BST 2024
Job ID          : 6226295
Job name        : cmpso-DASCMOP-5.slurm
WorkDir         : /mainfs/home/sy6u19/cmlsga-jmetalpy/corrections/smac-slurm
Command         : /mainfs/home/sy6u19/cmlsga-jmetalpy/corrections/smac-slurm/cmpso-DASCMOP-5.slurm
Partition       : serial
Num hosts       : 1
Num cores       : 1
Num of tasks    : 1
Hosts allocated : gold52
Job Output Follows ...
===============================================================================
Running SLURM prolog script on gold52.cluster.local
===============================================================================
Job started on Wed Jul 10 09:50:42 BST 2024
Job ID          : 6226294
Job name        : cmpso-DASCMOP-5.slurm
WorkDir         : /mainfs/home/sy6u19/cmlsga-jmetalpy/corrections/smac-slurm
Command         : /mainfs/home/sy6u19/cmlsga-jmetalpy/corrections/smac-slurm/cmpso-DASCMOP-5.slurm
Partition       : serial
Num hosts       : 1
Num cores       : 1
Num of tasks    : 1
Hosts allocated : gold52
Job Output Follows ...
===============================================================================
Running SLURM prolog script on gold52.cluster.local
===============================================================================
Job started on Wed Jul 10 09:50:42 BST 2024
Job ID          : 6226282
Job name        : cmpso-DASCMOP-5.slurm
WorkDir         : /mainfs/home/sy6u19/cmlsga-jmetalpy/corrections/smac-slurm
Command         : /mainfs/home/sy6u19/cmlsga-jmetalpy/corrections/smac-slurm/cmpso-DASCMOP-5.slurm
Partition       : serial
Num hosts       : 1
Num cores       : 1
Num of tasks    : 1
Hosts allocated : gold52
Job Output Follows ...
===============================================================================
start
start
start
start
start
start
==============================================================================
Running epilogue script on gold51.

Submit time  : 2024-07-10T09:50:09
Start time   : 2024-07-10T09:50:42
End time     : 2024-07-11T09:52:40
Elapsed time : 1-00:01:58 (Timelimit=2-01:55:00)

Job ID: 6226292
Array Job ID: 6226282_1
Cluster: i5
User/Group: sy6u19/mm
State: COMPLETED (exit code 0)
Cores: 1
CPU Utilized: 23:55:42
CPU Efficiency: 99.57% of 1-00:01:58 core-walltime
Job Wall-clock time: 1-00:01:58
Memory Utilized: 2.09 GB
Memory Efficiency: 26.70% of 7.81 GB

==============================================================================
Running epilogue script on gold51.

Submit time  : 2024-07-10T09:50:09
Start time   : 2024-07-10T09:50:42
End time     : 2024-07-11T09:52:42
Elapsed time : 1-00:02:00 (Timelimit=2-01:55:00)

Job ID: 6226293
Array Job ID: 6226282_2
Cluster: i5
User/Group: sy6u19/mm
State: COMPLETED (exit code 0)
Cores: 1
CPU Utilized: 23:55:47
CPU Efficiency: 99.57% of 1-00:02:00 core-walltime
Job Wall-clock time: 1-00:02:00
Memory Utilized: 2.06 GB
Memory Efficiency: 26.38% of 7.81 GB

==============================================================================
Running epilogue script on gold52.

Submit time  : 2024-07-10T09:50:09
Start time   : 2024-07-10T09:50:42
End time     : 2024-07-11T09:53:18
Elapsed time : 1-00:02:36 (Timelimit=2-01:55:00)

Job ID: 6226296
Array Job ID: 6226282_5
Cluster: i5
User/Group: sy6u19/mm
State: COMPLETED (exit code 0)
Cores: 1
CPU Utilized: 23:57:12
CPU Efficiency: 99.63% of 1-00:02:36 core-walltime
Job Wall-clock time: 1-00:02:36
Memory Utilized: 1.79 GB
Memory Efficiency: 22.93% of 7.81 GB

==============================================================================
Running epilogue script on gold52.

Submit time  : 2024-07-10T09:50:09
Start time   : 2024-07-10T09:50:42
End time     : 2024-07-11T09:58:55
Elapsed time : 1-00:08:13 (Timelimit=2-01:55:00)

Job ID: 6226295
Array Job ID: 6226282_4
Cluster: i5
User/Group: sy6u19/mm
State: COMPLETED (exit code 0)
Cores: 1
CPU Utilized: 1-00:02:50
CPU Efficiency: 99.63% of 1-00:08:13 core-walltime
Job Wall-clock time: 1-00:08:13
Memory Utilized: 2.07 GB
Memory Efficiency: 26.44% of 7.81 GB

==============================================================================
Running epilogue script on gold52.

Submit time  : 2024-07-10T09:50:09
Start time   : 2024-07-10T09:50:42
End time     : 2024-07-11T10:12:20
Elapsed time : 1-00:21:38 (Timelimit=2-01:55:00)

Job ID: 6226294
Array Job ID: 6226282_3
Cluster: i5
User/Group: sy6u19/mm
State: COMPLETED (exit code 0)
Cores: 1
CPU Utilized: 1-00:16:06
CPU Efficiency: 99.62% of 1-00:21:38 core-walltime
Job Wall-clock time: 1-00:21:38
Memory Utilized: 2.00 GB
Memory Efficiency: 25.66% of 7.81 GB

