Running SLURM prolog script on gold51.cluster.local
===============================================================================
Job started on Thu Aug  1 13:58:15 BST 2024
Job ID          : 6333568
Job name        : omopso-ZDT.slurm
WorkDir         : /mainfs/home/sy6u19/cmlsga-jmetalpy/corrections/smac-slurm
Command         : /mainfs/home/sy6u19/cmlsga-jmetalpy/corrections/smac-slurm/omopso-ZDT.slurm
Partition       : serial
Num hosts       : 1
Num cores       : 1
Num of tasks    : 1
Hosts allocated : gold51
Job Output Follows ...
===============================================================================
start
==============================================================================
Running epilogue script on gold51.

Submit time  : 2024-07-31T11:29:35
Start time   : 2024-08-01T12:13:52
End time     : 2024-08-02T12:19:31
Elapsed time : 1-00:05:39 (Timelimit=2-01:55:00)

Job ID: 6339033
Array Job ID: 6333568_1
Cluster: i5
User/Group: sy6u19/mm
State: COMPLETED (exit code 0)
Cores: 1
CPU Utilized: 1-00:00:18
CPU Efficiency: 99.63% of 1-00:05:39 core-walltime
Job Wall-clock time: 1-00:05:39
Memory Utilized: 2.91 GB
Memory Efficiency: 37.26% of 7.81 GB

==============================================================================
Running epilogue script on gold54.

Submit time  : 2024-07-31T11:29:35
Start time   : 2024-08-01T12:17:28
End time     : 2024-08-02T12:20:15
Elapsed time : 1-00:02:47 (Timelimit=2-01:55:00)

Job ID: 6339044
Array Job ID: 6333568_2
Cluster: i5
User/Group: sy6u19/mm
State: COMPLETED (exit code 0)
Cores: 1
CPU Utilized: 23:57:30
CPU Efficiency: 99.63% of 1-00:02:47 core-walltime
Job Wall-clock time: 1-00:02:47
Memory Utilized: 2.78 GB
Memory Efficiency: 35.64% of 7.81 GB

==============================================================================
Running epilogue script on gold51.

Submit time  : 2024-07-31T11:29:35
Start time   : 2024-08-01T12:23:54
End time     : 2024-08-02T12:26:15
Elapsed time : 1-00:02:21 (Timelimit=2-01:55:00)

Job ID: 6339061
Array Job ID: 6333568_3
Cluster: i5
User/Group: sy6u19/mm
State: COMPLETED (exit code 0)
Cores: 1
CPU Utilized: 23:56:46
CPU Efficiency: 99.61% of 1-00:02:21 core-walltime
Job Wall-clock time: 1-00:02:21
Memory Utilized: 2.72 GB
Memory Efficiency: 34.76% of 7.81 GB

==============================================================================
Running epilogue script on gold51.

Submit time  : 2024-07-31T11:29:35
Start time   : 2024-08-01T13:12:29
End time     : 2024-08-02T13:14:38
Elapsed time : 1-00:02:09 (Timelimit=2-01:55:00)

Job ID: 6339185
Array Job ID: 6333568_4
Cluster: i5
User/Group: sy6u19/mm
State: COMPLETED (exit code 0)
Cores: 1
CPU Utilized: 23:56:39
CPU Efficiency: 99.62% of 1-00:02:09 core-walltime
Job Wall-clock time: 1-00:02:09
Memory Utilized: 2.61 GB
Memory Efficiency: 33.37% of 7.81 GB

==============================================================================
Running epilogue script on gold51.

Submit time  : 2024-07-31T11:29:35
Start time   : 2024-08-01T13:58:15
End time     : 2024-08-02T14:00:26
Elapsed time : 1-00:02:11 (Timelimit=2-01:55:00)

Job ID: 6333568
Array Job ID: 6333568_6
Cluster: i5
User/Group: sy6u19/mm
State: COMPLETED (exit code 0)
Cores: 1
CPU Utilized: 23:56:22
CPU Efficiency: 99.60% of 1-00:02:11 core-walltime
Job Wall-clock time: 1-00:02:11
Memory Utilized: 2.54 GB
Memory Efficiency: 32.54% of 7.81 GB

