Running SLURM prolog script on gold52.cluster.local
===============================================================================
Job started on Wed Aug  7 11:39:25 BST 2024
Job ID          : 6396357
Job name        : unsgaiii-DASCMOP-6.slurm
WorkDir         : /mainfs/home/sy6u19/cmlsga-jmetalpy/corrections/smac-slurm
Command         : /mainfs/home/sy6u19/cmlsga-jmetalpy/corrections/smac-slurm/unsgaiii-DASCMOP-6.slurm
Partition       : serial
Num hosts       : 1
Num cores       : 1
Num of tasks    : 1
Hosts allocated : gold52
Job Output Follows ...
===============================================================================
start
start
start
start
==============================================================================
Running epilogue script on gold51.

Submit time  : 2024-08-06T12:17:09
Start time   : 2024-08-07T11:31:24
End time     : 2024-08-08T11:38:16
Elapsed time : 1-00:06:52 (Timelimit=2-01:55:00)

Job ID: 6409773
Array Job ID: 6396357_2
Cluster: i5
User/Group: sy6u19/mm
State: COMPLETED (exit code 0)
Cores: 1
CPU Utilized: 1-00:02:50
CPU Efficiency: 99.72% of 1-00:06:52 core-walltime
Job Wall-clock time: 1-00:06:52
Memory Utilized: 1.22 GB
Memory Efficiency: 15.64% of 7.81 GB

==============================================================================
Running epilogue script on gold51.

Submit time  : 2024-08-06T12:17:09
Start time   : 2024-08-07T11:37:24
End time     : 2024-08-08T11:39:03
Elapsed time : 1-00:01:39 (Timelimit=2-01:55:00)

Job ID: 6409781
Array Job ID: 6396357_3
Cluster: i5
User/Group: sy6u19/mm
State: COMPLETED (exit code 0)
Cores: 1
CPU Utilized: 23:57:02
CPU Efficiency: 99.68% of 1-00:01:39 core-walltime
Job Wall-clock time: 1-00:01:39
Memory Utilized: 247.90 MB
Memory Efficiency: 3.10% of 7.81 GB

==============================================================================
Running epilogue script on gold51.

Submit time  : 2024-08-06T12:17:09
Start time   : 2024-08-07T11:30:30
End time     : 2024-08-08T11:42:15
Elapsed time : 1-00:11:45 (Timelimit=2-01:55:00)

Job ID: 6409770
Array Job ID: 6396357_1
Cluster: i5
User/Group: sy6u19/mm
State: COMPLETED (exit code 0)
Cores: 1
CPU Utilized: 1-00:07:38
CPU Efficiency: 99.72% of 1-00:11:45 core-walltime
Job Wall-clock time: 1-00:11:45
Memory Utilized: 1.41 GB
Memory Efficiency: 18.01% of 7.81 GB

==============================================================================
Running epilogue script on gold52.

Submit time  : 2024-08-06T12:17:09
Start time   : 2024-08-07T11:37:31
End time     : 2024-08-08T11:43:06
Elapsed time : 1-00:05:35 (Timelimit=2-01:55:00)

Job ID: 6409782
Array Job ID: 6396357_4
Cluster: i5
User/Group: sy6u19/mm
State: COMPLETED (exit code 0)
Cores: 1
CPU Utilized: 1-00:01:03
CPU Efficiency: 99.69% of 1-00:05:35 core-walltime
Job Wall-clock time: 1-00:05:35
Memory Utilized: 1.43 GB
Memory Efficiency: 18.31% of 7.81 GB

==============================================================================
Running epilogue script on gold52.

Submit time  : 2024-08-06T12:17:09
Start time   : 2024-08-07T11:38:30
End time     : 2024-08-08T11:49:44
Elapsed time : 1-00:11:14 (Timelimit=2-01:55:00)

Job ID: 6409787
Array Job ID: 6396357_5
Cluster: i5
User/Group: sy6u19/mm
State: COMPLETED (exit code 0)
Cores: 1
CPU Utilized: 1-00:07:04
CPU Efficiency: 99.71% of 1-00:11:14 core-walltime
Job Wall-clock time: 1-00:11:14
Memory Utilized: 860.14 MB
Memory Efficiency: 10.75% of 7.81 GB

