Running SLURM prolog script on gold51.cluster.local
===============================================================================
Job started on Thu Aug  8 11:39:34 BST 2024
Job ID          : 6396361
Job name        : unsgaiii-LZ09_F.slurm
WorkDir         : /mainfs/home/sy6u19/cmlsga-jmetalpy/corrections/smac-slurm
Command         : /mainfs/home/sy6u19/cmlsga-jmetalpy/corrections/smac-slurm/unsgaiii-LZ09_F.slurm
Partition       : serial
Num hosts       : 1
Num cores       : 1
Num of tasks    : 1
Hosts allocated : gold51
Job Output Follows ...
===============================================================================
start
start
start
==============================================================================
Running epilogue script on gold53.

Submit time  : 2024-08-06T12:17:09
Start time   : 2024-08-07T12:27:31
End time     : 2024-08-08T12:33:15
Elapsed time : 1-00:05:44 (Timelimit=2-01:55:00)

Job ID: 6409878
Array Job ID: 6396361_1
Cluster: i5
User/Group: sy6u19/mm
State: COMPLETED (exit code 0)
Cores: 1
CPU Utilized: 1-00:00:20
CPU Efficiency: 99.63% of 1-00:05:44 core-walltime
Job Wall-clock time: 1-00:05:44
Memory Utilized: 1023.41 MB
Memory Efficiency: 12.79% of 7.81 GB

==============================================================================
Running epilogue script on gold54.

Submit time  : 2024-08-06T12:17:09
Start time   : 2024-08-07T12:30:30
End time     : 2024-08-08T12:34:15
Elapsed time : 1-00:03:45 (Timelimit=2-01:55:00)

Job ID: 6409889
Array Job ID: 6396361_2
Cluster: i5
User/Group: sy6u19/mm
State: COMPLETED (exit code 0)
Cores: 1
CPU Utilized: 23:59:21
CPU Efficiency: 99.70% of 1-00:03:45 core-walltime
Job Wall-clock time: 1-00:03:45
Memory Utilized: 1.15 GB
Memory Efficiency: 14.72% of 7.81 GB

==============================================================================
Running epilogue script on gold53.

Submit time  : 2024-08-06T12:17:09
Start time   : 2024-08-07T12:32:30
End time     : 2024-08-08T12:43:49
Elapsed time : 1-00:11:19 (Timelimit=2-01:55:00)

Job ID: 6409892
Array Job ID: 6396361_3
Cluster: i5
User/Group: sy6u19/mm
State: COMPLETED (exit code 0)
Cores: 1
CPU Utilized: 1-00:06:31
CPU Efficiency: 99.67% of 1-00:11:19 core-walltime
Job Wall-clock time: 1-00:11:19
Memory Utilized: 216.41 MB
Memory Efficiency: 2.71% of 7.81 GB

==============================================================================
Running epilogue script on gold51.

Submit time  : 2024-08-06T12:17:09
Start time   : 2024-08-08T11:20:34
End time     : 2024-08-09T11:24:17
Elapsed time : 1-00:03:43 (Timelimit=2-01:55:00)

Job ID: 6416858
Array Job ID: 6396361_4
Cluster: i5
User/Group: sy6u19/mm
State: COMPLETED (exit code 0)
Cores: 1
CPU Utilized: 23:58:51
CPU Efficiency: 99.66% of 1-00:03:43 core-walltime
Job Wall-clock time: 1-00:03:43
Memory Utilized: 1.22 GB
Memory Efficiency: 15.66% of 7.81 GB

==============================================================================
Running epilogue script on gold51.

Submit time  : 2024-08-06T12:17:09
Start time   : 2024-08-08T11:30:08
End time     : 2024-08-09T11:33:42
Elapsed time : 1-00:03:34 (Timelimit=2-01:55:00)

Job ID: 6416866
Array Job ID: 6396361_5
Cluster: i5
User/Group: sy6u19/mm
State: COMPLETED (exit code 0)
Cores: 1
CPU Utilized: 23:58:37
CPU Efficiency: 99.66% of 1-00:03:34 core-walltime
Job Wall-clock time: 1-00:03:34
Memory Utilized: 1.29 GB
Memory Efficiency: 16.46% of 7.81 GB

==============================================================================
Running epilogue script on gold54.

Submit time  : 2024-08-06T12:17:09
Start time   : 2024-08-08T11:33:34
End time     : 2024-08-09T11:39:28
Elapsed time : 1-00:05:54 (Timelimit=2-01:55:00)

Job ID: 6416877
Array Job ID: 6396361_7
Cluster: i5
User/Group: sy6u19/mm
State: COMPLETED (exit code 0)
Cores: 1
CPU Utilized: 1-00:01:18
CPU Efficiency: 99.68% of 1-00:05:54 core-walltime
Job Wall-clock time: 1-00:05:54
Memory Utilized: 1.40 GB
Memory Efficiency: 17.87% of 7.81 GB

==============================================================================
Running epilogue script on gold53.

Submit time  : 2024-08-06T12:17:09
Start time   : 2024-08-08T11:32:34
End time     : 2024-08-09T11:42:40
Elapsed time : 1-00:10:06 (Timelimit=2-01:55:00)

Job ID: 6416874
Array Job ID: 6396361_6
Cluster: i5
User/Group: sy6u19/mm
State: COMPLETED (exit code 0)
Cores: 1
CPU Utilized: 1-00:05:28
CPU Efficiency: 99.68% of 1-00:10:06 core-walltime
Job Wall-clock time: 1-00:10:06
Memory Utilized: 1.06 GB
Memory Efficiency: 13.60% of 7.81 GB

==============================================================================
Running epilogue script on gold51.

Submit time  : 2024-08-06T12:17:09
Start time   : 2024-08-08T11:38:34
End time     : 2024-08-09T11:45:36
Elapsed time : 1-00:07:02 (Timelimit=2-01:55:00)

Job ID: 6416895
Array Job ID: 6396361_8
Cluster: i5
User/Group: sy6u19/mm
State: COMPLETED (exit code 0)
Cores: 1
CPU Utilized: 1-00:02:15
CPU Efficiency: 99.67% of 1-00:07:02 core-walltime
Job Wall-clock time: 1-00:07:02
Memory Utilized: 932.93 MB
Memory Efficiency: 11.66% of 7.81 GB

