Running SLURM prolog script on gold54.cluster.local
===============================================================================
Job started on Wed Jul 10 09:50:44 BST 2024
Job ID          : 6226286
Job name        : cmpso-IMB.slurm
WorkDir         : /mainfs/home/sy6u19/cmlsga-jmetalpy/corrections/smac-slurm
Command         : /mainfs/home/sy6u19/cmlsga-jmetalpy/corrections/smac-slurm/cmpso-IMB.slurm
Partition       : serial
Num hosts       : 1
Num cores       : 1
Num of tasks    : 1
Hosts allocated : gold54
Job Output Follows ...
===============================================================================
start
start
start
start
start
start
start
start
start
start
start
start
start
start
==============================================================================
Running epilogue script on gold54.

Submit time  : 2024-07-10T09:50:09
Start time   : 2024-07-10T09:50:42
End time     : 2024-07-11T09:52:59
Elapsed time : 1-00:02:17 (Timelimit=2-01:55:00)

Job ID: 6226324
Array Job ID: 6226286_12
Cluster: i5
User/Group: sy6u19/mm
State: COMPLETED (exit code 0)
Cores: 1
CPU Utilized: 23:56:37
CPU Efficiency: 99.61% of 1-00:02:17 core-walltime
Job Wall-clock time: 1-00:02:17
Memory Utilized: 1.92 GB
Memory Efficiency: 24.54% of 7.81 GB

==============================================================================
Running epilogue script on gold54.

Submit time  : 2024-07-10T09:50:09
Start time   : 2024-07-10T09:50:42
End time     : 2024-07-11T09:53:05
Elapsed time : 1-00:02:23 (Timelimit=2-01:55:00)

Job ID: 6226325
Array Job ID: 6226286_13
Cluster: i5
User/Group: sy6u19/mm
State: COMPLETED (exit code 0)
Cores: 1
CPU Utilized: 23:56:44
CPU Efficiency: 99.61% of 1-00:02:23 core-walltime
Job Wall-clock time: 1-00:02:23
Memory Utilized: 1.93 GB
Memory Efficiency: 24.68% of 7.81 GB

==============================================================================
Running epilogue script on gold54.

Submit time  : 2024-07-10T09:50:09
Start time   : 2024-07-10T09:50:42
End time     : 2024-07-11T09:53:08
Elapsed time : 1-00:02:26 (Timelimit=2-01:55:00)

Job ID: 6226323
Array Job ID: 6226286_11
Cluster: i5
User/Group: sy6u19/mm
State: COMPLETED (exit code 0)
Cores: 1
CPU Utilized: 23:56:44
CPU Efficiency: 99.60% of 1-00:02:26 core-walltime
Job Wall-clock time: 1-00:02:26
Memory Utilized: 2.00 GB
Memory Efficiency: 25.55% of 7.81 GB

==============================================================================
Running epilogue script on gold54.

Submit time  : 2024-07-10T09:50:09
Start time   : 2024-07-10T09:50:42
End time     : 2024-07-11T10:30:25
Elapsed time : 1-00:39:43 (Timelimit=2-01:55:00)

Job ID: 6226318
Array Job ID: 6226286_6
Cluster: i5
User/Group: sy6u19/mm
State: COMPLETED (exit code 0)
Cores: 1
CPU Utilized: 1-00:35:07
CPU Efficiency: 99.69% of 1-00:39:43 core-walltime
Job Wall-clock time: 1-00:39:43
Memory Utilized: 227.82 MB
Memory Efficiency: 2.85% of 7.81 GB

==============================================================================
Running epilogue script on gold54.

Submit time  : 2024-07-10T09:50:09
Start time   : 2024-07-10T09:50:42
End time     : 2024-07-11T10:39:05
Elapsed time : 1-00:48:23 (Timelimit=2-01:55:00)

Job ID: 6226320
Array Job ID: 6226286_8
Cluster: i5
User/Group: sy6u19/mm
State: COMPLETED (exit code 0)
Cores: 1
CPU Utilized: 1-00:44:05
CPU Efficiency: 99.71% of 1-00:48:23 core-walltime
Job Wall-clock time: 1-00:48:23
Memory Utilized: 897.13 MB
Memory Efficiency: 11.21% of 7.81 GB

==============================================================================
Running epilogue script on gold54.

Submit time  : 2024-07-10T09:50:09
Start time   : 2024-07-10T09:50:42
End time     : 2024-07-11T14:54:43
Elapsed time : 1-05:04:01 (Timelimit=2-01:55:00)

Job ID: 6226316
Array Job ID: 6226286_4
Cluster: i5
User/Group: sy6u19/mm
State: COMPLETED (exit code 0)
Cores: 1
CPU Utilized: 1-04:58:47
CPU Efficiency: 99.70% of 1-05:04:01 core-walltime
Job Wall-clock time: 1-05:04:01
Memory Utilized: 210.08 MB
Memory Efficiency: 2.63% of 7.81 GB

==============================================================================
Running epilogue script on gold54.

Submit time  : 2024-07-10T09:50:09
Start time   : 2024-07-10T09:50:42
End time     : 2024-07-11T15:23:08
Elapsed time : 1-05:32:26 (Timelimit=2-01:55:00)

Job ID: 6226322
Array Job ID: 6226286_10
Cluster: i5
User/Group: sy6u19/mm
State: COMPLETED (exit code 0)
Cores: 1
CPU Utilized: 1-05:27:24
CPU Efficiency: 99.72% of 1-05:32:26 core-walltime
Job Wall-clock time: 1-05:32:26
Memory Utilized: 213.02 MB
Memory Efficiency: 2.66% of 7.81 GB

==============================================================================
Running epilogue script on gold54.

Submit time  : 2024-07-10T09:50:09
Start time   : 2024-07-10T09:50:42
End time     : 2024-07-11T17:04:30
Elapsed time : 1-07:13:48 (Timelimit=2-01:55:00)

Job ID: 6226315
Array Job ID: 6226286_3
Cluster: i5
User/Group: sy6u19/mm
State: COMPLETED (exit code 0)
Cores: 1
CPU Utilized: 1-07:07:16
CPU Efficiency: 99.65% of 1-07:13:48 core-walltime
Job Wall-clock time: 1-07:13:48
Memory Utilized: 1.46 GB
Memory Efficiency: 18.69% of 7.81 GB

==============================================================================
Running epilogue script on gold54.

Submit time  : 2024-07-10T09:50:09
Start time   : 2024-07-10T09:50:42
End time     : 2024-07-11T17:40:22
Elapsed time : 1-07:49:40 (Timelimit=2-01:55:00)

Job ID: 6226319
Array Job ID: 6226286_7
Cluster: i5
User/Group: sy6u19/mm
State: COMPLETED (exit code 0)
Cores: 1
CPU Utilized: 1-07:44:11
CPU Efficiency: 99.71% of 1-07:49:40 core-walltime
Job Wall-clock time: 1-07:49:40
Memory Utilized: 1.00 GB
Memory Efficiency: 12.82% of 7.81 GB

==============================================================================
Running epilogue script on gold54.

Submit time  : 2024-07-10T09:50:09
Start time   : 2024-07-10T09:50:42
End time     : 2024-07-11T18:20:59
Elapsed time : 1-08:30:17 (Timelimit=2-01:55:00)

Job ID: 6226321
Array Job ID: 6226286_9
Cluster: i5
User/Group: sy6u19/mm
State: COMPLETED (exit code 0)
Cores: 1
CPU Utilized: 1-08:24:48
CPU Efficiency: 99.72% of 1-08:30:17 core-walltime
Job Wall-clock time: 1-08:30:17
Memory Utilized: 1.37 GB
Memory Efficiency: 17.54% of 7.81 GB

==============================================================================
Running epilogue script on gold54.

==============================================================================
Running epilogue script on gold54.

==============================================================================
Running epilogue script on gold54.

Submit time  : 2024-07-10T09:50:09
Submit time  : 2024-07-10T09:50:09
Submit time  : 2024-07-10T09:50:09
Start time   : 2024-07-10T09:50:42
Start time   : 2024-07-10T09:50:42
Start time   : 2024-07-10T09:50:42
End time     : 2024-07-12T11:46:10
End time     : 2024-07-12T11:46:10
End time     : 2024-07-12T11:46:10
Elapsed time : 2-01:55:28 Elapsed time : 2-01:55:28 Elapsed time : 2-01:55:28 (Timelimit=2-01:55:00)

(Timelimit=2-01:55:00)

(Timelimit=2-01:55:00)

Job ID: 6226314
Array Job ID: 6226286_2
Cluster: i5
User/Group: sy6u19/mm
State: TIMEOUT (exit code 0)
Cores: 1
CPU Utilized: 00:00:00
CPU Efficiency: 0.00% of 2-01:55:28 core-walltime
Job Wall-clock time: 2-01:55:28
Memory Utilized: 1.04 GB
Memory Efficiency: 13.28% of 7.81 GB

Job ID: 6226313
Array Job ID: 6226286_1
Cluster: i5
User/Group: sy6u19/mm
State: TIMEOUT (exit code 0)
Cores: 1
CPU Utilized: 00:00:00
CPU Efficiency: 0.00% of 2-01:55:28 core-walltime
Job Wall-clock time: 2-01:55:28
Memory Utilized: 1.65 GB
Memory Efficiency: 21.17% of 7.81 GB

Job ID: 6226317
Array Job ID: 6226286_5
Cluster: i5
User/Group: sy6u19/mm
State: TIMEOUT (exit code 0)
Cores: 1
CPU Utilized: 00:00:00
CPU Efficiency: 0.00% of 2-01:55:28 core-walltime
Job Wall-clock time: 2-01:55:28
Memory Utilized: 925.11 MB
Memory Efficiency: 11.56% of 7.81 GB

