Running SLURM prolog script on gold51.cluster.local
===============================================================================
Job started on Wed Aug  7 11:28:31 BST 2024
Job ID          : 6396356
Job name        : unsgaiii-DASCMOP-5.slurm
WorkDir         : /mainfs/home/sy6u19/cmlsga-jmetalpy/corrections/smac-slurm
Command         : /mainfs/home/sy6u19/cmlsga-jmetalpy/corrections/smac-slurm/unsgaiii-DASCMOP-5.slurm
Partition       : serial
Num hosts       : 1
Num cores       : 1
Num of tasks    : 1
Hosts allocated : gold51
Job Output Follows ...
===============================================================================
start
start
start
==============================================================================
Running epilogue script on gold51.

Submit time  : 2024-08-06T12:17:09
Start time   : 2024-08-06T12:17:28
End time     : 2024-08-07T12:26:42
Elapsed time : 1-00:09:14 (Timelimit=2-01:55:00)

Job ID: 6396367
Array Job ID: 6396356_1
Cluster: i5
User/Group: sy6u19/mm
State: COMPLETED (exit code 0)
Cores: 1
CPU Utilized: 1-00:04:12
CPU Efficiency: 99.65% of 1-00:09:14 core-walltime
Job Wall-clock time: 1-00:09:14
Memory Utilized: 1.28 GB
Memory Efficiency: 16.43% of 7.81 GB

==============================================================================
Running epilogue script on gold54.

Submit time  : 2024-08-06T12:17:09
Start time   : 2024-08-06T12:17:28
End time     : 2024-08-07T12:27:16
Elapsed time : 1-00:09:48 (Timelimit=2-01:55:00)

Job ID: 6396368
Array Job ID: 6396356_2
Cluster: i5
User/Group: sy6u19/mm
State: COMPLETED (exit code 0)
Cores: 1
CPU Utilized: 1-00:05:46
CPU Efficiency: 99.72% of 1-00:09:48 core-walltime
Job Wall-clock time: 1-00:09:48
Memory Utilized: 1008.45 MB
Memory Efficiency: 12.61% of 7.81 GB

==============================================================================
Running epilogue script on gold51.

Submit time  : 2024-08-06T12:17:09
Start time   : 2024-08-07T11:18:31
End time     : 2024-08-08T11:20:11
Elapsed time : 1-00:01:40 (Timelimit=2-01:55:00)

Job ID: 6409752
Array Job ID: 6396356_3
Cluster: i5
User/Group: sy6u19/mm
State: COMPLETED (exit code 0)
Cores: 1
CPU Utilized: 23:56:59
CPU Efficiency: 99.68% of 1-00:01:40 core-walltime
Job Wall-clock time: 1-00:01:40
Memory Utilized: 634.27 MB
Memory Efficiency: 7.93% of 7.81 GB

==============================================================================
Running epilogue script on gold51.

Submit time  : 2024-08-06T12:17:09
Start time   : 2024-08-07T11:27:23
End time     : 2024-08-08T11:32:29
Elapsed time : 1-00:05:06 (Timelimit=2-01:55:00)

Job ID: 6409765
Array Job ID: 6396356_5
Cluster: i5
User/Group: sy6u19/mm
State: COMPLETED (exit code 0)
Cores: 1
CPU Utilized: 1-00:00:07
CPU Efficiency: 99.66% of 1-00:05:06 core-walltime
Job Wall-clock time: 1-00:05:06
Memory Utilized: 802.12 MB
Memory Efficiency: 10.03% of 7.81 GB

==============================================================================
Running epilogue script on gold51.

Submit time  : 2024-08-06T12:17:09
Start time   : 2024-08-07T11:24:30
End time     : 2024-08-08T11:33:34
Elapsed time : 1-00:09:04 (Timelimit=2-01:55:00)

Job ID: 6409759
Array Job ID: 6396356_4
Cluster: i5
User/Group: sy6u19/mm
State: COMPLETED (exit code 0)
Cores: 1
CPU Utilized: 1-00:04:29
CPU Efficiency: 99.68% of 1-00:09:04 core-walltime
Job Wall-clock time: 1-00:09:04
Memory Utilized: 253.70 MB
Memory Efficiency: 3.17% of 7.81 GB

