Running SLURM prolog script on gold51.cluster.local
===============================================================================
Job started on Fri Jul 12 09:56:48 BST 2024
Job ID          : 6241517
Job name        : cmpso-ZDT.slurm
WorkDir         : /mainfs/home/sy6u19/cmlsga-jmetalpy/corrections/smac-slurm
Command         : /mainfs/home/sy6u19/cmlsga-jmetalpy/corrections/smac-slurm/cmpso-ZDT.slurm
Partition       : serial
Num hosts       : 1
Num cores       : 1
Num of tasks    : 1
Hosts allocated : gold51
Job Output Follows ...
===============================================================================
Running SLURM prolog script on gold52.cluster.local
===============================================================================
Job started on Fri Jul 12 09:56:48 BST 2024
Job ID          : 6226291
Job name        : cmpso-ZDT.slurm
WorkDir         : /mainfs/home/sy6u19/cmlsga-jmetalpy/corrections/smac-slurm
Command         : /mainfs/home/sy6u19/cmlsga-jmetalpy/corrections/smac-slurm/cmpso-ZDT.slurm
Partition       : serial
Num hosts       : 1
Num cores       : 1
Num of tasks    : 1
Hosts allocated : gold52
Job Output Follows ...
===============================================================================
start
start
start
start
==============================================================================
Running epilogue script on gold51.

Submit time  : 2024-07-10T09:50:09
Start time   : 2024-07-12T00:20:47
End time     : 2024-07-13T01:28:30
Elapsed time : 1-01:07:43 (Timelimit=2-01:55:00)

Job ID: 6240032
Array Job ID: 6226291_1
Cluster: i5
User/Group: sy6u19/mm
State: COMPLETED (exit code 0)
Cores: 1
CPU Utilized: 1-01:03:25
CPU Efficiency: 99.71% of 1-01:07:43 core-walltime
Job Wall-clock time: 1-01:07:43
Memory Utilized: 201.33 MB
Memory Efficiency: 2.52% of 7.81 GB

==============================================================================
Running epilogue script on gold52.

Submit time  : 2024-07-10T09:50:09
Start time   : 2024-07-12T09:55:48
End time     : 2024-07-13T10:43:56
Elapsed time : 1-00:48:08 (Timelimit=2-01:55:00)

Job ID: 6241514
Array Job ID: 6226291_3
Cluster: i5
User/Group: sy6u19/mm
State: COMPLETED (exit code 0)
Cores: 1
CPU Utilized: 1-00:43:31
CPU Efficiency: 99.69% of 1-00:48:08 core-walltime
Job Wall-clock time: 1-00:48:08
Memory Utilized: 204.25 MB
Memory Efficiency: 2.55% of 7.81 GB

==============================================================================
Running epilogue script on gold52.

Submit time  : 2024-07-10T09:50:09
Start time   : 2024-07-12T09:55:48
End time     : 2024-07-14T11:51:07
Elapsed time : 2-01:55:19 (Timelimit=2-01:55:00)

Job ID: 6241513
Array Job ID: 6226291_2
Cluster: i5
User/Group: sy6u19/mm
State: TIMEOUT (exit code 0)
Cores: 1
CPU Utilized: 00:00:00
CPU Efficiency: 0.00% of 2-01:55:19 core-walltime
Job Wall-clock time: 2-01:55:19
Memory Utilized: 203.37 MB
Memory Efficiency: 2.54% of 7.81 GB

==============================================================================
Running epilogue script on gold51.

Submit time  : 2024-07-10T09:50:09
Start time   : 2024-07-12T09:56:48
End time     : 2024-07-14T11:52:07
Elapsed time : 2-01:55:19 (Timelimit=2-01:55:00)

Job ID: 6241517
Array Job ID: 6226291_4
Cluster: i5
User/Group: sy6u19/mm
State: TIMEOUT (exit code 0)
Cores: 1
CPU Utilized: 00:00:00
CPU Efficiency: 0.00% of 2-01:55:19 core-walltime
Job Wall-clock time: 2-01:55:19
Memory Utilized: 191.45 MB
Memory Efficiency: 2.39% of 7.81 GB

