Running SLURM prolog script on gold51.cluster.local
===============================================================================
Job started on Thu Jul 11 18:21:46 BST 2024
Job ID          : 6226290
Job name        : cmpso-WFG.slurm
WorkDir         : /mainfs/home/sy6u19/cmlsga-jmetalpy/corrections/smac-slurm
Command         : /mainfs/home/sy6u19/cmlsga-jmetalpy/corrections/smac-slurm/cmpso-WFG.slurm
Partition       : serial
Num hosts       : 1
Num cores       : 1
Num of tasks    : 1
Hosts allocated : gold51
Job Output Follows ...
===============================================================================
start
start
start
start
==============================================================================
Running epilogue script on gold51.

Submit time  : 2024-07-10T09:50:09
Start time   : 2024-07-11T10:39:42
End time     : 2024-07-12T10:46:36
Elapsed time : 1-00:06:54 (Timelimit=2-01:55:00)

Job ID: 6236182
Array Job ID: 6226290_2
Cluster: i5
User/Group: sy6u19/mm
State: COMPLETED (exit code 0)
Cores: 1
CPU Utilized: 1-00:02:30
CPU Efficiency: 99.70% of 1-00:06:54 core-walltime
Job Wall-clock time: 1-00:06:54
Memory Utilized: 185.21 MB
Memory Efficiency: 2.32% of 7.81 GB

==============================================================================
Running epilogue script on gold52.

Submit time  : 2024-07-10T09:50:09
Start time   : 2024-07-11T17:04:46
End time     : 2024-07-12T18:34:01
Elapsed time : 1-01:29:15 (Timelimit=2-01:55:00)

Job ID: 6237554
Array Job ID: 6226290_7
Cluster: i5
User/Group: sy6u19/mm
State: COMPLETED (exit code 0)
Cores: 1
CPU Utilized: 1-01:22:49
CPU Efficiency: 99.58% of 1-01:29:15 core-walltime
Job Wall-clock time: 1-01:29:15
Memory Utilized: 211.86 MB
Memory Efficiency: 2.65% of 7.81 GB

==============================================================================
Running epilogue script on gold52.

Submit time  : 2024-07-10T09:50:09
Start time   : 2024-07-11T17:40:46
End time     : 2024-07-12T18:49:04
Elapsed time : 1-01:08:18 (Timelimit=2-01:55:00)

Job ID: 6238239
Array Job ID: 6226290_8
Cluster: i5
User/Group: sy6u19/mm
State: COMPLETED (exit code 0)
Cores: 1
CPU Utilized: 1-01:02:44
CPU Efficiency: 99.63% of 1-01:08:18 core-walltime
Job Wall-clock time: 1-01:08:18
Memory Utilized: 1.55 GB
Memory Efficiency: 19.78% of 7.81 GB

==============================================================================
Running epilogue script on gold54.

Submit time  : 2024-07-10T09:50:09
Start time   : 2024-07-11T15:26:45
End time     : 2024-07-12T23:06:28
Elapsed time : 1-07:39:43 (Timelimit=2-01:55:00)

Job ID: 6236842
Array Job ID: 6226290_6
Cluster: i5
User/Group: sy6u19/mm
State: COMPLETED (exit code 0)
Cores: 1
CPU Utilized: 1-07:34:49
CPU Efficiency: 99.74% of 1-07:39:43 core-walltime
Job Wall-clock time: 1-07:39:43
Memory Utilized: 228.33 MB
Memory Efficiency: 2.85% of 7.81 GB

==============================================================================
Running epilogue script on gold53.

Submit time  : 2024-07-10T09:50:09
Start time   : 2024-07-11T10:37:43
End time     : 2024-07-13T01:45:03
Elapsed time : 1-15:07:20 (Timelimit=2-01:55:00)

Job ID: 6236179
Array Job ID: 6226290_1
Cluster: i5
User/Group: sy6u19/mm
State: COMPLETED (exit code 0)
Cores: 1
CPU Utilized: 1-15:00:21
CPU Efficiency: 99.70% of 1-15:07:20 core-walltime
Job Wall-clock time: 1-15:07:20
Memory Utilized: 233.30 MB
Memory Efficiency: 2.92% of 7.81 GB

==============================================================================
Running epilogue script on gold51.

Submit time  : 2024-07-10T09:50:09
Start time   : 2024-07-11T11:38:45
End time     : 2024-07-13T13:34:08
Elapsed time : 2-01:55:23 (Timelimit=2-01:55:00)

Job ID: 6236386
Array Job ID: 6226290_3
Cluster: i5
User/Group: sy6u19/mm
State: TIMEOUT (exit code 0)
Cores: 1
CPU Utilized: 00:00:00
CPU Efficiency: 0.00% of 2-01:55:23 core-walltime
Job Wall-clock time: 2-01:55:23
Memory Utilized: 814.18 MB
Memory Efficiency: 10.18% of 7.81 GB

==============================================================================
Running epilogue script on gold51.

Submit time  : 2024-07-10T09:50:09
Start time   : 2024-07-11T14:54:45
End time     : 2024-07-13T16:50:07
Elapsed time : 2-01:55:22 (Timelimit=2-01:55:00)

Job ID: 6236725
Array Job ID: 6226290_4
Cluster: i5
User/Group: sy6u19/mm
State: TIMEOUT (exit code 0)
Cores: 1
CPU Utilized: 00:00:00
CPU Efficiency: 0.00% of 2-01:55:22 core-walltime
Job Wall-clock time: 2-01:55:22
Memory Utilized: 242.05 MB
Memory Efficiency: 3.03% of 7.81 GB

==============================================================================
Running epilogue script on gold54.

Submit time  : 2024-07-10T09:50:09
Start time   : 2024-07-11T15:23:45
End time     : 2024-07-13T17:19:07
Elapsed time : 2-01:55:22 (Timelimit=2-01:55:00)

Job ID: 6236838
Array Job ID: 6226290_5
Cluster: i5
User/Group: sy6u19/mm
State: TIMEOUT (exit code 0)
Cores: 1
CPU Utilized: 00:00:00
CPU Efficiency: 0.00% of 2-01:55:22 core-walltime
Job Wall-clock time: 2-01:55:22
Memory Utilized: 264.48 MB
Memory Efficiency: 3.31% of 7.81 GB

==============================================================================
Running epilogue script on gold51.

Submit time  : 2024-07-10T09:50:09
Start time   : 2024-07-11T18:21:46
End time     : 2024-07-13T20:17:08
Elapsed time : 2-01:55:22 (Timelimit=2-01:55:00)

Job ID: 6226290
Array Job ID: 6226290_9
Cluster: i5
User/Group: sy6u19/mm
State: TIMEOUT (exit code 0)
Cores: 1
CPU Utilized: 00:00:00
CPU Efficiency: 0.00% of 2-01:55:22 core-walltime
Job Wall-clock time: 2-01:55:22
Memory Utilized: 227.95 MB
Memory Efficiency: 2.85% of 7.81 GB

