Running SLURM prolog script on gold54.cluster.local
===============================================================================
Job started on Tue Aug  6 12:01:28 BST 2024
Job ID          : 6364384
Job name        : ibea-ZDT.slurm
WorkDir         : /mainfs/home/sy6u19/cmlsga-jmetalpy/corrections/smac-slurm
Command         : /mainfs/home/sy6u19/cmlsga-jmetalpy/corrections/smac-slurm/ibea-ZDT.slurm
Partition       : serial
Num hosts       : 1
Num cores       : 1
Num of tasks    : 1
Hosts allocated : gold54
Job Output Follows ...
===============================================================================
start
start
start
start
==============================================================================
Running epilogue script on gold55.

Submit time  : 2024-08-05T11:12:55
Start time   : 2024-08-06T11:56:24
End time     : 2024-08-07T12:03:30
Elapsed time : 1-00:07:06 (Timelimit=2-01:55:00)

Job ID: 6396275
Array Job ID: 6364384_2
Cluster: i5
User/Group: sy6u19/mm
State: COMPLETED (exit code 0)
Cores: 1
CPU Utilized: 1-00:02:41
CPU Efficiency: 99.69% of 1-00:07:06 core-walltime
Job Wall-clock time: 1-00:07:06
Memory Utilized: 1.18 GB
Memory Efficiency: 15.08% of 7.81 GB

==============================================================================
Running epilogue script on gold55.

Submit time  : 2024-08-05T11:12:55
Start time   : 2024-08-06T11:56:24
End time     : 2024-08-07T12:21:25
Elapsed time : 1-00:25:01 (Timelimit=2-01:55:00)

Job ID: 6396276
Array Job ID: 6364384_3
Cluster: i5
User/Group: sy6u19/mm
State: COMPLETED (exit code 0)
Cores: 1
CPU Utilized: 1-00:20:33
CPU Efficiency: 99.70% of 1-00:25:01 core-walltime
Job Wall-clock time: 1-00:25:01
Memory Utilized: 184.76 MB
Memory Efficiency: 2.31% of 7.81 GB

==============================================================================
Running epilogue script on gold55.

Submit time  : 2024-08-05T11:12:55
Start time   : 2024-08-06T11:50:23
End time     : 2024-08-07T12:23:07
Elapsed time : 1-00:32:44 (Timelimit=2-01:55:00)

Job ID: 6396261
Array Job ID: 6364384_1
Cluster: i5
User/Group: sy6u19/mm
State: COMPLETED (exit code 0)
Cores: 1
CPU Utilized: 1-00:28:48
CPU Efficiency: 99.73% of 1-00:32:44 core-walltime
Job Wall-clock time: 1-00:32:44
Memory Utilized: 185.43 MB
Memory Efficiency: 2.32% of 7.81 GB

==============================================================================
Running epilogue script on gold51.

Submit time  : 2024-08-05T11:12:55
Start time   : 2024-08-06T11:58:24
End time     : 2024-08-07T12:32:25
Elapsed time : 1-00:34:01 (Timelimit=2-01:55:00)

Job ID: 6396283
Array Job ID: 6364384_4
Cluster: i5
User/Group: sy6u19/mm
State: COMPLETED (exit code 0)
Cores: 1
CPU Utilized: 1-00:29:36
CPU Efficiency: 99.70% of 1-00:34:01 core-walltime
Job Wall-clock time: 1-00:34:01
Memory Utilized: 356.32 MB
Memory Efficiency: 4.45% of 7.81 GB

