Running SLURM prolog script on gold55.cluster.local
===============================================================================
Job started on Fri Jul 26 13:30:51 BST 2024
Job ID          : 6307622
Job name        : smpso-WFG.slurm
WorkDir         : /mainfs/home/sy6u19/cmlsga-jmetalpy/corrections/smac-slurm
Command         : /mainfs/home/sy6u19/cmlsga-jmetalpy/corrections/smac-slurm/smpso-WFG.slurm
Partition       : serial
Num hosts       : 1
Num cores       : 1
Num of tasks    : 1
Hosts allocated : gold55
Job Output Follows ...
===============================================================================
start
==============================================================================
Running epilogue script on gold53.

Submit time  : 2024-07-25T12:10:00
Start time   : 2024-07-26T12:44:49
End time     : 2024-07-27T12:45:36
Elapsed time : 1-00:00:47 (Timelimit=2-01:55:00)

Job ID: 6318927
Array Job ID: 6307622_2
Cluster: i5
User/Group: sy6u19/mm
State: COMPLETED (exit code 0)
Cores: 1
CPU Utilized: 23:56:49
CPU Efficiency: 99.72% of 1-00:00:47 core-walltime
Job Wall-clock time: 1-00:00:47
Memory Utilized: 1.50 GB
Memory Efficiency: 19.15% of 7.81 GB

==============================================================================
Running epilogue script on gold54.

Submit time  : 2024-07-25T12:10:00
Start time   : 2024-07-26T12:42:49
End time     : 2024-07-27T12:57:38
Elapsed time : 1-00:14:49 (Timelimit=2-01:55:00)

Job ID: 6318921
Array Job ID: 6307622_1
Cluster: i5
User/Group: sy6u19/mm
State: COMPLETED (exit code 0)
Cores: 1
CPU Utilized: 1-00:09:45
CPU Efficiency: 99.65% of 1-00:14:49 core-walltime
Job Wall-clock time: 1-00:14:49
Memory Utilized: 2.44 GB
Memory Efficiency: 31.27% of 7.81 GB

==============================================================================
Running epilogue script on gold55.

Submit time  : 2024-07-25T12:10:00
Start time   : 2024-07-26T13:15:47
End time     : 2024-07-27T13:19:12
Elapsed time : 1-00:03:25 (Timelimit=2-01:55:00)

Job ID: 6319016
Array Job ID: 6307622_4
Cluster: i5
User/Group: sy6u19/mm
State: COMPLETED (exit code 0)
Cores: 1
CPU Utilized: 23:57:58
CPU Efficiency: 99.62% of 1-00:03:25 core-walltime
Job Wall-clock time: 1-00:03:25
Memory Utilized: 2.51 GB
Memory Efficiency: 32.19% of 7.81 GB

==============================================================================
Running epilogue script on gold54.

Submit time  : 2024-07-25T12:10:00
Start time   : 2024-07-26T13:17:50
End time     : 2024-07-27T13:29:01
Elapsed time : 1-00:11:11 (Timelimit=2-01:55:00)

Job ID: 6319017
Array Job ID: 6307622_5
Cluster: i5
User/Group: sy6u19/mm
State: COMPLETED (exit code 0)
Cores: 1
CPU Utilized: 1-00:07:29
CPU Efficiency: 99.75% of 1-00:11:11 core-walltime
Job Wall-clock time: 1-00:11:11
Memory Utilized: 273.52 MB
Memory Efficiency: 3.42% of 7.81 GB

==============================================================================
Running epilogue script on gold55.

Submit time  : 2024-07-25T12:10:00
Start time   : 2024-07-26T13:24:50
End time     : 2024-07-27T13:30:07
Elapsed time : 1-00:05:17 (Timelimit=2-01:55:00)

Job ID: 6319028
Array Job ID: 6307622_8
Cluster: i5
User/Group: sy6u19/mm
State: COMPLETED (exit code 0)
Cores: 1
CPU Utilized: 1-00:00:19
CPU Efficiency: 99.66% of 1-00:05:17 core-walltime
Job Wall-clock time: 1-00:05:17
Memory Utilized: 1.92 GB
Memory Efficiency: 24.58% of 7.81 GB

==============================================================================
Running epilogue script on gold55.

Submit time  : 2024-07-25T12:10:00
Start time   : 2024-07-26T12:57:44
End time     : 2024-07-27T13:33:25
Elapsed time : 1-00:35:41 (Timelimit=2-01:55:00)

Job ID: 6318957
Array Job ID: 6307622_3
Cluster: i5
User/Group: sy6u19/mm
State: COMPLETED (exit code 0)
Cores: 1
CPU Utilized: 1-00:31:24
CPU Efficiency: 99.71% of 1-00:35:41 core-walltime
Job Wall-clock time: 1-00:35:41
Memory Utilized: 1.50 GB
Memory Efficiency: 19.21% of 7.81 GB

==============================================================================
Running epilogue script on gold55.

Submit time  : 2024-07-25T12:10:00
Start time   : 2024-07-26T13:18:51
End time     : 2024-07-27T13:40:49
Elapsed time : 1-00:21:58 (Timelimit=2-01:55:00)

Job ID: 6319019
Array Job ID: 6307622_6
Cluster: i5
User/Group: sy6u19/mm
State: COMPLETED (exit code 0)
Cores: 1
CPU Utilized: 1-00:17:46
CPU Efficiency: 99.71% of 1-00:21:58 core-walltime
Job Wall-clock time: 1-00:21:58
Memory Utilized: 1.43 GB
Memory Efficiency: 18.35% of 7.81 GB

==============================================================================
Running epilogue script on gold55.

Submit time  : 2024-07-25T12:10:00
Start time   : 2024-07-26T13:18:51
End time     : 2024-07-27T13:58:49
Elapsed time : 1-00:39:58 (Timelimit=2-01:55:00)

Job ID: 6319020
Array Job ID: 6307622_7
Cluster: i5
User/Group: sy6u19/mm
State: COMPLETED (exit code 0)
Cores: 1
CPU Utilized: 1-00:35:49
CPU Efficiency: 99.72% of 1-00:39:58 core-walltime
Job Wall-clock time: 1-00:39:58
Memory Utilized: 1.93 GB
Memory Efficiency: 24.70% of 7.81 GB

