Running SLURM prolog script on gold53.cluster.local
===============================================================================
Job started on Wed Jul 10 09:50:42 BST 2024
Job ID          : 6226300
Job name        : cmpso-DASCMOP-6.slurm
WorkDir         : /mainfs/home/sy6u19/cmlsga-jmetalpy/corrections/smac-slurm
Command         : /mainfs/home/sy6u19/cmlsga-jmetalpy/corrections/smac-slurm/cmpso-DASCMOP-6.slurm
Partition       : serial
Num hosts       : 1
Num cores       : 1
Num of tasks    : 1
Hosts allocated : gold53
Job Output Follows ...
===============================================================================
Running SLURM prolog script on gold53.cluster.local
===============================================================================
Job started on Wed Jul 10 09:50:42 BST 2024
Job ID          : 6226301
Job name        : cmpso-DASCMOP-6.slurm
WorkDir         : /mainfs/home/sy6u19/cmlsga-jmetalpy/corrections/smac-slurm
Command         : /mainfs/home/sy6u19/cmlsga-jmetalpy/corrections/smac-slurm/cmpso-DASCMOP-6.slurm
Partition       : serial
Num hosts       : 1
Num cores       : 1
Num of tasks    : 1
Hosts allocated : gold53
Job Output Follows ...
===============================================================================
Running SLURM prolog script on gold53.cluster.local
===============================================================================
Job started on Wed Jul 10 09:50:42 BST 2024
Job ID          : 6226283
Job name        : cmpso-DASCMOP-6.slurm
WorkDir         : /mainfs/home/sy6u19/cmlsga-jmetalpy/corrections/smac-slurm
Command         : /mainfs/home/sy6u19/cmlsga-jmetalpy/corrections/smac-slurm/cmpso-DASCMOP-6.slurm
Partition       : serial
Num hosts       : 1
Num cores       : 1
Num of tasks    : 1
Hosts allocated : gold53
Job Output Follows ...
===============================================================================
Running SLURM prolog script on gold53.cluster.local
===============================================================================
Job started on Wed Jul 10 09:50:42 BST 2024
Job ID          : 6226299
Job name        : cmpso-DASCMOP-6.slurm
WorkDir         : /mainfs/home/sy6u19/cmlsga-jmetalpy/corrections/smac-slurm
Command         : /mainfs/home/sy6u19/cmlsga-jmetalpy/corrections/smac-slurm/cmpso-DASCMOP-6.slurm
Partition       : serial
Num hosts       : 1
Num cores       : 1
Num of tasks    : 1
Hosts allocated : gold53
Job Output Follows ...
===============================================================================
Running SLURM prolog script on gold53.cluster.local
===============================================================================
Job started on Wed Jul 10 09:50:42 BST 2024
Job ID          : 6226298
Job name        : cmpso-DASCMOP-6.slurm
WorkDir         : /mainfs/home/sy6u19/cmlsga-jmetalpy/corrections/smac-slurm
Command         : /mainfs/home/sy6u19/cmlsga-jmetalpy/corrections/smac-slurm/cmpso-DASCMOP-6.slurm
Partition       : serial
Num hosts       : 1
Num cores       : 1
Num of tasks    : 1
Hosts allocated : gold53
Job Output Follows ...
===============================================================================
Running SLURM prolog script on gold52.cluster.local
===============================================================================
Job started on Wed Jul 10 09:50:42 BST 2024
Job ID          : 6226297
Job name        : cmpso-DASCMOP-6.slurm
WorkDir         : /mainfs/home/sy6u19/cmlsga-jmetalpy/corrections/smac-slurm
Command         : /mainfs/home/sy6u19/cmlsga-jmetalpy/corrections/smac-slurm/cmpso-DASCMOP-6.slurm
Partition       : serial
Num hosts       : 1
Num cores       : 1
Num of tasks    : 1
Hosts allocated : gold52
Job Output Follows ...
===============================================================================
start
start
start
start
start
start
==============================================================================
Running epilogue script on gold53.

Submit time  : 2024-07-10T09:50:09
Start time   : 2024-07-10T09:50:42
End time     : 2024-07-11T09:52:21
Elapsed time : 1-00:01:39 (Timelimit=2-01:55:00)

Job ID: 6226300
Array Job ID: 6226283_4
Cluster: i5
User/Group: sy6u19/mm
State: COMPLETED (exit code 0)
Cores: 1
CPU Utilized: 23:56:29
CPU Efficiency: 99.64% of 1-00:01:39 core-walltime
Job Wall-clock time: 1-00:01:39
Memory Utilized: 1.84 GB
Memory Efficiency: 23.58% of 7.81 GB

==============================================================================
Running epilogue script on gold53.

Submit time  : 2024-07-10T09:50:09
Start time   : 2024-07-10T09:50:42
End time     : 2024-07-11T09:52:34
Elapsed time : 1-00:01:52 (Timelimit=2-01:55:00)

Job ID: 6226301
Array Job ID: 6226283_5
Cluster: i5
User/Group: sy6u19/mm
State: COMPLETED (exit code 0)
Cores: 1
CPU Utilized: 23:56:45
CPU Efficiency: 99.65% of 1-00:01:52 core-walltime
Job Wall-clock time: 1-00:01:52
Memory Utilized: 1.74 GB
Memory Efficiency: 22.32% of 7.81 GB

==============================================================================
Running epilogue script on gold53.

Submit time  : 2024-07-10T09:50:09
Start time   : 2024-07-10T09:50:42
End time     : 2024-07-11T09:54:30
Elapsed time : 1-00:03:48 (Timelimit=2-01:55:00)

Job ID: 6226298
Array Job ID: 6226283_2
Cluster: i5
User/Group: sy6u19/mm
State: COMPLETED (exit code 0)
Cores: 1
CPU Utilized: 23:58:17
CPU Efficiency: 99.62% of 1-00:03:48 core-walltime
Job Wall-clock time: 1-00:03:48
Memory Utilized: 1.99 GB
Memory Efficiency: 25.41% of 7.81 GB

==============================================================================
Running epilogue script on gold53.

Submit time  : 2024-07-10T09:50:09
Start time   : 2024-07-10T09:50:42
End time     : 2024-07-11T09:54:38
Elapsed time : 1-00:03:56 (Timelimit=2-01:55:00)

Job ID: 6226299
Array Job ID: 6226283_3
Cluster: i5
User/Group: sy6u19/mm
State: COMPLETED (exit code 0)
Cores: 1
CPU Utilized: 23:58:25
CPU Efficiency: 99.62% of 1-00:03:56 core-walltime
Job Wall-clock time: 1-00:03:56
Memory Utilized: 1.99 GB
Memory Efficiency: 25.49% of 7.81 GB

==============================================================================
Running epilogue script on gold52.

Submit time  : 2024-07-10T09:50:09
Start time   : 2024-07-10T09:50:42
End time     : 2024-07-11T10:01:39
Elapsed time : 1-00:10:57 (Timelimit=2-01:55:00)

Job ID: 6226297
Array Job ID: 6226283_1
Cluster: i5
User/Group: sy6u19/mm
State: COMPLETED (exit code 0)
Cores: 1
CPU Utilized: 1-00:05:21
CPU Efficiency: 99.61% of 1-00:10:57 core-walltime
Job Wall-clock time: 1-00:10:57
Memory Utilized: 1.85 GB
Memory Efficiency: 23.73% of 7.81 GB

==============================================================================
Running epilogue script on gold53.

Submit time  : 2024-07-10T09:50:09
Start time   : 2024-07-10T09:50:42
End time     : 2024-07-11T10:16:04
Elapsed time : 1-00:25:22 (Timelimit=2-01:55:00)

Job ID: 6226283
Array Job ID: 6226283_6
Cluster: i5
User/Group: sy6u19/mm
State: COMPLETED (exit code 0)
Cores: 1
CPU Utilized: 1-00:19:58
CPU Efficiency: 99.63% of 1-00:25:22 core-walltime
Job Wall-clock time: 1-00:25:22
Memory Utilized: 2.04 GB
Memory Efficiency: 26.13% of 7.81 GB

