Running SLURM prolog script on gold53.cluster.local
===============================================================================
Job started on Tue Aug  6 11:34:20 BST 2024
Job ID          : 6364382
Job name        : ibea-UF.slurm
WorkDir         : /mainfs/home/sy6u19/cmlsga-jmetalpy/corrections/smac-slurm
Command         : /mainfs/home/sy6u19/cmlsga-jmetalpy/corrections/smac-slurm/ibea-UF.slurm
Partition       : serial
Num hosts       : 1
Num cores       : 1
Num of tasks    : 1
Hosts allocated : gold53
Job Output Follows ...
===============================================================================
start
start
start
start
start
start
start
start
start
==============================================================================
Running epilogue script on gold53.

Submit time  : 2024-08-05T11:12:55
Start time   : 2024-08-06T11:31:28
End time     : 2024-08-07T11:38:17
Elapsed time : 1-00:06:49 (Timelimit=2-01:55:00)

Job ID: 6396168
Array Job ID: 6364382_3
Cluster: i5
User/Group: sy6u19/mm
State: COMPLETED (exit code 0)
Cores: 1
CPU Utilized: 1-00:02:30
CPU Efficiency: 99.70% of 1-00:06:49 core-walltime
Job Wall-clock time: 1-00:06:49
Memory Utilized: 1.08 GB
Memory Efficiency: 13.78% of 7.81 GB

==============================================================================
Running epilogue script on gold53.

Submit time  : 2024-08-05T11:12:55
Start time   : 2024-08-06T11:33:28
End time     : 2024-08-07T11:41:42
Elapsed time : 1-00:08:14 (Timelimit=2-01:55:00)

Job ID: 6396182
Array Job ID: 6364382_8
Cluster: i5
User/Group: sy6u19/mm
State: COMPLETED (exit code 0)
Cores: 1
CPU Utilized: 1-00:04:22
CPU Efficiency: 99.73% of 1-00:08:14 core-walltime
Job Wall-clock time: 1-00:08:14
Memory Utilized: 212.24 MB
Memory Efficiency: 2.65% of 7.81 GB

==============================================================================
Running epilogue script on gold53.

Submit time  : 2024-08-05T11:12:55
Start time   : 2024-08-06T11:33:28
End time     : 2024-08-07T11:46:30
Elapsed time : 1-00:13:02 (Timelimit=2-01:55:00)

Job ID: 6396181
Array Job ID: 6364382_7
Cluster: i5
User/Group: sy6u19/mm
State: COMPLETED (exit code 0)
Cores: 1
CPU Utilized: 1-00:09:11
CPU Efficiency: 99.74% of 1-00:13:02 core-walltime
Job Wall-clock time: 1-00:13:02
Memory Utilized: 1.18 GB
Memory Efficiency: 15.11% of 7.81 GB

==============================================================================
Running epilogue script on gold53.

Submit time  : 2024-08-05T11:12:55
Start time   : 2024-08-06T11:31:28
End time     : 2024-08-07T11:46:47
Elapsed time : 1-00:15:19 (Timelimit=2-01:55:00)

Job ID: 6396167
Array Job ID: 6364382_2
Cluster: i5
User/Group: sy6u19/mm
State: COMPLETED (exit code 0)
Cores: 1
CPU Utilized: 1-00:10:59
CPU Efficiency: 99.70% of 1-00:15:19 core-walltime
Job Wall-clock time: 1-00:15:19
Memory Utilized: 358.20 MB
Memory Efficiency: 4.48% of 7.81 GB

==============================================================================
Running epilogue script on gold53.

Submit time  : 2024-08-05T11:12:55
Start time   : 2024-08-06T11:31:28
End time     : 2024-08-07T11:49:53
Elapsed time : 1-00:18:25 (Timelimit=2-01:55:00)

Job ID: 6396169
Array Job ID: 6364382_4
Cluster: i5
User/Group: sy6u19/mm
State: COMPLETED (exit code 0)
Cores: 1
CPU Utilized: 1-00:13:58
CPU Efficiency: 99.69% of 1-00:18:25 core-walltime
Job Wall-clock time: 1-00:18:25
Memory Utilized: 688.77 MB
Memory Efficiency: 8.61% of 7.81 GB

==============================================================================
Running epilogue script on gold53.

Submit time  : 2024-08-05T11:12:55
Start time   : 2024-08-06T11:29:28
End time     : 2024-08-07T11:55:09
Elapsed time : 1-00:25:41 (Timelimit=2-01:55:00)

Job ID: 6396159
Array Job ID: 6364382_1
Cluster: i5
User/Group: sy6u19/mm
State: COMPLETED (exit code 0)
Cores: 1
CPU Utilized: 1-00:21:37
CPU Efficiency: 99.72% of 1-00:25:41 core-walltime
Job Wall-clock time: 1-00:25:41
Memory Utilized: 181.74 MB
Memory Efficiency: 2.27% of 7.81 GB

==============================================================================
Running epilogue script on gold53.

Submit time  : 2024-08-05T11:12:55
Start time   : 2024-08-06T11:33:28
End time     : 2024-08-07T12:00:18
Elapsed time : 1-00:26:50 (Timelimit=2-01:55:00)

Job ID: 6396180
Array Job ID: 6364382_6
Cluster: i5
User/Group: sy6u19/mm
State: COMPLETED (exit code 0)
Cores: 1
CPU Utilized: 1-00:22:58
CPU Efficiency: 99.74% of 1-00:26:50 core-walltime
Job Wall-clock time: 1-00:26:50
Memory Utilized: 872.40 MB
Memory Efficiency: 10.90% of 7.81 GB

==============================================================================
Running epilogue script on gold53.

Submit time  : 2024-08-05T11:12:55
Start time   : 2024-08-06T11:32:19
End time     : 2024-08-07T12:13:07
Elapsed time : 1-00:40:48 (Timelimit=2-01:55:00)

Job ID: 6396175
Array Job ID: 6364382_5
Cluster: i5
User/Group: sy6u19/mm
State: COMPLETED (exit code 0)
Cores: 1
CPU Utilized: 1-00:36:56
CPU Efficiency: 99.74% of 1-00:40:48 core-walltime
Job Wall-clock time: 1-00:40:48
Memory Utilized: 178.32 MB
Memory Efficiency: 2.23% of 7.81 GB

==============================================================================
Running epilogue script on gold53.

Submit time  : 2024-08-05T11:12:55
Start time   : 2024-08-06T11:34:20
End time     : 2024-08-07T12:30:26
Elapsed time : 1-00:56:06 (Timelimit=2-01:55:00)

Job ID: 6364382
Array Job ID: 6364382_9
Cluster: i5
User/Group: sy6u19/mm
State: COMPLETED (exit code 0)
Cores: 1
CPU Utilized: 1-00:52:12
CPU Efficiency: 99.74% of 1-00:56:06 core-walltime
Job Wall-clock time: 1-00:56:06
Memory Utilized: 200.72 MB
Memory Efficiency: 2.51% of 7.81 GB

