Running SLURM prolog script on gold52.cluster.local
===============================================================================
Job started on Wed Jul 31 11:31:39 BST 2024
Job ID          : 6333560
Job name        : omopso-DASCMOP-6.slurm
WorkDir         : /mainfs/home/sy6u19/cmlsga-jmetalpy/corrections/smac-slurm
Command         : /mainfs/home/sy6u19/cmlsga-jmetalpy/corrections/smac-slurm/omopso-DASCMOP-6.slurm
Partition       : serial
Num hosts       : 1
Num cores       : 1
Num of tasks    : 1
Hosts allocated : gold52
Job Output Follows ...
===============================================================================
start
start
==============================================================================
Running epilogue script on gold52.

Submit time  : 2024-07-31T11:29:35
Start time   : 2024-07-31T11:31:38
End time     : 2024-08-01T11:33:28
Elapsed time : 1-00:01:50 (Timelimit=2-01:55:00)

Job ID: 6333592
Array Job ID: 6333560_5
Cluster: i5
User/Group: sy6u19/mm
State: COMPLETED (exit code 0)
Cores: 1
CPU Utilized: 23:56:24
CPU Efficiency: 99.62% of 1-00:01:50 core-walltime
Job Wall-clock time: 1-00:01:50
Memory Utilized: 2.23 GB
Memory Efficiency: 28.49% of 7.81 GB

==============================================================================
Running epilogue script on gold52.

Submit time  : 2024-07-31T11:29:35
Start time   : 2024-07-31T11:29:38
End time     : 2024-08-01T11:34:01
Elapsed time : 1-00:04:23 (Timelimit=2-01:55:00)

Job ID: 6333575
Array Job ID: 6333560_2
Cluster: i5
User/Group: sy6u19/mm
State: COMPLETED (exit code 0)
Cores: 1
CPU Utilized: 23:58:09
CPU Efficiency: 99.57% of 1-00:04:23 core-walltime
Job Wall-clock time: 1-00:04:23
Memory Utilized: 2.22 GB
Memory Efficiency: 28.38% of 7.81 GB

==============================================================================
Running epilogue script on gold52.

Submit time  : 2024-07-31T11:29:35
Start time   : 2024-07-31T11:29:38
End time     : 2024-08-01T11:35:09
Elapsed time : 1-00:05:31 (Timelimit=2-01:55:00)

Job ID: 6333574
Array Job ID: 6333560_1
Cluster: i5
User/Group: sy6u19/mm
State: COMPLETED (exit code 0)
Cores: 1
CPU Utilized: 23:59:23
CPU Efficiency: 99.58% of 1-00:05:31 core-walltime
Job Wall-clock time: 1-00:05:31
Memory Utilized: 2.17 GB
Memory Efficiency: 27.74% of 7.81 GB

==============================================================================
Running epilogue script on gold52.

Submit time  : 2024-07-31T11:29:35
Start time   : 2024-07-31T11:29:38
End time     : 2024-08-01T11:36:29
Elapsed time : 1-00:06:51 (Timelimit=2-01:55:00)

Job ID: 6333576
Array Job ID: 6333560_3
Cluster: i5
User/Group: sy6u19/mm
State: COMPLETED (exit code 0)
Cores: 1
CPU Utilized: 1-00:00:53
CPU Efficiency: 99.59% of 1-00:06:51 core-walltime
Job Wall-clock time: 1-00:06:51
Memory Utilized: 2.23 GB
Memory Efficiency: 28.52% of 7.81 GB

==============================================================================
Running epilogue script on gold52.

Submit time  : 2024-07-31T11:29:35
Start time   : 2024-07-31T11:29:38
End time     : 2024-08-01T11:37:09
Elapsed time : 1-00:07:31 (Timelimit=2-01:55:00)

Job ID: 6333577
Array Job ID: 6333560_4
Cluster: i5
User/Group: sy6u19/mm
State: COMPLETED (exit code 0)
Cores: 1
CPU Utilized: 1-00:01:21
CPU Efficiency: 99.57% of 1-00:07:31 core-walltime
Job Wall-clock time: 1-00:07:31
Memory Utilized: 2.23 GB
Memory Efficiency: 28.48% of 7.81 GB

