Running SLURM prolog script on gold51.cluster.local
===============================================================================
Job started on Thu Aug  1 12:03:29 BST 2024
Job ID          : 6333567
Job name        : omopso-WFG.slurm
WorkDir         : /mainfs/home/sy6u19/cmlsga-jmetalpy/corrections/smac-slurm
Command         : /mainfs/home/sy6u19/cmlsga-jmetalpy/corrections/smac-slurm/omopso-WFG.slurm
Partition       : serial
Num hosts       : 1
Num cores       : 1
Num of tasks    : 1
Hosts allocated : gold51
Job Output Follows ...
===============================================================================
start
==============================================================================
Running epilogue script on gold53.

Submit time  : 2024-07-31T11:29:35
Start time   : 2024-08-01T11:44:28
End time     : 2024-08-02T11:46:47
Elapsed time : 1-00:02:19 (Timelimit=2-01:55:00)

Job ID: 6338935
Array Job ID: 6333567_1
Cluster: i5
User/Group: sy6u19/mm
State: COMPLETED (exit code 0)
Cores: 1
CPU Utilized: 23:57:29
CPU Efficiency: 99.66% of 1-00:02:19 core-walltime
Job Wall-clock time: 1-00:02:19
Memory Utilized: 2.38 GB
Memory Efficiency: 30.43% of 7.81 GB

==============================================================================
Running epilogue script on gold54.

Submit time  : 2024-07-31T11:29:35
Start time   : 2024-08-01T11:46:28
End time     : 2024-08-02T11:50:10
Elapsed time : 1-00:03:42 (Timelimit=2-01:55:00)

Job ID: 6338941
Array Job ID: 6333567_2
Cluster: i5
User/Group: sy6u19/mm
State: COMPLETED (exit code 0)
Cores: 1
CPU Utilized: 23:58:28
CPU Efficiency: 99.64% of 1-00:03:42 core-walltime
Job Wall-clock time: 1-00:03:42
Memory Utilized: 2.39 GB
Memory Efficiency: 30.53% of 7.81 GB

==============================================================================
Running epilogue script on gold53.

Submit time  : 2024-07-31T11:29:35
Start time   : 2024-08-01T11:56:28
End time     : 2024-08-02T11:57:45
Elapsed time : 1-00:01:17 (Timelimit=2-01:55:00)

Job ID: 6338958
Array Job ID: 6333567_6
Cluster: i5
User/Group: sy6u19/mm
State: COMPLETED (exit code 0)
Cores: 1
CPU Utilized: 23:56:37
CPU Efficiency: 99.68% of 1-00:01:17 core-walltime
Job Wall-clock time: 1-00:01:17
Memory Utilized: 1.31 GB
Memory Efficiency: 16.83% of 7.81 GB

==============================================================================
Running epilogue script on gold53.

Submit time  : 2024-07-31T11:29:35
Start time   : 2024-08-01T11:56:28
End time     : 2024-08-02T11:58:06
Elapsed time : 1-00:01:38 (Timelimit=2-01:55:00)

Job ID: 6338957
Array Job ID: 6333567_5
Cluster: i5
User/Group: sy6u19/mm
State: COMPLETED (exit code 0)
Cores: 1
CPU Utilized: 23:56:59
CPU Efficiency: 99.68% of 1-00:01:38 core-walltime
Job Wall-clock time: 1-00:01:38
Memory Utilized: 1.28 GB
Memory Efficiency: 16.34% of 7.81 GB

==============================================================================
Running epilogue script on gold54.

Submit time  : 2024-07-31T11:29:35
Start time   : 2024-08-01T11:46:28
End time     : 2024-08-02T11:58:18
Elapsed time : 1-00:11:50 (Timelimit=2-01:55:00)

Job ID: 6338942
Array Job ID: 6333567_3
Cluster: i5
User/Group: sy6u19/mm
State: COMPLETED (exit code 0)
Cores: 1
CPU Utilized: 1-00:07:21
CPU Efficiency: 99.69% of 1-00:11:50 core-walltime
Job Wall-clock time: 1-00:11:50
Memory Utilized: 1.12 GB
Memory Efficiency: 14.34% of 7.81 GB

==============================================================================
Running epilogue script on gold53.

Submit time  : 2024-07-31T11:29:35
Start time   : 2024-08-01T11:56:28
End time     : 2024-08-02T12:00:39
Elapsed time : 1-00:04:11 (Timelimit=2-01:55:00)

Job ID: 6338956
Array Job ID: 6333567_4
Cluster: i5
User/Group: sy6u19/mm
State: COMPLETED (exit code 0)
Cores: 1
CPU Utilized: 23:58:53
CPU Efficiency: 99.63% of 1-00:04:11 core-walltime
Job Wall-clock time: 1-00:04:11
Memory Utilized: 2.46 GB
Memory Efficiency: 31.45% of 7.81 GB

==============================================================================
Running epilogue script on gold53.

Submit time  : 2024-07-31T11:29:35
Start time   : 2024-08-01T11:56:28
End time     : 2024-08-02T12:05:49
Elapsed time : 1-00:09:21 (Timelimit=2-01:55:00)

Job ID: 6338959
Array Job ID: 6333567_7
Cluster: i5
User/Group: sy6u19/mm
State: COMPLETED (exit code 0)
Cores: 1
CPU Utilized: 1-00:04:34
CPU Efficiency: 99.67% of 1-00:09:21 core-walltime
Job Wall-clock time: 1-00:09:21
Memory Utilized: 892.43 MB
Memory Efficiency: 11.16% of 7.81 GB

==============================================================================
Running epilogue script on gold53.

Submit time  : 2024-07-31T11:29:35
Start time   : 2024-08-01T11:59:28
End time     : 2024-08-02T12:16:44
Elapsed time : 1-00:17:16 (Timelimit=2-01:55:00)

Job ID: 6338995
Array Job ID: 6333567_8
Cluster: i5
User/Group: sy6u19/mm
State: COMPLETED (exit code 0)
Cores: 1
CPU Utilized: 1-00:12:11
CPU Efficiency: 99.65% of 1-00:17:16 core-walltime
Job Wall-clock time: 1-00:17:16
Memory Utilized: 2.43 GB
Memory Efficiency: 31.11% of 7.81 GB

