Running SLURM prolog script on gold52.cluster.local
===============================================================================
Job started on Tue Aug  6 11:24:28 BST 2024
Job ID          : 6364380
Job name        : ibea-LZ09_F.slurm
WorkDir         : /mainfs/home/sy6u19/cmlsga-jmetalpy/corrections/smac-slurm
Command         : /mainfs/home/sy6u19/cmlsga-jmetalpy/corrections/smac-slurm/ibea-LZ09_F.slurm
Partition       : serial
Num hosts       : 1
Num cores       : 1
Num of tasks    : 1
Hosts allocated : gold52
Job Output Follows ...
===============================================================================
start
start
start
start
start
start
start
==============================================================================
Running epilogue script on gold59.

Submit time  : 2024-08-05T11:12:55
Start time   : 2024-08-05T11:20:04
End time     : 2024-08-06T11:31:20
Elapsed time : 1-00:11:16 (Timelimit=2-01:55:00)

Job ID: 6364436
Array Job ID: 6364380_1
Cluster: i5
User/Group: sy6u19/mm
State: COMPLETED (exit code 0)
Cores: 1
CPU Utilized: 1-00:07:07
CPU Efficiency: 99.71% of 1-00:11:16 core-walltime
Job Wall-clock time: 1-00:11:16
Memory Utilized: 184.01 MB
Memory Efficiency: 2.30% of 7.81 GB

==============================================================================
Running epilogue script on gold55.

Submit time  : 2024-08-05T11:12:55
Start time   : 2024-08-06T11:16:16
End time     : 2024-08-07T11:17:44
Elapsed time : 1-00:01:28 (Timelimit=2-01:55:00)

Job ID: 6396106
Array Job ID: 6364380_2
Cluster: i5
User/Group: sy6u19/mm
State: COMPLETED (exit code 0)
Cores: 1
CPU Utilized: 23:56:58
CPU Efficiency: 99.69% of 1-00:01:28 core-walltime
Job Wall-clock time: 1-00:01:28
Memory Utilized: 185.34 MB
Memory Efficiency: 2.32% of 7.81 GB

==============================================================================
Running epilogue script on gold53.

Submit time  : 2024-08-05T11:12:55
Start time   : 2024-08-06T11:23:28
End time     : 2024-08-07T11:24:04
Elapsed time : 1-00:00:36 (Timelimit=2-01:55:00)

Job ID: 6396133
Array Job ID: 6364380_5
Cluster: i5
User/Group: sy6u19/mm
State: COMPLETED (exit code 0)
Cores: 1
CPU Utilized: 23:56:44
CPU Efficiency: 99.73% of 1-00:00:36 core-walltime
Job Wall-clock time: 1-00:00:36
Memory Utilized: 179.12 MB
Memory Efficiency: 2.24% of 7.81 GB

==============================================================================
Running epilogue script on gold51.

Submit time  : 2024-08-05T11:12:55
Start time   : 2024-08-06T11:19:28
End time     : 2024-08-07T11:26:46
Elapsed time : 1-00:07:18 (Timelimit=2-01:55:00)

Job ID: 6396109
Array Job ID: 6364380_3
Cluster: i5
User/Group: sy6u19/mm
State: COMPLETED (exit code 0)
Cores: 1
CPU Utilized: 1-00:02:46
CPU Efficiency: 99.69% of 1-00:07:18 core-walltime
Job Wall-clock time: 1-00:07:18
Memory Utilized: 185.89 MB
Memory Efficiency: 2.32% of 7.81 GB

==============================================================================
Running epilogue script on gold53.

Submit time  : 2024-08-05T11:12:55
Start time   : 2024-08-06T11:22:17
End time     : 2024-08-07T11:27:47
Elapsed time : 1-00:05:30 (Timelimit=2-01:55:00)

Job ID: 6396127
Array Job ID: 6364380_4
Cluster: i5
User/Group: sy6u19/mm
State: COMPLETED (exit code 0)
Cores: 1
CPU Utilized: 1-00:00:54
CPU Efficiency: 99.68% of 1-00:05:30 core-walltime
Job Wall-clock time: 1-00:05:30
Memory Utilized: 184.99 MB
Memory Efficiency: 2.31% of 7.81 GB

==============================================================================
Running epilogue script on gold53.

Submit time  : 2024-08-05T11:12:55
Start time   : 2024-08-06T11:23:28
End time     : 2024-08-07T11:45:22
Elapsed time : 1-00:21:54 (Timelimit=2-01:55:00)

Job ID: 6396135
Array Job ID: 6364380_7
Cluster: i5
User/Group: sy6u19/mm
State: COMPLETED (exit code 0)
Cores: 1
CPU Utilized: 1-00:17:55
CPU Efficiency: 99.73% of 1-00:21:54 core-walltime
Job Wall-clock time: 1-00:21:54
Memory Utilized: 182.32 MB
Memory Efficiency: 2.28% of 7.81 GB

==============================================================================
Running epilogue script on gold53.

Submit time  : 2024-08-05T11:12:55
Start time   : 2024-08-06T11:24:17
End time     : 2024-08-07T12:03:59
Elapsed time : 1-00:39:42 (Timelimit=2-01:55:00)

Job ID: 6396137
Array Job ID: 6364380_8
Cluster: i5
User/Group: sy6u19/mm
State: COMPLETED (exit code 0)
Cores: 1
CPU Utilized: 1-00:35:51
CPU Efficiency: 99.74% of 1-00:39:42 core-walltime
Job Wall-clock time: 1-00:39:42
Memory Utilized: 179.53 MB
Memory Efficiency: 2.24% of 7.81 GB

==============================================================================
Running epilogue script on gold53.

Submit time  : 2024-08-05T11:12:55
Start time   : 2024-08-06T11:23:28
End time     : 2024-08-07T12:04:22
Elapsed time : 1-00:40:54 (Timelimit=2-01:55:00)

Job ID: 6396134
Array Job ID: 6364380_6
Cluster: i5
User/Group: sy6u19/mm
State: COMPLETED (exit code 0)
Cores: 1
CPU Utilized: 1-00:36:53
CPU Efficiency: 99.73% of 1-00:40:54 core-walltime
Job Wall-clock time: 1-00:40:54
Memory Utilized: 705.62 MB
Memory Efficiency: 8.82% of 7.81 GB

