Running SLURM prolog script on gold55.cluster.local
===============================================================================
Job started on Thu Jul 25 12:11:00 BST 2024
Job ID          : 6307650
Job name        : smpso-IMB.slurm
WorkDir         : /mainfs/home/sy6u19/cmlsga-jmetalpy/corrections/smac-slurm
Command         : /mainfs/home/sy6u19/cmlsga-jmetalpy/corrections/smac-slurm/smpso-IMB.slurm
Partition       : serial
Num hosts       : 1
Num cores       : 1
Num of tasks    : 1
Hosts allocated : gold55
Job Output Follows ...
===============================================================================
Running SLURM prolog script on gold55.cluster.local
===============================================================================
Job started on Thu Jul 25 12:11:00 BST 2024
Job ID          : 6307652
Job name        : smpso-IMB.slurm
WorkDir         : /mainfs/home/sy6u19/cmlsga-jmetalpy/corrections/smac-slurm
Command         : /mainfs/home/sy6u19/cmlsga-jmetalpy/corrections/smac-slurm/smpso-IMB.slurm
Partition       : serial
Num hosts       : 1
Num cores       : 1
Num of tasks    : 1
Hosts allocated : gold55
Job Output Follows ...
===============================================================================
Running SLURM prolog script on gold55.cluster.local
===============================================================================
Job started on Thu Jul 25 12:11:00 BST 2024
Job ID          : 6307649
Job name        : smpso-IMB.slurm
WorkDir         : /mainfs/home/sy6u19/cmlsga-jmetalpy/corrections/smac-slurm
Command         : /mainfs/home/sy6u19/cmlsga-jmetalpy/corrections/smac-slurm/smpso-IMB.slurm
Partition       : serial
Num hosts       : 1
Num cores       : 1
Num of tasks    : 1
Hosts allocated : gold55
Job Output Follows ...
===============================================================================
Running SLURM prolog script on gold55.cluster.local
===============================================================================
Job started on Thu Jul 25 12:11:01 BST 2024
Job ID          : 6307654
Job name        : smpso-IMB.slurm
WorkDir         : /mainfs/home/sy6u19/cmlsga-jmetalpy/corrections/smac-slurm
Command         : /mainfs/home/sy6u19/cmlsga-jmetalpy/corrections/smac-slurm/smpso-IMB.slurm
Partition       : serial
Num hosts       : 1
Num cores       : 1
Num of tasks    : 1
Hosts allocated : gold55
Job Output Follows ...
===============================================================================
Running SLURM prolog script on gold55.cluster.local
===============================================================================
Job started on Thu Jul 25 12:11:00 BST 2024
Job ID          : 6307653
Job name        : smpso-IMB.slurm
WorkDir         : /mainfs/home/sy6u19/cmlsga-jmetalpy/corrections/smac-slurm
Command         : /mainfs/home/sy6u19/cmlsga-jmetalpy/corrections/smac-slurm/smpso-IMB.slurm
Partition       : serial
Num hosts       : 1
Num cores       : 1
Num of tasks    : 1
Hosts allocated : gold55
Job Output Follows ...
===============================================================================
Running SLURM prolog script on gold55.cluster.local
===============================================================================
Job started on Thu Jul 25 12:11:01 BST 2024
Job ID          : 6307651
Job name        : smpso-IMB.slurm
WorkDir         : /mainfs/home/sy6u19/cmlsga-jmetalpy/corrections/smac-slurm
Command         : /mainfs/home/sy6u19/cmlsga-jmetalpy/corrections/smac-slurm/smpso-IMB.slurm
Partition       : serial
Num hosts       : 1
Num cores       : 1
Num of tasks    : 1
Hosts allocated : gold55
Job Output Follows ...
===============================================================================
Running SLURM prolog script on gold55.cluster.local
===============================================================================
Job started on Thu Jul 25 12:11:01 BST 2024
Job ID          : 6307655
Job name        : smpso-IMB.slurm
WorkDir         : /mainfs/home/sy6u19/cmlsga-jmetalpy/corrections/smac-slurm
Command         : /mainfs/home/sy6u19/cmlsga-jmetalpy/corrections/smac-slurm/smpso-IMB.slurm
Partition       : serial
Num hosts       : 1
Num cores       : 1
Num of tasks    : 1
Hosts allocated : gold55
Job Output Follows ...
===============================================================================
Running SLURM prolog script on gold55.cluster.local
===============================================================================
Job started on Thu Jul 25 12:11:01 BST 2024
Job ID          : 6307657
Job name        : smpso-IMB.slurm
WorkDir         : /mainfs/home/sy6u19/cmlsga-jmetalpy/corrections/smac-slurm
Command         : /mainfs/home/sy6u19/cmlsga-jmetalpy/corrections/smac-slurm/smpso-IMB.slurm
Partition       : serial
Num hosts       : 1
Num cores       : 1
Num of tasks    : 1
Hosts allocated : gold55
Job Output Follows ...
===============================================================================
Running SLURM prolog script on gold55.cluster.local
===============================================================================
Job started on Thu Jul 25 12:11:01 BST 2024
Job ID          : 6307656
Job name        : smpso-IMB.slurm
WorkDir         : /mainfs/home/sy6u19/cmlsga-jmetalpy/corrections/smac-slurm
Command         : /mainfs/home/sy6u19/cmlsga-jmetalpy/corrections/smac-slurm/smpso-IMB.slurm
Partition       : serial
Num hosts       : 1
Num cores       : 1
Num of tasks    : 1
Hosts allocated : gold55
Job Output Follows ...
===============================================================================
Running SLURM prolog script on gold55.cluster.local
===============================================================================
Job started on Thu Jul 25 12:11:01 BST 2024
Job ID          : 6307647
Job name        : smpso-IMB.slurm
WorkDir         : /mainfs/home/sy6u19/cmlsga-jmetalpy/corrections/smac-slurm
Command         : /mainfs/home/sy6u19/cmlsga-jmetalpy/corrections/smac-slurm/smpso-IMB.slurm
Partition       : serial
Num hosts       : 1
Num cores       : 1
Num of tasks    : 1
Hosts allocated : gold55
Job Output Follows ...
===============================================================================
Running SLURM prolog script on gold55.cluster.local
===============================================================================
Job started on Thu Jul 25 12:11:01 BST 2024
Job ID          : 6307658
Job name        : smpso-IMB.slurm
WorkDir         : /mainfs/home/sy6u19/cmlsga-jmetalpy/corrections/smac-slurm
Command         : /mainfs/home/sy6u19/cmlsga-jmetalpy/corrections/smac-slurm/smpso-IMB.slurm
Partition       : serial
Num hosts       : 1
Num cores       : 1
Num of tasks    : 1
Hosts allocated : gold55
Job Output Follows ...
===============================================================================
Running SLURM prolog script on gold55.cluster.local
===============================================================================
Job started on Thu Jul 25 12:11:01 BST 2024
Job ID          : 6307618
Job name        : smpso-IMB.slurm
WorkDir         : /mainfs/home/sy6u19/cmlsga-jmetalpy/corrections/smac-slurm
Command         : /mainfs/home/sy6u19/cmlsga-jmetalpy/corrections/smac-slurm/smpso-IMB.slurm
Partition       : serial
Num hosts       : 1
Num cores       : 1
Num of tasks    : 1
Hosts allocated : gold55
Job Output Follows ...
===============================================================================
start
start
start
start
start
start
start
start
start
start
start
start
start
start
==============================================================================
Running epilogue script on gold55.

Submit time  : 2024-07-25T12:10:00
Start time   : 2024-07-25T12:10:59
End time     : 2024-07-26T12:11:55
Elapsed time : 1-00:00:56 (Timelimit=2-01:55:00)

Job ID: 6307652
Array Job ID: 6307618_7
Cluster: i5
User/Group: sy6u19/mm
State: COMPLETED (exit code 0)
Cores: 1
CPU Utilized: 23:56:53
CPU Efficiency: 99.72% of 1-00:00:56 core-walltime
Job Wall-clock time: 1-00:00:56
Memory Utilized: 845.03 MB
Memory Efficiency: 10.56% of 7.81 GB

==============================================================================
Running epilogue script on gold55.

Submit time  : 2024-07-25T12:10:00
Start time   : 2024-07-25T12:10:59
End time     : 2024-07-26T12:12:50
Elapsed time : 1-00:01:51 (Timelimit=2-01:55:00)

Job ID: 6307653
Array Job ID: 6307618_8
Cluster: i5
User/Group: sy6u19/mm
State: COMPLETED (exit code 0)
Cores: 1
CPU Utilized: 23:57:45
CPU Efficiency: 99.72% of 1-00:01:51 core-walltime
Job Wall-clock time: 1-00:01:51
Memory Utilized: 1.78 GB
Memory Efficiency: 22.76% of 7.81 GB

==============================================================================
Running epilogue script on gold55.

Submit time  : 2024-07-25T12:10:00
Start time   : 2024-07-25T12:10:59
End time     : 2024-07-26T12:19:34
Elapsed time : 1-00:08:35 (Timelimit=2-01:55:00)

Job ID: 6307654
Array Job ID: 6307618_9
Cluster: i5
User/Group: sy6u19/mm
State: COMPLETED (exit code 0)
Cores: 1
CPU Utilized: 1-00:04:28
CPU Efficiency: 99.72% of 1-00:08:35 core-walltime
Job Wall-clock time: 1-00:08:35
Memory Utilized: 1.06 GB
Memory Efficiency: 13.56% of 7.81 GB

==============================================================================
Running epilogue script on gold55.

Submit time  : 2024-07-25T12:10:00
Start time   : 2024-07-25T12:10:59
End time     : 2024-07-26T12:39:47
Elapsed time : 1-00:28:48 (Timelimit=2-01:55:00)

Job ID: 6307657
Array Job ID: 6307618_12
Cluster: i5
User/Group: sy6u19/mm
State: COMPLETED (exit code 0)
Cores: 1
CPU Utilized: 1-00:24:50
CPU Efficiency: 99.73% of 1-00:28:48 core-walltime
Job Wall-clock time: 1-00:28:48
Memory Utilized: 1.09 GB
Memory Efficiency: 13.92% of 7.81 GB

==============================================================================
Running epilogue script on gold55.

Submit time  : 2024-07-25T12:10:00
Start time   : 2024-07-25T12:10:59
End time     : 2024-07-26T12:41:28
Elapsed time : 1-00:30:29 (Timelimit=2-01:55:00)

Job ID: 6307647
Array Job ID: 6307618_2
Cluster: i5
User/Group: sy6u19/mm
State: COMPLETED (exit code 0)
Cores: 1
CPU Utilized: 1-00:26:30
CPU Efficiency: 99.73% of 1-00:30:29 core-walltime
Job Wall-clock time: 1-00:30:29
Memory Utilized: 1.49 GB
Memory Efficiency: 19.02% of 7.81 GB

==============================================================================
Running epilogue script on gold55.

Submit time  : 2024-07-25T12:10:00
Start time   : 2024-07-25T12:10:59
End time     : 2024-07-26T12:44:37
Elapsed time : 1-00:33:38 (Timelimit=2-01:55:00)

Job ID: 6307648
Array Job ID: 6307618_3
Cluster: i5
User/Group: sy6u19/mm
State: COMPLETED (exit code 0)
Cores: 1
CPU Utilized: 1-00:29:39
CPU Efficiency: 99.73% of 1-00:33:38 core-walltime
Job Wall-clock time: 1-00:33:38
Memory Utilized: 270.80 MB
Memory Efficiency: 3.39% of 7.81 GB

==============================================================================
Running epilogue script on gold55.

Submit time  : 2024-07-25T12:10:00
Start time   : 2024-07-25T12:10:59
End time     : 2024-07-26T12:57:19
Elapsed time : 1-00:46:20 (Timelimit=2-01:55:00)

Job ID: 6307655
Array Job ID: 6307618_10
Cluster: i5
User/Group: sy6u19/mm
State: COMPLETED (exit code 0)
Cores: 1
CPU Utilized: 1-00:42:21
CPU Efficiency: 99.73% of 1-00:46:20 core-walltime
Job Wall-clock time: 1-00:46:20
Memory Utilized: 244.33 MB
Memory Efficiency: 3.05% of 7.81 GB

==============================================================================
Running epilogue script on gold55.

Submit time  : 2024-07-25T12:10:00
Start time   : 2024-07-25T12:10:59
End time     : 2024-07-26T13:17:06
Elapsed time : 1-01:06:07 (Timelimit=2-01:55:00)

Job ID: 6307649
Array Job ID: 6307618_4
Cluster: i5
User/Group: sy6u19/mm
State: COMPLETED (exit code 0)
Cores: 1
CPU Utilized: 1-01:02:00
CPU Efficiency: 99.73% of 1-01:06:07 core-walltime
Job Wall-clock time: 1-01:06:07
Memory Utilized: 270.30 MB
Memory Efficiency: 3.38% of 7.81 GB

==============================================================================
Running epilogue script on gold55.

Submit time  : 2024-07-25T12:10:00
Start time   : 2024-07-25T12:10:59
End time     : 2024-07-26T13:18:31
Elapsed time : 1-01:07:32 (Timelimit=2-01:55:00)

Job ID: 6307658
Array Job ID: 6307618_13
Cluster: i5
User/Group: sy6u19/mm
State: COMPLETED (exit code 0)
Cores: 1
CPU Utilized: 1-01:03:28
CPU Efficiency: 99.73% of 1-01:07:32 core-walltime
Job Wall-clock time: 1-01:07:32
Memory Utilized: 276.01 MB
Memory Efficiency: 3.45% of 7.81 GB

==============================================================================
Running epilogue script on gold55.

Submit time  : 2024-07-25T12:10:00
Start time   : 2024-07-25T12:10:59
End time     : 2024-07-26T13:35:20
Elapsed time : 1-01:24:21 (Timelimit=2-01:55:00)

Job ID: 6307646
Array Job ID: 6307618_1
Cluster: i5
User/Group: sy6u19/mm
State: COMPLETED (exit code 0)
Cores: 1
CPU Utilized: 1-01:20:15
CPU Efficiency: 99.73% of 1-01:24:21 core-walltime
Job Wall-clock time: 1-01:24:21
Memory Utilized: 266.24 MB
Memory Efficiency: 3.33% of 7.81 GB

==============================================================================
Running epilogue script on gold55.

Submit time  : 2024-07-25T12:10:00
Start time   : 2024-07-25T12:10:59
End time     : 2024-07-26T13:40:06
Elapsed time : 1-01:29:07 (Timelimit=2-01:55:00)

Job ID: 6307656
Array Job ID: 6307618_11
Cluster: i5
User/Group: sy6u19/mm
State: COMPLETED (exit code 0)
Cores: 1
CPU Utilized: 1-01:25:00
CPU Efficiency: 99.73% of 1-01:29:07 core-walltime
Job Wall-clock time: 1-01:29:07
Memory Utilized: 285.37 MB
Memory Efficiency: 3.57% of 7.81 GB

==============================================================================
Running epilogue script on gold55.

Submit time  : 2024-07-25T12:10:00
Start time   : 2024-07-25T12:10:59
End time     : 2024-07-26T14:24:34
Elapsed time : 1-02:13:35 (Timelimit=2-01:55:00)

Job ID: 6307650
Array Job ID: 6307618_5
Cluster: i5
User/Group: sy6u19/mm
State: COMPLETED (exit code 0)
Cores: 1
CPU Utilized: 1-02:09:23
CPU Efficiency: 99.73% of 1-02:13:35 core-walltime
Job Wall-clock time: 1-02:13:35
Memory Utilized: 262.36 MB
Memory Efficiency: 3.28% of 7.81 GB

==============================================================================
Running epilogue script on gold55.

Submit time  : 2024-07-25T12:10:00
Start time   : 2024-07-25T12:10:59
End time     : 2024-07-26T15:40:53
Elapsed time : 1-03:29:54 (Timelimit=2-01:55:00)

Job ID: 6307651
Array Job ID: 6307618_6
Cluster: i5
User/Group: sy6u19/mm
State: COMPLETED (exit code 0)
Cores: 1
CPU Utilized: 1-03:25:32
CPU Efficiency: 99.74% of 1-03:29:54 core-walltime
Job Wall-clock time: 1-03:29:54
Memory Utilized: 265.63 MB
Memory Efficiency: 3.32% of 7.81 GB

