Running SLURM prolog script on gold54.cluster.local
===============================================================================
Job started on Thu Jul 25 12:10:59 BST 2024
Job ID          : 6307634
Job name        : smpso-DASCMOP-6.slurm
WorkDir         : /mainfs/home/sy6u19/cmlsga-jmetalpy/corrections/smac-slurm
Command         : /mainfs/home/sy6u19/cmlsga-jmetalpy/corrections/smac-slurm/smpso-DASCMOP-6.slurm
Partition       : serial
Num hosts       : 1
Num cores       : 1
Num of tasks    : 1
Hosts allocated : gold54
Job Output Follows ...
===============================================================================
Running SLURM prolog script on gold54.cluster.local
===============================================================================
Job started on Thu Jul 25 12:10:59 BST 2024
Job ID          : 6307615
Job name        : smpso-DASCMOP-6.slurm
WorkDir         : /mainfs/home/sy6u19/cmlsga-jmetalpy/corrections/smac-slurm
Command         : /mainfs/home/sy6u19/cmlsga-jmetalpy/corrections/smac-slurm/smpso-DASCMOP-6.slurm
Partition       : serial
Num hosts       : 1
Num cores       : 1
Num of tasks    : 1
Hosts allocated : gold54
Job Output Follows ...
===============================================================================
start
start
start
start
start
start
==============================================================================
Running epilogue script on gold54.

Submit time  : 2024-07-25T12:10:00
Start time   : 2024-07-25T12:10:36
End time     : 2024-07-26T12:13:27
Elapsed time : 1-00:02:51 (Timelimit=2-01:55:00)

Job ID: 6307630
Array Job ID: 6307615_2
Cluster: i5
User/Group: sy6u19/mm
State: COMPLETED (exit code 0)
Cores: 1
CPU Utilized: 23:57:12
CPU Efficiency: 99.61% of 1-00:02:51 core-walltime
Job Wall-clock time: 1-00:02:51
Memory Utilized: 2.09 GB
Memory Efficiency: 26.69% of 7.81 GB

==============================================================================
Running epilogue script on gold53.

Submit time  : 2024-07-25T12:10:00
Start time   : 2024-07-25T12:10:36
End time     : 2024-07-26T12:14:29
Elapsed time : 1-00:03:53 (Timelimit=2-01:55:00)

Job ID: 6307629
Array Job ID: 6307615_1
Cluster: i5
User/Group: sy6u19/mm
State: COMPLETED (exit code 0)
Cores: 1
CPU Utilized: 23:58:06
CPU Efficiency: 99.60% of 1-00:03:53 core-walltime
Job Wall-clock time: 1-00:03:53
Memory Utilized: 2.12 GB
Memory Efficiency: 27.10% of 7.81 GB

==============================================================================
Running epilogue script on gold54.

Submit time  : 2024-07-25T12:10:00
Start time   : 2024-07-25T12:10:36
End time     : 2024-07-26T12:16:28
Elapsed time : 1-00:05:52 (Timelimit=2-01:55:00)

Job ID: 6307631
Array Job ID: 6307615_3
Cluster: i5
User/Group: sy6u19/mm
State: COMPLETED (exit code 0)
Cores: 1
CPU Utilized: 1-00:00:15
CPU Efficiency: 99.61% of 1-00:05:52 core-walltime
Job Wall-clock time: 1-00:05:52
Memory Utilized: 2.22 GB
Memory Efficiency: 28.48% of 7.81 GB

==============================================================================
Running epilogue script on gold54.

Submit time  : 2024-07-25T12:10:00
Start time   : 2024-07-25T12:10:36
End time     : 2024-07-26T13:17:39
Elapsed time : 1-01:07:03 (Timelimit=2-01:55:00)

Job ID: 6307632
Array Job ID: 6307615_4
Cluster: i5
User/Group: sy6u19/mm
State: COMPLETED (exit code 0)
Cores: 1
CPU Utilized: 1-01:02:37
CPU Efficiency: 99.71% of 1-01:07:03 core-walltime
Job Wall-clock time: 1-01:07:03
Memory Utilized: 1.13 GB
Memory Efficiency: 14.43% of 7.81 GB

==============================================================================
Running epilogue script on gold54.

Submit time  : 2024-07-25T12:10:00
Start time   : 2024-07-25T12:10:59
End time     : 2024-07-26T14:05:40
Elapsed time : 1-01:54:41 (Timelimit=2-01:55:00)

Job ID: 6307634
Array Job ID: 6307615_5
Cluster: i5
User/Group: sy6u19/mm
State: COMPLETED (exit code 0)
Cores: 1
CPU Utilized: 1-01:50:30
CPU Efficiency: 99.73% of 1-01:54:41 core-walltime
Job Wall-clock time: 1-01:54:41
Memory Utilized: 299.25 MB
Memory Efficiency: 3.74% of 7.81 GB

