Running SLURM prolog script on gold57.cluster.local
===============================================================================
Job started on Thu Aug  8 12:44:44 BST 2024
Job ID          : 6396365
Job name        : unsgaiii-ZDT.slurm
WorkDir         : /mainfs/home/sy6u19/cmlsga-jmetalpy/corrections/smac-slurm
Command         : /mainfs/home/sy6u19/cmlsga-jmetalpy/corrections/smac-slurm/unsgaiii-ZDT.slurm
Partition       : serial
Num hosts       : 1
Num cores       : 1
Num of tasks    : 1
Hosts allocated : gold57
Job Output Follows ...
===============================================================================
start
start
start
start
start
==============================================================================
Running epilogue script on gold57.

Submit time  : 2024-08-06T12:17:09
Start time   : 2024-08-08T12:34:37
End time     : 2024-08-09T12:39:56
Elapsed time : 1-00:05:19 (Timelimit=2-01:55:00)

Job ID: 6418532
Array Job ID: 6396365_3
Cluster: i5
User/Group: sy6u19/mm
State: COMPLETED (exit code 0)
Cores: 1
CPU Utilized: 1-00:00:54
CPU Efficiency: 99.69% of 1-00:05:19 core-walltime
Job Wall-clock time: 1-00:05:19
Memory Utilized: 210.74 MB
Memory Efficiency: 2.63% of 7.81 GB

==============================================================================
Running epilogue script on gold54.

Submit time  : 2024-08-06T12:17:09
Start time   : 2024-08-08T12:34:37
End time     : 2024-08-09T12:43:23
Elapsed time : 1-00:08:46 (Timelimit=2-01:55:00)

Job ID: 6418531
Array Job ID: 6396365_2
Cluster: i5
User/Group: sy6u19/mm
State: COMPLETED (exit code 0)
Cores: 1
CPU Utilized: 1-00:04:03
CPU Efficiency: 99.67% of 1-00:08:46 core-walltime
Job Wall-clock time: 1-00:08:46
Memory Utilized: 637.33 MB
Memory Efficiency: 7.97% of 7.81 GB

==============================================================================
Running epilogue script on gold54.

Submit time  : 2024-08-06T12:17:09
Start time   : 2024-08-08T12:34:37
End time     : 2024-08-09T12:44:21
Elapsed time : 1-00:09:44 (Timelimit=2-01:55:00)

Job ID: 6418530
Array Job ID: 6396365_1
Cluster: i5
User/Group: sy6u19/mm
State: COMPLETED (exit code 0)
Cores: 1
CPU Utilized: 1-00:04:51
CPU Efficiency: 99.66% of 1-00:09:44 core-walltime
Job Wall-clock time: 1-00:09:44
Memory Utilized: 1.43 GB
Memory Efficiency: 18.30% of 7.81 GB

==============================================================================
Running epilogue script on gold57.

Submit time  : 2024-08-06T12:17:09
Start time   : 2024-08-08T12:38:40
End time     : 2024-08-09T12:46:52
Elapsed time : 1-00:08:12 (Timelimit=2-01:55:00)

Job ID: 6418538
Array Job ID: 6396365_4
Cluster: i5
User/Group: sy6u19/mm
State: COMPLETED (exit code 0)
Cores: 1
CPU Utilized: 1-00:03:36
CPU Efficiency: 99.68% of 1-00:08:12 core-walltime
Job Wall-clock time: 1-00:08:12
Memory Utilized: 1.29 GB
Memory Efficiency: 16.48% of 7.81 GB

