Running SLURM prolog script on gold54.cluster.local
===============================================================================
Job started on Thu Jul 25 12:11:00 BST 2024
Job ID          : 6307635
Job name        : smpso-DASCMOP-7.slurm
WorkDir         : /mainfs/home/sy6u19/cmlsga-jmetalpy/corrections/smac-slurm
Command         : /mainfs/home/sy6u19/cmlsga-jmetalpy/corrections/smac-slurm/smpso-DASCMOP-7.slurm
Partition       : serial
Num hosts       : 1
Num cores       : 1
Num of tasks    : 1
Hosts allocated : gold54
Job Output Follows ...
===============================================================================
Running SLURM prolog script on gold54.cluster.local
===============================================================================
Job started on Thu Jul 25 12:11:00 BST 2024
Job ID          : 6307637
Job name        : smpso-DASCMOP-7.slurm
WorkDir         : /mainfs/home/sy6u19/cmlsga-jmetalpy/corrections/smac-slurm
Command         : /mainfs/home/sy6u19/cmlsga-jmetalpy/corrections/smac-slurm/smpso-DASCMOP-7.slurm
Partition       : serial
Num hosts       : 1
Num cores       : 1
Num of tasks    : 1
Hosts allocated : gold54
Job Output Follows ...
===============================================================================
Running SLURM prolog script on gold55.cluster.local
===============================================================================
Job started on Thu Jul 25 12:11:00 BST 2024
Job ID          : 6307616
Job name        : smpso-DASCMOP-7.slurm
WorkDir         : /mainfs/home/sy6u19/cmlsga-jmetalpy/corrections/smac-slurm
Command         : /mainfs/home/sy6u19/cmlsga-jmetalpy/corrections/smac-slurm/smpso-DASCMOP-7.slurm
Partition       : serial
Num hosts       : 1
Num cores       : 1
Num of tasks    : 1
Hosts allocated : gold55
Job Output Follows ...
===============================================================================
start
start
start
start
start
start
==============================================================================
Running epilogue script on gold54.

Submit time  : 2024-07-25T12:10:00
Start time   : 2024-07-25T12:10:59
End time     : 2024-07-26T12:12:00
Elapsed time : 1-00:01:01 (Timelimit=2-01:55:00)

Job ID: 6307637
Array Job ID: 6307616_3
Cluster: i5
User/Group: sy6u19/mm
State: COMPLETED (exit code 0)
Cores: 1
CPU Utilized: 23:56:43
CPU Efficiency: 99.70% of 1-00:01:01 core-walltime
Job Wall-clock time: 1-00:01:01
Memory Utilized: 1.81 GB
Memory Efficiency: 23.15% of 7.81 GB

==============================================================================
Running epilogue script on gold55.

Submit time  : 2024-07-25T12:10:00
Start time   : 2024-07-25T12:10:59
End time     : 2024-07-26T12:18:00
Elapsed time : 1-00:07:01 (Timelimit=2-01:55:00)

Job ID: 6307639
Array Job ID: 6307616_5
Cluster: i5
User/Group: sy6u19/mm
State: COMPLETED (exit code 0)
Cores: 1
CPU Utilized: 1-00:02:58
CPU Efficiency: 99.72% of 1-00:07:01 core-walltime
Job Wall-clock time: 1-00:07:01
Memory Utilized: 1.05 GB
Memory Efficiency: 13.45% of 7.81 GB

==============================================================================
Running epilogue script on gold54.

Submit time  : 2024-07-25T12:10:00
Start time   : 2024-07-25T12:10:59
End time     : 2024-07-26T12:21:11
Elapsed time : 1-00:10:12 (Timelimit=2-01:55:00)

Job ID: 6307636
Array Job ID: 6307616_2
Cluster: i5
User/Group: sy6u19/mm
State: COMPLETED (exit code 0)
Cores: 1
CPU Utilized: 1-00:06:13
CPU Efficiency: 99.73% of 1-00:10:12 core-walltime
Job Wall-clock time: 1-00:10:12
Memory Utilized: 302.39 MB
Memory Efficiency: 3.78% of 7.81 GB

==============================================================================
Running epilogue script on gold55.

Submit time  : 2024-07-25T12:10:00
Start time   : 2024-07-25T12:10:59
End time     : 2024-07-26T12:27:57
Elapsed time : 1-00:16:58 (Timelimit=2-01:55:00)

Job ID: 6307638
Array Job ID: 6307616_4
Cluster: i5
User/Group: sy6u19/mm
State: COMPLETED (exit code 0)
Cores: 1
CPU Utilized: 1-00:12:50
CPU Efficiency: 99.72% of 1-00:16:58 core-walltime
Job Wall-clock time: 1-00:16:58
Memory Utilized: 1.47 GB
Memory Efficiency: 18.77% of 7.81 GB

==============================================================================
Running epilogue script on gold54.

Submit time  : 2024-07-25T12:10:00
Start time   : 2024-07-25T12:10:59
End time     : 2024-07-26T12:32:06
Elapsed time : 1-00:21:07 (Timelimit=2-01:55:00)

Job ID: 6307635
Array Job ID: 6307616_1
Cluster: i5
User/Group: sy6u19/mm
State: COMPLETED (exit code 0)
Cores: 1
CPU Utilized: 1-00:15:56
CPU Efficiency: 99.65% of 1-00:21:07 core-walltime
Job Wall-clock time: 1-00:21:07
Memory Utilized: 2.05 GB
Memory Efficiency: 26.18% of 7.81 GB

