Running SLURM prolog script on gold53.cluster.local
===============================================================================
Job started on Sun May 19 12:06:16 BST 2024
Job ID          : 5983992
Job name        : smpso-WFG.slurm
WorkDir         : /mainfs/home/sy6u19/cmlsga-jmetalpy/corrections/slurm
Command         : /mainfs/home/sy6u19/cmlsga-jmetalpy/corrections/slurm/smpso-WFG.slurm
Partition       : serial
Num hosts       : 1
Num cores       : 1
Num of tasks    : 1
Hosts allocated : gold53
Job Output Follows ...
===============================================================================
==============================================================================
Running epilogue script on gold51.

Submit time  : 2024-05-13T13:10:30
Start time   : 2024-05-19T11:42:15
End time     : 2024-05-19T12:06:10
Elapsed time : 00:23:55 (Timelimit=2-11:55:00)

Job ID: 6005906
Array Job ID: 5983992_8
Cluster: i5
User/Group: sy6u19/mm
State: COMPLETED (exit code 0)
Cores: 1
CPU Utilized: 00:22:43
CPU Efficiency: 94.98% of 00:23:55 core-walltime
Job Wall-clock time: 00:23:55
Memory Utilized: 3.40 GB
Memory Efficiency: 43.53% of 7.81 GB

==============================================================================
Running epilogue script on gold52.

Submit time  : 2024-05-13T13:10:30
Start time   : 2024-05-19T11:06:15
End time     : 2024-05-19T12:19:48
Elapsed time : 01:13:33 (Timelimit=2-11:55:00)

Job ID: 6005894
Array Job ID: 5983992_3
Cluster: i5
User/Group: sy6u19/mm
State: COMPLETED (exit code 0)
Cores: 1
CPU Utilized: 01:10:55
CPU Efficiency: 96.42% of 01:13:33 core-walltime
Job Wall-clock time: 01:13:33
Memory Utilized: 3.77 GB
Memory Efficiency: 48.23% of 7.81 GB

==============================================================================
Running epilogue script on gold51.

Submit time  : 2024-05-13T13:10:30
Start time   : 2024-05-19T11:36:15
End time     : 2024-05-19T12:43:07
Elapsed time : 01:06:52 (Timelimit=2-11:55:00)

Job ID: 6005905
Array Job ID: 5983992_7
Cluster: i5
User/Group: sy6u19/mm
State: COMPLETED (exit code 0)
Cores: 1
CPU Utilized: 01:04:29
CPU Efficiency: 96.44% of 01:06:52 core-walltime
Job Wall-clock time: 01:06:52
Memory Utilized: 3.71 GB
Memory Efficiency: 47.52% of 7.81 GB

==============================================================================
Running epilogue script on gold52.

Submit time  : 2024-05-13T13:10:30
Start time   : 2024-05-19T11:35:15
End time     : 2024-05-19T12:59:31
Elapsed time : 01:24:16 (Timelimit=2-11:55:00)

Job ID: 6005904
Array Job ID: 5983992_6
Cluster: i5
User/Group: sy6u19/mm
State: COMPLETED (exit code 0)
Cores: 1
CPU Utilized: 01:21:10
CPU Efficiency: 96.32% of 01:24:16 core-walltime
Job Wall-clock time: 01:24:16
Memory Utilized: 3.80 GB
Memory Efficiency: 48.63% of 7.81 GB

==============================================================================
Running epilogue script on gold51.

Submit time  : 2024-05-13T13:10:30
Start time   : 2024-05-19T11:29:15
End time     : 2024-05-19T13:09:42
Elapsed time : 01:40:27 (Timelimit=2-11:55:00)

Job ID: 6005903
Array Job ID: 5983992_5
Cluster: i5
User/Group: sy6u19/mm
State: COMPLETED (exit code 0)
Cores: 1
CPU Utilized: 01:37:13
CPU Efficiency: 96.78% of 01:40:27 core-walltime
Job Wall-clock time: 01:40:27
Memory Utilized: 3.70 GB
Memory Efficiency: 47.39% of 7.81 GB

