Running SLURM prolog script on gold53.cluster.local
===============================================================================
Job started on Sun May 19 02:51:14 BST 2024
Job ID          : 5983986
Job name        : smpso-DASCMOP-7.slurm
WorkDir         : /mainfs/home/sy6u19/cmlsga-jmetalpy/corrections/slurm
Command         : /mainfs/home/sy6u19/cmlsga-jmetalpy/corrections/slurm/smpso-DASCMOP-7.slurm
Partition       : serial
Num hosts       : 1
Num cores       : 1
Num of tasks    : 1
Hosts allocated : gold53
Job Output Follows ...
===============================================================================
==============================================================================
Running epilogue script on gold51.

Submit time  : 2024-05-13T13:10:30
Start time   : 2024-05-19T02:13:14
End time     : 2024-05-19T02:51:11
Elapsed time : 00:37:57 (Timelimit=2-11:55:00)

Job ID: 6005604
Array Job ID: 5983986_3
Cluster: i5
User/Group: sy6u19/mm
State: COMPLETED (exit code 0)
Cores: 1
CPU Utilized: 00:36:29
CPU Efficiency: 96.14% of 00:37:57 core-walltime
Job Wall-clock time: 00:37:57
Memory Utilized: 3.09 GB
Memory Efficiency: 39.59% of 7.81 GB

==============================================================================
Running epilogue script on gold52.

Submit time  : 2024-05-13T13:10:30
Start time   : 2024-05-19T02:21:57
End time     : 2024-05-19T03:06:01
Elapsed time : 00:44:04 (Timelimit=2-11:55:00)

Job ID: 6005609
Array Job ID: 5983986_4
Cluster: i5
User/Group: sy6u19/mm
State: COMPLETED (exit code 0)
Cores: 1
CPU Utilized: 00:41:32
CPU Efficiency: 94.25% of 00:44:04 core-walltime
Job Wall-clock time: 00:44:04
Memory Utilized: 1.57 GB
Memory Efficiency: 20.08% of 7.81 GB

==============================================================================
Running epilogue script on gold51.

Submit time  : 2024-05-13T13:10:30
Start time   : 2024-05-19T02:05:14
End time     : 2024-05-19T03:23:16
Elapsed time : 01:18:02 (Timelimit=2-11:55:00)

Job ID: 6005601
Array Job ID: 5983986_2
Cluster: i5
User/Group: sy6u19/mm
State: COMPLETED (exit code 0)
Cores: 1
CPU Utilized: 01:15:50
CPU Efficiency: 97.18% of 01:18:02 core-walltime
Job Wall-clock time: 01:18:02
Memory Utilized: 4.58 GB
Memory Efficiency: 58.68% of 7.81 GB

==============================================================================
Running epilogue script on gold51.

Submit time  : 2024-05-13T13:10:30
Start time   : 2024-05-19T02:40:14
End time     : 2024-05-19T03:28:00
Elapsed time : 00:47:46 (Timelimit=2-11:55:00)

Job ID: 6005653
Array Job ID: 5983986_5
Cluster: i5
User/Group: sy6u19/mm
State: COMPLETED (exit code 0)
Cores: 1
CPU Utilized: 00:45:22
CPU Efficiency: 94.98% of 00:47:46 core-walltime
Job Wall-clock time: 00:47:46
Memory Utilized: 2.23 GB
Memory Efficiency: 28.51% of 7.81 GB

