Running SLURM prolog script on gold51.cluster.local
===============================================================================
Job started on Sun May 19 09:31:15 BST 2024
Job ID          : 5983990
Job name        : smpso-MOP.slurm
WorkDir         : /mainfs/home/sy6u19/cmlsga-jmetalpy/corrections/slurm
Command         : /mainfs/home/sy6u19/cmlsga-jmetalpy/corrections/slurm/smpso-MOP.slurm
Partition       : serial
Num hosts       : 1
Num cores       : 1
Num of tasks    : 1
Hosts allocated : gold51
Job Output Follows ...
===============================================================================
==============================================================================
Running epilogue script on gold51.

Submit time  : 2024-05-13T13:10:30
Start time   : 2024-05-19T09:07:15
End time     : 2024-05-19T09:51:31
Elapsed time : 00:44:16 (Timelimit=2-11:55:00)

Job ID: 6005785
Array Job ID: 5983990_1
Cluster: i5
User/Group: sy6u19/mm
State: COMPLETED (exit code 0)
Cores: 1
CPU Utilized: 00:43:38
CPU Efficiency: 98.57% of 00:44:16 core-walltime
Job Wall-clock time: 00:44:16
Memory Utilized: 3.35 GB
Memory Efficiency: 42.84% of 7.81 GB

==============================================================================
Running epilogue script on gold51.

Submit time  : 2024-05-13T13:10:30
Start time   : 2024-05-19T09:18:15
End time     : 2024-05-19T09:58:36
Elapsed time : 00:40:21 (Timelimit=2-11:55:00)

Job ID: 6005791
Array Job ID: 5983990_4
Cluster: i5
User/Group: sy6u19/mm
State: COMPLETED (exit code 0)
Cores: 1
CPU Utilized: 00:39:49
CPU Efficiency: 98.68% of 00:40:21 core-walltime
Job Wall-clock time: 00:40:21
Memory Utilized: 3.13 GB
Memory Efficiency: 40.00% of 7.81 GB

==============================================================================
Running epilogue script on gold51.

Submit time  : 2024-05-13T13:10:30
Start time   : 2024-05-19T09:25:15
End time     : 2024-05-19T12:55:25
Elapsed time : 03:30:10 (Timelimit=2-11:55:00)

Job ID: 6005793
Array Job ID: 5983990_6
Cluster: i5
User/Group: sy6u19/mm
State: COMPLETED (exit code 0)
Cores: 1
CPU Utilized: 03:29:09
CPU Efficiency: 99.52% of 03:30:10 core-walltime
Job Wall-clock time: 03:30:10
Memory Utilized: 3.43 GB
Memory Efficiency: 43.96% of 7.81 GB

==============================================================================
Running epilogue script on gold51.

Submit time  : 2024-05-13T13:10:30
Start time   : 2024-05-19T09:31:15
End time     : 2024-05-19T13:10:44
Elapsed time : 03:39:29 (Timelimit=2-11:55:00)

Job ID: 5983990
Array Job ID: 5983990_7
Cluster: i5
User/Group: sy6u19/mm
State: COMPLETED (exit code 0)
Cores: 1
CPU Utilized: 03:37:50
CPU Efficiency: 99.25% of 03:39:29 core-walltime
Job Wall-clock time: 03:39:29
Memory Utilized: 3.64 GB
Memory Efficiency: 46.54% of 7.81 GB

