Running SLURM prolog script on gold51.cluster.local
===============================================================================
Job started on Sun May 19 10:40:15 BST 2024
Job ID          : 5983991
Job name        : smpso-UF.slurm
WorkDir         : /mainfs/home/sy6u19/cmlsga-jmetalpy/corrections/slurm
Command         : /mainfs/home/sy6u19/cmlsga-jmetalpy/corrections/slurm/smpso-UF.slurm
Partition       : serial
Num hosts       : 1
Num cores       : 1
Num of tasks    : 1
Hosts allocated : gold51
Job Output Follows ...
===============================================================================
==============================================================================
Running epilogue script on gold51.

Submit time  : 2024-05-13T13:10:30
Start time   : 2024-05-19T10:29:15
End time     : 2024-05-19T10:51:27
Elapsed time : 00:22:12 (Timelimit=2-11:55:00)

Job ID: 6005860
Array Job ID: 5983991_7
Cluster: i5
User/Group: sy6u19/mm
State: COMPLETED (exit code 0)
Cores: 1
CPU Utilized: 00:21:36
CPU Efficiency: 97.30% of 00:22:12 core-walltime
Job Wall-clock time: 00:22:12
Memory Utilized: 3.31 GB
Memory Efficiency: 42.34% of 7.81 GB

==============================================================================
Running epilogue script on gold51.

Submit time  : 2024-05-13T13:10:30
Start time   : 2024-05-19T10:32:15
End time     : 2024-05-19T11:35:38
Elapsed time : 01:03:23 (Timelimit=2-11:55:00)

Job ID: 6005865
Array Job ID: 5983991_8
Cluster: i5
User/Group: sy6u19/mm
State: COMPLETED (exit code 0)
Cores: 1
CPU Utilized: 01:02:43
CPU Efficiency: 98.95% of 01:03:23 core-walltime
Job Wall-clock time: 01:03:23
Memory Utilized: 5.05 GB
Memory Efficiency: 64.63% of 7.81 GB

==============================================================================
Running epilogue script on gold51.

Submit time  : 2024-05-13T13:10:30
Start time   : 2024-05-19T10:40:15
End time     : 2024-05-19T11:41:55
Elapsed time : 01:01:40 (Timelimit=2-11:55:00)

Job ID: 5983991
Array Job ID: 5983991_9
Cluster: i5
User/Group: sy6u19/mm
State: COMPLETED (exit code 0)
Cores: 1
CPU Utilized: 01:00:34
CPU Efficiency: 98.22% of 01:01:40 core-walltime
Job Wall-clock time: 01:01:40
Memory Utilized: 4.23 GB
Memory Efficiency: 54.11% of 7.81 GB

