Running SLURM prolog script on gold51.cluster.local
===============================================================================
Job started on Sun May 19 01:51:14 BST 2024
Job ID          : 5983985
Job name        : smpso-DASCMOP-6.slurm
WorkDir         : /mainfs/home/sy6u19/cmlsga-jmetalpy/corrections/slurm
Command         : /mainfs/home/sy6u19/cmlsga-jmetalpy/corrections/slurm/smpso-DASCMOP-6.slurm
Partition       : serial
Num hosts       : 1
Num cores       : 1
Num of tasks    : 1
Hosts allocated : gold51
Job Output Follows ...
===============================================================================
==============================================================================
Running epilogue script on gold51.

Submit time  : 2024-05-13T13:10:30
Start time   : 2024-05-19T01:35:14
End time     : 2024-05-19T01:54:46
Elapsed time : 00:19:32 (Timelimit=2-11:55:00)

Job ID: 6005559
Array Job ID: 5983985_2
Cluster: i5
User/Group: sy6u19/mm
State: COMPLETED (exit code 0)
Cores: 1
CPU Utilized: 00:18:44
CPU Efficiency: 95.90% of 00:19:32 core-walltime
Job Wall-clock time: 00:19:32
Memory Utilized: 1.32 GB
Memory Efficiency: 16.89% of 7.81 GB

==============================================================================
Running epilogue script on gold51.

Submit time  : 2024-05-13T13:10:30
Start time   : 2024-05-19T01:37:54
End time     : 2024-05-19T03:25:44
Elapsed time : 01:47:50 (Timelimit=2-11:55:00)

Job ID: 6005562
Array Job ID: 5983985_4
Cluster: i5
User/Group: sy6u19/mm
State: COMPLETED (exit code 0)
Cores: 1
CPU Utilized: 01:47:10
CPU Efficiency: 99.38% of 01:47:50 core-walltime
Job Wall-clock time: 01:47:50
Memory Utilized: 4.64 GB
Memory Efficiency: 59.40% of 7.81 GB

==============================================================================
Running epilogue script on gold51.

Submit time  : 2024-05-13T13:10:30
Start time   : 2024-05-19T01:39:14
End time     : 2024-05-19T03:29:15
Elapsed time : 01:50:01 (Timelimit=2-11:55:00)

Job ID: 6005564
Array Job ID: 5983985_5
Cluster: i5
User/Group: sy6u19/mm
State: COMPLETED (exit code 0)
Cores: 1
CPU Utilized: 01:49:28
CPU Efficiency: 99.50% of 01:50:01 core-walltime
Job Wall-clock time: 01:50:01
Memory Utilized: 4.44 GB
Memory Efficiency: 56.84% of 7.81 GB

