Running SLURM prolog script on gold51.cluster.local
===============================================================================
Job started on Sun May 19 09:03:15 BST 2024
Job ID          : 5983989
Job name        : smpso-LZ09_F.slurm
WorkDir         : /mainfs/home/sy6u19/cmlsga-jmetalpy/corrections/slurm
Command         : /mainfs/home/sy6u19/cmlsga-jmetalpy/corrections/slurm/smpso-LZ09_F.slurm
Partition       : serial
Num hosts       : 1
Num cores       : 1
Num of tasks    : 1
Hosts allocated : gold51
Job Output Follows ...
===============================================================================
==============================================================================
Running epilogue script on gold51.

Submit time  : 2024-05-13T13:10:30
Start time   : 2024-05-19T08:40:15
End time     : 2024-05-19T09:06:33
Elapsed time : 00:26:18 (Timelimit=2-11:55:00)

Job ID: 6005776
Array Job ID: 5983989_6
Cluster: i5
User/Group: sy6u19/mm
State: COMPLETED (exit code 0)
Cores: 1
CPU Utilized: 00:25:15
CPU Efficiency: 96.01% of 00:26:18 core-walltime
Job Wall-clock time: 00:26:18
Memory Utilized: 2.92 GB
Memory Efficiency: 37.34% of 7.81 GB

==============================================================================
Running epilogue script on gold51.

Submit time  : 2024-05-13T13:10:30
Start time   : 2024-05-19T08:35:15
End time     : 2024-05-19T09:10:36
Elapsed time : 00:35:21 (Timelimit=2-11:55:00)

Job ID: 6005775
Array Job ID: 5983989_5
Cluster: i5
User/Group: sy6u19/mm
State: COMPLETED (exit code 0)
Cores: 1
CPU Utilized: 00:34:32
CPU Efficiency: 97.69% of 00:35:21 core-walltime
Job Wall-clock time: 00:35:21
Memory Utilized: 4.23 GB
Memory Efficiency: 54.10% of 7.81 GB

==============================================================================
Running epilogue script on gold51.

Submit time  : 2024-05-13T13:10:30
Start time   : 2024-05-19T08:52:15
End time     : 2024-05-19T09:16:35
Elapsed time : 00:24:20 (Timelimit=2-11:55:00)

Job ID: 6005783
Array Job ID: 5983989_8
Cluster: i5
User/Group: sy6u19/mm
State: COMPLETED (exit code 0)
Cores: 1
CPU Utilized: 00:23:34
CPU Efficiency: 96.85% of 00:24:20 core-walltime
Job Wall-clock time: 00:24:20
Memory Utilized: 2.27 GB
Memory Efficiency: 29.01% of 7.81 GB

==============================================================================
Running epilogue script on gold53.

Submit time  : 2024-05-13T13:10:30
Start time   : 2024-05-19T08:50:15
End time     : 2024-05-19T09:25:14
Elapsed time : 00:34:59 (Timelimit=2-11:55:00)

Job ID: 6005782
Array Job ID: 5983989_7
Cluster: i5
User/Group: sy6u19/mm
State: COMPLETED (exit code 0)
Cores: 1
CPU Utilized: 00:33:12
CPU Efficiency: 94.90% of 00:34:59 core-walltime
Job Wall-clock time: 00:34:59
Memory Utilized: 2.01 GB
Memory Efficiency: 25.73% of 7.81 GB

