Running SLURM prolog script on gold51.cluster.local
===============================================================================
Job started on Tue Jul  2 12:05:49 BST 2024
Job ID          : 6182756
Job name        : summary.slurm
WorkDir         : /mainfs/home/sy6u19/cmlsga-jmetalpy/corrections
Command         : /mainfs/home/sy6u19/cmlsga-jmetalpy/corrections/summary.slurm
Partition       : serial
Num hosts       : 1
Num cores       : 1
Num of tasks    : 1
Hosts allocated : gold51
Job Output Follows ...
===============================================================================
==============================================================================
Running epilogue script on gold51.

Submit time  : 2024-07-02T12:05:18
Start time   : 2024-07-02T12:05:48
End time     : 2024-07-04T08:11:04
Elapsed time : 1-20:05:16 (Timelimit=1-20:05:00)

Job ID: 6182756
Cluster: i5
User/Group: sy6u19/mm
State: TIMEOUT (exit code 0)
Cores: 1
CPU Utilized: 00:00:00
CPU Efficiency: 0.00% of 1-20:05:16 core-walltime
Job Wall-clock time: 1-20:05:16
Memory Utilized: 1.26 GB
Memory Efficiency: 32.28% of 3.91 GB

