Running SLURM prolog script on gold51.cluster.local
===============================================================================
Job started on Sun Sep 29 21:12:06 BST 2024
Job ID          : 6604678
Job name        : U-NSGA-IIIe-cont-ZDT.slurm
WorkDir         : /mainfs/home/sy6u19/cmlsga-jmetalpy/corrections/summary-slurm
Command         : /mainfs/home/sy6u19/cmlsga-jmetalpy/corrections/summary-slurm/U-NSGA-IIIe-cont-ZDT.slurm
Partition       : serial
Num hosts       : 1
Num cores       : 1
Num of tasks    : 1
Hosts allocated : gold51
Job Output Follows ...
===============================================================================
Running SLURM prolog script on gold51.cluster.local
===============================================================================
Job started on Sun Sep 29 21:12:06 BST 2024
Job ID          : 6604679
Job name        : U-NSGA-IIIe-cont-ZDT.slurm
WorkDir         : /mainfs/home/sy6u19/cmlsga-jmetalpy/corrections/summary-slurm
Command         : /mainfs/home/sy6u19/cmlsga-jmetalpy/corrections/summary-slurm/U-NSGA-IIIe-cont-ZDT.slurm
Partition       : serial
Num hosts       : 1
Num cores       : 1
Num of tasks    : 1
Hosts allocated : gold51
Job Output Follows ...
===============================================================================
Running SLURM prolog script on gold51.cluster.local
===============================================================================
Job started on Sun Sep 29 21:12:06 BST 2024
Job ID          : 6604024
Job name        : U-NSGA-IIIe-cont-ZDT.slurm
WorkDir         : /mainfs/home/sy6u19/cmlsga-jmetalpy/corrections/summary-slurm
Command         : /mainfs/home/sy6u19/cmlsga-jmetalpy/corrections/summary-slurm/U-NSGA-IIIe-cont-ZDT.slurm
Partition       : serial
Num hosts       : 1
Num cores       : 1
Num of tasks    : 1
Hosts allocated : gold51
Job Output Follows ...
===============================================================================
/ssdfs/users/sy6u19/data-100000evals-30runs-corrections-normals/U-NSGA-IIIe-cont/ZDT4
U-NSGA-IIIe-cont, ZDT4
U-NSGA-IIIe-cont, ZDT4
/ssdfs/users/sy6u19/data-100000evals-30runs-corrections-normals/U-NSGA-IIIe-cont/ZDT6
U-NSGA-IIIe-cont, ZDT6
U-NSGA-IIIe-cont, ZDT6
/ssdfs/users/sy6u19/data-100000evals-30runs-corrections-normals/U-NSGA-IIIe-cont/ZDT3
U-NSGA-IIIe-cont, ZDT3
U-NSGA-IIIe-cont, ZDT3
==============================================================================
Running epilogue script on gold51.

==============================================================================
Running epilogue script on gold51.

Submit time  : 2024-09-29T19:10:40
Submit time  : 2024-09-29T19:10:40
Start time   : 2024-09-29T21:12:06
Start time   : 2024-09-29T21:12:06
End time     : 2024-09-29T21:12:22
End time     : 2024-09-29T21:12:22
Elapsed time : 00:00:16 Elapsed time : 00:00:16 (Timelimit=1-23:55:00)

(Timelimit=1-23:55:00)

Job ID: 6604678
Array Job ID: 6604024_3
Cluster: i5
User/Group: sy6u19/mm
State: FAILED (exit code 1)
Cores: 1
CPU Utilized: 00:00:04
CPU Efficiency: 25.00% of 00:00:16 core-walltime
Job Wall-clock time: 00:00:16
Memory Utilized: 2.35 MB
Memory Efficiency: 0.03% of 7.81 GB
Job ID: 6604679
Array Job ID: 6604024_4
Cluster: i5
User/Group: sy6u19/mm
State: FAILED (exit code 1)
Cores: 1
CPU Utilized: 00:00:04
CPU Efficiency: 25.00% of 00:00:16 core-walltime
Job Wall-clock time: 00:00:16
Memory Utilized: 2.34 MB
Memory Efficiency: 0.03% of 7.81 GB


