Running SLURM prolog script on gold51.cluster.local
===============================================================================
Job started on Sun Sep 29 21:04:51 BST 2024
Job ID          : 6604015
Job name        : U-NSGA-IIIe-cont-DASCMOP-5.slurm
WorkDir         : /mainfs/home/sy6u19/cmlsga-jmetalpy/corrections/summary-slurm
Command         : /mainfs/home/sy6u19/cmlsga-jmetalpy/corrections/summary-slurm/U-NSGA-IIIe-cont-DASCMOP-5.slurm
Partition       : serial
Num hosts       : 1
Num cores       : 1
Num of tasks    : 1
Hosts allocated : gold51
Job Output Follows ...
===============================================================================
Running SLURM prolog script on gold51.cluster.local
===============================================================================
Job started on Sun Sep 29 21:04:51 BST 2024
Job ID          : 6604612
Job name        : U-NSGA-IIIe-cont-DASCMOP-5.slurm
WorkDir         : /mainfs/home/sy6u19/cmlsga-jmetalpy/corrections/summary-slurm
Command         : /mainfs/home/sy6u19/cmlsga-jmetalpy/corrections/summary-slurm/U-NSGA-IIIe-cont-DASCMOP-5.slurm
Partition       : serial
Num hosts       : 1
Num cores       : 1
Num of tasks    : 1
Hosts allocated : gold51
Job Output Follows ...
===============================================================================
Running SLURM prolog script on gold51.cluster.local
===============================================================================
Job started on Sun Sep 29 21:04:51 BST 2024
Job ID          : 6604613
Job name        : U-NSGA-IIIe-cont-DASCMOP-5.slurm
WorkDir         : /mainfs/home/sy6u19/cmlsga-jmetalpy/corrections/summary-slurm
Command         : /mainfs/home/sy6u19/cmlsga-jmetalpy/corrections/summary-slurm/U-NSGA-IIIe-cont-DASCMOP-5.slurm
Partition       : serial
Num hosts       : 1
Num cores       : 1
Num of tasks    : 1
Hosts allocated : gold51
Job Output Follows ...
===============================================================================
/ssdfs/users/sy6u19/data-100000evals-30runs-corrections-normals/U-NSGA-IIIe-cont/DASCMOP6(5)
U-NSGA-IIIe-cont, DASCMOP6(5)
U-NSGA-IIIe-cont, DASCMOP6(5)
/ssdfs/users/sy6u19/data-100000evals-30runs-corrections-normals/U-NSGA-IIIe-cont/DASCMOP5(5)
U-NSGA-IIIe-cont, DASCMOP5(5)
U-NSGA-IIIe-cont, DASCMOP5(5)
/ssdfs/users/sy6u19/data-100000evals-30runs-corrections-normals/U-NSGA-IIIe-cont/DASCMOP4(5)
U-NSGA-IIIe-cont, DASCMOP4(5)
U-NSGA-IIIe-cont, DASCMOP4(5)
==============================================================================
Running epilogue script on gold51.

Submit time  : 2024-09-29T19:10:40
Start time   : 2024-09-29T21:04:51
End time     : 2024-09-29T21:04:54
Elapsed time : 00:00:03 ==============================================================================
Running epilogue script on gold51.

(Timelimit=1-23:55:00)

Submit time  : 2024-09-29T19:10:40
Start time   : 2024-09-29T21:04:51
End time     : 2024-09-29T21:04:54
Elapsed time : 00:00:03 (Timelimit=1-23:55:00)

Job ID: 6604613
Array Job ID: 6604015_5
Cluster: i5
User/Group: sy6u19/mm
State: FAILED (exit code 1)
Cores: 1
CPU Utilized: 00:00:02
CPU Efficiency: 66.67% of 00:00:03 core-walltime
Job Wall-clock time: 00:00:03
Memory Utilized: 2.35 MB
Memory Efficiency: 0.03% of 7.81 GB

Job ID: 6604612
Array Job ID: 6604015_4
Cluster: i5
User/Group: sy6u19/mm
State: FAILED (exit code 1)
Cores: 1
CPU Utilized: 00:00:02
CPU Efficiency: 66.67% of 00:00:03 core-walltime
Job Wall-clock time: 00:00:03
Memory Utilized: 2.36 MB
Memory Efficiency: 0.03% of 7.81 GB

