Running SLURM prolog script on gold51.cluster.local
===============================================================================
Job started on Sun Sep 29 21:05:06 BST 2024
Job ID          : 6604615
Job name        : U-NSGA-IIIe-cont-DASCMOP-6.slurm
WorkDir         : /mainfs/home/sy6u19/cmlsga-jmetalpy/corrections/summary-slurm
Command         : /mainfs/home/sy6u19/cmlsga-jmetalpy/corrections/summary-slurm/U-NSGA-IIIe-cont-DASCMOP-6.slurm
Partition       : serial
Num hosts       : 1
Num cores       : 1
Num of tasks    : 1
Hosts allocated : gold51
Job Output Follows ...
===============================================================================
Running SLURM prolog script on gold51.cluster.local
===============================================================================
Job started on Sun Sep 29 21:05:06 BST 2024
Job ID          : 6604616
Job name        : U-NSGA-IIIe-cont-DASCMOP-6.slurm
WorkDir         : /mainfs/home/sy6u19/cmlsga-jmetalpy/corrections/summary-slurm
Command         : /mainfs/home/sy6u19/cmlsga-jmetalpy/corrections/summary-slurm/U-NSGA-IIIe-cont-DASCMOP-6.slurm
Partition       : serial
Num hosts       : 1
Num cores       : 1
Num of tasks    : 1
Hosts allocated : gold51
Job Output Follows ...
===============================================================================
Running SLURM prolog script on gold51.cluster.local
===============================================================================
Job started on Sun Sep 29 21:05:06 BST 2024
Job ID          : 6604617
Job name        : U-NSGA-IIIe-cont-DASCMOP-6.slurm
WorkDir         : /mainfs/home/sy6u19/cmlsga-jmetalpy/corrections/summary-slurm
Command         : /mainfs/home/sy6u19/cmlsga-jmetalpy/corrections/summary-slurm/U-NSGA-IIIe-cont-DASCMOP-6.slurm
Partition       : serial
Num hosts       : 1
Num cores       : 1
Num of tasks    : 1
Hosts allocated : gold51
Job Output Follows ...
===============================================================================
Running SLURM prolog script on gold51.cluster.local
===============================================================================
Job started on Sun Sep 29 21:05:06 BST 2024
Job ID          : 6604618
Job name        : U-NSGA-IIIe-cont-DASCMOP-6.slurm
WorkDir         : /mainfs/home/sy6u19/cmlsga-jmetalpy/corrections/summary-slurm
Command         : /mainfs/home/sy6u19/cmlsga-jmetalpy/corrections/summary-slurm/U-NSGA-IIIe-cont-DASCMOP-6.slurm
Partition       : serial
Num hosts       : 1
Num cores       : 1
Num of tasks    : 1
Hosts allocated : gold51
Job Output Follows ...
===============================================================================
Running SLURM prolog script on gold54.cluster.local
===============================================================================
Job started on Sun Sep 29 21:05:06 BST 2024
Job ID          : 6604016
Job name        : U-NSGA-IIIe-cont-DASCMOP-6.slurm
WorkDir         : /mainfs/home/sy6u19/cmlsga-jmetalpy/corrections/summary-slurm
Command         : /mainfs/home/sy6u19/cmlsga-jmetalpy/corrections/summary-slurm/U-NSGA-IIIe-cont-DASCMOP-6.slurm
Partition       : serial
Num hosts       : 1
Num cores       : 1
Num of tasks    : 1
Hosts allocated : gold54
Job Output Follows ...
===============================================================================
/ssdfs/users/sy6u19/data-100000evals-30runs-corrections-normals/U-NSGA-IIIe-cont/DASCMOP5(6)
U-NSGA-IIIe-cont, DASCMOP5(6)
U-NSGA-IIIe-cont, DASCMOP5(6)
/ssdfs/users/sy6u19/data-100000evals-30runs-corrections-normals/U-NSGA-IIIe-cont/DASCMOP2(6)
U-NSGA-IIIe-cont, DASCMOP2(6)
U-NSGA-IIIe-cont, DASCMOP2(6)
/ssdfs/users/sy6u19/data-100000evals-30runs-corrections-normals/U-NSGA-IIIe-cont/DASCMOP4(6)
U-NSGA-IIIe-cont, DASCMOP4(6)
U-NSGA-IIIe-cont, DASCMOP4(6)
/ssdfs/users/sy6u19/data-100000evals-30runs-corrections-normals/U-NSGA-IIIe-cont/DASCMOP3(6)
U-NSGA-IIIe-cont, DASCMOP3(6)
U-NSGA-IIIe-cont, DASCMOP3(6)
==============================================================================
Running epilogue script on gold52.

Submit time  : 2024-09-29T19:10:40
Start time   : 2024-09-29T21:04:51
End time     : 2024-09-29T21:04:59
/ssdfs/users/sy6u19/data-100000evals-30runs-corrections-normals/U-NSGA-IIIe-cont/DASCMOP6(6)
U-NSGA-IIIe-cont, DASCMOP6(6)
U-NSGA-IIIe-cont, DASCMOP6(6)
Elapsed time : 00:00:08 (Timelimit=1-23:55:00)

Job ID: 6604614
Array Job ID: 6604016_1
Cluster: i5
User/Group: sy6u19/mm
State: FAILED (exit code 1)
Cores: 1
CPU Utilized: 00:00:03
CPU Efficiency: 37.50% of 00:00:08 core-walltime
Job Wall-clock time: 00:00:08
Memory Utilized: 2.37 MB
Memory Efficiency: 0.03% of 7.81 GB

==============================================================================
Running epilogue script on gold51.

==============================================================================
Running epilogue script on gold51.

Submit time  : 2024-09-29T19:10:40
Submit time  : 2024-09-29T19:10:40
Start time   : 2024-09-29T21:05:06
Start time   : 2024-09-29T21:05:06
End time     : 2024-09-29T21:05:09
End time     : 2024-09-29T21:05:09
Elapsed time : 00:00:03 Elapsed time : 00:00:03 (Timelimit=1-23:55:00)

(Timelimit=1-23:55:00)

==============================================================================
Running epilogue script on gold51.

==============================================================================
Running epilogue script on gold51.

Submit time  : 2024-09-29T19:10:40
Submit time  : 2024-09-29T19:10:40
Start time   : 2024-09-29T21:05:06
Start time   : 2024-09-29T21:05:06
End time     : 2024-09-29T21:05:09
End time     : 2024-09-29T21:05:09
Elapsed time : 00:00:03 Elapsed time : 00:00:03 (Timelimit=1-23:55:00)

(Timelimit=1-23:55:00)

Job ID: 6604618
Array Job ID: 6604016_5
Cluster: i5
User/Group: sy6u19/mm
State: FAILED (exit code 1)
Cores: 1
CPU Utilized: 00:00:02
CPU Efficiency: 66.67% of 00:00:03 core-walltime
Job Wall-clock time: 00:00:03
Memory Utilized: 2.35 MB
Memory Efficiency: 0.03% of 7.81 GB

Job ID: 6604615
Array Job ID: 6604016_2
Cluster: i5
User/Group: sy6u19/mm
State: FAILED (exit code 1)
Cores: 1
CPU Utilized: 00:00:02
CPU Efficiency: 66.67% of 00:00:03 core-walltime
Job Wall-clock time: 00:00:03
Memory Utilized: 2.35 MB
Memory Efficiency: 0.03% of 7.81 GB

Job ID: 6604617
Array Job ID: 6604016_4
Cluster: i5
User/Group: sy6u19/mm
State: FAILED (exit code 1)
Cores: 1
CPU Utilized: 00:00:02
CPU Efficiency: 66.67% of 00:00:03 core-walltime
Job Wall-clock time: 00:00:03
Memory Utilized: 2.35 MB
Memory Efficiency: 0.03% of 7.81 GB

Job ID: 6604616
Array Job ID: 6604016_3
Cluster: i5
User/Group: sy6u19/mm
State: FAILED (exit code 1)
Cores: 1
CPU Utilized: 00:00:02
CPU Efficiency: 66.67% of 00:00:03 core-walltime
Job Wall-clock time: 00:00:03
Memory Utilized: 2.35 MB
Memory Efficiency: 0.03% of 7.81 GB

