Running SLURM prolog script on gold52.cluster.local
===============================================================================
Job started on Sun Sep 29 21:17:06 BST 2024
Job ID          : 6604752
Job name        : U-NSGA-IIIe-non-cont-ZDT.slurm
WorkDir         : /mainfs/home/sy6u19/cmlsga-jmetalpy/corrections/summary-slurm
Command         : /mainfs/home/sy6u19/cmlsga-jmetalpy/corrections/summary-slurm/U-NSGA-IIIe-non-cont-ZDT.slurm
Partition       : serial
Num hosts       : 1
Num cores       : 1
Num of tasks    : 1
Hosts allocated : gold52
Job Output Follows ...
===============================================================================
Running SLURM prolog script on gold52.cluster.local
===============================================================================
Job started on Sun Sep 29 21:17:06 BST 2024
Job ID          : 6604754
Job name        : U-NSGA-IIIe-non-cont-ZDT.slurm
WorkDir         : /mainfs/home/sy6u19/cmlsga-jmetalpy/corrections/summary-slurm
Command         : /mainfs/home/sy6u19/cmlsga-jmetalpy/corrections/summary-slurm/U-NSGA-IIIe-non-cont-ZDT.slurm
Partition       : serial
Num hosts       : 1
Num cores       : 1
Num of tasks    : 1
Hosts allocated : gold52
Job Output Follows ...
===============================================================================
Running SLURM prolog script on gold52.cluster.local
===============================================================================
Job started on Sun Sep 29 21:17:06 BST 2024
Job ID          : 6604753
Job name        : U-NSGA-IIIe-non-cont-ZDT.slurm
WorkDir         : /mainfs/home/sy6u19/cmlsga-jmetalpy/corrections/summary-slurm
Command         : /mainfs/home/sy6u19/cmlsga-jmetalpy/corrections/summary-slurm/U-NSGA-IIIe-non-cont-ZDT.slurm
Partition       : serial
Num hosts       : 1
Num cores       : 1
Num of tasks    : 1
Hosts allocated : gold52
Job Output Follows ...
===============================================================================
Running SLURM prolog script on gold52.cluster.local
===============================================================================
Job started on Sun Sep 29 21:17:06 BST 2024
Job ID          : 6604034
Job name        : U-NSGA-IIIe-non-cont-ZDT.slurm
WorkDir         : /mainfs/home/sy6u19/cmlsga-jmetalpy/corrections/summary-slurm
Command         : /mainfs/home/sy6u19/cmlsga-jmetalpy/corrections/summary-slurm/U-NSGA-IIIe-non-cont-ZDT.slurm
Partition       : serial
Num hosts       : 1
Num cores       : 1
Num of tasks    : 1
Hosts allocated : gold52
Job Output Follows ...
===============================================================================
/ssdfs/users/sy6u19/data-100000evals-30runs-corrections-normals/U-NSGA-IIIe-non-cont/ZDT6
U-NSGA-IIIe-non-cont, ZDT6
U-NSGA-IIIe-non-cont, ZDT6
/ssdfs/users/sy6u19/data-100000evals-30runs-corrections-normals/U-NSGA-IIIe-non-cont/ZDT2
U-NSGA-IIIe-non-cont, ZDT2
U-NSGA-IIIe-non-cont, ZDT2
/ssdfs/users/sy6u19/data-100000evals-30runs-corrections-normals/U-NSGA-IIIe-non-cont/ZDT4
U-NSGA-IIIe-non-cont, ZDT4
U-NSGA-IIIe-non-cont, ZDT4
/ssdfs/users/sy6u19/data-100000evals-30runs-corrections-normals/U-NSGA-IIIe-non-cont/ZDT3
U-NSGA-IIIe-non-cont, ZDT3
U-NSGA-IIIe-non-cont, ZDT3
==============================================================================
Running epilogue script on gold52.

Submit time  : 2024-09-29T19:10:40
Start time   : 2024-09-29T21:17:06
End time     : 2024-09-29T21:17:09
==============================================================================
Running epilogue script on gold52.

Elapsed time : 00:00:03 ==============================================================================
Running epilogue script on gold52.

Submit time  : 2024-09-29T19:10:40
(Timelimit=1-23:55:00)

Submit time  : 2024-09-29T19:10:40
Start time   : 2024-09-29T21:17:06
Start time   : 2024-09-29T21:17:06
End time     : 2024-09-29T21:17:09
End time     : 2024-09-29T21:17:09
Elapsed time : 00:00:03 Elapsed time : 00:00:03 (Timelimit=1-23:55:00)

(Timelimit=1-23:55:00)

Job ID: 6604752
Array Job ID: 6604034_2
Cluster: i5
User/Group: sy6u19/mm
State: FAILED (exit code 1)
Cores: 1
CPU Utilized: 00:00:03
CPU Efficiency: 100.00% of 00:00:03 core-walltime
Job Wall-clock time: 00:00:03
Memory Utilized: 2.37 MB
Memory Efficiency: 0.03% of 7.81 GB

Job ID: 6604754
Array Job ID: 6604034_4
Cluster: i5
User/Group: sy6u19/mm
State: FAILED (exit code 1)
Cores: 1
CPU Utilized: 00:00:03
CPU Efficiency: 100.00% of 00:00:03 core-walltime
Job Wall-clock time: 00:00:03
Memory Utilized: 2.37 MB
Memory Efficiency: 0.03% of 7.81 GB

Job ID: 6604753
Array Job ID: 6604034_3
Cluster: i5
User/Group: sy6u19/mm
State: FAILED (exit code 1)
Cores: 1
CPU Utilized: 00:00:03
CPU Efficiency: 100.00% of 00:00:03 core-walltime
Job Wall-clock time: 00:00:03
Memory Utilized: 2.37 MB
Memory Efficiency: 0.03% of 7.81 GB

