Running SLURM prolog script on gold52.cluster.local
===============================================================================
Job started on Sun Sep 29 21:11:06 BST 2024
Job ID          : 6604673
Job name        : U-NSGA-IIIe-cont-WFG.slurm
WorkDir         : /mainfs/home/sy6u19/cmlsga-jmetalpy/corrections/summary-slurm
Command         : /mainfs/home/sy6u19/cmlsga-jmetalpy/corrections/summary-slurm/U-NSGA-IIIe-cont-WFG.slurm
Partition       : serial
Num hosts       : 1
Num cores       : 1
Num of tasks    : 1
Hosts allocated : gold52
Job Output Follows ...
===============================================================================
Running SLURM prolog script on gold52.cluster.local
===============================================================================
Job started on Sun Sep 29 21:11:06 BST 2024
Job ID          : 6604671
Job name        : U-NSGA-IIIe-cont-WFG.slurm
WorkDir         : /mainfs/home/sy6u19/cmlsga-jmetalpy/corrections/summary-slurm
Command         : /mainfs/home/sy6u19/cmlsga-jmetalpy/corrections/summary-slurm/U-NSGA-IIIe-cont-WFG.slurm
Partition       : serial
Num hosts       : 1
Num cores       : 1
Num of tasks    : 1
Hosts allocated : gold52
Job Output Follows ...
===============================================================================
Running SLURM prolog script on gold52.cluster.local
===============================================================================
Job started on Sun Sep 29 21:11:06 BST 2024
Job ID          : 6604672
Job name        : U-NSGA-IIIe-cont-WFG.slurm
WorkDir         : /mainfs/home/sy6u19/cmlsga-jmetalpy/corrections/summary-slurm
Command         : /mainfs/home/sy6u19/cmlsga-jmetalpy/corrections/summary-slurm/U-NSGA-IIIe-cont-WFG.slurm
Partition       : serial
Num hosts       : 1
Num cores       : 1
Num of tasks    : 1
Hosts allocated : gold52
Job Output Follows ...
===============================================================================
Running SLURM prolog script on gold52.cluster.local
===============================================================================
Job started on Sun Sep 29 21:11:06 BST 2024
Job ID          : 6604674
Job name        : U-NSGA-IIIe-cont-WFG.slurm
WorkDir         : /mainfs/home/sy6u19/cmlsga-jmetalpy/corrections/summary-slurm
Command         : /mainfs/home/sy6u19/cmlsga-jmetalpy/corrections/summary-slurm/U-NSGA-IIIe-cont-WFG.slurm
Partition       : serial
Num hosts       : 1
Num cores       : 1
Num of tasks    : 1
Hosts allocated : gold52
Job Output Follows ...
===============================================================================
Running SLURM prolog script on gold53.cluster.local
===============================================================================
Job started on Sun Sep 29 21:11:06 BST 2024
Job ID          : 6604675
Job name        : U-NSGA-IIIe-cont-WFG.slurm
WorkDir         : /mainfs/home/sy6u19/cmlsga-jmetalpy/corrections/summary-slurm
Command         : /mainfs/home/sy6u19/cmlsga-jmetalpy/corrections/summary-slurm/U-NSGA-IIIe-cont-WFG.slurm
Partition       : serial
Num hosts       : 1
Num cores       : 1
Num of tasks    : 1
Hosts allocated : gold53
Job Output Follows ...
===============================================================================
Running SLURM prolog script on gold53.cluster.local
===============================================================================
Job started on Sun Sep 29 21:11:06 BST 2024
Job ID          : 6604023
Job name        : U-NSGA-IIIe-cont-WFG.slurm
WorkDir         : /mainfs/home/sy6u19/cmlsga-jmetalpy/corrections/summary-slurm
Command         : /mainfs/home/sy6u19/cmlsga-jmetalpy/corrections/summary-slurm/U-NSGA-IIIe-cont-WFG.slurm
Partition       : serial
Num hosts       : 1
Num cores       : 1
Num of tasks    : 1
Hosts allocated : gold53
Job Output Follows ...
===============================================================================
/ssdfs/users/sy6u19/data-100000evals-30runs-corrections-normals/U-NSGA-IIIe-cont/WFG6
U-NSGA-IIIe-cont, WFG6
U-NSGA-IIIe-cont, WFG6
/ssdfs/users/sy6u19/data-100000evals-30runs-corrections-normals/U-NSGA-IIIe-cont/WFG7
U-NSGA-IIIe-cont, WFG7
U-NSGA-IIIe-cont, WFG7
/ssdfs/users/sy6u19/data-100000evals-30runs-corrections-normals/U-NSGA-IIIe-cont/WFG5
U-NSGA-IIIe-cont, WFG5
U-NSGA-IIIe-cont, WFG5
/ssdfs/users/sy6u19/data-100000evals-30runs-corrections-normals/U-NSGA-IIIe-cont/WFG4
U-NSGA-IIIe-cont, WFG4
U-NSGA-IIIe-cont, WFG4
==============================================================================
Running epilogue script on gold52.

==============================================================================
Running epilogue script on gold52.

Submit time  : 2024-09-29T19:10:40
Submit time  : 2024-09-29T19:10:40
Start time   : 2024-09-29T21:11:06
Start time   : 2024-09-29T21:11:06
End time     : 2024-09-29T21:11:09
End time     : 2024-09-29T21:11:09
Elapsed time : 00:00:03 Elapsed time : 00:00:03 (Timelimit=1-23:55:00)

(Timelimit=1-23:55:00)

==============================================================================
Running epilogue script on gold52.

==============================================================================
Running epilogue script on gold52.

Submit time  : 2024-09-29T19:10:40
Submit time  : 2024-09-29T19:10:40
Start time   : 2024-09-29T21:11:06
Start time   : 2024-09-29T21:11:06
End time     : 2024-09-29T21:11:09
End time     : 2024-09-29T21:11:09
Elapsed time : 00:00:03 Elapsed time : 00:00:03 Job ID: 6604674
Array Job ID: 6604023_7
Cluster: i5
User/Group: sy6u19/mm
State: FAILED (exit code 1)
Cores: 1
CPU Utilized: 00:00:03
CPU Efficiency: 100.00% of 00:00:03 core-walltime
Job Wall-clock time: 00:00:03
Memory Utilized: 2.37 MB
Memory Efficiency: 0.03% of 7.81 GB

Job ID: 6604673
Array Job ID: 6604023_6
Cluster: i5
User/Group: sy6u19/mm
State: FAILED (exit code 1)
Cores: 1
CPU Utilized: 00:00:03
CPU Efficiency: 100.00% of 00:00:03 core-walltime
Job Wall-clock time: 00:00:03
Memory Utilized: 2.37 MB
Memory Efficiency: 0.03% of 7.81 GB

(Timelimit=1-23:55:00)

(Timelimit=1-23:55:00)

Job ID: 6604672
Array Job ID: 6604023_5
Cluster: i5
User/Group: sy6u19/mm
State: FAILED (exit code 1)
Cores: 1
CPU Utilized: 00:00:03
CPU Efficiency: 100.00% of 00:00:03 core-walltime
Job Wall-clock time: 00:00:03
Memory Utilized: 2.38 MB
Memory Efficiency: 0.03% of 7.81 GB
Job ID: 6604671
Array Job ID: 6604023_4
Cluster: i5
User/Group: sy6u19/mm
State: FAILED (exit code 1)
Cores: 1
CPU Utilized: 00:00:03
CPU Efficiency: 100.00% of 00:00:03 core-walltime
Job Wall-clock time: 00:00:03
Memory Utilized: 2.38 MB
Memory Efficiency: 0.03% of 7.81 GB


/ssdfs/users/sy6u19/data-100000evals-30runs-corrections-normals/U-NSGA-IIIe-cont/WFG8
U-NSGA-IIIe-cont, WFG8
U-NSGA-IIIe-cont, WFG8
/ssdfs/users/sy6u19/data-100000evals-30runs-corrections-normals/U-NSGA-IIIe-cont/WFG9
U-NSGA-IIIe-cont, WFG9
U-NSGA-IIIe-cont, WFG9
==============================================================================
Running epilogue script on gold53.

Submit time  : 2024-09-29T19:10:40
Start time   : 2024-09-29T21:11:06
End time     : 2024-09-29T21:11:23
Elapsed time : 00:00:17 (Timelimit=1-23:55:00)

Job ID: 6604675
Array Job ID: 6604023_8
Cluster: i5
User/Group: sy6u19/mm
State: FAILED (exit code 1)
Cores: 1
CPU Utilized: 00:00:03
CPU Efficiency: 17.65% of 00:00:17 core-walltime
Job Wall-clock time: 00:00:17
Memory Utilized: 2.38 MB
Memory Efficiency: 0.03% of 7.81 GB

