Running SLURM prolog script on gold51.cluster.local
===============================================================================
Job started on Sun Sep 29 21:06:51 BST 2024
Job ID          : 6604625
Job name        : U-NSGA-IIIe-cont-DTLZ.slurm
WorkDir         : /mainfs/home/sy6u19/cmlsga-jmetalpy/corrections/summary-slurm
Command         : /mainfs/home/sy6u19/cmlsga-jmetalpy/corrections/summary-slurm/U-NSGA-IIIe-cont-DTLZ.slurm
Partition       : serial
Num hosts       : 1
Num cores       : 1
Num of tasks    : 1
Hosts allocated : gold51
Job Output Follows ...
===============================================================================
Running SLURM prolog script on gold51.cluster.local
===============================================================================
Job started on Sun Sep 29 21:06:51 BST 2024
Job ID          : 6604627
Job name        : U-NSGA-IIIe-cont-DTLZ.slurm
WorkDir         : /mainfs/home/sy6u19/cmlsga-jmetalpy/corrections/summary-slurm
Command         : /mainfs/home/sy6u19/cmlsga-jmetalpy/corrections/summary-slurm/U-NSGA-IIIe-cont-DTLZ.slurm
Partition       : serial
Num hosts       : 1
Num cores       : 1
Num of tasks    : 1
Hosts allocated : gold51
Job Output Follows ...
===============================================================================
Running SLURM prolog script on gold51.cluster.local
===============================================================================
Job started on Sun Sep 29 21:06:51 BST 2024
Job ID          : 6604626
Job name        : U-NSGA-IIIe-cont-DTLZ.slurm
WorkDir         : /mainfs/home/sy6u19/cmlsga-jmetalpy/corrections/summary-slurm
Command         : /mainfs/home/sy6u19/cmlsga-jmetalpy/corrections/summary-slurm/U-NSGA-IIIe-cont-DTLZ.slurm
Partition       : serial
Num hosts       : 1
Num cores       : 1
Num of tasks    : 1
Hosts allocated : gold51
Job Output Follows ...
===============================================================================
Running SLURM prolog script on gold51.cluster.local
===============================================================================
Job started on Sun Sep 29 21:06:51 BST 2024
Job ID          : 6604624
Job name        : U-NSGA-IIIe-cont-DTLZ.slurm
WorkDir         : /mainfs/home/sy6u19/cmlsga-jmetalpy/corrections/summary-slurm
Command         : /mainfs/home/sy6u19/cmlsga-jmetalpy/corrections/summary-slurm/U-NSGA-IIIe-cont-DTLZ.slurm
Partition       : serial
Num hosts       : 1
Num cores       : 1
Num of tasks    : 1
Hosts allocated : gold51
Job Output Follows ...
===============================================================================
Running SLURM prolog script on gold51.cluster.local
===============================================================================
Job started on Sun Sep 29 21:06:51 BST 2024
Job ID          : 6604628
Job name        : U-NSGA-IIIe-cont-DTLZ.slurm
WorkDir         : /mainfs/home/sy6u19/cmlsga-jmetalpy/corrections/summary-slurm
Command         : /mainfs/home/sy6u19/cmlsga-jmetalpy/corrections/summary-slurm/U-NSGA-IIIe-cont-DTLZ.slurm
Partition       : serial
Num hosts       : 1
Num cores       : 1
Num of tasks    : 1
Hosts allocated : gold51
Job Output Follows ...
===============================================================================
Running SLURM prolog script on gold52.cluster.local
===============================================================================
Job started on Sun Sep 29 21:06:51 BST 2024
Job ID          : 6604629
Job name        : U-NSGA-IIIe-cont-DTLZ.slurm
WorkDir         : /mainfs/home/sy6u19/cmlsga-jmetalpy/corrections/summary-slurm
Command         : /mainfs/home/sy6u19/cmlsga-jmetalpy/corrections/summary-slurm/U-NSGA-IIIe-cont-DTLZ.slurm
Partition       : serial
Num hosts       : 1
Num cores       : 1
Num of tasks    : 1
Hosts allocated : gold52
Job Output Follows ...
===============================================================================
Running SLURM prolog script on gold52.cluster.local
===============================================================================
Job started on Sun Sep 29 21:06:51 BST 2024
Job ID          : 6604018
Job name        : U-NSGA-IIIe-cont-DTLZ.slurm
WorkDir         : /mainfs/home/sy6u19/cmlsga-jmetalpy/corrections/summary-slurm
Command         : /mainfs/home/sy6u19/cmlsga-jmetalpy/corrections/summary-slurm/U-NSGA-IIIe-cont-DTLZ.slurm
Partition       : serial
Num hosts       : 1
Num cores       : 1
Num of tasks    : 1
Hosts allocated : gold52
Job Output Follows ...
===============================================================================
/ssdfs/users/sy6u19/data-100000evals-30runs-corrections-normals/U-NSGA-IIIe-cont/DTLZ4
U-NSGA-IIIe-cont, DTLZ4
U-NSGA-IIIe-cont, DTLZ4
/ssdfs/users/sy6u19/data-100000evals-30runs-corrections-normals/U-NSGA-IIIe-cont/DTLZ3
U-NSGA-IIIe-cont, DTLZ3
U-NSGA-IIIe-cont, DTLZ3
/ssdfs/users/sy6u19/data-100000evals-30runs-corrections-normals/U-NSGA-IIIe-cont/DTLZ1
U-NSGA-IIIe-cont, DTLZ1
U-NSGA-IIIe-cont, DTLZ1
/ssdfs/users/sy6u19/data-100000evals-30runs-corrections-normals/U-NSGA-IIIe-cont/DTLZ2
U-NSGA-IIIe-cont, DTLZ2
U-NSGA-IIIe-cont, DTLZ2
/ssdfs/users/sy6u19/data-100000evals-30runs-corrections-normals/U-NSGA-IIIe-cont/DTLZ7
U-NSGA-IIIe-cont, DTLZ7
U-NSGA-IIIe-cont, DTLZ7
/ssdfs/users/sy6u19/data-100000evals-30runs-corrections-normals/U-NSGA-IIIe-cont/DTLZ6
U-NSGA-IIIe-cont, DTLZ6
U-NSGA-IIIe-cont, DTLZ6
/ssdfs/users/sy6u19/data-100000evals-30runs-corrections-normals/U-NSGA-IIIe-cont/DTLZ5
U-NSGA-IIIe-cont, DTLZ5
U-NSGA-IIIe-cont, DTLZ5
==============================================================================
Running epilogue script on gold51.

==============================================================================
Running epilogue script on gold51.

==============================================================================
Running epilogue script on gold51.

Submit time  : 2024-09-29T19:10:40
Submit time  : 2024-09-29T19:10:40
Submit time  : 2024-09-29T19:10:40
Start time   : 2024-09-29T21:06:51
Start time   : 2024-09-29T21:06:51
Start time   : 2024-09-29T21:06:51
End time     : 2024-09-29T21:06:54
End time     : 2024-09-29T21:06:54
End time     : 2024-09-29T21:06:54
Elapsed time : 00:00:03 Elapsed time : 00:00:03 Elapsed time : 00:00:03 (Timelimit=1-23:55:00)

==============================================================================
Running epilogue script on gold51.

(Timelimit=1-23:55:00)

(Timelimit=1-23:55:00)

Submit time  : 2024-09-29T19:10:40
Start time   : 2024-09-29T21:06:51
End time     : 2024-09-29T21:06:54
Elapsed time : 00:00:03 (Timelimit=1-23:55:00)

Job ID: 6604626
Array Job ID: 6604018_3
Cluster: i5
User/Group: sy6u19/mm
State: FAILED (exit code 1)
Cores: 1
CPU Utilized: 00:00:03
CPU Efficiency: 100.00% of 00:00:03 core-walltime
Job Wall-clock time: 00:00:03
Memory Utilized: 2.35 MB
Memory Efficiency: 0.03% of 7.81 GB

Job ID: 6604627
Array Job ID: 6604018_4
Cluster: i5
User/Group: sy6u19/mm
State: FAILED (exit code 1)
Cores: 1
CPU Utilized: 00:00:02
CPU Efficiency: 66.67% of 00:00:03 core-walltime
Job Wall-clock time: 00:00:03
Memory Utilized: 2.35 MB
Memory Efficiency: 0.03% of 7.81 GB
Job ID: 6604624
Array Job ID: 6604018_1
Cluster: i5
User/Group: sy6u19/mm
State: FAILED (exit code 1)
Cores: 1
CPU Utilized: 00:00:02
CPU Efficiency: 66.67% of 00:00:03 core-walltime
Job Wall-clock time: 00:00:03
Memory Utilized: 2.35 MB
Memory Efficiency: 0.03% of 7.81 GB


Job ID: 6604625
Array Job ID: 6604018_2
Cluster: i5
User/Group: sy6u19/mm
State: FAILED (exit code 1)
Cores: 1
CPU Utilized: 00:00:03
CPU Efficiency: 100.00% of 00:00:03 core-walltime
Job Wall-clock time: 00:00:03
Memory Utilized: 2.35 MB
Memory Efficiency: 0.03% of 7.81 GB

==============================================================================
Running epilogue script on gold52.

Submit time  : 2024-09-29T19:10:40
Start time   : 2024-09-29T21:06:51
End time     : 2024-09-29T21:06:54
Elapsed time : 00:00:03 (Timelimit=1-23:55:00)

Job ID: 6604629
Array Job ID: 6604018_6
Cluster: i5
User/Group: sy6u19/mm
State: FAILED (exit code 1)
Cores: 1
CPU Utilized: 00:00:03
CPU Efficiency: 100.00% of 00:00:03 core-walltime
Job Wall-clock time: 00:00:03
Memory Utilized: 2.37 MB
Memory Efficiency: 0.03% of 7.81 GB

==============================================================================
Running epilogue script on gold51.

Submit time  : 2024-09-29T19:10:40
Start time   : 2024-09-29T21:06:51
End time     : 2024-09-29T21:06:56
Elapsed time : 00:00:05 (Timelimit=1-23:55:00)

Job ID: 6604628
Array Job ID: 6604018_5
Cluster: i5
User/Group: sy6u19/mm
State: FAILED (exit code 1)
Cores: 1
CPU Utilized: 00:00:04
CPU Efficiency: 80.00% of 00:00:05 core-walltime
Job Wall-clock time: 00:00:05
Memory Utilized: 2.35 MB
Memory Efficiency: 0.03% of 7.81 GB

