Running SLURM prolog script on gold51.cluster.local
===============================================================================
Job started on Sun Sep 29 21:06:06 BST 2024
Job ID          : 6604620
Job name        : U-NSGA-IIIe-cont-DASCMOP-7.slurm
WorkDir         : /mainfs/home/sy6u19/cmlsga-jmetalpy/corrections/summary-slurm
Command         : /mainfs/home/sy6u19/cmlsga-jmetalpy/corrections/summary-slurm/U-NSGA-IIIe-cont-DASCMOP-7.slurm
Partition       : serial
Num hosts       : 1
Num cores       : 1
Num of tasks    : 1
Hosts allocated : gold51
Job Output Follows ...
===============================================================================
Running SLURM prolog script on gold51.cluster.local
===============================================================================
Job started on Sun Sep 29 21:06:06 BST 2024
Job ID          : 6604619
Job name        : U-NSGA-IIIe-cont-DASCMOP-7.slurm
WorkDir         : /mainfs/home/sy6u19/cmlsga-jmetalpy/corrections/summary-slurm
Command         : /mainfs/home/sy6u19/cmlsga-jmetalpy/corrections/summary-slurm/U-NSGA-IIIe-cont-DASCMOP-7.slurm
Partition       : serial
Num hosts       : 1
Num cores       : 1
Num of tasks    : 1
Hosts allocated : gold51
Job Output Follows ...
===============================================================================
Running SLURM prolog script on gold51.cluster.local
===============================================================================
Job started on Sun Sep 29 21:06:06 BST 2024
Job ID          : 6604621
Job name        : U-NSGA-IIIe-cont-DASCMOP-7.slurm
WorkDir         : /mainfs/home/sy6u19/cmlsga-jmetalpy/corrections/summary-slurm
Command         : /mainfs/home/sy6u19/cmlsga-jmetalpy/corrections/summary-slurm/U-NSGA-IIIe-cont-DASCMOP-7.slurm
Partition       : serial
Num hosts       : 1
Num cores       : 1
Num of tasks    : 1
Hosts allocated : gold51
Job Output Follows ...
===============================================================================
Running SLURM prolog script on gold51.cluster.local
===============================================================================
Job started on Sun Sep 29 21:06:06 BST 2024
Job ID          : 6604622
Job name        : U-NSGA-IIIe-cont-DASCMOP-7.slurm
WorkDir         : /mainfs/home/sy6u19/cmlsga-jmetalpy/corrections/summary-slurm
Command         : /mainfs/home/sy6u19/cmlsga-jmetalpy/corrections/summary-slurm/U-NSGA-IIIe-cont-DASCMOP-7.slurm
Partition       : serial
Num hosts       : 1
Num cores       : 1
Num of tasks    : 1
Hosts allocated : gold51
Job Output Follows ...
===============================================================================
Running SLURM prolog script on gold52.cluster.local
===============================================================================
Job started on Sun Sep 29 21:06:06 BST 2024
Job ID          : 6604623
Job name        : U-NSGA-IIIe-cont-DASCMOP-7.slurm
WorkDir         : /mainfs/home/sy6u19/cmlsga-jmetalpy/corrections/summary-slurm
Command         : /mainfs/home/sy6u19/cmlsga-jmetalpy/corrections/summary-slurm/U-NSGA-IIIe-cont-DASCMOP-7.slurm
Partition       : serial
Num hosts       : 1
Num cores       : 1
Num of tasks    : 1
Hosts allocated : gold52
Job Output Follows ...
===============================================================================
Running SLURM prolog script on gold52.cluster.local
===============================================================================
Job started on Sun Sep 29 21:06:07 BST 2024
Job ID          : 6604017
Job name        : U-NSGA-IIIe-cont-DASCMOP-7.slurm
WorkDir         : /mainfs/home/sy6u19/cmlsga-jmetalpy/corrections/summary-slurm
Command         : /mainfs/home/sy6u19/cmlsga-jmetalpy/corrections/summary-slurm/U-NSGA-IIIe-cont-DASCMOP-7.slurm
Partition       : serial
Num hosts       : 1
Num cores       : 1
Num of tasks    : 1
Hosts allocated : gold52
Job Output Follows ...
===============================================================================
/ssdfs/users/sy6u19/data-100000evals-30runs-corrections-normals/U-NSGA-IIIe-cont/DASCMOP1(7)
U-NSGA-IIIe-cont, DASCMOP1(7)
U-NSGA-IIIe-cont, DASCMOP1(7)
/ssdfs/users/sy6u19/data-100000evals-30runs-corrections-normals/U-NSGA-IIIe-cont/DASCMOP4(7)
U-NSGA-IIIe-cont, DASCMOP4(7)
U-NSGA-IIIe-cont, DASCMOP4(7)
/ssdfs/users/sy6u19/data-100000evals-30runs-corrections-normals/U-NSGA-IIIe-cont/DASCMOP3(7)
U-NSGA-IIIe-cont, DASCMOP3(7)
U-NSGA-IIIe-cont, DASCMOP3(7)
/ssdfs/users/sy6u19/data-100000evals-30runs-corrections-normals/U-NSGA-IIIe-cont/DASCMOP2(7)
U-NSGA-IIIe-cont, DASCMOP2(7)
U-NSGA-IIIe-cont, DASCMOP2(7)
/ssdfs/users/sy6u19/data-100000evals-30runs-corrections-normals/U-NSGA-IIIe-cont/DASCMOP6(7)
U-NSGA-IIIe-cont, DASCMOP6(7)
U-NSGA-IIIe-cont, DASCMOP6(7)
/ssdfs/users/sy6u19/data-100000evals-30runs-corrections-normals/U-NSGA-IIIe-cont/DASCMOP5(7)
U-NSGA-IIIe-cont, DASCMOP5(7)
U-NSGA-IIIe-cont, DASCMOP5(7)
==============================================================================
Running epilogue script on gold51.

==============================================================================
Running epilogue script on gold51.

==============================================================================
Running epilogue script on gold51.

==============================================================================
Running epilogue script on gold51.

Submit time  : 2024-09-29T19:10:40
Submit time  : 2024-09-29T19:10:40
Submit time  : 2024-09-29T19:10:40
Submit time  : 2024-09-29T19:10:40
Start time   : 2024-09-29T21:06:06
Start time   : 2024-09-29T21:06:06
Start time   : 2024-09-29T21:06:06
End time     : 2024-09-29T21:06:10
Start time   : 2024-09-29T21:06:06
End time     : 2024-09-29T21:06:10
Elapsed time : 00:00:04 End time     : 2024-09-29T21:06:10
End time     : 2024-09-29T21:06:10
(Timelimit=1-23:55:00)

Elapsed time : 00:00:04 Elapsed time : 00:00:04 Elapsed time : 00:00:04 (Timelimit=1-23:55:00)

(Timelimit=1-23:55:00)

(Timelimit=1-23:55:00)

Job ID: 6604620
Array Job ID: 6604017_2
Cluster: i5
User/Group: sy6u19/mm
State: FAILED (exit code 1)
Cores: 1
CPU Utilized: 00:00:03
CPU Efficiency: 75.00% of 00:00:04 core-walltime
Job Wall-clock time: 00:00:04
Memory Utilized: 2.35 MB
Memory Efficiency: 0.03% of 7.81 GB

Job ID: 6604619
Array Job ID: 6604017_1
Cluster: i5
User/Group: sy6u19/mm
State: FAILED (exit code 1)
Cores: 1
CPU Utilized: 00:00:02
CPU Efficiency: 50.00% of 00:00:04 core-walltime
Job Wall-clock time: 00:00:04
Memory Utilized: 2.35 MB
Memory Efficiency: 0.03% of 7.81 GB

Job ID: 6604622
Array Job ID: 6604017_4
Cluster: i5
User/Group: sy6u19/mm
State: FAILED (exit code 1)
Cores: 1
CPU Utilized: 00:00:02
CPU Efficiency: 50.00% of 00:00:04 core-walltime
Job Wall-clock time: 00:00:04
Memory Utilized: 2.35 MB
Memory Efficiency: 0.03% of 7.81 GB

Job ID: 6604621
Array Job ID: 6604017_3
Cluster: i5
User/Group: sy6u19/mm
State: FAILED (exit code 1)
Cores: 1
CPU Utilized: 00:00:02
CPU Efficiency: 50.00% of 00:00:04 core-walltime
Job Wall-clock time: 00:00:04
Memory Utilized: 2.35 MB
Memory Efficiency: 0.03% of 7.81 GB

==============================================================================
Running epilogue script on gold52.

Submit time  : 2024-09-29T19:10:40
Start time   : 2024-09-29T21:06:06
End time     : 2024-09-29T21:06:12
Elapsed time : 00:00:06 (Timelimit=1-23:55:00)

Job ID: 6604623
Array Job ID: 6604017_5
Cluster: i5
User/Group: sy6u19/mm
State: FAILED (exit code 1)
Cores: 1
CPU Utilized: 00:00:03
CPU Efficiency: 50.00% of 00:00:06 core-walltime
Job Wall-clock time: 00:00:06
Memory Utilized: 2.37 MB
Memory Efficiency: 0.03% of 7.81 GB

