(Timelimit=1-23:55:00)
(Timelimit=1-23:55:00)
(Timelimit=1-23:55:00)



Running SLURM prolog script on gold51.cluster.local
===============================================================================
Job started on Sun Sep 29 21:15:06 BST 2024
Job ID          : 6604721
Job name        : U-NSGA-IIIe-non-cont-LZ09_F.slurm
WorkDir         : /mainfs/home/sy6u19/cmlsga-jmetalpy/corrections/summary-slurm
Command         : /mainfs/home/sy6u19/cmlsga-jmetalpy/corrections/summary-slurm/U-NSGA-IIIe-non-cont-LZ09_F.slurm
Partition       : serial
Num hosts       : 1
Num cores       : 1
Num of tasks    : 1
Hosts allocated : gold51
Job Output Follows ...
===============================================================================
Running SLURM prolog script on gold51.cluster.local
===============================================================================
Job started on Sun Sep 29 21:15:06 BST 2024
Job ID          : 6604722
Job name        : U-NSGA-IIIe-non-cont-LZ09_F.slurm
WorkDir         : /mainfs/home/sy6u19/cmlsga-jmetalpy/corrections/summary-slurm
Command         : /mainfs/home/sy6u19/cmlsga-jmetalpy/corrections/summary-slurm/U-NSGA-IIIe-non-cont-LZ09_F.slurm
Partition       : serial
Num hosts       : 1
Num cores       : 1
Num of tasks    : 1
Hosts allocated : gold51
Job Output Follows ...
===============================================================================
Job ID: 6604719
Array Job ID: 6604030_3
Cluster: i5
User/Group: sy6u19/mm
State: FAILED (exit code 1)
Cores: 1
CPU Utilized: 00:00:03
CPU Efficiency: 60.00% of 00:00:05 core-walltime
Job Wall-clock time: 00:00:05
Memory Utilized: 2.37 MB
Memory Efficiency: 0.03% of 7.81 GB
Job ID: 6604720
Array Job ID: 6604030_4
Cluster: i5
User/Group: sy6u19/mm
State: FAILED (exit code 1)
Cores: 1
CPU Utilized: 00:00:03
CPU Efficiency: 60.00% of 00:00:05 core-walltime
Job Wall-clock time: 00:00:05
Memory Utilized: 2.37 MB
Memory Efficiency: 0.03% of 7.81 GB
Job ID: 6604718
Array Job ID: 6604030_2
Cluster: i5
User/Group: sy6u19/mm
State: FAILED (exit code 1)
Cores: 1
CPU Utilized: 00:00:03
CPU Efficiency: 60.00% of 00:00:05 core-walltime
Job Wall-clock time: 00:00:05
Memory Utilized: 2.37 MB
Memory Efficiency: 0.03% of 7.81 GB



Running SLURM prolog script on gold51.cluster.local
Running SLURM prolog script on gold51.cluster.local
===============================================================================
===============================================================================
Job started on Sun Sep 29 21:15:06 BST 2024
Job started on Sun Sep 29 21:15:06 BST 2024
Job ID          : 6604723
Job ID          : 6604724
Job name        : U-NSGA-IIIe-non-cont-LZ09_F.slurm
Job name        : U-NSGA-IIIe-non-cont-LZ09_F.slurm
WorkDir         : /mainfs/home/sy6u19/cmlsga-jmetalpy/corrections/summary-slurm
WorkDir         : /mainfs/home/sy6u19/cmlsga-jmetalpy/corrections/summary-slurm
Command         : /mainfs/home/sy6u19/cmlsga-jmetalpy/corrections/summary-slurm/U-NSGA-IIIe-non-cont-LZ09_F.slurm
Command         : /mainfs/home/sy6u19/cmlsga-jmetalpy/corrections/summary-slurm/U-NSGA-IIIe-non-cont-LZ09_F.slurm
Partition       : serial
Partition       : serial
Num hosts       : 1
Num hosts       : 1
Num cores       : 1
Num cores       : 1
Num of tasks    : 1
Num of tasks    : 1
Hosts allocated : gold51
Hosts allocated : gold51
Job Output Follows ...
Job Output Follows ...
===============================================================================
===============================================================================
Running SLURM prolog script on gold51.cluster.local
===============================================================================
Job started on Sun Sep 29 21:15:06 BST 2024
Job ID          : 6604030
Job name        : U-NSGA-IIIe-non-cont-LZ09_F.slurm
WorkDir         : /mainfs/home/sy6u19/cmlsga-jmetalpy/corrections/summary-slurm
Command         : /mainfs/home/sy6u19/cmlsga-jmetalpy/corrections/summary-slurm/U-NSGA-IIIe-non-cont-LZ09_F.slurm
Partition       : serial
Num hosts       : 1
Num cores       : 1
Num of tasks    : 1
Hosts allocated : gold51
Job Output Follows ...
===============================================================================
/ssdfs/users/sy6u19/data-100000evals-30runs-corrections-normals/U-NSGA-IIIe-non-cont/LZ09_F6
U-NSGA-IIIe-non-cont, LZ09_F6
U-NSGA-IIIe-non-cont, LZ09_F6
/ssdfs/users/sy6u19/data-100000evals-30runs-corrections-normals/U-NSGA-IIIe-non-cont/LZ09_F5
U-NSGA-IIIe-non-cont, LZ09_F5
U-NSGA-IIIe-non-cont, LZ09_F5
/ssdfs/users/sy6u19/data-100000evals-30runs-corrections-normals/U-NSGA-IIIe-non-cont/LZ09_F8
U-NSGA-IIIe-non-cont, LZ09_F8
U-NSGA-IIIe-non-cont, LZ09_F8
/ssdfs/users/sy6u19/data-100000evals-30runs-corrections-normals/U-NSGA-IIIe-non-cont/LZ09_F7
U-NSGA-IIIe-non-cont, LZ09_F7
U-NSGA-IIIe-non-cont, LZ09_F7
/ssdfs/users/sy6u19/data-100000evals-30runs-corrections-normals/U-NSGA-IIIe-non-cont/LZ09_F9
U-NSGA-IIIe-non-cont, LZ09_F9
U-NSGA-IIIe-non-cont, LZ09_F9
==============================================================================
Running epilogue script on gold51.

==============================================================================
Running epilogue script on gold51.

==============================================================================
Running epilogue script on gold51.

==============================================================================
Running epilogue script on gold51.

Submit time  : 2024-09-29T19:10:40
Submit time  : 2024-09-29T19:10:40
Submit time  : 2024-09-29T19:10:40
Submit time  : 2024-09-29T19:10:40
Start time   : 2024-09-29T21:15:06
Start time   : 2024-09-29T21:15:06
Start time   : 2024-09-29T21:15:06
Start time   : 2024-09-29T21:15:06
End time     : 2024-09-29T21:15:09
End time     : 2024-09-29T21:15:09
Elapsed time : 00:00:03 End time     : 2024-09-29T21:15:09
End time     : 2024-09-29T21:15:09
Elapsed time : 00:00:03 (Timelimit=1-23:55:00)

Elapsed time : 00:00:03 Elapsed time : 00:00:03 (Timelimit=1-23:55:00)

(Timelimit=1-23:55:00)

(Timelimit=1-23:55:00)

Job ID: 6604723
Array Job ID: 6604030_7
Cluster: i5
User/Group: sy6u19/mm
State: FAILED (exit code 1)
Cores: 1
CPU Utilized: 00:00:02
CPU Efficiency: 66.67% of 00:00:03 core-walltime
Job Wall-clock time: 00:00:03
Memory Utilized: 2.35 MB
Memory Efficiency: 0.03% of 7.81 GB

Job ID: 6604722
Array Job ID: 6604030_6
Cluster: i5
User/Group: sy6u19/mm
State: FAILED (exit code 1)
Cores: 1
CPU Utilized: 00:00:02
CPU Efficiency: 66.67% of 00:00:03 core-walltime
Job Wall-clock time: 00:00:03
Memory Utilized: 2.35 MB
Memory Efficiency: 0.03% of 7.81 GB

Job ID: 6604721
Array Job ID: 6604030_5
Cluster: i5
User/Group: sy6u19/mm
State: FAILED (exit code 1)
Cores: 1
CPU Utilized: 00:00:02
CPU Efficiency: 66.67% of 00:00:03 core-walltime
Job Wall-clock time: 00:00:03
Memory Utilized: 2.35 MB
Memory Efficiency: 0.03% of 7.81 GB

Job ID: 6604724
Array Job ID: 6604030_8
Cluster: i5
User/Group: sy6u19/mm
State: FAILED (exit code 1)
Cores: 1
CPU Utilized: 00:00:02
CPU Efficiency: 66.67% of 00:00:03 core-walltime
Job Wall-clock time: 00:00:03
Memory Utilized: 2.35 MB
Memory Efficiency: 0.03% of 7.81 GB

