Running SLURM prolog script on gold51.cluster.local
===============================================================================
Job started on Sun Sep 29 21:13:06 BST 2024
Job ID          : 6604695
Job name        : U-NSGA-IIIe-non-cont-DASCMOP-7.slurm
WorkDir         : /mainfs/home/sy6u19/cmlsga-jmetalpy/corrections/summary-slurm
Command         : /mainfs/home/sy6u19/cmlsga-jmetalpy/corrections/summary-slurm/U-NSGA-IIIe-non-cont-DASCMOP-7.slurm
Partition       : serial
Num hosts       : 1
Num cores       : 1
Num of tasks    : 1
Hosts allocated : gold51
Job Output Follows ...
===============================================================================
Running SLURM prolog script on gold51.cluster.local
===============================================================================
Job started on Sun Sep 29 21:13:06 BST 2024
Job ID          : 6604694
Job name        : U-NSGA-IIIe-non-cont-DASCMOP-7.slurm
WorkDir         : /mainfs/home/sy6u19/cmlsga-jmetalpy/corrections/summary-slurm
Command         : /mainfs/home/sy6u19/cmlsga-jmetalpy/corrections/summary-slurm/U-NSGA-IIIe-non-cont-DASCMOP-7.slurm
Partition       : serial
Num hosts       : 1
Num cores       : 1
Num of tasks    : 1
Hosts allocated : gold51
Job Output Follows ...
===============================================================================
Running SLURM prolog script on gold51.cluster.local
===============================================================================
Job started on Sun Sep 29 21:13:06 BST 2024
Job ID          : 6604693
Job name        : U-NSGA-IIIe-non-cont-DASCMOP-7.slurm
WorkDir         : /mainfs/home/sy6u19/cmlsga-jmetalpy/corrections/summary-slurm
Command         : /mainfs/home/sy6u19/cmlsga-jmetalpy/corrections/summary-slurm/U-NSGA-IIIe-non-cont-DASCMOP-7.slurm
Partition       : serial
Num hosts       : 1
Num cores       : 1
Num of tasks    : 1
Hosts allocated : gold51
Job Output Follows ...
===============================================================================
Running SLURM prolog script on gold51.cluster.local
===============================================================================
Job started on Sun Sep 29 21:13:06 BST 2024
Job ID          : 6604027
Job name        : U-NSGA-IIIe-non-cont-DASCMOP-7.slurm
WorkDir         : /mainfs/home/sy6u19/cmlsga-jmetalpy/corrections/summary-slurm
Command         : /mainfs/home/sy6u19/cmlsga-jmetalpy/corrections/summary-slurm/U-NSGA-IIIe-non-cont-DASCMOP-7.slurm
Partition       : serial
Num hosts       : 1
Num cores       : 1
Num of tasks    : 1
Hosts allocated : gold51
Job Output Follows ...
===============================================================================
/ssdfs/users/sy6u19/data-100000evals-30runs-corrections-normals/U-NSGA-IIIe-non-cont/DASCMOP4(7)
U-NSGA-IIIe-non-cont, DASCMOP4(7)
U-NSGA-IIIe-non-cont, DASCMOP4(7)
/ssdfs/users/sy6u19/data-100000evals-30runs-corrections-normals/U-NSGA-IIIe-non-cont/DASCMOP3(7)
U-NSGA-IIIe-non-cont, DASCMOP3(7)
U-NSGA-IIIe-non-cont, DASCMOP3(7)
/ssdfs/users/sy6u19/data-100000evals-30runs-corrections-normals/U-NSGA-IIIe-non-cont/DASCMOP6(7)
U-NSGA-IIIe-non-cont, DASCMOP6(7)
U-NSGA-IIIe-non-cont, DASCMOP6(7)
/ssdfs/users/sy6u19/data-100000evals-30runs-corrections-normals/U-NSGA-IIIe-non-cont/DASCMOP5(7)
U-NSGA-IIIe-non-cont, DASCMOP5(7)
U-NSGA-IIIe-non-cont, DASCMOP5(7)
==============================================================================
Running epilogue script on gold51.

==============================================================================
Running epilogue script on gold51.

==============================================================================
Running epilogue script on gold51.

Submit time  : 2024-09-29T19:10:40
Submit time  : 2024-09-29T19:10:40
Submit time  : 2024-09-29T19:10:40
Start time   : 2024-09-29T21:13:06
Start time   : 2024-09-29T21:13:06
Start time   : 2024-09-29T21:13:06
End time     : 2024-09-29T21:13:09
End time     : 2024-09-29T21:13:09
End time     : 2024-09-29T21:13:09
Elapsed time : 00:00:03 Elapsed time : 00:00:03 Elapsed time : 00:00:03 (Timelimit=1-23:55:00)

(Timelimit=1-23:55:00)

(Timelimit=1-23:55:00)

Job ID: 6604694
Array Job ID: 6604027_4
Cluster: i5
User/Group: sy6u19/mm
State: FAILED (exit code 1)
Cores: 1
CPU Utilized: 00:00:02
CPU Efficiency: 66.67% of 00:00:03 core-walltime
Job Wall-clock time: 00:00:03
Memory Utilized: 2.35 MB
Memory Efficiency: 0.03% of 7.81 GB
Job ID: 6604695
Array Job ID: 6604027_5
Cluster: i5
User/Group: sy6u19/mm
State: FAILED (exit code 1)
Cores: 1
CPU Utilized: 00:00:02
CPU Efficiency: 66.67% of 00:00:03 core-walltime
Job Wall-clock time: 00:00:03
Memory Utilized: 2.35 MB
Memory Efficiency: 0.03% of 7.81 GB
Job ID: 6604693
Array Job ID: 6604027_3
Cluster: i5
User/Group: sy6u19/mm
State: FAILED (exit code 1)
Cores: 1
CPU Utilized: 00:00:02
CPU Efficiency: 66.67% of 00:00:03 core-walltime
Job Wall-clock time: 00:00:03
Memory Utilized: 2.35 MB
Memory Efficiency: 0.03% of 7.81 GB



