Running SLURM prolog script on gold51.cluster.local
===============================================================================
Job started on Sun Sep 29 21:10:51 BST 2024
Job ID          : 6604666
Job name        : U-NSGA-IIIe-cont-UF.slurm
WorkDir         : /mainfs/home/sy6u19/cmlsga-jmetalpy/corrections/summary-slurm
Command         : /mainfs/home/sy6u19/cmlsga-jmetalpy/corrections/summary-slurm/U-NSGA-IIIe-cont-UF.slurm
Partition       : serial
Num hosts       : 1
Num cores       : 1
Num of tasks    : 1
Hosts allocated : gold51
Job Output Follows ...
===============================================================================
Running SLURM prolog script on gold51.cluster.local
===============================================================================
Job started on Sun Sep 29 21:10:51 BST 2024
Job ID          : 6604022
Job name        : U-NSGA-IIIe-cont-UF.slurm
WorkDir         : /mainfs/home/sy6u19/cmlsga-jmetalpy/corrections/summary-slurm
Command         : /mainfs/home/sy6u19/cmlsga-jmetalpy/corrections/summary-slurm/U-NSGA-IIIe-cont-UF.slurm
Partition       : serial
Num hosts       : 1
Num cores       : 1
Num of tasks    : 1
Hosts allocated : gold51
Job Output Follows ...
===============================================================================
Running SLURM prolog script on gold51.cluster.local
===============================================================================
Job started on Sun Sep 29 21:10:51 BST 2024
Job ID          : 6604664
Job name        : U-NSGA-IIIe-cont-UF.slurm
WorkDir         : /mainfs/home/sy6u19/cmlsga-jmetalpy/corrections/summary-slurm
Command         : /mainfs/home/sy6u19/cmlsga-jmetalpy/corrections/summary-slurm/U-NSGA-IIIe-cont-UF.slurm
Partition       : serial
Num hosts       : 1
Num cores       : 1
Num of tasks    : 1
Hosts allocated : gold51
Job Output Follows ...
===============================================================================
Running SLURM prolog script on gold51.cluster.local
===============================================================================
Job started on Sun Sep 29 21:10:51 BST 2024
Job ID          : 6604665
Job name        : U-NSGA-IIIe-cont-UF.slurm
WorkDir         : /mainfs/home/sy6u19/cmlsga-jmetalpy/corrections/summary-slurm
Command         : /mainfs/home/sy6u19/cmlsga-jmetalpy/corrections/summary-slurm/U-NSGA-IIIe-cont-UF.slurm
Partition       : serial
Num hosts       : 1
Num cores       : 1
Num of tasks    : 1
Hosts allocated : gold51
Job Output Follows ...
===============================================================================
/ssdfs/users/sy6u19/data-100000evals-30runs-corrections-normals/U-NSGA-IIIe-cont/UF7
U-NSGA-IIIe-cont, UF7
U-NSGA-IIIe-cont, UF7
/ssdfs/users/sy6u19/data-100000evals-30runs-corrections-normals/U-NSGA-IIIe-cont/UF6
U-NSGA-IIIe-cont, UF6
U-NSGA-IIIe-cont, UF6
/ssdfs/users/sy6u19/data-100000evals-30runs-corrections-normals/U-NSGA-IIIe-cont/UF8
U-NSGA-IIIe-cont, UF8
U-NSGA-IIIe-cont, UF8
/ssdfs/users/sy6u19/data-100000evals-30runs-corrections-normals/U-NSGA-IIIe-cont/UF9
U-NSGA-IIIe-cont, UF9
U-NSGA-IIIe-cont, UF9
==============================================================================
Running epilogue script on gold51.

Submit time  : 2024-09-29T19:10:40
Start time   : 2024-09-29T21:10:51
End time     : 2024-09-29T21:10:55
Elapsed time : 00:00:04 (Timelimit=1-23:55:00)

==============================================================================
Running epilogue script on gold51.

==============================================================================
Running epilogue script on gold51.

Submit time  : 2024-09-29T19:10:40
Submit time  : 2024-09-29T19:10:40
Start time   : 2024-09-29T21:10:51
Start time   : 2024-09-29T21:10:51
End time     : 2024-09-29T21:10:55
End time     : 2024-09-29T21:10:55
Elapsed time : 00:00:04 Elapsed time : 00:00:04 (Timelimit=1-23:55:00)

Job ID: 6604665
Array Job ID: 6604022_7
Cluster: i5
User/Group: sy6u19/mm
State: FAILED (exit code 1)
Cores: 1
CPU Utilized: 00:00:03
CPU Efficiency: 75.00% of 00:00:04 core-walltime
Job Wall-clock time: 00:00:04
Memory Utilized: 2.35 MB
Memory Efficiency: 0.03% of 7.81 GB

(Timelimit=1-23:55:00)

Job ID: 6604664
Array Job ID: 6604022_6
Cluster: i5
User/Group: sy6u19/mm
State: FAILED (exit code 1)
Cores: 1
CPU Utilized: 00:00:03
CPU Efficiency: 75.00% of 00:00:04 core-walltime
Job Wall-clock time: 00:00:04
Memory Utilized: 2.35 MB
Memory Efficiency: 0.03% of 7.81 GB
Job ID: 6604666
Array Job ID: 6604022_8
Cluster: i5
User/Group: sy6u19/mm
State: FAILED (exit code 1)
Cores: 1
CPU Utilized: 00:00:03
CPU Efficiency: 75.00% of 00:00:04 core-walltime
Job Wall-clock time: 00:00:04
Memory Utilized: 2.36 MB
Memory Efficiency: 0.03% of 7.81 GB


