Running SLURM prolog script on gold51.cluster.local
===============================================================================
Job started on Mon May 20 21:18:55 BST 2024
Job ID          : 6008953
Job name        : unsgaiii-MOP.slurm
WorkDir         : /mainfs/home/sy6u19/cmlsga-jmetalpy/corrections/slurm
Command         : /mainfs/home/sy6u19/cmlsga-jmetalpy/corrections/slurm/unsgaiii-MOP.slurm
Partition       : serial
Num hosts       : 1
Num cores       : 1
Num of tasks    : 1
Hosts allocated : gold51
Job Output Follows ...
===============================================================================
==============================================================================
Running epilogue script on gold55.

Submit time  : 2024-05-20T17:12:28
Start time   : 2024-05-20T20:55:26
End time     : 2024-05-20T21:50:22
Elapsed time : 00:54:56 (Timelimit=2-11:55:00)

Job ID: 6010141
Array Job ID: 6008953_3
Cluster: i5
User/Group: sy6u19/mm
State: COMPLETED (exit code 0)
Cores: 1
CPU Utilized: 00:51:36
CPU Efficiency: 93.93% of 00:54:56 core-walltime
Job Wall-clock time: 00:54:56
Memory Utilized: 1.04 GB
Memory Efficiency: 13.28% of 7.81 GB

==============================================================================
Running epilogue script on gold51.

Submit time  : 2024-05-20T17:12:28
Start time   : 2024-05-20T21:11:31
End time     : 2024-05-20T21:59:39
Elapsed time : 00:48:08 (Timelimit=2-11:55:00)

Job ID: 6010203
Array Job ID: 6008953_5
Cluster: i5
User/Group: sy6u19/mm
State: COMPLETED (exit code 0)
Cores: 1
CPU Utilized: 00:44:34
CPU Efficiency: 92.59% of 00:48:08 core-walltime
Job Wall-clock time: 00:48:08
Memory Utilized: 1.03 GB
Memory Efficiency: 13.20% of 7.81 GB

==============================================================================
Running epilogue script on gold54.

Submit time  : 2024-05-20T17:12:28
Start time   : 2024-05-20T20:54:54
End time     : 2024-05-20T22:01:20
Elapsed time : 01:06:26 (Timelimit=2-11:55:00)

Job ID: 6010136
Array Job ID: 6008953_2
Cluster: i5
User/Group: sy6u19/mm
State: COMPLETED (exit code 0)
Cores: 1
CPU Utilized: 01:02:24
CPU Efficiency: 93.93% of 01:06:26 core-walltime
Job Wall-clock time: 01:06:26
Memory Utilized: 1.05 GB
Memory Efficiency: 13.43% of 7.81 GB

==============================================================================
Running epilogue script on gold51.

Submit time  : 2024-05-20T17:12:28
Start time   : 2024-05-20T21:06:54
End time     : 2024-05-21T02:39:55
Elapsed time : 05:33:01 (Timelimit=2-11:55:00)

Job ID: 6010187
Array Job ID: 6008953_4
Cluster: i5
User/Group: sy6u19/mm
State: COMPLETED (exit code 0)
Cores: 1
CPU Utilized: 05:29:27
CPU Efficiency: 98.93% of 05:33:01 core-walltime
Job Wall-clock time: 05:33:01
Memory Utilized: 1.16 GB
Memory Efficiency: 14.86% of 7.81 GB

==============================================================================
Running epilogue script on gold56.

Submit time  : 2024-05-20T17:12:28
Start time   : 2024-05-20T20:33:18
End time     : 2024-05-21T20:07:19
Elapsed time : 23:34:01 (Timelimit=2-11:55:00)

Job ID: 6010062
Array Job ID: 6008953_1
Cluster: i5
User/Group: sy6u19/mm
State: COMPLETED (exit code 0)
Cores: 1
CPU Utilized: 23:27:53
CPU Efficiency: 99.57% of 23:34:01 core-walltime
Job Wall-clock time: 23:34:01
Memory Utilized: 1.87 GB
Memory Efficiency: 23.91% of 7.81 GB

==============================================================================
Running epilogue script on gold55.

Submit time  : 2024-05-20T17:12:28
Start time   : 2024-05-20T21:15:32
End time     : 2024-05-22T02:53:24
Elapsed time : 1-05:37:52 (Timelimit=2-11:55:00)

Job ID: 6010224
Array Job ID: 6008953_6
Cluster: i5
User/Group: sy6u19/mm
State: COMPLETED (exit code 0)
Cores: 1
CPU Utilized: 1-05:29:42
CPU Efficiency: 99.54% of 1-05:37:52 core-walltime
Job Wall-clock time: 1-05:37:52
Memory Utilized: 1.99 GB
Memory Efficiency: 25.52% of 7.81 GB

