Running SLURM prolog script on gold59.cluster.local
===============================================================================
Job started on Mon May 20 17:16:06 BST 2024
Job ID          : 6009001
Job name        : unsgaiii-DASCMOP-6.slurm
WorkDir         : /mainfs/home/sy6u19/cmlsga-jmetalpy/corrections/slurm
Command         : /mainfs/home/sy6u19/cmlsga-jmetalpy/corrections/slurm/unsgaiii-DASCMOP-6.slurm
Partition       : serial
Num hosts       : 1
Num cores       : 1
Num of tasks    : 1
Hosts allocated : gold59
Job Output Follows ...
===============================================================================
Running SLURM prolog script on gold59.cluster.local
===============================================================================
Job started on Mon May 20 17:16:06 BST 2024
Job ID          : 6008948
Job name        : unsgaiii-DASCMOP-6.slurm
WorkDir         : /mainfs/home/sy6u19/cmlsga-jmetalpy/corrections/slurm
Command         : /mainfs/home/sy6u19/cmlsga-jmetalpy/corrections/slurm/unsgaiii-DASCMOP-6.slurm
Partition       : serial
Num hosts       : 1
Num cores       : 1
Num of tasks    : 1
Hosts allocated : gold59
Job Output Follows ...
===============================================================================
==============================================================================
Running epilogue script on gold59.

Submit time  : 2024-05-20T17:12:28
Start time   : 2024-05-20T17:14:05
End time     : 2024-05-20T18:56:05
Elapsed time : 01:42:00 (Timelimit=2-11:55:00)

Job ID: 6008980
Array Job ID: 6008948_2
Cluster: i5
User/Group: sy6u19/mm
State: COMPLETED (exit code 0)
Cores: 1
CPU Utilized: 01:40:41
CPU Efficiency: 98.71% of 01:42:00 core-walltime
Job Wall-clock time: 01:42:00
Memory Utilized: 1.06 GB
Memory Efficiency: 13.61% of 7.81 GB

==============================================================================
Running epilogue script on gold59.

Submit time  : 2024-05-20T17:12:28
Start time   : 2024-05-20T17:14:05
End time     : 2024-05-20T18:57:10
Elapsed time : 01:43:05 (Timelimit=2-11:55:00)

Job ID: 6008979
Array Job ID: 6008948_1
Cluster: i5
User/Group: sy6u19/mm
State: COMPLETED (exit code 0)
Cores: 1
CPU Utilized: 01:41:47
CPU Efficiency: 98.74% of 01:43:05 core-walltime
Job Wall-clock time: 01:43:05
Memory Utilized: 1.05 GB
Memory Efficiency: 13.42% of 7.81 GB

==============================================================================
Running epilogue script on gold59.

Submit time  : 2024-05-20T17:12:28
Start time   : 2024-05-20T17:14:05
End time     : 2024-05-20T19:00:08
Elapsed time : 01:46:03 (Timelimit=2-11:55:00)

Job ID: 6008981
Array Job ID: 6008948_3
Cluster: i5
User/Group: sy6u19/mm
State: COMPLETED (exit code 0)
Cores: 1
CPU Utilized: 01:44:45
CPU Efficiency: 98.77% of 01:46:03 core-walltime
Job Wall-clock time: 01:46:03
Memory Utilized: 1.05 GB
Memory Efficiency: 13.41% of 7.81 GB

==============================================================================
Running epilogue script on gold59.

Submit time  : 2024-05-20T17:12:28
Start time   : 2024-05-20T17:14:05
End time     : 2024-05-20T20:54:06
Elapsed time : 03:40:01 (Timelimit=2-11:55:00)

Job ID: 6008982
Array Job ID: 6008948_4
Cluster: i5
User/Group: sy6u19/mm
State: COMPLETED (exit code 0)
Cores: 1
CPU Utilized: 03:38:22
CPU Efficiency: 99.25% of 03:40:01 core-walltime
Job Wall-clock time: 03:40:01
Memory Utilized: 1.20 GB
Memory Efficiency: 15.41% of 7.81 GB

==============================================================================
Running epilogue script on gold59.

Submit time  : 2024-05-20T17:12:28
Start time   : 2024-05-20T17:16:06
End time     : 2024-05-20T20:54:42
Elapsed time : 03:38:36 (Timelimit=2-11:55:00)

Job ID: 6009001
Array Job ID: 6008948_5
Cluster: i5
User/Group: sy6u19/mm
State: COMPLETED (exit code 0)
Cores: 1
CPU Utilized: 03:37:42
CPU Efficiency: 99.59% of 03:38:36 core-walltime
Job Wall-clock time: 03:38:36
Memory Utilized: 1.22 GB
Memory Efficiency: 15.58% of 7.81 GB

