Running SLURM prolog script on gold59.cluster.local
===============================================================================
Job started on Mon May 20 17:14:06 BST 2024
Job ID          : 6008977
Job name        : unsgaiii-DASCMOP-5.slurm
WorkDir         : /mainfs/home/sy6u19/cmlsga-jmetalpy/corrections/slurm
Command         : /mainfs/home/sy6u19/cmlsga-jmetalpy/corrections/slurm/unsgaiii-DASCMOP-5.slurm
Partition       : serial
Num hosts       : 1
Num cores       : 1
Num of tasks    : 1
Hosts allocated : gold59
Job Output Follows ...
===============================================================================
Running SLURM prolog script on gold59.cluster.local
===============================================================================
Job started on Mon May 20 17:14:06 BST 2024
Job ID          : 6008978
Job name        : unsgaiii-DASCMOP-5.slurm
WorkDir         : /mainfs/home/sy6u19/cmlsga-jmetalpy/corrections/slurm
Command         : /mainfs/home/sy6u19/cmlsga-jmetalpy/corrections/slurm/unsgaiii-DASCMOP-5.slurm
Partition       : serial
Num hosts       : 1
Num cores       : 1
Num of tasks    : 1
Hosts allocated : gold59
Job Output Follows ...
===============================================================================
Running SLURM prolog script on gold59.cluster.local
===============================================================================
Job started on Mon May 20 17:14:06 BST 2024
Job ID          : 6008947
Job name        : unsgaiii-DASCMOP-5.slurm
WorkDir         : /mainfs/home/sy6u19/cmlsga-jmetalpy/corrections/slurm
Command         : /mainfs/home/sy6u19/cmlsga-jmetalpy/corrections/slurm/unsgaiii-DASCMOP-5.slurm
Partition       : serial
Num hosts       : 1
Num cores       : 1
Num of tasks    : 1
Hosts allocated : gold59
Job Output Follows ...
===============================================================================
==============================================================================
Running epilogue script on gold59.

Submit time  : 2024-05-20T17:12:28
Start time   : 2024-05-20T17:14:05
End time     : 2024-05-20T19:25:47
Elapsed time : 02:11:42 (Timelimit=2-11:55:00)

Job ID: 6008974
Array Job ID: 6008947_1
Cluster: i5
User/Group: sy6u19/mm
State: COMPLETED (exit code 0)
Cores: 1
CPU Utilized: 02:10:22
CPU Efficiency: 98.99% of 02:11:42 core-walltime
Job Wall-clock time: 02:11:42
Memory Utilized: 1.08 GB
Memory Efficiency: 13.81% of 7.81 GB

==============================================================================
Running epilogue script on gold59.

Submit time  : 2024-05-20T17:12:28
Start time   : 2024-05-20T17:14:05
End time     : 2024-05-20T19:27:53
Elapsed time : 02:13:48 (Timelimit=2-11:55:00)

Job ID: 6008975
Array Job ID: 6008947_2
Cluster: i5
User/Group: sy6u19/mm
State: COMPLETED (exit code 0)
Cores: 1
CPU Utilized: 02:12:27
CPU Efficiency: 98.99% of 02:13:48 core-walltime
Job Wall-clock time: 02:13:48
Memory Utilized: 1.07 GB
Memory Efficiency: 13.64% of 7.81 GB

==============================================================================
Running epilogue script on gold59.

Submit time  : 2024-05-20T17:12:28
Start time   : 2024-05-20T17:14:05
End time     : 2024-05-20T19:31:10
Elapsed time : 02:17:05 (Timelimit=2-11:55:00)

Job ID: 6008976
Array Job ID: 6008947_3
Cluster: i5
User/Group: sy6u19/mm
State: COMPLETED (exit code 0)
Cores: 1
CPU Utilized: 02:15:47
CPU Efficiency: 99.05% of 02:17:05 core-walltime
Job Wall-clock time: 02:17:05
Memory Utilized: 1.08 GB
Memory Efficiency: 13.84% of 7.81 GB

==============================================================================
Running epilogue script on gold59.

Submit time  : 2024-05-20T17:12:28
Start time   : 2024-05-20T17:14:05
End time     : 2024-05-20T20:08:14
Elapsed time : 02:54:09 (Timelimit=2-11:55:00)

Job ID: 6008977
Array Job ID: 6008947_4
Cluster: i5
User/Group: sy6u19/mm
State: COMPLETED (exit code 0)
Cores: 1
CPU Utilized: 02:52:39
CPU Efficiency: 99.14% of 02:54:09 core-walltime
Job Wall-clock time: 02:54:09
Memory Utilized: 1.14 GB
Memory Efficiency: 14.65% of 7.81 GB

==============================================================================
Running epilogue script on gold59.

Submit time  : 2024-05-20T17:12:28
Start time   : 2024-05-20T17:14:05
End time     : 2024-05-20T20:17:14
Elapsed time : 03:03:09 (Timelimit=2-11:55:00)

Job ID: 6008978
Array Job ID: 6008947_5
Cluster: i5
User/Group: sy6u19/mm
State: COMPLETED (exit code 0)
Cores: 1
CPU Utilized: 03:01:37
CPU Efficiency: 99.16% of 03:03:09 core-walltime
Job Wall-clock time: 03:03:09
Memory Utilized: 1.16 GB
Memory Efficiency: 14.84% of 7.81 GB

