Running SLURM prolog script on gold51.cluster.local
===============================================================================
Job started on Fri Apr  5 14:40:04 BST 2024
Job ID          : 5776104
Job name        : unsgaiii.slurm
WorkDir         : /mainfs/home/sy6u19/cmlsga-jmetalpy/corrections
Command         : /mainfs/home/sy6u19/cmlsga-jmetalpy/corrections/unsgaiii.slurm
Partition       : serial
Num hosts       : 1
Num cores       : 1
Num of tasks    : 1
Hosts allocated : gold51
Job Output Follows ...
===============================================================================
Running SLURM prolog script on gold51.cluster.local
===============================================================================
Job started on Fri Apr  5 14:40:04 BST 2024
Job ID          : 5776109
Job name        : unsgaiii.slurm
WorkDir         : /mainfs/home/sy6u19/cmlsga-jmetalpy/corrections
Command         : /mainfs/home/sy6u19/cmlsga-jmetalpy/corrections/unsgaiii.slurm
Partition       : serial
Num hosts       : 1
Num cores       : 1
Num of tasks    : 1
Hosts allocated : gold51
Job Output Follows ...
===============================================================================
==============================================================================
Running epilogue script on gold51.

==============================================================================
Running epilogue script on gold51.

==============================================================================
==============================================================================
Running epilogue script on gold51.
Running epilogue script on gold51.


==============================================================================
Running epilogue script on gold51.

Submit time  : 2024-04-05T14:39:55
Submit time  : 2024-04-05T14:39:55
Submit time  : 2024-04-05T14:39:55
Submit time  : 2024-04-05T14:39:55
==============================================================================
Running epilogue script on gold51.

==============================================================================
Running epilogue script on gold51.

Submit time  : 2024-04-05T14:39:55
==============================================================================
Running epilogue script on gold51.

Start time   : 2024-04-05T14:40:03
Start time   : 2024-04-05T14:40:03
Start time   : 2024-04-05T14:40:03
Submit time  : 2024-04-05T14:39:55
Submit time  : 2024-04-05T14:39:55
Start time   : 2024-04-05T14:40:03
Start time   : 2024-04-05T14:40:03
End time     : 2024-04-05T15:50:47
End time     : 2024-04-05T15:50:47
Submit time  : 2024-04-05T14:39:55
End time     : 2024-04-05T15:50:47
Start time   : 2024-04-05T14:40:03
End time     : 2024-04-05T15:50:47
Start time   : 2024-04-05T14:40:03
Elapsed time : 01:10:44 End time     : 2024-04-05T15:50:47
Start time   : 2024-04-05T14:40:03
Elapsed time : 01:10:44 Elapsed time : 01:10:44 Elapsed time : 01:10:44 End time     : 2024-04-05T15:50:47
End time     : 2024-04-05T15:50:47
(Timelimit=2-12:00:00)

End time     : 2024-04-05T15:50:47
(Timelimit=2-12:00:00)

Elapsed time : 01:10:44 (Timelimit=2-12:00:00)

(Timelimit=2-12:00:00)

Elapsed time : 01:10:44 Elapsed time : 01:10:44 (Timelimit=2-12:00:00)

Elapsed time : 01:10:44 (Timelimit=2-12:00:00)

(Timelimit=2-12:00:00)

(Timelimit=2-12:00:00)

Job ID: 5776107
Array Job ID: 5776100_5
Cluster: i5
User/Group: sy6u19/mm
State: CANCELLED (exit code 0)
Cores: 1
CPU Utilized: 00:00:00
CPU Efficiency: 0.00% of 01:10:44 core-walltime
Job Wall-clock time: 01:10:44
Memory Utilized: 1.13 GB
Memory Efficiency: 14.50% of 7.81 GB

Job ID: 5776102
Array Job ID: 5776100_0
Cluster: i5
User/Group: sy6u19/mm
State: CANCELLED (exit code 0)
Cores: 1
CPU Utilized: 00:00:00
CPU Efficiency: 0.00% of 01:10:44 core-walltime
Job Wall-clock time: 01:10:44
Memory Utilized: 1.22 GB
Memory Efficiency: 15.63% of 7.81 GB
Job ID: 5776103
Array Job ID: 5776100_1
Cluster: i5
User/Group: sy6u19/mm
State: CANCELLED (exit code 0)
Cores: 1
CPU Utilized: 00:00:00
CPU Efficiency: 0.00% of 01:10:44 core-walltime
Job Wall-clock time: 01:10:44
Memory Utilized: 1.21 GB
Memory Efficiency: 15.46% of 7.81 GB
Job ID: 5776109
Array Job ID: 5776100_7
Cluster: i5
User/Group: sy6u19/mm
State: CANCELLED (exit code 0)
Cores: 1
CPU Utilized: 00:00:00
CPU Efficiency: 0.00% of 01:10:44 core-walltime
Job Wall-clock time: 01:10:44
Memory Utilized: 1.12 GB
Memory Efficiency: 14.34% of 7.81 GB



Job ID: 5776108
Array Job ID: 5776100_6
Cluster: i5
User/Group: sy6u19/mm
State: CANCELLED (exit code 0)
Cores: 1
CPU Utilized: 00:00:00
CPU Efficiency: 0.00% of 01:10:44 core-walltime
Job Wall-clock time: 01:10:44
Memory Utilized: 1.26 GB
Memory Efficiency: 16.07% of 7.81 GB
Job ID: 5776106
Array Job ID: 5776100_4
Cluster: i5
User/Group: sy6u19/mm
State: CANCELLED (exit code 0)
Cores: 1
CPU Utilized: 00:00:00
CPU Efficiency: 0.00% of 01:10:44 core-walltime
Job Wall-clock time: 01:10:44
Memory Utilized: 1.23 GB
Memory Efficiency: 15.74% of 7.81 GB
Job ID: 5776105
Array Job ID: 5776100_3
Cluster: i5
User/Group: sy6u19/mm
State: CANCELLED (exit code 0)
Cores: 1
CPU Utilized: 00:00:00
CPU Efficiency: 0.00% of 01:10:44 core-walltime
Job Wall-clock time: 01:10:44
Memory Utilized: 1.23 GB
Memory Efficiency: 15.77% of 7.81 GB



Job ID: 5776104
Array Job ID: 5776100_2
Cluster: i5
User/Group: sy6u19/mm
State: CANCELLED (exit code 0)
Cores: 1
CPU Utilized: 00:00:00
CPU Efficiency: 0.00% of 01:10:44 core-walltime
Job Wall-clock time: 01:10:44
Memory Utilized: 1.12 GB
Memory Efficiency: 14.38% of 7.81 GB

