Running SLURM prolog script on gold56.cluster.local
===============================================================================
Job started on Mon May 20 20:29:17 BST 2024
Job ID          : 6008952
Job name        : unsgaiii-LZ09_F.slurm
WorkDir         : /mainfs/home/sy6u19/cmlsga-jmetalpy/corrections/slurm
Command         : /mainfs/home/sy6u19/cmlsga-jmetalpy/corrections/slurm/unsgaiii-LZ09_F.slurm
Partition       : serial
Num hosts       : 1
Num cores       : 1
Num of tasks    : 1
Hosts allocated : gold56
Job Output Follows ...
===============================================================================
==============================================================================
Running epilogue script on gold51.

Submit time  : 2024-05-20T17:12:28
Start time   : 2024-05-20T19:37:27
End time     : 2024-05-20T21:10:58
Elapsed time : 01:33:31 (Timelimit=2-11:55:00)

Job ID: 6009660
Array Job ID: 6008952_1
Cluster: i5
User/Group: sy6u19/mm
State: COMPLETED (exit code 0)
Cores: 1
CPU Utilized: 01:30:38
CPU Efficiency: 96.92% of 01:33:31 core-walltime
Job Wall-clock time: 01:33:31
Memory Utilized: 1.06 GB
Memory Efficiency: 13.62% of 7.81 GB

==============================================================================
Running epilogue script on gold51.

Submit time  : 2024-05-20T17:12:28
Start time   : 2024-05-20T20:04:27
End time     : 2024-05-20T21:18:39
Elapsed time : 01:14:12 (Timelimit=2-11:55:00)

Job ID: 6009897
Array Job ID: 6008952_3
Cluster: i5
User/Group: sy6u19/mm
State: COMPLETED (exit code 0)
Cores: 1
CPU Utilized: 01:11:09
CPU Efficiency: 95.89% of 01:14:12 core-walltime
Job Wall-clock time: 01:14:12
Memory Utilized: 1.08 GB
Memory Efficiency: 13.83% of 7.81 GB

==============================================================================
Running epilogue script on gold52.

Submit time  : 2024-05-20T17:12:28
Start time   : 2024-05-20T19:59:27
End time     : 2024-05-20T21:26:11
Elapsed time : 01:26:44 (Timelimit=2-11:55:00)

Job ID: 6009857
Array Job ID: 6008952_2
Cluster: i5
User/Group: sy6u19/mm
State: COMPLETED (exit code 0)
Cores: 1
CPU Utilized: 01:23:16
CPU Efficiency: 96.00% of 01:26:44 core-walltime
Job Wall-clock time: 01:26:44
Memory Utilized: 1.07 GB
Memory Efficiency: 13.75% of 7.81 GB

==============================================================================
Running epilogue script on gold56.

Submit time  : 2024-05-20T17:12:28
Start time   : 2024-05-20T20:09:11
End time     : 2024-05-20T21:47:06
Elapsed time : 01:37:55 (Timelimit=2-11:55:00)

Job ID: 6009917
Array Job ID: 6008952_4
Cluster: i5
User/Group: sy6u19/mm
State: COMPLETED (exit code 0)
Cores: 1
CPU Utilized: 01:35:37
CPU Efficiency: 97.65% of 01:37:55 core-walltime
Job Wall-clock time: 01:37:55
Memory Utilized: 1.09 GB
Memory Efficiency: 13.97% of 7.81 GB

==============================================================================
Running epilogue script on gold56.

Submit time  : 2024-05-20T17:12:28
Start time   : 2024-05-20T20:17:14
End time     : 2024-05-20T21:54:22
Elapsed time : 01:37:08 (Timelimit=2-11:55:00)

Job ID: 6009965
Array Job ID: 6008952_5
Cluster: i5
User/Group: sy6u19/mm
State: COMPLETED (exit code 0)
Cores: 1
CPU Utilized: 01:35:20
CPU Efficiency: 98.15% of 01:37:08 core-walltime
Job Wall-clock time: 01:37:08
Memory Utilized: 1.10 GB
Memory Efficiency: 14.14% of 7.81 GB

==============================================================================
Running epilogue script on gold56.

Submit time  : 2024-05-20T17:12:28
Start time   : 2024-05-20T20:25:16
End time     : 2024-05-20T22:02:02
Elapsed time : 01:36:46 (Timelimit=2-11:55:00)

Job ID: 6010019
Array Job ID: 6008952_7
Cluster: i5
User/Group: sy6u19/mm
State: COMPLETED (exit code 0)
Cores: 1
CPU Utilized: 01:34:59
CPU Efficiency: 98.16% of 01:36:46 core-walltime
Job Wall-clock time: 01:36:46
Memory Utilized: 1.07 GB
Memory Efficiency: 13.74% of 7.81 GB

==============================================================================
Running epilogue script on gold56.

Submit time  : 2024-05-20T17:12:28
Start time   : 2024-05-20T20:25:16
End time     : 2024-05-20T22:15:42
Elapsed time : 01:50:26 (Timelimit=2-11:55:00)

Job ID: 6010020
Array Job ID: 6008952_8
Cluster: i5
User/Group: sy6u19/mm
State: COMPLETED (exit code 0)
Cores: 1
CPU Utilized: 01:48:41
CPU Efficiency: 98.42% of 01:50:26 core-walltime
Job Wall-clock time: 01:50:26
Memory Utilized: 1.14 GB
Memory Efficiency: 14.54% of 7.81 GB

==============================================================================
Running epilogue script on gold56.

Submit time  : 2024-05-20T17:12:28
Start time   : 2024-05-20T20:19:14
End time     : 2024-05-21T03:23:45
Elapsed time : 07:04:31 (Timelimit=2-11:55:00)

Job ID: 6009978
Array Job ID: 6008952_6
Cluster: i5
User/Group: sy6u19/mm
State: COMPLETED (exit code 0)
Cores: 1
CPU Utilized: 07:02:39
CPU Efficiency: 99.56% of 07:04:31 core-walltime
Job Wall-clock time: 07:04:31
Memory Utilized: 1.34 GB
Memory Efficiency: 17.16% of 7.81 GB

